<?xml version="1.0" encoding="utf-8"?>
<TestRun id="b4662e26-519b-47b9-b090-a1563f2ae6f5" name="LP-AmeenE@LP-AMEENE21 2025-07-07 19:53:25" runUser="LP-AMEENE21\LP-AmeenE" xmlns="http://microsoft.com/schemas/VisualStudio/TeamTest/2010">
  <Times creation="2025-07-07T19:53:25.3028466+03:00" queuing="2025-07-07T19:53:25.3028475+03:00" start="2025-07-07T19:53:24.6242384+03:00" finish="2025-07-07T19:53:25.3667012+03:00" />
  <TestSettings name="default" id="79daed4b-ed7a-4734-b8f8-a245a9213548">
    <Deployment runDeploymentRoot="LP-AmeenE_LP-AMEENE21_2025-07-07_19_53_25" />
  </TestSettings>
  <Results>
    <UnitTestResult executionId="fe163c2a-2649-4ff0-ab6d-4f24ed0b1b69" testId="7dd66bf9-eac2-bee8-a73d-6231cdaf952c" testName="CreditTransfer.Core.Domain.Tests.MessageTests.Message_BilingualTextValidation(englishText: &quot;Unknown subscriber&quot;, arabicText: &quot;مشترك غير معروف&quot;)" computerName="LP-AMEENE21" duration="00:00:00.0000265" startTime="2025-07-07T19:53:25.2765452+03:00" endTime="2025-07-07T19:53:25.2765452+03:00" testType="13cdc9d9-ddb5-4fa4-a97d-d965ccfc6d4b" outcome="Passed" testListId="8c84fa94-04c1-424b-9868-57a2d4851a1d" relativeResultsDirectory="fe163c2a-2649-4ff0-ab6d-4f24ed0b1b69" />
    <UnitTestResult executionId="15c86f4f-5b57-4a76-91e9-50234d9e4b3d" testId="fb7485dc-a4c2-9a2d-3e1e-beeed5c0d6a8" testName="CreditTransfer.Core.Domain.Tests.CreditTransferRequestTests.CreditTransferRequest_TotalAmountCalculation(riyal: 5, baisa: 250, expectedTotal: 5.25)" computerName="LP-AMEENE21" duration="00:00:00.0000096" startTime="2025-07-07T19:53:25.3087747+03:00" endTime="2025-07-07T19:53:25.3087747+03:00" testType="13cdc9d9-ddb5-4fa4-a97d-d965ccfc6d4b" outcome="Passed" testListId="8c84fa94-04c1-424b-9868-57a2d4851a1d" relativeResultsDirectory="15c86f4f-5b57-4a76-91e9-50234d9e4b3d" />
    <UnitTestResult executionId="0bc05144-b4c4-4ffb-bea6-330deb9c6936" testId="e2a42e98-fd78-a789-2d89-f7d861131229" testName="CreditTransfer.Core.Domain.Tests.CreditTransferRequestTests.CreditTransferRequest_TotalAmountCalculation(riyal: 1, baisa: 0, expectedTotal: 1)" computerName="LP-AMEENE21" duration="00:00:00.0002467" startTime="2025-07-07T19:53:25.3087495+03:00" endTime="2025-07-07T19:53:25.3087495+03:00" testType="13cdc9d9-ddb5-4fa4-a97d-d965ccfc6d4b" outcome="Passed" testListId="8c84fa94-04c1-424b-9868-57a2d4851a1d" relativeResultsDirectory="0bc05144-b4c4-4ffb-bea6-330deb9c6936" />
    <UnitTestResult executionId="f78ddd39-be97-4ae8-b80e-30ee7ac1c2ba" testId="8d6b12d9-5dc8-1768-b650-0b3020026a84" testName="CreditTransfer.Core.Domain.Tests.ApplicationConfigTests.ApplicationConfig_DescriptionValidation_MaxLength" computerName="LP-AMEENE21" duration="00:00:00.0008706" startTime="2025-07-07T19:53:25.2789917+03:00" endTime="2025-07-07T19:53:25.2789920+03:00" testType="13cdc9d9-ddb5-4fa4-a97d-d965ccfc6d4b" outcome="Passed" testListId="8c84fa94-04c1-424b-9868-57a2d4851a1d" relativeResultsDirectory="f78ddd39-be97-4ae8-b80e-30ee7ac1c2ba" />
    <UnitTestResult executionId="5d413b90-c719-42a9-a224-6a3010bec642" testId="a14e29bb-c4a8-33c7-f329-9421b543539b" testName="CreditTransfer.Core.Domain.Tests.TransferConfigTests.TransferConfig_DecimalPrecisionValidation" computerName="LP-AMEENE21" duration="00:00:00.0001466" startTime="2025-07-07T19:53:25.2784369+03:00" endTime="2025-07-07T19:53:25.2784369+03:00" testType="13cdc9d9-ddb5-4fa4-a97d-d965ccfc6d4b" outcome="Passed" testListId="8c84fa94-04c1-424b-9868-57a2d4851a1d" relativeResultsDirectory="5d413b90-c719-42a9-a224-6a3010bec642" />
    <UnitTestResult executionId="81cbe2c6-722c-4312-b5d9-890bd2e3f5a9" testId="952b6f51-547b-eaed-4371-ca79748f5f9a" testName="CreditTransfer.Core.Domain.Tests.CreditTransferResponseTests.CreditTransferResponse_Error_FactoryMethod_CommonErrorCodes(statusCode: 22, statusMessage: &quot;Invalid PIN&quot;)" computerName="LP-AMEENE21" duration="00:00:00.0000125" startTime="2025-07-07T19:53:25.2742673+03:00" endTime="2025-07-07T19:53:25.2742674+03:00" testType="13cdc9d9-ddb5-4fa4-a97d-d965ccfc6d4b" outcome="Passed" testListId="8c84fa94-04c1-424b-9868-57a2d4851a1d" relativeResultsDirectory="81cbe2c6-722c-4312-b5d9-890bd2e3f5a9" />
    <UnitTestResult executionId="43796840-aff9-47f1-bf74-f5511d477477" testId="207d0186-35b1-0044-ebac-306e6da811a4" testName="CreditTransfer.Core.Domain.Tests.ApplicationConfigTests.ApplicationConfig_AllRequiredFieldsValid" computerName="LP-AMEENE21" duration="00:00:00.0002183" startTime="2025-07-07T19:53:25.2786961+03:00" endTime="2025-07-07T19:53:25.2786961+03:00" testType="13cdc9d9-ddb5-4fa4-a97d-d965ccfc6d4b" outcome="Passed" testListId="8c84fa94-04c1-424b-9868-57a2d4851a1d" relativeResultsDirectory="43796840-aff9-47f1-bf74-f5511d477477" />
    <UnitTestResult executionId="f46c4a88-aabf-4794-ae97-aab038bd2c58" testId="3a793aac-15f7-d0d7-d53f-64539107ab48" testName="CreditTransfer.Core.Domain.Tests.TransferConfigTests.TransferConfig_DefaultConstructor_SetsDefaultValues" computerName="LP-AMEENE21" duration="00:00:00.0001885" startTime="2025-07-07T19:53:25.2780763+03:00" endTime="2025-07-07T19:53:25.2780763+03:00" testType="13cdc9d9-ddb5-4fa4-a97d-d965ccfc6d4b" outcome="Passed" testListId="8c84fa94-04c1-424b-9868-57a2d4851a1d" relativeResultsDirectory="f46c4a88-aabf-4794-ae97-aab038bd2c58" />
    <UnitTestResult executionId="89a61a50-71bc-4d59-9e12-6c2373dcdd82" testId="3109f9f9-47af-aa5e-b3b4-230ebc067030" testName="CreditTransfer.Core.Domain.Tests.TransferConfigTests.TransferConfig_TransferToOtherOperatorValidation(canTransfer: True)" computerName="LP-AMEENE21" duration="00:00:00.0000914" startTime="2025-07-07T19:53:25.2763203+03:00" endTime="2025-07-07T19:53:25.2763203+03:00" testType="13cdc9d9-ddb5-4fa4-a97d-d965ccfc6d4b" outcome="Passed" testListId="8c84fa94-04c1-424b-9868-57a2d4851a1d" relativeResultsDirectory="89a61a50-71bc-4d59-9e12-6c2373dcdd82" />
    <UnitTestResult executionId="0a57943a-65a2-41ed-8210-a9bc993a7c39" testId="6cad86e2-965b-166b-dd00-7a848eefe3bd" testName="CreditTransfer.Core.Domain.Tests.MessageTests.Message_BilingualTextValidation(englishText: &quot;Insufficient credit&quot;, arabicText: &quot;رصيد غير كافي&quot;)" computerName="LP-AMEENE21" duration="00:00:00.0001733" startTime="2025-07-07T19:53:25.2763587+03:00" endTime="2025-07-07T19:53:25.2763587+03:00" testType="13cdc9d9-ddb5-4fa4-a97d-d965ccfc6d4b" outcome="Passed" testListId="8c84fa94-04c1-424b-9868-57a2d4851a1d" relativeResultsDirectory="0a57943a-65a2-41ed-8210-a9bc993a7c39" />
    <UnitTestResult executionId="72d2b200-98cc-46e8-8f36-a52224bc5345" testId="27030277-d8c1-e1c1-0afb-385d67b4c1b5" testName="CreditTransfer.Core.Domain.Tests.TransactionTests.Transaction_AmountValidation_ValidAmounts(amount: 100)" computerName="LP-AMEENE21" duration="00:00:00.0000045" startTime="2025-07-07T19:53:25.3086127+03:00" endTime="2025-07-07T19:53:25.3086128+03:00" testType="13cdc9d9-ddb5-4fa4-a97d-d965ccfc6d4b" outcome="Passed" testListId="8c84fa94-04c1-424b-9868-57a2d4851a1d" relativeResultsDirectory="72d2b200-98cc-46e8-8f36-a52224bc5345" />
    <UnitTestResult executionId="fcc26552-a3cd-4753-b845-c136d0afebc7" testId="7311eb04-e8b5-7512-6209-1625d0468a17" testName="CreditTransfer.Core.Domain.Tests.CreditTransferRequestTests.CreditTransferRequest_IsValid_SameSourceAndDestination" computerName="LP-AMEENE21" duration="00:00:00.0000503" startTime="2025-07-07T19:53:25.3127219+03:00" endTime="2025-07-07T19:53:25.3127219+03:00" testType="13cdc9d9-ddb5-4fa4-a97d-d965ccfc6d4b" outcome="Passed" testListId="8c84fa94-04c1-424b-9868-57a2d4851a1d" relativeResultsDirectory="fcc26552-a3cd-4753-b845-c136d0afebc7" />
    <UnitTestResult executionId="1a26f01a-bf0c-406c-813c-2aa5e21ee794" testId="d1e4c75c-9f93-918f-13d9-1c16bf07801e" testName="CreditTransfer.Core.Domain.Tests.MessageTests.Message_DefaultConstructor_SetsDefaultValues" computerName="LP-AMEENE21" duration="00:00:00.0002791" startTime="2025-07-07T19:53:25.2794107+03:00" endTime="2025-07-07T19:53:25.2794107+03:00" testType="13cdc9d9-ddb5-4fa4-a97d-d965ccfc6d4b" outcome="Passed" testListId="8c84fa94-04c1-424b-9868-57a2d4851a1d" relativeResultsDirectory="1a26f01a-bf0c-406c-813c-2aa5e21ee794" />
    <UnitTestResult executionId="9bfa1864-3dbf-4d2f-8cff-40054b5fe974" testId="9c5ac0d3-4fb0-ab3f-f7c4-a319c482b8ba" testName="CreditTransfer.Core.Domain.Tests.CreditTransferResponseTests.CreditTransferResponse_TransactionId_OptionalField" computerName="LP-AMEENE21" duration="00:00:00.0001964" startTime="2025-07-07T19:53:25.2793902+03:00" endTime="2025-07-07T19:53:25.2793903+03:00" testType="13cdc9d9-ddb5-4fa4-a97d-d965ccfc6d4b" outcome="Passed" testListId="8c84fa94-04c1-424b-9868-57a2d4851a1d" relativeResultsDirectory="9bfa1864-3dbf-4d2f-8cff-40054b5fe974" />
    <UnitTestResult executionId="b2833d13-ebbb-4b2e-9983-d0c5f629edce" testId="8f9a1c5d-3c0c-573d-ed52-08d5f219c5db" testName="CreditTransfer.Core.Domain.Tests.CreditTransferResponseTests.CreditTransferResponse_Error_FactoryMethod_CommonErrorCodes(statusCode: 28, statusMessage: &quot;User not allowed to call this method&quot;)" computerName="LP-AMEENE21" duration="00:00:00.0000044" startTime="2025-07-07T19:53:25.2744238+03:00" endTime="2025-07-07T19:53:25.2744239+03:00" testType="13cdc9d9-ddb5-4fa4-a97d-d965ccfc6d4b" outcome="Passed" testListId="8c84fa94-04c1-424b-9868-57a2d4851a1d" relativeResultsDirectory="b2833d13-ebbb-4b2e-9983-d0c5f629edce" />
    <UnitTestResult executionId="6d57c757-6ff7-4af8-adf2-86a7a5170fc1" testId="a6ba54d5-e422-d144-9070-82fc17b0c778" testName="CreditTransfer.Core.Domain.Tests.CreditTransferRequestTests.CreditTransferRequest_PinValidation(pin: &quot;9999&quot;, shouldBeValid: True)" computerName="LP-AMEENE21" duration="00:00:00.0001844" startTime="2025-07-07T19:53:25.3121780+03:00" endTime="2025-07-07T19:53:25.3121781+03:00" testType="13cdc9d9-ddb5-4fa4-a97d-d965ccfc6d4b" outcome="Passed" testListId="8c84fa94-04c1-424b-9868-57a2d4851a1d" relativeResultsDirectory="6d57c757-6ff7-4af8-adf2-86a7a5170fc1" />
    <UnitTestResult executionId="db67214d-6c11-4bae-a2f1-5ce2c3b764aa" testId="89c1d4ca-64ab-0d29-b28c-df1b092b10da" testName="CreditTransfer.Core.Domain.Tests.TransactionTests.Transaction_AmountValidation_InvalidAmounts(amount: -10.5)" computerName="LP-AMEENE21" duration="00:00:00.0001152" startTime="2025-07-07T19:53:25.3112428+03:00" endTime="2025-07-07T19:53:25.3112429+03:00" testType="13cdc9d9-ddb5-4fa4-a97d-d965ccfc6d4b" outcome="Passed" testListId="8c84fa94-04c1-424b-9868-57a2d4851a1d" relativeResultsDirectory="db67214d-6c11-4bae-a2f1-5ce2c3b764aa" />
    <UnitTestResult executionId="99df2527-7208-4728-b06d-da3da81e1541" testId="c10b2481-dec4-2d98-7f39-cddda29f6202" testName="CreditTransfer.Core.Domain.Tests.TransferConfigTests.TransferConfig_TransferCounterNameValidation" computerName="LP-AMEENE21" duration="00:00:00.0000588" startTime="2025-07-07T19:53:25.2783646+03:00" endTime="2025-07-07T19:53:25.2783648+03:00" testType="13cdc9d9-ddb5-4fa4-a97d-d965ccfc6d4b" outcome="Passed" testListId="8c84fa94-04c1-424b-9868-57a2d4851a1d" relativeResultsDirectory="99df2527-7208-4728-b06d-da3da81e1541" />
    <UnitTestResult executionId="8a098753-3b89-4d68-bd16-1e904a7b1924" testId="6940ccf0-841d-003d-eecf-c5bc833ab47c" testName="CreditTransfer.Core.Domain.Tests.ApplicationConfigTests.ApplicationConfig_ModifiedByValidation_MaxLength" computerName="LP-AMEENE21" duration="00:00:00.0006644" startTime="2025-07-07T19:53:25.2798686+03:00" endTime="2025-07-07T19:53:25.2798687+03:00" testType="13cdc9d9-ddb5-4fa4-a97d-d965ccfc6d4b" outcome="Passed" testListId="8c84fa94-04c1-424b-9868-57a2d4851a1d" relativeResultsDirectory="8a098753-3b89-4d68-bd16-1e904a7b1924" />
    <UnitTestResult executionId="fa4873c7-3ecb-4deb-9997-5f79859276cf" testId="99a40e03-2434-cbef-3003-e17f0447ca0f" testName="CreditTransfer.Core.Domain.Tests.CreditTransferRequestTests.CreditTransferRequest_PinValidation(pin: &quot;   &quot;, shouldBeValid: False)" computerName="LP-AMEENE21" duration="00:00:00.0005258" startTime="2025-07-07T19:53:25.3126172+03:00" endTime="2025-07-07T19:53:25.3126172+03:00" testType="13cdc9d9-ddb5-4fa4-a97d-d965ccfc6d4b" outcome="Failed" testListId="8c84fa94-04c1-424b-9868-57a2d4851a1d" relativeResultsDirectory="fa4873c7-3ecb-4deb-9997-5f79859276cf">
      <Output>
        <ErrorInfo>
          <Message>Expected isValid to be False, but found True.</Message>
          <StackTrace>   at FluentAssertions.Execution.XUnit2TestFramework.Throw(String message)&#xD;
   at FluentAssertions.Execution.TestFrameworkProvider.Throw(String message)&#xD;
   at FluentAssertions.Execution.DefaultAssertionStrategy.HandleFailure(String message)&#xD;
   at FluentAssertions.Execution.AssertionScope.FailWith(Func`1 failReasonFunc)&#xD;
   at FluentAssertions.Execution.AssertionScope.FailWith(Func`1 failReasonFunc)&#xD;
   at FluentAssertions.Execution.AssertionScope.FailWith(String message, Object[] args)&#xD;
   at FluentAssertions.Primitives.BooleanAssertions`1.Be(Boolean expected, String because, Object[] becauseArgs)&#xD;
   at CreditTransfer.Core.Domain.Tests.CreditTransferRequestTests.CreditTransferRequest_PinValidation(String pin, Boolean shouldBeValid) in E:\LP\UpgradeStack\CreditTransfer\Migrated\tests\Unit\CreditTransfer.Core.Domain.Tests\CreditTransferRequestTests.cs:line 280&#xD;
   at InvokeStub_CreditTransferRequestTests.CreditTransferRequest_PinValidation(Object, Span`1)&#xD;
   at System.Reflection.MethodBaseInvoker.InvokeWithFewArgs(Object obj, BindingFlags invokeAttr, Binder binder, Object[] parameters, CultureInfo culture)</StackTrace>
        </ErrorInfo>
      </Output>
    </UnitTestResult>
    <UnitTestResult executionId="441d0c19-6680-46be-a872-75ccd89785df" testId="ee143c3d-273e-3bfc-9f36-15bdbd1f183a" testName="CreditTransfer.Core.Domain.Tests.TransferConfigTests.TransferConfig_CreditTransferCustomerServiceValidation" computerName="LP-AMEENE21" duration="00:00:00.0002109" startTime="2025-07-07T19:53:25.2720142+03:00" endTime="2025-07-07T19:53:25.2720142+03:00" testType="13cdc9d9-ddb5-4fa4-a97d-d965ccfc6d4b" outcome="Passed" testListId="8c84fa94-04c1-424b-9868-57a2d4851a1d" relativeResultsDirectory="441d0c19-6680-46be-a872-75ccd89785df" />
    <UnitTestResult executionId="da7cef6e-3a34-4e3d-a108-91cb6f224e44" testId="09a9a12f-9e77-246f-a8ef-4f7ba69dd4a4" testName="CreditTransfer.Core.Domain.Tests.TransactionTests.Transaction_StatusIdMapping(statusId: 0, expectedStatus: Pending)" computerName="LP-AMEENE21" duration="00:00:00.0001148" startTime="2025-07-07T19:53:25.3093256+03:00" endTime="2025-07-07T19:53:25.3093257+03:00" testType="13cdc9d9-ddb5-4fa4-a97d-d965ccfc6d4b" outcome="Passed" testListId="8c84fa94-04c1-424b-9868-57a2d4851a1d" relativeResultsDirectory="da7cef6e-3a34-4e3d-a108-91cb6f224e44" />
    <UnitTestResult executionId="358444ca-f64d-492b-856b-c4b0b7e49e5d" testId="0021e42e-3014-f8a8-5469-85cb9dbff7cb" testName="CreditTransfer.Core.Domain.Tests.ApplicationConfigTests.ApplicationConfig_CategoryValidation_ValidCategories(category: &quot;Authentication&quot;)" computerName="LP-AMEENE21" duration="00:00:00.0000333" startTime="2025-07-07T19:53:25.2773568+03:00" endTime="2025-07-07T19:53:25.2773569+03:00" testType="13cdc9d9-ddb5-4fa4-a97d-d965ccfc6d4b" outcome="Passed" testListId="8c84fa94-04c1-424b-9868-57a2d4851a1d" relativeResultsDirectory="358444ca-f64d-492b-856b-c4b0b7e49e5d" />
    <UnitTestResult executionId="9c19d2dc-4801-45bf-bf9f-817f18344bc1" testId="c94a6e6e-803b-539a-3533-1c132d0187b1" testName="CreditTransfer.Core.Domain.Tests.TransferConfigTests.TransferConfig_ValidDailyTransferCapLimits(limit: 500)" computerName="LP-AMEENE21" duration="00:00:00.0000879" startTime="2025-07-07T19:53:25.2731990+03:00" endTime="2025-07-07T19:53:25.2731990+03:00" testType="13cdc9d9-ddb5-4fa4-a97d-d965ccfc6d4b" outcome="Passed" testListId="8c84fa94-04c1-424b-9868-57a2d4851a1d" relativeResultsDirectory="9c19d2dc-4801-45bf-bf9f-817f18344bc1" />
    <UnitTestResult executionId="a7d7a6ab-4fe8-49fc-b4e6-33785fa32476" testId="02730dde-a18f-78b8-02b2-c33afb0ca265" testName="CreditTransfer.Core.Domain.Tests.CreditTransferRequestTests.CreditTransferRequest_UserNameValidation(userName: &quot;&quot;, shouldBeValid: False)" computerName="LP-AMEENE21" duration="00:00:00.0000272" startTime="2025-07-07T19:53:25.3039639+03:00" endTime="2025-07-07T19:53:25.3039639+03:00" testType="13cdc9d9-ddb5-4fa4-a97d-d965ccfc6d4b" outcome="Passed" testListId="8c84fa94-04c1-424b-9868-57a2d4851a1d" relativeResultsDirectory="a7d7a6ab-4fe8-49fc-b4e6-33785fa32476" />
    <UnitTestResult executionId="e3492423-be79-4b4b-a89e-f417f2b01b6c" testId="68c475eb-660a-c6f8-d004-e5836a655617" testName="CreditTransfer.Core.Domain.Tests.CreditTransferRequestTests.CreditTransferRequest_PinValidation(pin: &quot;123&quot;, shouldBeValid: True)" computerName="LP-AMEENE21" duration="00:00:00.0000073" startTime="2025-07-07T19:53:25.3126353+03:00" endTime="2025-07-07T19:53:25.3126353+03:00" testType="13cdc9d9-ddb5-4fa4-a97d-d965ccfc6d4b" outcome="Passed" testListId="8c84fa94-04c1-424b-9868-57a2d4851a1d" relativeResultsDirectory="e3492423-be79-4b4b-a89e-f417f2b01b6c" />
    <UnitTestResult executionId="21eaaaa8-a369-40b5-b813-faf1c0744e85" testId="0c88f880-3e90-8c01-19e7-caa70177c99b" testName="CreditTransfer.Core.Domain.Tests.TransferConfigTests.TransferConfig_ValidMaxTransferAmounts(amount: 100)" computerName="LP-AMEENE21" duration="00:00:00.0000024" startTime="2025-07-07T19:53:25.2765780+03:00" endTime="2025-07-07T19:53:25.2765780+03:00" testType="13cdc9d9-ddb5-4fa4-a97d-d965ccfc6d4b" outcome="Passed" testListId="8c84fa94-04c1-424b-9868-57a2d4851a1d" relativeResultsDirectory="21eaaaa8-a369-40b5-b813-faf1c0744e85" />
    <UnitTestResult executionId="aa1ef9f8-8db9-4eca-ac12-fc9afdd17adc" testId="34465b10-87a9-4292-bcf8-b48461b31302" testName="CreditTransfer.Core.Domain.Tests.TransferConfigTests.TransferConfig_ValidSubscriptionTypes(subscriptionType: &quot;Dealer&quot;)" computerName="LP-AMEENE21" duration="00:00:00.0000095" startTime="2025-07-07T19:53:25.2719314+03:00" endTime="2025-07-07T19:53:25.2719314+03:00" testType="13cdc9d9-ddb5-4fa4-a97d-d965ccfc6d4b" outcome="Passed" testListId="8c84fa94-04c1-424b-9868-57a2d4851a1d" relativeResultsDirectory="aa1ef9f8-8db9-4eca-ac12-fc9afdd17adc" />
    <UnitTestResult executionId="1efce1b5-ce3d-4857-bdc4-8ecfc865c943" testId="65ed0728-a5a5-e21b-418c-a960c89cf7b2" testName="CreditTransfer.Core.Domain.Tests.CreditTransferRequestTests.CreditTransferRequest_TotalAmountCalculation(riyal: 0, baisa: 0, expectedTotal: 0)" computerName="LP-AMEENE21" duration="00:00:00.0000056" startTime="2025-07-07T19:53:25.3092211+03:00" endTime="2025-07-07T19:53:25.3092211+03:00" testType="13cdc9d9-ddb5-4fa4-a97d-d965ccfc6d4b" outcome="Passed" testListId="8c84fa94-04c1-424b-9868-57a2d4851a1d" relativeResultsDirectory="1efce1b5-ce3d-4857-bdc4-8ecfc865c943" />
    <UnitTestResult executionId="1b72c558-a9a7-4e2a-9467-92f19693db0c" testId="0dd5eb38-3f2d-9125-2153-9e4e89c05508" testName="CreditTransfer.Core.Domain.Tests.ApplicationConfigTests.ApplicationConfig_DescriptionValidation_ExactMaxLength" computerName="LP-AMEENE21" duration="00:00:00.0011291" startTime="2025-07-07T19:53:25.2725381+03:00" endTime="2025-07-07T19:53:25.2725382+03:00" testType="13cdc9d9-ddb5-4fa4-a97d-d965ccfc6d4b" outcome="Passed" testListId="8c84fa94-04c1-424b-9868-57a2d4851a1d" relativeResultsDirectory="1b72c558-a9a7-4e2a-9467-92f19693db0c" />
    <UnitTestResult executionId="6828a791-9c6b-4740-932e-fec260736b35" testId="b22fae94-c875-fd34-0917-7568e5910a82" testName="CreditTransfer.Core.Domain.Tests.CreditTransferRequestTests.CreditTransferRequest_AmountValidation(riyal: 0, baisa: -1, shouldBeValid: False)" computerName="LP-AMEENE21" duration="00:00:00.0000015" startTime="2025-07-07T19:53:25.3103163+03:00" endTime="2025-07-07T19:53:25.3103163+03:00" testType="13cdc9d9-ddb5-4fa4-a97d-d965ccfc6d4b" outcome="Passed" testListId="8c84fa94-04c1-424b-9868-57a2d4851a1d" relativeResultsDirectory="6828a791-9c6b-4740-932e-fec260736b35" />
    <UnitTestResult executionId="e505554c-a200-41bf-b554-25eaf946c4b4" testId="1ef380e3-f770-870b-8192-d90315774580" testName="CreditTransfer.Core.Domain.Tests.CreditTransferResponseTests.CreditTransferResponse_RequestId_Validation" computerName="LP-AMEENE21" duration="00:00:00.0001603" startTime="2025-07-07T19:53:25.2750594+03:00" endTime="2025-07-07T19:53:25.2750594+03:00" testType="13cdc9d9-ddb5-4fa4-a97d-d965ccfc6d4b" outcome="Passed" testListId="8c84fa94-04c1-424b-9868-57a2d4851a1d" relativeResultsDirectory="e505554c-a200-41bf-b554-25eaf946c4b4" />
    <UnitTestResult executionId="cd7c97c0-481b-4e20-b576-44493f3d6d2a" testId="cd368295-f77d-3c7e-ceb4-b307ac0acce8" testName="CreditTransfer.Core.Domain.Tests.TransferConfigTests.TransferConfig_NullableFieldsValidation" computerName="LP-AMEENE21" duration="00:00:00.0003391" startTime="2025-07-07T19:53:25.2780209+03:00" endTime="2025-07-07T19:53:25.2780209+03:00" testType="13cdc9d9-ddb5-4fa4-a97d-d965ccfc6d4b" outcome="Passed" testListId="8c84fa94-04c1-424b-9868-57a2d4851a1d" relativeResultsDirectory="cd7c97c0-481b-4e20-b576-44493f3d6d2a" />
    <UnitTestResult executionId="95cf63ec-e02e-4d27-aaf3-ee7525d97e22" testId="a0ec523b-6272-e10b-662e-393eaf42abf0" testName="CreditTransfer.Core.Domain.Tests.TransferConfigTests.TransferConfig_ValidNobillSubscriptionTypes(subscriptionType: &quot;POSTPAID&quot;)" computerName="LP-AMEENE21" duration="00:00:00.0000660" startTime="2025-07-07T19:53:25.2770634+03:00" endTime="2025-07-07T19:53:25.2770634+03:00" testType="13cdc9d9-ddb5-4fa4-a97d-d965ccfc6d4b" outcome="Passed" testListId="8c84fa94-04c1-424b-9868-57a2d4851a1d" relativeResultsDirectory="95cf63ec-e02e-4d27-aaf3-ee7525d97e22" />
    <UnitTestResult executionId="b54c22b4-4718-406e-a8b1-cce5c8ec6109" testId="ba1d6c0d-bad9-ca8d-1964-52d6f52c300b" testName="CreditTransfer.Core.Domain.Tests.CreditTransferRequestTests.CreditTransferRequest_IsValid_InvalidScenarios(source: &quot;96876325315&quot;, destination: &quot;96878715705&quot;, riyal: -1, baisa: 500, pin: &quot;1234&quot;, userName: &quot;TestUser&quot;, expectedValid: False)" computerName="LP-AMEENE21" duration="00:00:00.0000909" startTime="2025-07-07T19:53:25.3103823+03:00" endTime="2025-07-07T19:53:25.3103824+03:00" testType="13cdc9d9-ddb5-4fa4-a97d-d965ccfc6d4b" outcome="Passed" testListId="8c84fa94-04c1-424b-9868-57a2d4851a1d" relativeResultsDirectory="b54c22b4-4718-406e-a8b1-cce5c8ec6109" />
    <UnitTestResult executionId="72e19b91-172a-4b66-a8b8-2c3d40f4a014" testId="17462fc6-4a7f-03c5-5372-176021418c84" testName="CreditTransfer.Core.Domain.Tests.MessageTests.Message_TextEnValidation_LongText" computerName="LP-AMEENE21" duration="00:00:00.0007178" startTime="2025-07-07T19:53:25.2725869+03:00" endTime="2025-07-07T19:53:25.2725869+03:00" testType="13cdc9d9-ddb5-4fa4-a97d-d965ccfc6d4b" outcome="Passed" testListId="8c84fa94-04c1-424b-9868-57a2d4851a1d" relativeResultsDirectory="72e19b91-172a-4b66-a8b8-2c3d40f4a014" />
    <UnitTestResult executionId="7ed5bbe3-0739-4fa5-ac0e-764be22adaba" testId="554a685f-5332-61dc-f515-a471a81db124" testName="CreditTransfer.Core.Domain.Tests.CreditTransferResponseTests.CreditTransferResponse_DefaultConstructor_SetsDefaultValues" computerName="LP-AMEENE21" duration="00:00:00.0003707" startTime="2025-07-07T19:53:25.2793074+03:00" endTime="2025-07-07T19:53:25.2793075+03:00" testType="13cdc9d9-ddb5-4fa4-a97d-d965ccfc6d4b" outcome="Passed" testListId="8c84fa94-04c1-424b-9868-57a2d4851a1d" relativeResultsDirectory="7ed5bbe3-0739-4fa5-ac0e-764be22adaba" />
    <UnitTestResult executionId="f75696bc-a279-4489-ad44-35a291fe2b5a" testId="4b13a4b2-39db-c1f0-c0e9-c4081c572711" testName="CreditTransfer.Core.Domain.Tests.TransferConfigTests.TransferConfig_MinMaxTransferAmountValidation" computerName="LP-AMEENE21" duration="00:00:00.0000880" startTime="2025-07-07T19:53:25.2786707+03:00" endTime="2025-07-07T19:53:25.2786709+03:00" testType="13cdc9d9-ddb5-4fa4-a97d-d965ccfc6d4b" outcome="Passed" testListId="8c84fa94-04c1-424b-9868-57a2d4851a1d" relativeResultsDirectory="f75696bc-a279-4489-ad44-35a291fe2b5a" />
    <UnitTestResult executionId="d0dfe29b-0fdb-4283-b541-4a52e1a4b58c" testId="3864fe4b-5857-221b-f89d-a22deacb5eed" testName="CreditTransfer.Core.Domain.Tests.TransferConfigTests.TransferConfig_PermissiveTransferValidation" computerName="LP-AMEENE21" duration="00:00:00.0002124" startTime="2025-07-07T19:53:25.2778327+03:00" endTime="2025-07-07T19:53:25.2778327+03:00" testType="13cdc9d9-ddb5-4fa4-a97d-d965ccfc6d4b" outcome="Passed" testListId="8c84fa94-04c1-424b-9868-57a2d4851a1d" relativeResultsDirectory="d0dfe29b-0fdb-4283-b541-4a52e1a4b58c" />
    <UnitTestResult executionId="2d56e398-1e2b-4f14-b24d-ed028bfd595e" testId="869749ee-9206-1679-57fe-b52989234f55" testName="CreditTransfer.Core.Domain.Tests.TransactionTests.Transaction_PropertiesSetCorrectly" computerName="LP-AMEENE21" duration="00:00:00.0005709" startTime="2025-07-07T19:53:25.3116874+03:00" endTime="2025-07-07T19:53:25.3116874+03:00" testType="13cdc9d9-ddb5-4fa4-a97d-d965ccfc6d4b" outcome="Passed" testListId="8c84fa94-04c1-424b-9868-57a2d4851a1d" relativeResultsDirectory="2d56e398-1e2b-4f14-b24d-ed028bfd595e" />
    <UnitTestResult executionId="baf31df4-4959-4dbd-94e1-0a1d16598c0d" testId="99c40b2b-6fa3-77e4-7adb-cd5824f1962e" testName="CreditTransfer.Core.Domain.Tests.CreditTransferResponseTests.CreditTransferResponse_IsSuccess_StatusCodeValidation(statusCode: 23, expectedSuccess: False)" computerName="LP-AMEENE21" duration="00:00:00.0000044" startTime="2025-07-07T19:53:25.2760785+03:00" endTime="2025-07-07T19:53:25.2760786+03:00" testType="13cdc9d9-ddb5-4fa4-a97d-d965ccfc6d4b" outcome="Passed" testListId="8c84fa94-04c1-424b-9868-57a2d4851a1d" relativeResultsDirectory="baf31df4-4959-4dbd-94e1-0a1d16598c0d" />
    <UnitTestResult executionId="7577a142-ca57-49db-86df-f585bd2bd484" testId="f92b4d98-1bd4-3bf7-ee25-c04f84880861" testName="CreditTransfer.Core.Domain.Tests.CreditTransferResponseTests.CreditTransferResponse_Error_FactoryMethod" computerName="LP-AMEENE21" duration="00:00:00.0002762" startTime="2025-07-07T19:53:25.2775154+03:00" endTime="2025-07-07T19:53:25.2775155+03:00" testType="13cdc9d9-ddb5-4fa4-a97d-d965ccfc6d4b" outcome="Passed" testListId="8c84fa94-04c1-424b-9868-57a2d4851a1d" relativeResultsDirectory="7577a142-ca57-49db-86df-f585bd2bd484" />
    <UnitTestResult executionId="1c0eea15-8cd2-4910-aa3c-a7346333dfdf" testId="0c2c0107-eddb-845f-9099-ecdbe3a77cdd" testName="CreditTransfer.Core.Domain.Tests.TransactionTests.Transaction_AmountValidation_ValidAmounts(amount: 999.999)" computerName="LP-AMEENE21" duration="00:00:00.0000022" startTime="2025-07-07T19:53:25.3086635+03:00" endTime="2025-07-07T19:53:25.3086636+03:00" testType="13cdc9d9-ddb5-4fa4-a97d-d965ccfc6d4b" outcome="Passed" testListId="8c84fa94-04c1-424b-9868-57a2d4851a1d" relativeResultsDirectory="1c0eea15-8cd2-4910-aa3c-a7346333dfdf" />
    <UnitTestResult executionId="2671f323-b47d-4019-be72-11ec738960a3" testId="7801f3ab-f253-c9be-4ad2-d645eda0a538" testName="CreditTransfer.Core.Domain.Tests.TransferConfigTests.TransferConfig_ValidNobillSubscriptionTypes(subscriptionType: &quot;PREPAID&quot;)" computerName="LP-AMEENE21" duration="00:00:00.0000022" startTime="2025-07-07T19:53:25.2772807+03:00" endTime="2025-07-07T19:53:25.2772807+03:00" testType="13cdc9d9-ddb5-4fa4-a97d-d965ccfc6d4b" outcome="Passed" testListId="8c84fa94-04c1-424b-9868-57a2d4851a1d" relativeResultsDirectory="2671f323-b47d-4019-be72-11ec738960a3" />
    <UnitTestResult executionId="4b45575e-4ea1-4d1d-ab17-890ddafcbcaa" testId="ebd650d4-05a9-0061-1e32-def4da036978" testName="CreditTransfer.Core.Domain.Tests.CreditTransferRequestTests.CreditTransferRequest_AmountValidation(riyal: -1, baisa: -1, shouldBeValid: False)" computerName="LP-AMEENE21" duration="00:00:00.0000051" startTime="2025-07-07T19:53:25.3098510+03:00" endTime="2025-07-07T19:53:25.3098511+03:00" testType="13cdc9d9-ddb5-4fa4-a97d-d965ccfc6d4b" outcome="Passed" testListId="8c84fa94-04c1-424b-9868-57a2d4851a1d" relativeResultsDirectory="4b45575e-4ea1-4d1d-ab17-890ddafcbcaa" />
    <UnitTestResult executionId="9112c4b2-012f-4551-91c8-d5117a9289b4" testId="76af95b5-d932-8a2f-2259-e8c0f5366484" testName="CreditTransfer.Core.Domain.Tests.CreditTransferRequestTests.CreditTransferRequest_TotalAmountCalculation(riyal: 0, baisa: 1000, expectedTotal: 1)" computerName="LP-AMEENE21" duration="00:00:00.0000056" startTime="2025-07-07T19:53:25.3092444+03:00" endTime="2025-07-07T19:53:25.3092444+03:00" testType="13cdc9d9-ddb5-4fa4-a97d-d965ccfc6d4b" outcome="Passed" testListId="8c84fa94-04c1-424b-9868-57a2d4851a1d" relativeResultsDirectory="9112c4b2-012f-4551-91c8-d5117a9289b4" />
    <UnitTestResult executionId="05722726-96bd-4ea9-8379-0998d18a604a" testId="9632a245-432c-3bf2-28fe-f67f28e24287" testName="CreditTransfer.Core.Domain.Tests.MessageTests.Message_KeyValidation_MaxLength" computerName="LP-AMEENE21" duration="00:00:00.0006238" startTime="2025-07-07T19:53:25.2781086+03:00" endTime="2025-07-07T19:53:25.2781086+03:00" testType="13cdc9d9-ddb5-4fa4-a97d-d965ccfc6d4b" outcome="Passed" testListId="8c84fa94-04c1-424b-9868-57a2d4851a1d" relativeResultsDirectory="05722726-96bd-4ea9-8379-0998d18a604a" />
    <UnitTestResult executionId="4f87073d-c021-4258-a369-f15b1f47431d" testId="181d4d5b-07b7-bfe8-141f-4db0cc351b24" testName="CreditTransfer.Core.Domain.Tests.TransactionTests.Transaction_DefaultConstructor_SetsDefaultValues" computerName="LP-AMEENE21" duration="00:00:00.0007828" startTime="2025-07-07T19:53:25.3107909+03:00" endTime="2025-07-07T19:53:25.3107910+03:00" testType="13cdc9d9-ddb5-4fa4-a97d-d965ccfc6d4b" outcome="Passed" testListId="8c84fa94-04c1-424b-9868-57a2d4851a1d" relativeResultsDirectory="4f87073d-c021-4258-a369-f15b1f47431d" />
    <UnitTestResult executionId="30b9d324-4356-40d4-9110-73bd4056c306" testId="24197e81-64ca-1148-e3db-1e571b5106f9" testName="CreditTransfer.Core.Domain.Tests.TransactionTests.Transaction_StatusIdMapping(statusId: 2, expectedStatus: Failed)" computerName="LP-AMEENE21" duration="00:00:00.0000020" startTime="2025-07-07T19:53:25.3097343+03:00" endTime="2025-07-07T19:53:25.3097343+03:00" testType="13cdc9d9-ddb5-4fa4-a97d-d965ccfc6d4b" outcome="Passed" testListId="8c84fa94-04c1-424b-9868-57a2d4851a1d" relativeResultsDirectory="30b9d324-4356-40d4-9110-73bd4056c306" />
    <UnitTestResult executionId="b42f146c-5ddf-4e32-9319-d110cd79d8de" testId="9f2c5145-eae1-9de4-b3a4-298dc6fb7c9d" testName="CreditTransfer.Core.Domain.Tests.TransferConfigTests.TransferConfig_ValidDailyTransferCapLimits(limit: 100)" computerName="LP-AMEENE21" duration="00:00:00.0000019" startTime="2025-07-07T19:53:25.2732931+03:00" endTime="2025-07-07T19:53:25.2732932+03:00" testType="13cdc9d9-ddb5-4fa4-a97d-d965ccfc6d4b" outcome="Passed" testListId="8c84fa94-04c1-424b-9868-57a2d4851a1d" relativeResultsDirectory="b42f146c-5ddf-4e32-9319-d110cd79d8de" />
    <UnitTestResult executionId="a9485948-3f11-46c0-97a5-4ef5691fec60" testId="3a0a67a3-93b8-b5eb-8289-38b44cd0c205" testName="CreditTransfer.Core.Domain.Tests.CreditTransferResponseTests.CreditTransferResponse_Success_FactoryMethod_MinimalParameters" computerName="LP-AMEENE21" duration="00:00:00.0004947" startTime="2025-07-07T19:53:25.2793334+03:00" endTime="2025-07-07T19:53:25.2793335+03:00" testType="13cdc9d9-ddb5-4fa4-a97d-d965ccfc6d4b" outcome="Passed" testListId="8c84fa94-04c1-424b-9868-57a2d4851a1d" relativeResultsDirectory="a9485948-3f11-46c0-97a5-4ef5691fec60" />
    <UnitTestResult executionId="65c9c9ef-87e3-4ca9-8b31-1b0739fbfc16" testId="648525e9-d4e0-6fdb-e3e3-148c41c77ca5" testName="CreditTransfer.Core.Domain.Tests.CreditTransferResponseTests.CreditTransferResponse_RequestId_GuidFormat" computerName="LP-AMEENE21" duration="00:00:00.0006303" startTime="2025-07-07T19:53:25.2778572+03:00" endTime="2025-07-07T19:53:25.2778572+03:00" testType="13cdc9d9-ddb5-4fa4-a97d-d965ccfc6d4b" outcome="Passed" testListId="8c84fa94-04c1-424b-9868-57a2d4851a1d" relativeResultsDirectory="65c9c9ef-87e3-4ca9-8b31-1b0739fbfc16" />
    <UnitTestResult executionId="1cf30566-69c4-436a-a58a-66cf2401ae99" testId="82f234b6-87e5-56ed-00df-bf62ddeec29f" testName="CreditTransfer.Core.Domain.Tests.ApplicationConfigTests.ApplicationConfig_ValueValidation_ValidValues(value: &quot;simple_value&quot;)" computerName="LP-AMEENE21" duration="00:00:00.0006131" startTime="2025-07-07T19:53:25.2763349+03:00" endTime="2025-07-07T19:53:25.2763350+03:00" testType="13cdc9d9-ddb5-4fa4-a97d-d965ccfc6d4b" outcome="Passed" testListId="8c84fa94-04c1-424b-9868-57a2d4851a1d" relativeResultsDirectory="1cf30566-69c4-436a-a58a-66cf2401ae99" />
    <UnitTestResult executionId="83643d62-67a3-4101-bc94-afb33dc84368" testId="dcbee998-7ba1-4720-ff24-400743a048cb" testName="CreditTransfer.Core.Domain.Tests.ApplicationConfigTests.ApplicationConfig_ValidKeyNames(keyName: &quot;MaxTransferAmount&quot;)" computerName="LP-AMEENE21" duration="00:00:00.0000086" startTime="2025-07-07T19:53:25.2757484+03:00" endTime="2025-07-07T19:53:25.2757484+03:00" testType="13cdc9d9-ddb5-4fa4-a97d-d965ccfc6d4b" outcome="Passed" testListId="8c84fa94-04c1-424b-9868-57a2d4851a1d" relativeResultsDirectory="83643d62-67a3-4101-bc94-afb33dc84368" />
    <UnitTestResult executionId="c4d97dc7-23d5-4c7b-9b86-21b355807e46" testId="98c01ec7-b285-5d99-9749-17c268c71e2b" testName="CreditTransfer.Core.Domain.Tests.CreditTransferResponseTests.CreditTransferResponse_IsSuccess_StatusCodeValidation(statusCode: 2, expectedSuccess: False)" computerName="LP-AMEENE21" duration="00:00:00.0001165" startTime="2025-07-07T19:53:25.2751757+03:00" endTime="2025-07-07T19:53:25.2751757+03:00" testType="13cdc9d9-ddb5-4fa4-a97d-d965ccfc6d4b" outcome="Passed" testListId="8c84fa94-04c1-424b-9868-57a2d4851a1d" relativeResultsDirectory="c4d97dc7-23d5-4c7b-9b86-21b355807e46" />
    <UnitTestResult executionId="814e7632-940f-42ba-a9d5-fcb077160e94" testId="874f8e0e-d1b9-97e4-3d35-feb3f8797993" testName="CreditTransfer.Core.Domain.Tests.TransferConfigTests.TransferConfig_BusinessRuleEnforcement" computerName="LP-AMEENE21" duration="00:00:00.0005149" startTime="2025-07-07T19:53:25.2775633+03:00" endTime="2025-07-07T19:53:25.2775634+03:00" testType="13cdc9d9-ddb5-4fa4-a97d-d965ccfc6d4b" outcome="Passed" testListId="8c84fa94-04c1-424b-9868-57a2d4851a1d" relativeResultsDirectory="814e7632-940f-42ba-a9d5-fcb077160e94" />
    <UnitTestResult executionId="181e99c3-a2f7-4354-b286-cac1803be7b1" testId="d88a0d6b-516d-0c6f-8518-5af3315f3f45" testName="CreditTransfer.Core.Domain.Tests.TransactionTests.Transaction_AuditFieldsValidation" computerName="LP-AMEENE21" duration="00:00:00.0001765" startTime="2025-07-07T19:53:25.3107782+03:00" endTime="2025-07-07T19:53:25.3107782+03:00" testType="13cdc9d9-ddb5-4fa4-a97d-d965ccfc6d4b" outcome="Passed" testListId="8c84fa94-04c1-424b-9868-57a2d4851a1d" relativeResultsDirectory="181e99c3-a2f7-4354-b286-cac1803be7b1" />
    <UnitTestResult executionId="21ac5e25-278e-4c6e-90a9-7e1b02d9381c" testId="8d890cda-39d9-ec46-c8af-f7b772ef1a4c" testName="CreditTransfer.Core.Domain.Tests.CreditTransferRequestTests.CreditTransferRequest_MsisdnValidation(msisdn: &quot;96898455550&quot;, shouldBeValid: True)" computerName="LP-AMEENE21" duration="00:00:00.0000195" startTime="2025-07-07T19:53:25.3115173+03:00" endTime="2025-07-07T19:53:25.3115173+03:00" testType="13cdc9d9-ddb5-4fa4-a97d-d965ccfc6d4b" outcome="Passed" testListId="8c84fa94-04c1-424b-9868-57a2d4851a1d" relativeResultsDirectory="21ac5e25-278e-4c6e-90a9-7e1b02d9381c" />
    <UnitTestResult executionId="2c1142de-d6b9-4de8-98fc-44c79dafee3b" testId="12631c2f-9d84-b6f6-b608-6b218eb6b95d" testName="CreditTransfer.Core.Domain.Tests.MessageTests.Message_SpecialCharactersValidation" computerName="LP-AMEENE21" duration="00:00:00.0002768" startTime="2025-07-07T19:53:25.2783928+03:00" endTime="2025-07-07T19:53:25.2783928+03:00" testType="13cdc9d9-ddb5-4fa4-a97d-d965ccfc6d4b" outcome="Passed" testListId="8c84fa94-04c1-424b-9868-57a2d4851a1d" relativeResultsDirectory="2c1142de-d6b9-4de8-98fc-44c79dafee3b" />
    <UnitTestResult executionId="edb56540-a6c9-4ef5-b548-5c63faf392e1" testId="04cb8786-bb84-a64e-2938-0de4f7da0ba4" testName="CreditTransfer.Core.Domain.Tests.CreditTransferResponseTests.CreditTransferResponse_BusinessRuleValidation_ErrorWithoutAmount" computerName="LP-AMEENE21" duration="00:00:00.0001557" startTime="2025-07-07T19:53:25.2780894+03:00" endTime="2025-07-07T19:53:25.2780894+03:00" testType="13cdc9d9-ddb5-4fa4-a97d-d965ccfc6d4b" outcome="Passed" testListId="8c84fa94-04c1-424b-9868-57a2d4851a1d" relativeResultsDirectory="edb56540-a6c9-4ef5-b548-5c63faf392e1" />
    <UnitTestResult executionId="70dd8da6-4ef1-40de-b7dd-dae05143f2d5" testId="396fe4ad-843e-2d99-f72f-17dd01b032c3" testName="CreditTransfer.Core.Domain.Tests.MessageTests.Message_KeyValidation_RequiredAttribute" computerName="LP-AMEENE21" duration="00:00:00.0010538" startTime="2025-07-07T19:53:25.2796390+03:00" endTime="2025-07-07T19:53:25.2796390+03:00" testType="13cdc9d9-ddb5-4fa4-a97d-d965ccfc6d4b" outcome="Passed" testListId="8c84fa94-04c1-424b-9868-57a2d4851a1d" relativeResultsDirectory="70dd8da6-4ef1-40de-b7dd-dae05143f2d5" />
    <UnitTestResult executionId="66c1dcf1-f008-479d-bd59-1d9c57b600c7" testId="a5760200-4cb8-4dae-98a1-172315124383" testName="CreditTransfer.Core.Domain.Tests.CreditTransferRequestTests.CreditTransferRequest_MsisdnValidation(msisdn: &quot;96876325315&quot;, shouldBeValid: True)" computerName="LP-AMEENE21" duration="00:00:00.0000206" startTime="2025-07-07T19:53:25.3112181+03:00" endTime="2025-07-07T19:53:25.3112182+03:00" testType="13cdc9d9-ddb5-4fa4-a97d-d965ccfc6d4b" outcome="Passed" testListId="8c84fa94-04c1-424b-9868-57a2d4851a1d" relativeResultsDirectory="66c1dcf1-f008-479d-bd59-1d9c57b600c7" />
    <UnitTestResult executionId="c1db5793-e912-4183-9cf7-196d50d59d52" testId="8370cce9-3bbd-aaa0-5141-05ae60a40b05" testName="CreditTransfer.Core.Domain.Tests.TransferConfigTests.TransferConfig_ValidMinTransferAmounts(amount: 5)" computerName="LP-AMEENE21" duration="00:00:00.0002218" startTime="2025-07-07T19:53:25.2702014+03:00" endTime="2025-07-07T19:53:25.2702015+03:00" testType="13cdc9d9-ddb5-4fa4-a97d-d965ccfc6d4b" outcome="Passed" testListId="8c84fa94-04c1-424b-9868-57a2d4851a1d" relativeResultsDirectory="c1db5793-e912-4183-9cf7-196d50d59d52" />
    <UnitTestResult executionId="1e5c51cf-ee10-489e-bf0e-a57a376968bf" testId="8cb72716-7c82-36b4-e18b-13f88dc8eb21" testName="CreditTransfer.Core.Domain.Tests.CreditTransferRequestTests.CreditTransferRequest_DefaultConstructor_SetsDefaultValues" computerName="LP-AMEENE21" duration="00:00:00.0120058" startTime="2025-07-07T19:53:25.2492507+03:00" endTime="2025-07-07T19:53:25.2492507+03:00" testType="13cdc9d9-ddb5-4fa4-a97d-d965ccfc6d4b" outcome="Passed" testListId="8c84fa94-04c1-424b-9868-57a2d4851a1d" relativeResultsDirectory="1e5c51cf-ee10-489e-bf0e-a57a376968bf" />
    <UnitTestResult executionId="6505ab4f-4a32-465c-b5b1-78820dabca10" testId="caac4c6e-dbb2-9e95-707e-fbc22915b266" testName="CreditTransfer.Core.Domain.Tests.MessageTests.Message_MessageKeyConsistency" computerName="LP-AMEENE21" duration="00:00:00.0003142" startTime="2025-07-07T19:53:25.2778454+03:00" endTime="2025-07-07T19:53:25.2778455+03:00" testType="13cdc9d9-ddb5-4fa4-a97d-d965ccfc6d4b" outcome="Passed" testListId="8c84fa94-04c1-424b-9868-57a2d4851a1d" relativeResultsDirectory="6505ab4f-4a32-465c-b5b1-78820dabca10" />
    <UnitTestResult executionId="2f34da17-da86-44a5-a56b-9b1259b014e4" testId="8b5cd010-9ab5-c23d-180c-ac740b4ced4a" testName="CreditTransfer.Core.Domain.Tests.MessageTests.Message_IsActiveDefaultValue" computerName="LP-AMEENE21" duration="00:00:00.0000883" startTime="2025-07-07T19:53:25.2796267+03:00" endTime="2025-07-07T19:53:25.2796267+03:00" testType="13cdc9d9-ddb5-4fa4-a97d-d965ccfc6d4b" outcome="Passed" testListId="8c84fa94-04c1-424b-9868-57a2d4851a1d" relativeResultsDirectory="2f34da17-da86-44a5-a56b-9b1259b014e4" />
    <UnitTestResult executionId="88757707-863e-47e4-8e9d-0f30438b3a95" testId="37b8b99a-4b70-44c4-2a9b-4902d05b61d2" testName="CreditTransfer.Core.Domain.Tests.ApplicationConfigTests.ApplicationConfig_ValidKeyNames(keyName: &quot;CurrencyUnitConversion&quot;)" computerName="LP-AMEENE21" duration="00:00:00.0004364" startTime="2025-07-07T19:53:25.2750157+03:00" endTime="2025-07-07T19:53:25.2750158+03:00" testType="13cdc9d9-ddb5-4fa4-a97d-d965ccfc6d4b" outcome="Passed" testListId="8c84fa94-04c1-424b-9868-57a2d4851a1d" relativeResultsDirectory="88757707-863e-47e4-8e9d-0f30438b3a95" />
    <UnitTestResult executionId="0d41e871-5e56-4983-9793-5e2a5d359a51" testId="09574a8e-83c8-ab25-a87d-94e67e68e85b" testName="CreditTransfer.Core.Domain.Tests.CreditTransferRequestTests.CreditTransferRequest_LargeAmountValidation" computerName="LP-AMEENE21" duration="00:00:00.0001147" startTime="2025-07-07T19:53:25.3126484+03:00" endTime="2025-07-07T19:53:25.3126484+03:00" testType="13cdc9d9-ddb5-4fa4-a97d-d965ccfc6d4b" outcome="Passed" testListId="8c84fa94-04c1-424b-9868-57a2d4851a1d" relativeResultsDirectory="0d41e871-5e56-4983-9793-5e2a5d359a51" />
    <UnitTestResult executionId="0bd5eebf-b46b-4325-bd08-0a1758a3a04c" testId="de83a7d2-db07-fa64-9299-1ec33efa1243" testName="CreditTransfer.Core.Domain.Tests.ApplicationConfigTests.ApplicationConfig_CategoryValidation_ValidCategories(category: &quot;Transfer&quot;)" computerName="LP-AMEENE21" duration="00:00:00.0000316" startTime="2025-07-07T19:53:25.2775322+03:00" endTime="2025-07-07T19:53:25.2775322+03:00" testType="13cdc9d9-ddb5-4fa4-a97d-d965ccfc6d4b" outcome="Passed" testListId="8c84fa94-04c1-424b-9868-57a2d4851a1d" relativeResultsDirectory="0bd5eebf-b46b-4325-bd08-0a1758a3a04c" />
    <UnitTestResult executionId="c38ddfd4-7066-4a2d-830e-0ad6228afacc" testId="dc80ef01-b751-a6a3-b92b-6774f26388a2" testName="CreditTransfer.Core.Domain.Tests.CreditTransferResponseTests.CreditTransferResponse_IsSuccess_StatusCodeValidation(statusCode: 1, expectedSuccess: False)" computerName="LP-AMEENE21" duration="00:00:00.0000049" startTime="2025-07-07T19:53:25.2760439+03:00" endTime="2025-07-07T19:53:25.2760439+03:00" testType="13cdc9d9-ddb5-4fa4-a97d-d965ccfc6d4b" outcome="Passed" testListId="8c84fa94-04c1-424b-9868-57a2d4851a1d" relativeResultsDirectory="c38ddfd4-7066-4a2d-830e-0ad6228afacc" />
    <UnitTestResult executionId="ceb0a2e3-c87b-43df-8b48-ad228a58d18d" testId="bdd649c8-9a96-ce37-2634-1bdf5e77746f" testName="CreditTransfer.Core.Domain.Tests.ApplicationConfigTests.ApplicationConfig_CategoryValidation_ValidCategories(category: &quot;General&quot;)" computerName="LP-AMEENE21" duration="00:00:00.0000308" startTime="2025-07-07T19:53:25.2775482+03:00" endTime="2025-07-07T19:53:25.2775482+03:00" testType="13cdc9d9-ddb5-4fa4-a97d-d965ccfc6d4b" outcome="Passed" testListId="8c84fa94-04c1-424b-9868-57a2d4851a1d" relativeResultsDirectory="ceb0a2e3-c87b-43df-8b48-ad228a58d18d" />
    <UnitTestResult executionId="5d7fb4ea-8b60-4ffa-8189-bfeac88f70e9" testId="4abe5920-e689-7314-d2fe-24123e6d973c" testName="CreditTransfer.Core.Domain.Tests.CreditTransferResponseTests.CreditTransferResponse_Error_FactoryMethod_CommonErrorCodes(statusCode: 1, statusMessage: &quot;Transfer failed&quot;)" computerName="LP-AMEENE21" duration="00:00:00.0001697" startTime="2025-07-07T19:53:25.2738620+03:00" endTime="2025-07-07T19:53:25.2738621+03:00" testType="13cdc9d9-ddb5-4fa4-a97d-d965ccfc6d4b" outcome="Passed" testListId="8c84fa94-04c1-424b-9868-57a2d4851a1d" relativeResultsDirectory="5d7fb4ea-8b60-4ffa-8189-bfeac88f70e9" />
    <UnitTestResult executionId="1ef4abb7-9e33-44b0-b53f-d3ee47b51894" testId="ebabb476-6f5d-36af-d770-283d722518a3" testName="CreditTransfer.Core.Domain.Tests.TransferConfigTests.TransferConfig_TransferToOtherOperatorValidation(canTransfer: False)" computerName="LP-AMEENE21" duration="00:00:00.0002642" startTime="2025-07-07T19:53:25.2761035+03:00" endTime="2025-07-07T19:53:25.2761035+03:00" testType="13cdc9d9-ddb5-4fa4-a97d-d965ccfc6d4b" outcome="Passed" testListId="8c84fa94-04c1-424b-9868-57a2d4851a1d" relativeResultsDirectory="1ef4abb7-9e33-44b0-b53f-d3ee47b51894" />
    <UnitTestResult executionId="d0bfe40b-d10b-444b-b2a0-a0a20cc3964d" testId="4ae6d1f1-9920-7fcd-b22a-2c14e2bfa09a" testName="CreditTransfer.Core.Domain.Tests.CreditTransferRequestTests.CreditTransferRequest_AdjustmentReasonOptional" computerName="LP-AMEENE21" duration="00:00:00.0000743" startTime="2025-07-07T19:53:25.3129079+03:00" endTime="2025-07-07T19:53:25.3129079+03:00" testType="13cdc9d9-ddb5-4fa4-a97d-d965ccfc6d4b" outcome="Passed" testListId="8c84fa94-04c1-424b-9868-57a2d4851a1d" relativeResultsDirectory="d0bfe40b-d10b-444b-b2a0-a0a20cc3964d" />
    <UnitTestResult executionId="37f3e438-7674-4fea-93ad-fd4f7a11a970" testId="48675c5d-0201-b1b2-2fac-e41b65df24d5" testName="CreditTransfer.Core.Domain.Tests.TransactionTests.Transaction_StatusIdMapping(statusId: 4, expectedStatus: Reserved)" computerName="LP-AMEENE21" duration="00:00:00.0000030" startTime="2025-07-07T19:53:25.3093510+03:00" endTime="2025-07-07T19:53:25.3093510+03:00" testType="13cdc9d9-ddb5-4fa4-a97d-d965ccfc6d4b" outcome="Passed" testListId="8c84fa94-04c1-424b-9868-57a2d4851a1d" relativeResultsDirectory="37f3e438-7674-4fea-93ad-fd4f7a11a970" />
    <UnitTestResult executionId="41cc2181-a2ae-44d6-8cfd-6825f54bf721" testId="1bf19558-1855-b325-5e9f-53c404480d4a" testName="CreditTransfer.Core.Domain.Tests.CreditTransferRequestTests.CreditTransferRequest_RequestIdUniqueness" computerName="LP-AMEENE21" duration="00:00:00.0000708" startTime="2025-07-07T19:53:25.3126978+03:00" endTime="2025-07-07T19:53:25.3126978+03:00" testType="13cdc9d9-ddb5-4fa4-a97d-d965ccfc6d4b" outcome="Passed" testListId="8c84fa94-04c1-424b-9868-57a2d4851a1d" relativeResultsDirectory="41cc2181-a2ae-44d6-8cfd-6825f54bf721" />
    <UnitTestResult executionId="d1f04a01-d74c-4bf9-b9b0-2f3067a8f4e8" testId="1f1bcbf3-8f5a-75e6-237b-dc72c377f39a" testName="CreditTransfer.Core.Domain.Tests.CreditTransferRequestTests.CreditTransferRequest_TotalAmountCalculation(riyal: 10, baisa: 0, expectedTotal: 10)" computerName="LP-AMEENE21" duration="00:00:00.0000058" startTime="2025-07-07T19:53:25.3091561+03:00" endTime="2025-07-07T19:53:25.3091561+03:00" testType="13cdc9d9-ddb5-4fa4-a97d-d965ccfc6d4b" outcome="Passed" testListId="8c84fa94-04c1-424b-9868-57a2d4851a1d" relativeResultsDirectory="d1f04a01-d74c-4bf9-b9b0-2f3067a8f4e8" />
    <UnitTestResult executionId="47fd82d3-3a46-4459-b19d-92eb0db07105" testId="cfddb974-f13e-9e19-a0c4-c156f3f62bfd" testName="CreditTransfer.Core.Domain.Tests.ApplicationConfigTests.ApplicationConfig_LastModifiedCanBeSet" computerName="LP-AMEENE21" duration="00:00:00.0001814" startTime="2025-07-07T19:53:25.2793851+03:00" endTime="2025-07-07T19:53:25.2793851+03:00" testType="13cdc9d9-ddb5-4fa4-a97d-d965ccfc6d4b" outcome="Passed" testListId="8c84fa94-04c1-424b-9868-57a2d4851a1d" relativeResultsDirectory="47fd82d3-3a46-4459-b19d-92eb0db07105" />
    <UnitTestResult executionId="65905b38-897c-4ae7-86fa-5f2adc40c08d" testId="e85018c9-8a41-41cf-48b4-eeea090ef211" testName="CreditTransfer.Core.Domain.Tests.ApplicationConfigTests.ApplicationConfig_IsActiveDefaultValue" computerName="LP-AMEENE21" duration="00:00:00.0000803" startTime="2025-07-07T19:53:25.2795668+03:00" endTime="2025-07-07T19:53:25.2795668+03:00" testType="13cdc9d9-ddb5-4fa4-a97d-d965ccfc6d4b" outcome="Passed" testListId="8c84fa94-04c1-424b-9868-57a2d4851a1d" relativeResultsDirectory="65905b38-897c-4ae7-86fa-5f2adc40c08d" />
    <UnitTestResult executionId="eadbaa65-4158-44e1-9052-fe882e25be66" testId="ea50f503-1e7d-c5b8-26b8-e627922320b2" testName="CreditTransfer.Core.Domain.Tests.TransferConfigTests.TransferConfig_ValidMaxTransferAmounts(amount: 10)" computerName="LP-AMEENE21" duration="00:00:00.0000020" startTime="2025-07-07T19:53:25.2765876+03:00" endTime="2025-07-07T19:53:25.2765877+03:00" testType="13cdc9d9-ddb5-4fa4-a97d-d965ccfc6d4b" outcome="Passed" testListId="8c84fa94-04c1-424b-9868-57a2d4851a1d" relativeResultsDirectory="eadbaa65-4158-44e1-9052-fe882e25be66" />
    <UnitTestResult executionId="c2e2bb70-3afa-41f5-8820-266afa889be1" testId="dfcf5314-388b-42b6-339b-ff7e0b6eb035" testName="CreditTransfer.Core.Domain.Tests.CreditTransferRequestTests.CreditTransferRequest_UserNameValidation(userName: &quot;Admin&quot;, shouldBeValid: True)" computerName="LP-AMEENE21" duration="00:00:00.0000068" startTime="2025-07-07T19:53:25.3080158+03:00" endTime="2025-07-07T19:53:25.3080159+03:00" testType="13cdc9d9-ddb5-4fa4-a97d-d965ccfc6d4b" outcome="Passed" testListId="8c84fa94-04c1-424b-9868-57a2d4851a1d" relativeResultsDirectory="c2e2bb70-3afa-41f5-8820-266afa889be1" />
    <UnitTestResult executionId="881e003e-f687-405a-aba7-6c481d465c58" testId="a6070e3a-9db0-4a8a-6c20-b4edb7a1255c" testName="CreditTransfer.Core.Domain.Tests.TransferConfigTests.TransferConfig_BusinessRuleValidation_MinBalanceVsMinTransfer" computerName="LP-AMEENE21" duration="00:00:00.0001823" startTime="2025-07-07T19:53:25.2749993+03:00" endTime="2025-07-07T19:53:25.2749994+03:00" testType="13cdc9d9-ddb5-4fa4-a97d-d965ccfc6d4b" outcome="Passed" testListId="8c84fa94-04c1-424b-9868-57a2d4851a1d" relativeResultsDirectory="881e003e-f687-405a-aba7-6c481d465c58" />
    <UnitTestResult executionId="6e9c2403-444b-4a7c-b14a-f96f91fc892d" testId="5d9b4a38-ec62-871b-6a0f-1592a192ade2" testName="CreditTransfer.Core.Domain.Tests.TransactionTests.Transaction_ReservationIdValidation" computerName="LP-AMEENE21" duration="00:00:00.0001180" startTime="2025-07-07T19:53:25.3097909+03:00" endTime="2025-07-07T19:53:25.3097909+03:00" testType="13cdc9d9-ddb5-4fa4-a97d-d965ccfc6d4b" outcome="Passed" testListId="8c84fa94-04c1-424b-9868-57a2d4851a1d" relativeResultsDirectory="6e9c2403-444b-4a7c-b14a-f96f91fc892d" />
    <UnitTestResult executionId="89fe104d-b9cd-4852-af87-22352a0a3146" testId="c8519758-6585-ce24-c706-1108d4009106" testName="CreditTransfer.Core.Domain.Tests.TransactionTests.Transaction_BackwardsCompatibility_CreationDateProperty" computerName="LP-AMEENE21" duration="00:00:00.0096024" startTime="2025-07-07T19:53:25.2483933+03:00" endTime="2025-07-07T19:53:25.2483933+03:00" testType="13cdc9d9-ddb5-4fa4-a97d-d965ccfc6d4b" outcome="Passed" testListId="8c84fa94-04c1-424b-9868-57a2d4851a1d" relativeResultsDirectory="89fe104d-b9cd-4852-af87-22352a0a3146" />
    <UnitTestResult executionId="2085765d-0285-495f-b76e-08e267e3a360" testId="ec5cac67-1b59-a898-1b90-0560d8ed6fc2" testName="CreditTransfer.Core.Domain.Tests.ApplicationConfigTests.ApplicationConfig_PropertiesSetCorrectly" computerName="LP-AMEENE21" duration="00:00:00.0008333" startTime="2025-07-07T19:53:25.2737931+03:00" endTime="2025-07-07T19:53:25.2737932+03:00" testType="13cdc9d9-ddb5-4fa4-a97d-d965ccfc6d4b" outcome="Passed" testListId="8c84fa94-04c1-424b-9868-57a2d4851a1d" relativeResultsDirectory="2085765d-0285-495f-b76e-08e267e3a360" />
    <UnitTestResult executionId="931571bc-e68b-4a14-879e-94d9a9ac0342" testId="75463ac5-114e-027d-47f9-952596005e01" testName="CreditTransfer.Core.Domain.Tests.CreditTransferRequestTests.CreditTransferRequest_RequestTimestampCanBeSet" computerName="LP-AMEENE21" duration="00:00:00.0001728" startTime="2025-07-07T19:53:25.3081169+03:00" endTime="2025-07-07T19:53:25.3081169+03:00" testType="13cdc9d9-ddb5-4fa4-a97d-d965ccfc6d4b" outcome="Passed" testListId="8c84fa94-04c1-424b-9868-57a2d4851a1d" relativeResultsDirectory="931571bc-e68b-4a14-879e-94d9a9ac0342" />
    <UnitTestResult executionId="ea1405ca-f3cd-4c2d-b4a3-c5a43f9c10b7" testId="4604d36c-a266-5c5c-793a-f5278bece865" testName="CreditTransfer.Core.Domain.Tests.CreditTransferRequestTests.CreditTransferRequest_IsValid_InvalidScenarios(source: &quot;96876325315&quot;, destination: &quot;96878715705&quot;, riyal: 10, baisa: 500, pin: &quot;&quot;, userName: &quot;TestUser&quot;, expectedValid: False)" computerName="LP-AMEENE21" duration="00:00:00.0000015" startTime="2025-07-07T19:53:25.3107116+03:00" endTime="2025-07-07T19:53:25.3107116+03:00" testType="13cdc9d9-ddb5-4fa4-a97d-d965ccfc6d4b" outcome="Passed" testListId="8c84fa94-04c1-424b-9868-57a2d4851a1d" relativeResultsDirectory="ea1405ca-f3cd-4c2d-b4a3-c5a43f9c10b7" />
    <UnitTestResult executionId="20c26b9d-d6e8-4340-9f49-a7225a320fa6" testId="5caf01c3-a8f8-7ccc-b96e-61659b66343f" testName="CreditTransfer.Core.Domain.Tests.CreditTransferResponseTests.CreditTransferResponse_ProcessedAmount_OptionalField" computerName="LP-AMEENE21" duration="00:00:00.0001994" startTime="2025-07-07T19:53:25.2795691+03:00" endTime="2025-07-07T19:53:25.2795692+03:00" testType="13cdc9d9-ddb5-4fa4-a97d-d965ccfc6d4b" outcome="Passed" testListId="8c84fa94-04c1-424b-9868-57a2d4851a1d" relativeResultsDirectory="20c26b9d-d6e8-4340-9f49-a7225a320fa6" />
    <UnitTestResult executionId="8137537c-804e-43ac-b56c-08bbd3a630b3" testId="fe8e3eeb-0da3-11a7-5a04-cd675d1c5e06" testName="CreditTransfer.Core.Domain.Tests.TransferConfigTests.TransferConfig_BusinessRuleValidation_DailyLimits" computerName="LP-AMEENE21" duration="00:00:00.0001903" startTime="2025-07-07T19:53:25.2783809+03:00" endTime="2025-07-07T19:53:25.2783809+03:00" testType="13cdc9d9-ddb5-4fa4-a97d-d965ccfc6d4b" outcome="Passed" testListId="8c84fa94-04c1-424b-9868-57a2d4851a1d" relativeResultsDirectory="8137537c-804e-43ac-b56c-08bbd3a630b3" />
    <UnitTestResult executionId="f52c2160-2018-46e4-994b-aeee9525e200" testId="a265ca5d-2541-8d3c-1741-c4860c58e76d" testName="CreditTransfer.Core.Domain.Tests.TransferConfigTests.TransferConfig_ValidDailyTransferCountLimits(limit: 1)" computerName="LP-AMEENE21" duration="00:00:00.0000028" startTime="2025-07-07T19:53:25.2777937+03:00" endTime="2025-07-07T19:53:25.2777938+03:00" testType="13cdc9d9-ddb5-4fa4-a97d-d965ccfc6d4b" outcome="Passed" testListId="8c84fa94-04c1-424b-9868-57a2d4851a1d" relativeResultsDirectory="f52c2160-2018-46e4-994b-aeee9525e200" />
    <UnitTestResult executionId="c4428cd2-d066-42f8-b6ae-2f9353fb6172" testId="adcdaf42-d079-6ac6-2c04-de0fb125a253" testName="CreditTransfer.Core.Domain.Tests.CreditTransferResponseTests.CreditTransferResponse_ResponseTimestamp_AutoGeneration" computerName="LP-AMEENE21" duration="00:00:00.0005657" startTime="2025-07-07T19:53:25.2787123+03:00" endTime="2025-07-07T19:53:25.2787124+03:00" testType="13cdc9d9-ddb5-4fa4-a97d-d965ccfc6d4b" outcome="Passed" testListId="8c84fa94-04c1-424b-9868-57a2d4851a1d" relativeResultsDirectory="c4428cd2-d066-42f8-b6ae-2f9353fb6172" />
    <UnitTestResult executionId="4d507d69-b1ec-4989-8d7e-8163164b0326" testId="b6a5b61a-a2bc-cd43-e05c-46e45077c4ac" testName="CreditTransfer.Core.Domain.Tests.TransactionTests.Transaction_AmountValidation_ValidAmounts(amount: 0)" computerName="LP-AMEENE21" duration="00:00:00.0000015" startTime="2025-07-07T19:53:25.3086395+03:00" endTime="2025-07-07T19:53:25.3086395+03:00" testType="13cdc9d9-ddb5-4fa4-a97d-d965ccfc6d4b" outcome="Passed" testListId="8c84fa94-04c1-424b-9868-57a2d4851a1d" relativeResultsDirectory="4d507d69-b1ec-4989-8d7e-8163164b0326" />
    <UnitTestResult executionId="633cbfde-e8cf-47cf-912a-e78e375ba280" testId="67df845d-8eca-b3b5-9a41-264b3fcf07d3" testName="CreditTransfer.Core.Domain.Tests.TransactionTests.Transaction_NumberOfRetriesValidation" computerName="LP-AMEENE21" duration="00:00:00.0004276" startTime="2025-07-07T19:53:25.3081316+03:00" endTime="2025-07-07T19:53:25.3081316+03:00" testType="13cdc9d9-ddb5-4fa4-a97d-d965ccfc6d4b" outcome="Passed" testListId="8c84fa94-04c1-424b-9868-57a2d4851a1d" relativeResultsDirectory="633cbfde-e8cf-47cf-912a-e78e375ba280" />
    <UnitTestResult executionId="13d7836c-ddf0-4416-9ff6-7ca2abffce84" testId="856f7c4c-8c04-7a09-65f3-d26056e125c5" testName="CreditTransfer.Core.Domain.Tests.MessageTests.Message_ValidMessageKeys(messageKey: &quot;UNKNOWN_SUBSCRIBER&quot;)" computerName="LP-AMEENE21" duration="00:00:00.0000070" startTime="2025-07-07T19:53:25.2770198+03:00" endTime="2025-07-07T19:53:25.2770199+03:00" testType="13cdc9d9-ddb5-4fa4-a97d-d965ccfc6d4b" outcome="Passed" testListId="8c84fa94-04c1-424b-9868-57a2d4851a1d" relativeResultsDirectory="13d7836c-ddf0-4416-9ff6-7ca2abffce84" />
    <UnitTestResult executionId="98382a84-5c99-47d1-9d6b-5343d9a7d5b5" testId="48bf93f7-fb23-62ab-6fec-285cb7bc9794" testName="CreditTransfer.Core.Domain.Tests.CreditTransferResponseTests.CreditTransferResponse_StatusCode_NegativeValues" computerName="LP-AMEENE21" duration="00:00:00.0001156" startTime="2025-07-07T19:53:25.2763424+03:00" endTime="2025-07-07T19:53:25.2763424+03:00" testType="13cdc9d9-ddb5-4fa4-a97d-d965ccfc6d4b" outcome="Passed" testListId="8c84fa94-04c1-424b-9868-57a2d4851a1d" relativeResultsDirectory="98382a84-5c99-47d1-9d6b-5343d9a7d5b5" />
    <UnitTestResult executionId="6b851b16-b78f-47e3-881a-d9a22157a69b" testId="c68fa34d-ec5b-85af-f465-14bb8806dc63" testName="CreditTransfer.Core.Domain.Tests.CreditTransferResponseTests.CreditTransferResponse_ResponseTimestamp_CanBeSet" computerName="LP-AMEENE21" duration="00:00:00.0002010" startTime="2025-07-07T19:53:25.2762934+03:00" endTime="2025-07-07T19:53:25.2762934+03:00" testType="13cdc9d9-ddb5-4fa4-a97d-d965ccfc6d4b" outcome="Passed" testListId="8c84fa94-04c1-424b-9868-57a2d4851a1d" relativeResultsDirectory="6b851b16-b78f-47e3-881a-d9a22157a69b" />
    <UnitTestResult executionId="b76db42b-eda9-4748-9be9-51b563e7c28b" testId="d82ebed3-0fc3-0de8-a6a1-f0f00f5bd958" testName="CreditTransfer.Core.Domain.Tests.TransferConfigTests.TransferConfig_ValidNobillSubscriptionTypes(subscriptionType: &quot;STAFF&quot;)" computerName="LP-AMEENE21" duration="00:00:00.0000032" startTime="2025-07-07T19:53:25.2772652+03:00" endTime="2025-07-07T19:53:25.2772652+03:00" testType="13cdc9d9-ddb5-4fa4-a97d-d965ccfc6d4b" outcome="Passed" testListId="8c84fa94-04c1-424b-9868-57a2d4851a1d" relativeResultsDirectory="b76db42b-eda9-4748-9be9-51b563e7c28b" />
    <UnitTestResult executionId="821464d7-3b65-42a1-8ee4-36d04511428f" testId="cc80476f-eb47-0c18-d8de-6b7e7ef6d4d4" testName="CreditTransfer.Core.Domain.Tests.ApplicationConfigTests.ApplicationConfig_KeyValidation_RequiredAttribute" computerName="LP-AMEENE21" duration="00:00:00.0012242" startTime="2025-07-07T19:53:25.2790679+03:00" endTime="2025-07-07T19:53:25.2790680+03:00" testType="13cdc9d9-ddb5-4fa4-a97d-d965ccfc6d4b" outcome="Passed" testListId="8c84fa94-04c1-424b-9868-57a2d4851a1d" relativeResultsDirectory="821464d7-3b65-42a1-8ee4-36d04511428f" />
    <UnitTestResult executionId="3657920e-2f86-49ba-ae1a-c54f3c2bb11d" testId="c854350b-a126-8883-3180-1718356be97d" testName="CreditTransfer.Core.Domain.Tests.CreditTransferRequestTests.CreditTransferRequest_AmountValidation(riyal: 999, baisa: 999, shouldBeValid: True)" computerName="LP-AMEENE21" duration="00:00:00.0001370" startTime="2025-07-07T19:53:25.3092998+03:00" endTime="2025-07-07T19:53:25.3092998+03:00" testType="13cdc9d9-ddb5-4fa4-a97d-d965ccfc6d4b" outcome="Passed" testListId="8c84fa94-04c1-424b-9868-57a2d4851a1d" relativeResultsDirectory="3657920e-2f86-49ba-ae1a-c54f3c2bb11d" />
    <UnitTestResult executionId="9320cc5a-f96a-4d89-a412-e95f8cf274e3" testId="51085eac-b7cc-f9b8-d166-a7a51edec2a9" testName="CreditTransfer.Core.Domain.Tests.MessageTests.Message_PropertiesSetCorrectly" computerName="LP-AMEENE21" duration="00:00:00.0006834" startTime="2025-07-07T19:53:25.2793628+03:00" endTime="2025-07-07T19:53:25.2793628+03:00" testType="13cdc9d9-ddb5-4fa4-a97d-d965ccfc6d4b" outcome="Passed" testListId="8c84fa94-04c1-424b-9868-57a2d4851a1d" relativeResultsDirectory="9320cc5a-f96a-4d89-a412-e95f8cf274e3" />
    <UnitTestResult executionId="91664bc3-ace2-45bd-b119-f6f5d372705e" testId="928366e4-129c-fbac-7f4c-3eebaa79b98c" testName="CreditTransfer.Core.Domain.Tests.TransferConfigTests.TransferConfig_ValidDailyTransferCapLimits(limit: 50)" computerName="LP-AMEENE21" duration="00:00:00.0000013" startTime="2025-07-07T19:53:25.2736857+03:00" endTime="2025-07-07T19:53:25.2736858+03:00" testType="13cdc9d9-ddb5-4fa4-a97d-d965ccfc6d4b" outcome="Passed" testListId="8c84fa94-04c1-424b-9868-57a2d4851a1d" relativeResultsDirectory="91664bc3-ace2-45bd-b119-f6f5d372705e" />
    <UnitTestResult executionId="3527f079-d2c8-4c17-8d98-cdacaa7b2e86" testId="c137a9ef-94b4-ef5c-9a14-b3366c5f011c" testName="CreditTransfer.Core.Domain.Tests.TransferConfigTests.TransferConfig_ValidMinPostTransferBalances(balance: 10)" computerName="LP-AMEENE21" duration="00:00:00.0003500" startTime="2025-07-07T19:53:25.2726143+03:00" endTime="2025-07-07T19:53:25.2726144+03:00" testType="13cdc9d9-ddb5-4fa4-a97d-d965ccfc6d4b" outcome="Passed" testListId="8c84fa94-04c1-424b-9868-57a2d4851a1d" relativeResultsDirectory="3527f079-d2c8-4c17-8d98-cdacaa7b2e86" />
    <UnitTestResult executionId="b28f39dc-c865-4bbe-a4bc-907fbb274069" testId="60875231-4251-e791-178a-14d59548badf" testName="CreditTransfer.Core.Domain.Tests.MessageTests.Message_TextEnValidation_RequiredAttribute" computerName="LP-AMEENE21" duration="00:00:00.0007105" startTime="2025-07-07T19:53:25.2776046+03:00" endTime="2025-07-07T19:53:25.2776047+03:00" testType="13cdc9d9-ddb5-4fa4-a97d-d965ccfc6d4b" outcome="Passed" testListId="8c84fa94-04c1-424b-9868-57a2d4851a1d" relativeResultsDirectory="b28f39dc-c865-4bbe-a4bc-907fbb274069" />
    <UnitTestResult executionId="ebf94965-ea35-43bf-839f-f2fbce938c71" testId="9260430a-4029-c613-6fa4-e9974cb9942d" testName="CreditTransfer.Core.Domain.Tests.CreditTransferResponseTests.CreditTransferResponse_ErrorHandling_DataIntegrity" computerName="LP-AMEENE21" duration="00:00:00.0007429" startTime="2025-07-07T19:53:25.2726481+03:00" endTime="2025-07-07T19:53:25.2726481+03:00" testType="13cdc9d9-ddb5-4fa4-a97d-d965ccfc6d4b" outcome="Passed" testListId="8c84fa94-04c1-424b-9868-57a2d4851a1d" relativeResultsDirectory="ebf94965-ea35-43bf-839f-f2fbce938c71" />
    <UnitTestResult executionId="fe7c7359-5094-4c9e-9507-4d96b2fedd8a" testId="c9f97bd0-240a-0913-0d2f-41236d3ef64a" testName="CreditTransfer.Core.Domain.Tests.CreditTransferRequestTests.CreditTransferRequest_MaxBaisaValidation" computerName="LP-AMEENE21" duration="00:00:00.0000557" startTime="2025-07-07T19:53:25.3129208+03:00" endTime="2025-07-07T19:53:25.3129208+03:00" testType="13cdc9d9-ddb5-4fa4-a97d-d965ccfc6d4b" outcome="Passed" testListId="8c84fa94-04c1-424b-9868-57a2d4851a1d" relativeResultsDirectory="fe7c7359-5094-4c9e-9507-4d96b2fedd8a" />
    <UnitTestResult executionId="b695da02-02d0-499e-a422-29165f6e3e79" testId="1c3e5b06-ee24-c4fe-7e65-a3d426d3131c" testName="CreditTransfer.Core.Domain.Tests.CreditTransferResponseTests.CreditTransferResponse_Success_FactoryMethod" computerName="LP-AMEENE21" duration="00:00:00.0004318" startTime="2025-07-07T19:53:25.2790321+03:00" endTime="2025-07-07T19:53:25.2790322+03:00" testType="13cdc9d9-ddb5-4fa4-a97d-d965ccfc6d4b" outcome="Passed" testListId="8c84fa94-04c1-424b-9868-57a2d4851a1d" relativeResultsDirectory="b695da02-02d0-499e-a422-29165f6e3e79" />
    <UnitTestResult executionId="66e8473c-1805-4c81-81dc-3152a65ff093" testId="2238795a-0c00-ec75-4f2b-88b8722d25fd" testName="CreditTransfer.Core.Domain.Tests.ApplicationConfigTests.ApplicationConfig_DefaultConstructor_SetsDefaultValues" computerName="LP-AMEENE21" duration="00:00:00.0005072" startTime="2025-07-07T19:53:25.2770740+03:00" endTime="2025-07-07T19:53:25.2770740+03:00" testType="13cdc9d9-ddb5-4fa4-a97d-d965ccfc6d4b" outcome="Passed" testListId="8c84fa94-04c1-424b-9868-57a2d4851a1d" relativeResultsDirectory="66e8473c-1805-4c81-81dc-3152a65ff093" />
    <UnitTestResult executionId="f752fda9-bc7a-44c4-b905-7c51d209a42b" testId="efbbfc71-5621-b14d-e485-bfb732fee208" testName="CreditTransfer.Core.Domain.Tests.CreditTransferRequestTests.CreditTransferRequest_UserNameValidation(userName: &quot;user@example.com&quot;, shouldBeValid: True)" computerName="LP-AMEENE21" duration="00:00:00.0000067" startTime="2025-07-07T19:53:25.3080568+03:00" endTime="2025-07-07T19:53:25.3080568+03:00" testType="13cdc9d9-ddb5-4fa4-a97d-d965ccfc6d4b" outcome="Passed" testListId="8c84fa94-04c1-424b-9868-57a2d4851a1d" relativeResultsDirectory="f752fda9-bc7a-44c4-b905-7c51d209a42b" />
    <UnitTestResult executionId="8a797e6e-2977-4b8e-b3b0-ab057c232e15" testId="c555f488-0b39-4c37-0d9c-613b4ea91fb9" testName="CreditTransfer.Core.Domain.Tests.ApplicationConfigTests.ApplicationConfig_ValueValidation_ValidValues(value: &quot;DefaultOperatorCreditTransferIN&quot;)" computerName="LP-AMEENE21" duration="00:00:00.0000360" startTime="2025-07-07T19:53:25.2767501+03:00" endTime="2025-07-07T19:53:25.2767501+03:00" testType="13cdc9d9-ddb5-4fa4-a97d-d965ccfc6d4b" outcome="Passed" testListId="8c84fa94-04c1-424b-9868-57a2d4851a1d" relativeResultsDirectory="8a797e6e-2977-4b8e-b3b0-ab057c232e15" />
    <UnitTestResult executionId="2dc6ab89-39c6-4a0f-90d6-820a6af1f02e" testId="6049d518-1300-c0e6-5033-c86e0b9b5db1" testName="CreditTransfer.Core.Domain.Tests.MessageTests.Message_KeyValidation_ExactMaxLength" computerName="LP-AMEENE21" duration="00:00:00.0003247" startTime="2025-07-07T19:53:25.2798328+03:00" endTime="2025-07-07T19:53:25.2798328+03:00" testType="13cdc9d9-ddb5-4fa4-a97d-d965ccfc6d4b" outcome="Passed" testListId="8c84fa94-04c1-424b-9868-57a2d4851a1d" relativeResultsDirectory="2dc6ab89-39c6-4a0f-90d6-820a6af1f02e" />
    <UnitTestResult executionId="5ff01cf0-e5fb-41c8-a333-636d3aee5e99" testId="7ff65f51-4c06-3af9-e17e-3df21a47529c" testName="CreditTransfer.Core.Domain.Tests.TransferConfigTests.TransferConfig_TransferRestrictionsValidation" computerName="LP-AMEENE21" duration="00:00:00.0001557" startTime="2025-07-07T19:53:25.2783323+03:00" endTime="2025-07-07T19:53:25.2783324+03:00" testType="13cdc9d9-ddb5-4fa4-a97d-d965ccfc6d4b" outcome="Passed" testListId="8c84fa94-04c1-424b-9868-57a2d4851a1d" relativeResultsDirectory="5ff01cf0-e5fb-41c8-a333-636d3aee5e99" />
    <UnitTestResult executionId="de9907da-7112-470d-8ab7-ac74c5ebd30d" testId="c4441054-d95c-a494-8575-fe985f4d488c" testName="CreditTransfer.Core.Domain.Tests.TransactionTests.Transaction_ExtensionDaysValidation" computerName="LP-AMEENE21" duration="00:00:00.0001107" startTime="2025-07-07T19:53:25.3103483+03:00" endTime="2025-07-07T19:53:25.3103483+03:00" testType="13cdc9d9-ddb5-4fa4-a97d-d965ccfc6d4b" outcome="Passed" testListId="8c84fa94-04c1-424b-9868-57a2d4851a1d" relativeResultsDirectory="de9907da-7112-470d-8ab7-ac74c5ebd30d" />
    <UnitTestResult executionId="e8bdf1e8-ad2f-49cb-a04f-e3ba1ee16d34" testId="4d7c0644-4d92-a498-d33c-54a4f2f1a498" testName="CreditTransfer.Core.Domain.Tests.ApplicationConfigTests.ApplicationConfig_UniqueKeyValidation" computerName="LP-AMEENE21" duration="00:00:00.0096543" startTime="2025-07-07T19:53:25.2483835+03:00" endTime="2025-07-07T19:53:25.2483836+03:00" testType="13cdc9d9-ddb5-4fa4-a97d-d965ccfc6d4b" outcome="Passed" testListId="8c84fa94-04c1-424b-9868-57a2d4851a1d" relativeResultsDirectory="e8bdf1e8-ad2f-49cb-a04f-e3ba1ee16d34" />
    <UnitTestResult executionId="3ff540ee-f3e6-4698-a343-0e23654bc910" testId="17fa1677-0094-3698-9685-6a6c8c94e9ee" testName="CreditTransfer.Core.Domain.Tests.CreditTransferRequestTests.CreditTransferRequest_TotalAmountCalculation(riyal: 100, baisa: 750, expectedTotal: 100.75)" computerName="LP-AMEENE21" duration="00:00:00.0000059" startTime="2025-07-07T19:53:25.3087998+03:00" endTime="2025-07-07T19:53:25.3087999+03:00" testType="13cdc9d9-ddb5-4fa4-a97d-d965ccfc6d4b" outcome="Passed" testListId="8c84fa94-04c1-424b-9868-57a2d4851a1d" relativeResultsDirectory="3ff540ee-f3e6-4698-a343-0e23654bc910" />
    <UnitTestResult executionId="5ba29286-04e6-45ea-9c85-e7af61f6ee85" testId="a74e9bf9-3504-6202-2c81-21f1562b6d18" testName="CreditTransfer.Core.Domain.Tests.CreditTransferResponseTests.CreditTransferResponse_Error_FactoryMethod_CommonErrorCodes(statusCode: 30, statusMessage: &quot;Property not found&quot;)" computerName="LP-AMEENE21" duration="00:00:00.0002037" startTime="2025-07-07T19:53:25.2737635+03:00" endTime="2025-07-07T19:53:25.2737636+03:00" testType="13cdc9d9-ddb5-4fa4-a97d-d965ccfc6d4b" outcome="Passed" testListId="8c84fa94-04c1-424b-9868-57a2d4851a1d" relativeResultsDirectory="5ba29286-04e6-45ea-9c85-e7af61f6ee85" />
    <UnitTestResult executionId="af24349e-4677-4dd3-abff-ab575cee94a8" testId="63f9e845-f6fc-e2ab-6050-1c6f96a0192b" testName="CreditTransfer.Core.Domain.Tests.TransferConfigTests.TransferConfig_ValidMinPostTransferBalances(balance: 1)" computerName="LP-AMEENE21" duration="00:00:00.0000015" startTime="2025-07-07T19:53:25.2730783+03:00" endTime="2025-07-07T19:53:25.2730784+03:00" testType="13cdc9d9-ddb5-4fa4-a97d-d965ccfc6d4b" outcome="Passed" testListId="8c84fa94-04c1-424b-9868-57a2d4851a1d" relativeResultsDirectory="af24349e-4677-4dd3-abff-ab575cee94a8" />
    <UnitTestResult executionId="c382b6b7-77af-4fe1-91d3-6321cea3968d" testId="e95ddaaf-d4bb-435b-25f3-515a608cb868" testName="CreditTransfer.Core.Domain.Tests.CreditTransferRequestTests.CreditTransferRequest_MsisdnValidation(msisdn: &quot;123456789012345&quot;, shouldBeValid: False)" computerName="LP-AMEENE21" duration="00:00:00.0003980" startTime="2025-07-07T19:53:25.3119109+03:00" endTime="2025-07-07T19:53:25.3119109+03:00" testType="13cdc9d9-ddb5-4fa4-a97d-d965ccfc6d4b" outcome="Failed" testListId="8c84fa94-04c1-424b-9868-57a2d4851a1d" relativeResultsDirectory="c382b6b7-77af-4fe1-91d3-6321cea3968d">
      <Output>
        <ErrorInfo>
          <Message>Expected isValid to be false, but found True.</Message>
          <StackTrace>   at FluentAssertions.Execution.XUnit2TestFramework.Throw(String message)&#xD;
   at FluentAssertions.Execution.TestFrameworkProvider.Throw(String message)&#xD;
   at FluentAssertions.Execution.DefaultAssertionStrategy.HandleFailure(String message)&#xD;
   at FluentAssertions.Execution.AssertionScope.FailWith(Func`1 failReasonFunc)&#xD;
   at FluentAssertions.Execution.AssertionScope.FailWith(Func`1 failReasonFunc)&#xD;
   at FluentAssertions.Execution.AssertionScope.FailWith(String message, Object[] args)&#xD;
   at FluentAssertions.Primitives.BooleanAssertions`1.BeFalse(String because, Object[] becauseArgs)&#xD;
   at CreditTransfer.Core.Domain.Tests.CreditTransferRequestTests.CreditTransferRequest_MsisdnValidation(String msisdn, Boolean shouldBeValid) in E:\LP\UpgradeStack\CreditTransfer\Migrated\tests\Unit\CreditTransfer.Core.Domain.Tests\CreditTransferRequestTests.cs:line 222&#xD;
   at InvokeStub_CreditTransferRequestTests.CreditTransferRequest_MsisdnValidation(Object, Span`1)&#xD;
   at System.Reflection.MethodBaseInvoker.InvokeWithFewArgs(Object obj, BindingFlags invokeAttr, Binder binder, Object[] parameters, CultureInfo culture)</StackTrace>
        </ErrorInfo>
      </Output>
    </UnitTestResult>
    <UnitTestResult executionId="04094b65-d34e-4fdd-a43f-149c0f14cd61" testId="33aae71a-8443-51e8-029c-b1f4695835bc" testName="CreditTransfer.Core.Domain.Tests.ApplicationConfigTests.ApplicationConfig_IsActiveCanBeSetToFalse" computerName="LP-AMEENE21" duration="00:00:00.0000901" startTime="2025-07-07T19:53:25.2795516+03:00" endTime="2025-07-07T19:53:25.2795516+03:00" testType="13cdc9d9-ddb5-4fa4-a97d-d965ccfc6d4b" outcome="Passed" testListId="8c84fa94-04c1-424b-9868-57a2d4851a1d" relativeResultsDirectory="04094b65-d34e-4fdd-a43f-149c0f14cd61" />
    <UnitTestResult executionId="9aa94572-9ef8-49c9-af24-de6deee7f9b4" testId="cf7850c3-8558-cb28-be51-5983d53ebb52" testName="CreditTransfer.Core.Domain.Tests.CreditTransferResponseTests.CreditTransferResponse_StatusMessage_VariousMessages(statusMessage: &quot;&quot;)" computerName="LP-AMEENE21" duration="00:00:00.0000061" startTime="2025-07-07T19:53:25.2737041+03:00" endTime="2025-07-07T19:53:25.2737041+03:00" testType="13cdc9d9-ddb5-4fa4-a97d-d965ccfc6d4b" outcome="Passed" testListId="8c84fa94-04c1-424b-9868-57a2d4851a1d" relativeResultsDirectory="9aa94572-9ef8-49c9-af24-de6deee7f9b4" />
    <UnitTestResult executionId="0e8dce28-beac-4a5f-91ae-37137236eab4" testId="4f93f855-db6c-d165-9d69-1d2685c8b341" testName="CreditTransfer.Core.Domain.Tests.MessageTests.Message_AllRequiredFieldsValid" computerName="LP-AMEENE21" duration="00:00:00.0017074" startTime="2025-07-07T19:53:25.2760509+03:00" endTime="2025-07-07T19:53:25.2760509+03:00" testType="13cdc9d9-ddb5-4fa4-a97d-d965ccfc6d4b" outcome="Passed" testListId="8c84fa94-04c1-424b-9868-57a2d4851a1d" relativeResultsDirectory="0e8dce28-beac-4a5f-91ae-37137236eab4" />
    <UnitTestResult executionId="c27de906-0229-467c-9649-29ce98727ec1" testId="1764e747-9e8a-d169-3c6e-157d4aa784fb" testName="CreditTransfer.Core.Domain.Tests.TransferConfigTests.TransferConfig_PropertiesSetCorrectly" computerName="LP-AMEENE21" duration="00:00:00.0004109" startTime="2025-07-07T19:53:25.2770384+03:00" endTime="2025-07-07T19:53:25.2770384+03:00" testType="13cdc9d9-ddb5-4fa4-a97d-d965ccfc6d4b" outcome="Passed" testListId="8c84fa94-04c1-424b-9868-57a2d4851a1d" relativeResultsDirectory="c27de906-0229-467c-9649-29ce98727ec1" />
    <UnitTestResult executionId="150dfa65-3794-461f-989f-b051d6336a77" testId="6e703a88-ea71-a410-916c-a82c82fcb7dd" testName="CreditTransfer.Core.Domain.Tests.CreditTransferRequestTests.CreditTransferRequest_IsValid_InvalidScenarios(source: &quot;96876325315&quot;, destination: &quot;96878715705&quot;, riyal: 10, baisa: -1, pin: &quot;1234&quot;, userName: &quot;TestUser&quot;, expectedValid: False)" computerName="LP-AMEENE21" duration="00:00:00.0000031" startTime="2025-07-07T19:53:25.3106951+03:00" endTime="2025-07-07T19:53:25.3106951+03:00" testType="13cdc9d9-ddb5-4fa4-a97d-d965ccfc6d4b" outcome="Passed" testListId="8c84fa94-04c1-424b-9868-57a2d4851a1d" relativeResultsDirectory="150dfa65-3794-461f-989f-b051d6336a77" />
    <UnitTestResult executionId="c41c4fde-70fd-4e25-b1d7-0393ba862b11" testId="9d2bd91e-8b77-d545-068b-4c16ba02646d" testName="CreditTransfer.Core.Domain.Tests.MessageTests.Message_ValidMessageKeys(messageKey: &quot;TRANSFER_SUCCESS&quot;)" computerName="LP-AMEENE21" duration="00:00:00.0001550" startTime="2025-07-07T19:53:25.2767773+03:00" endTime="2025-07-07T19:53:25.2767773+03:00" testType="13cdc9d9-ddb5-4fa4-a97d-d965ccfc6d4b" outcome="Passed" testListId="8c84fa94-04c1-424b-9868-57a2d4851a1d" relativeResultsDirectory="c41c4fde-70fd-4e25-b1d7-0393ba862b11" />
    <UnitTestResult executionId="23cbe440-3828-490d-a145-d7d76eed7581" testId="054021a5-7fc5-1016-d763-cff792fef6f4" testName="CreditTransfer.Core.Domain.Tests.CreditTransferRequestTests.CreditTransferRequest_AmountValidation(riyal: -1, baisa: 0, shouldBeValid: False)" computerName="LP-AMEENE21" duration="00:00:00.0000014" startTime="2025-07-07T19:53:25.3102612+03:00" endTime="2025-07-07T19:53:25.3102612+03:00" testType="13cdc9d9-ddb5-4fa4-a97d-d965ccfc6d4b" outcome="Passed" testListId="8c84fa94-04c1-424b-9868-57a2d4851a1d" relativeResultsDirectory="23cbe440-3828-490d-a145-d7d76eed7581" />
    <UnitTestResult executionId="8d77a63d-0945-45e8-9569-08449519c211" testId="157f2978-9f71-b39f-94e9-b5a4e52f4243" testName="CreditTransfer.Core.Domain.Tests.TransactionTests.Transaction_SourceMsisdnValidation(msisdn: &quot;&quot;, shouldBeValid: False)" computerName="LP-AMEENE21" duration="00:00:00.0000248" startTime="2025-07-07T19:53:25.3039495+03:00" endTime="2025-07-07T19:53:25.3039495+03:00" testType="13cdc9d9-ddb5-4fa4-a97d-d965ccfc6d4b" outcome="Passed" testListId="8c84fa94-04c1-424b-9868-57a2d4851a1d" relativeResultsDirectory="8d77a63d-0945-45e8-9569-08449519c211" />
    <UnitTestResult executionId="9067421b-c34e-4c7f-ade6-ace01526c4c8" testId="991e9f73-50cc-80d8-ea8f-8f6da80487af" testName="CreditTransfer.Core.Domain.Tests.MessageTests.Message_TimestampValidation" computerName="LP-AMEENE21" duration="00:00:00.0003362" startTime="2025-07-07T19:53:25.2798162+03:00" endTime="2025-07-07T19:53:25.2798163+03:00" testType="13cdc9d9-ddb5-4fa4-a97d-d965ccfc6d4b" outcome="Passed" testListId="8c84fa94-04c1-424b-9868-57a2d4851a1d" relativeResultsDirectory="9067421b-c34e-4c7f-ade6-ace01526c4c8" />
    <UnitTestResult executionId="07234406-63a0-4cd7-be0a-5b017d5e33c1" testId="2253a402-d443-8417-d5ce-d842e22e35b6" testName="CreditTransfer.Core.Domain.Tests.TransferConfigTests.TransferConfig_IDValidation" computerName="LP-AMEENE21" duration="00:00:00.0002877" startTime="2025-07-07T19:53:25.2760241+03:00" endTime="2025-07-07T19:53:25.2760241+03:00" testType="13cdc9d9-ddb5-4fa4-a97d-d965ccfc6d4b" outcome="Passed" testListId="8c84fa94-04c1-424b-9868-57a2d4851a1d" relativeResultsDirectory="07234406-63a0-4cd7-be0a-5b017d5e33c1" />
    <UnitTestResult executionId="cb0e76d2-574c-495a-8ee2-efd12f8a751c" testId="825f4be5-4061-ae18-5405-839ab7196562" testName="CreditTransfer.Core.Domain.Tests.MessageTests.Message_IsActiveCanBeSetToFalse" computerName="LP-AMEENE21" duration="00:00:00.0001605" startTime="2025-07-07T19:53:25.2718502+03:00" endTime="2025-07-07T19:53:25.2718503+03:00" testType="13cdc9d9-ddb5-4fa4-a97d-d965ccfc6d4b" outcome="Passed" testListId="8c84fa94-04c1-424b-9868-57a2d4851a1d" relativeResultsDirectory="cb0e76d2-574c-495a-8ee2-efd12f8a751c" />
    <UnitTestResult executionId="e8b2b82f-642b-4361-bde2-9cba039c6c48" testId="91a688c8-4288-25cd-23fc-87ce53c2477c" testName="CreditTransfer.Core.Domain.Tests.CreditTransferRequestTests.CreditTransferRequest_TotalAmountCalculation_MaxBaisa" computerName="LP-AMEENE21" duration="00:00:00.0000632" startTime="2025-07-07T19:53:25.3126853+03:00" endTime="2025-07-07T19:53:25.3126853+03:00" testType="13cdc9d9-ddb5-4fa4-a97d-d965ccfc6d4b" outcome="Passed" testListId="8c84fa94-04c1-424b-9868-57a2d4851a1d" relativeResultsDirectory="e8b2b82f-642b-4361-bde2-9cba039c6c48" />
    <UnitTestResult executionId="92173eea-b603-454f-9335-864a34dcd604" testId="6f2262be-8e83-f318-3ba3-bc810639f8aa" testName="CreditTransfer.Core.Domain.Tests.MessageTests.Message_BilingualTextValidation(englishText: &quot;Invalid PIN&quot;, arabicText: &quot;رقم سري غير صحيح&quot;)" computerName="LP-AMEENE21" duration="00:00:00.0000313" startTime="2025-07-07T19:53:25.2765343+03:00" endTime="2025-07-07T19:53:25.2765344+03:00" testType="13cdc9d9-ddb5-4fa4-a97d-d965ccfc6d4b" outcome="Passed" testListId="8c84fa94-04c1-424b-9868-57a2d4851a1d" relativeResultsDirectory="92173eea-b603-454f-9335-864a34dcd604" />
    <UnitTestResult executionId="2a9fc8b1-3231-40d4-8933-e65a557d7a05" testId="17693e06-db1f-c3fe-8f3f-9937418d5c2a" testName="CreditTransfer.Core.Domain.Tests.CreditTransferResponseTests.CreditTransferResponse_IsSuccess_StatusCodeValidation(statusCode: 22, expectedSuccess: False)" computerName="LP-AMEENE21" duration="00:00:00.0000075" startTime="2025-07-07T19:53:25.2757714+03:00" endTime="2025-07-07T19:53:25.2757714+03:00" testType="13cdc9d9-ddb5-4fa4-a97d-d965ccfc6d4b" outcome="Passed" testListId="8c84fa94-04c1-424b-9868-57a2d4851a1d" relativeResultsDirectory="2a9fc8b1-3231-40d4-8933-e65a557d7a05" />
    <UnitTestResult executionId="fc1c9552-5697-42e4-adef-9d406ace2899" testId="d24fa9d3-8c61-c3fc-c139-bfdf0b2757a7" testName="CreditTransfer.Core.Domain.Tests.CreditTransferResponseTests.CreditTransferResponse_ResponseStructure_CompleteValidation" computerName="LP-AMEENE21" duration="00:00:00.0006392" startTime="2025-07-07T19:53:25.2790779+03:00" endTime="2025-07-07T19:53:25.2790779+03:00" testType="13cdc9d9-ddb5-4fa4-a97d-d965ccfc6d4b" outcome="Passed" testListId="8c84fa94-04c1-424b-9868-57a2d4851a1d" relativeResultsDirectory="fc1c9552-5697-42e4-adef-9d406ace2899" />
    <UnitTestResult executionId="6f89c21e-49ff-4be9-af05-ab7553f4b445" testId="8e5030f1-31e3-8f50-9fd8-24fd029e12b0" testName="CreditTransfer.Core.Domain.Tests.ApplicationConfigTests.ApplicationConfig_KeyValidation_ExactMaxLength" computerName="LP-AMEENE21" duration="00:00:00.0001867" startTime="2025-07-07T19:53:25.2780579+03:00" endTime="2025-07-07T19:53:25.2780579+03:00" testType="13cdc9d9-ddb5-4fa4-a97d-d965ccfc6d4b" outcome="Passed" testListId="8c84fa94-04c1-424b-9868-57a2d4851a1d" relativeResultsDirectory="6f89c21e-49ff-4be9-af05-ab7553f4b445" />
    <UnitTestResult executionId="ca38d1fd-f440-42e5-bc41-75dae80cc84c" testId="14556523-22fe-6040-bf00-5d899566d3d7" testName="CreditTransfer.Core.Domain.Tests.CreditTransferResponseTests.CreditTransferResponse_StatusMessage_VariousMessages(statusMessage: &quot;مرحبا بكم في خدمة تحويل الرصيد&quot;)" computerName="LP-AMEENE21" duration="00:00:00.0000085" startTime="2025-07-07T19:53:25.2732191+03:00" endTime="2025-07-07T19:53:25.2732191+03:00" testType="13cdc9d9-ddb5-4fa4-a97d-d965ccfc6d4b" outcome="Passed" testListId="8c84fa94-04c1-424b-9868-57a2d4851a1d" relativeResultsDirectory="ca38d1fd-f440-42e5-bc41-75dae80cc84c" />
    <UnitTestResult executionId="5dc7d1f2-a0a4-4118-92ef-cdd11e2a6aba" testId="52e5fbac-527a-f380-faf9-ebd81fa9e428" testName="CreditTransfer.Core.Domain.Tests.TransferConfigTests.TransferConfig_ValidDailyTransferCapLimits(limit: 1000)" computerName="LP-AMEENE21" duration="00:00:00.0000027" startTime="2025-07-07T19:53:25.2732466+03:00" endTime="2025-07-07T19:53:25.2732467+03:00" testType="13cdc9d9-ddb5-4fa4-a97d-d965ccfc6d4b" outcome="Passed" testListId="8c84fa94-04c1-424b-9868-57a2d4851a1d" relativeResultsDirectory="5dc7d1f2-a0a4-4118-92ef-cdd11e2a6aba" />
    <UnitTestResult executionId="cb6d96b8-2ed0-401f-996e-b61592073e50" testId="4d985d81-596f-c919-5509-a8d045f1ca01" testName="CreditTransfer.Core.Domain.Tests.CreditTransferRequestTests.CreditTransferRequest_MsisdnValidation(msisdn: &quot;968&quot;, shouldBeValid: False)" computerName="LP-AMEENE21" duration="00:00:00.0010984" startTime="2025-07-07T19:53:25.3115021+03:00" endTime="2025-07-07T19:53:25.3115021+03:00" testType="13cdc9d9-ddb5-4fa4-a97d-d965ccfc6d4b" outcome="Failed" testListId="8c84fa94-04c1-424b-9868-57a2d4851a1d" relativeResultsDirectory="cb6d96b8-2ed0-401f-996e-b61592073e50">
      <Output>
        <ErrorInfo>
          <Message>Expected isValid to be false, but found True.</Message>
          <StackTrace>   at FluentAssertions.Execution.XUnit2TestFramework.Throw(String message)&#xD;
   at FluentAssertions.Execution.TestFrameworkProvider.Throw(String message)&#xD;
   at FluentAssertions.Execution.DefaultAssertionStrategy.HandleFailure(String message)&#xD;
   at FluentAssertions.Execution.AssertionScope.FailWith(Func`1 failReasonFunc)&#xD;
   at FluentAssertions.Execution.AssertionScope.FailWith(Func`1 failReasonFunc)&#xD;
   at FluentAssertions.Execution.AssertionScope.FailWith(String message, Object[] args)&#xD;
   at FluentAssertions.Primitives.BooleanAssertions`1.BeFalse(String because, Object[] becauseArgs)&#xD;
   at CreditTransfer.Core.Domain.Tests.CreditTransferRequestTests.CreditTransferRequest_MsisdnValidation(String msisdn, Boolean shouldBeValid) in E:\LP\UpgradeStack\CreditTransfer\Migrated\tests\Unit\CreditTransfer.Core.Domain.Tests\CreditTransferRequestTests.cs:line 222&#xD;
   at InvokeStub_CreditTransferRequestTests.CreditTransferRequest_MsisdnValidation(Object, Span`1)&#xD;
   at System.Reflection.MethodBaseInvoker.InvokeWithFewArgs(Object obj, BindingFlags invokeAttr, Binder binder, Object[] parameters, CultureInfo culture)</StackTrace>
        </ErrorInfo>
      </Output>
    </UnitTestResult>
    <UnitTestResult executionId="74c29c9a-1b01-4403-8f84-53eb81359c70" testId="5a9fda1f-ce81-eacc-0c6a-19578a9fe8fb" testName="CreditTransfer.Core.Domain.Tests.ApplicationConfigTests.ApplicationConfig_CategoryValidation_ValidCategories(category: &quot;Security&quot;)" computerName="LP-AMEENE21" duration="00:00:00.0001865" startTime="2025-07-07T19:53:25.2773227+03:00" endTime="2025-07-07T19:53:25.2773227+03:00" testType="13cdc9d9-ddb5-4fa4-a97d-d965ccfc6d4b" outcome="Passed" testListId="8c84fa94-04c1-424b-9868-57a2d4851a1d" relativeResultsDirectory="74c29c9a-1b01-4403-8f84-53eb81359c70" />
    <UnitTestResult executionId="e247c994-7bd4-4e0d-a035-80cfe83b1a6e" testId="5b7ea985-9e97-2131-7166-45d4f0900502" testName="CreditTransfer.Core.Domain.Tests.MessageTests.Message_ValidMessageKeys(messageKey: &quot;INSUFFICIENT_CREDIT&quot;)" computerName="LP-AMEENE21" duration="00:00:00.0001083" startTime="2025-07-07T19:53:25.2768103+03:00" endTime="2025-07-07T19:53:25.2768103+03:00" testType="13cdc9d9-ddb5-4fa4-a97d-d965ccfc6d4b" outcome="Passed" testListId="8c84fa94-04c1-424b-9868-57a2d4851a1d" relativeResultsDirectory="e247c994-7bd4-4e0d-a035-80cfe83b1a6e" />
    <UnitTestResult executionId="588942bd-69c8-4aeb-a7b6-b75a4bcaf6ee" testId="eeadaa0a-ec44-a3ee-1833-bb316f23d178" testName="CreditTransfer.Core.Domain.Tests.CreditTransferRequestTests.CreditTransferRequest_TotalAmountCalculation_Precision" computerName="LP-AMEENE21" duration="00:00:00.0001157" startTime="2025-07-07T19:53:25.3126731+03:00" endTime="2025-07-07T19:53:25.3126732+03:00" testType="13cdc9d9-ddb5-4fa4-a97d-d965ccfc6d4b" outcome="Passed" testListId="8c84fa94-04c1-424b-9868-57a2d4851a1d" relativeResultsDirectory="588942bd-69c8-4aeb-a7b6-b75a4bcaf6ee" />
    <UnitTestResult executionId="449bf1a6-3798-4468-bd96-a81ff6fbdac5" testId="d80fd97b-eefc-75cb-f83a-1357719e6f1f" testName="CreditTransfer.Core.Domain.Tests.CreditTransferRequestTests.CreditTransferRequest_AmountValidation(riyal: 0, baisa: 0, shouldBeValid: True)" computerName="LP-AMEENE21" duration="00:00:00.0001775" startTime="2025-07-07T19:53:25.3098223+03:00" endTime="2025-07-07T19:53:25.3098224+03:00" testType="13cdc9d9-ddb5-4fa4-a97d-d965ccfc6d4b" outcome="Passed" testListId="8c84fa94-04c1-424b-9868-57a2d4851a1d" relativeResultsDirectory="449bf1a6-3798-4468-bd96-a81ff6fbdac5" />
    <UnitTestResult executionId="9c9410aa-d22f-42b4-879a-fe4b2813a840" testId="109c9710-800c-bb4b-105e-32ad548d0ab6" testName="CreditTransfer.Core.Domain.Tests.CreditTransferResponseTests.CreditTransferResponse_Error_FactoryMethod_CommonErrorCodes(statusCode: 23, statusMessage: &quot;Insufficient credit&quot;)" computerName="LP-AMEENE21" duration="00:00:00.0000043" startTime="2025-07-07T19:53:25.2743947+03:00" endTime="2025-07-07T19:53:25.2743947+03:00" testType="13cdc9d9-ddb5-4fa4-a97d-d965ccfc6d4b" outcome="Passed" testListId="8c84fa94-04c1-424b-9868-57a2d4851a1d" relativeResultsDirectory="9c9410aa-d22f-42b4-879a-fe4b2813a840" />
    <UnitTestResult executionId="1fe5075f-f197-4020-8cc1-3afa0afbc95e" testId="e400ed5d-3384-3c2c-5178-78b55874f803" testName="CreditTransfer.Core.Domain.Tests.TransferConfigTests.TransferConfig_ValidMinPostTransferBalances(balance: 0)" computerName="LP-AMEENE21" duration="00:00:00.0001047" startTime="2025-07-07T19:53:25.2726737+03:00" endTime="2025-07-07T19:53:25.2726737+03:00" testType="13cdc9d9-ddb5-4fa4-a97d-d965ccfc6d4b" outcome="Passed" testListId="8c84fa94-04c1-424b-9868-57a2d4851a1d" relativeResultsDirectory="1fe5075f-f197-4020-8cc1-3afa0afbc95e" />
    <UnitTestResult executionId="f7e8a0d8-30c8-446a-b263-e79d779ab76f" testId="ff57e458-23e1-b2ca-fbf1-e77a09760d51" testName="CreditTransfer.Core.Domain.Tests.ApplicationConfigTests.ApplicationConfig_KeyValidation_MaxLength" computerName="LP-AMEENE21" duration="00:00:00.0007006" startTime="2025-07-07T19:53:25.2779890+03:00" endTime="2025-07-07T19:53:25.2779890+03:00" testType="13cdc9d9-ddb5-4fa4-a97d-d965ccfc6d4b" outcome="Passed" testListId="8c84fa94-04c1-424b-9868-57a2d4851a1d" relativeResultsDirectory="f7e8a0d8-30c8-446a-b263-e79d779ab76f" />
    <UnitTestResult executionId="13759a04-96d3-4e0b-976d-d5e10187df4f" testId="75b65073-17f3-241b-d800-831c8f3b7667" testName="CreditTransfer.Core.Domain.Tests.TransferConfigTests.TransferConfig_ValidSubscriptionTypes(subscriptionType: &quot;Customer&quot;)" computerName="LP-AMEENE21" duration="00:00:00.0001270" startTime="2025-07-07T19:53:25.2718862+03:00" endTime="2025-07-07T19:53:25.2718863+03:00" testType="13cdc9d9-ddb5-4fa4-a97d-d965ccfc6d4b" outcome="Passed" testListId="8c84fa94-04c1-424b-9868-57a2d4851a1d" relativeResultsDirectory="13759a04-96d3-4e0b-976d-d5e10187df4f" />
    <UnitTestResult executionId="a6118eef-4a3d-4ddf-9618-1a0b3caf980a" testId="d697c183-9a42-8463-df96-a3d1d103d564" testName="CreditTransfer.Core.Domain.Tests.CreditTransferRequestTests.CreditTransferRequest_PinValidation(pin: &quot;&quot;, shouldBeValid: False)" computerName="LP-AMEENE21" duration="00:00:00.0000015" startTime="2025-07-07T19:53:25.3122071+03:00" endTime="2025-07-07T19:53:25.3122071+03:00" testType="13cdc9d9-ddb5-4fa4-a97d-d965ccfc6d4b" outcome="Passed" testListId="8c84fa94-04c1-424b-9868-57a2d4851a1d" relativeResultsDirectory="a6118eef-4a3d-4ddf-9618-1a0b3caf980a" />
    <UnitTestResult executionId="1228db3c-add8-48b8-b312-a30ea80ffa22" testId="ddd6caf4-0ed8-c20d-f757-41e234308c79" testName="CreditTransfer.Core.Domain.Tests.TransactionTests.Transaction_SourceMsisdnValidation(msisdn: &quot;96876325315&quot;, shouldBeValid: True)" computerName="LP-AMEENE21" duration="00:00:00.0000076" startTime="2025-07-07T19:53:25.2757264+03:00" endTime="2025-07-07T19:53:25.2757265+03:00" testType="13cdc9d9-ddb5-4fa4-a97d-d965ccfc6d4b" outcome="Passed" testListId="8c84fa94-04c1-424b-9868-57a2d4851a1d" relativeResultsDirectory="1228db3c-add8-48b8-b312-a30ea80ffa22" />
    <UnitTestResult executionId="f09fedaf-dad5-4517-aa9e-cb910502ceae" testId="15fde442-ea04-642f-4724-b3db7ca60d1c" testName="CreditTransfer.Core.Domain.Tests.ApplicationConfigTests.ApplicationConfig_CategoryValidation_MaxLength" computerName="LP-AMEENE21" duration="00:00:00.0008529" startTime="2025-07-07T19:53:25.2793271+03:00" endTime="2025-07-07T19:53:25.2793271+03:00" testType="13cdc9d9-ddb5-4fa4-a97d-d965ccfc6d4b" outcome="Passed" testListId="8c84fa94-04c1-424b-9868-57a2d4851a1d" relativeResultsDirectory="f09fedaf-dad5-4517-aa9e-cb910502ceae" />
    <UnitTestResult executionId="84093807-4fb3-4bd5-a193-ade440e85587" testId="ed10af05-c6e0-f08a-4133-ddfe3ef7b72a" testName="CreditTransfer.Core.Domain.Tests.CreditTransferResponseTests.CreditTransferResponse_Error_FactoryMethod_CommonErrorCodes(statusCode: 26, statusMessage: &quot;Source phone number not found&quot;)" computerName="LP-AMEENE21" duration="00:00:00.0000143" startTime="2025-07-07T19:53:25.2743366+03:00" endTime="2025-07-07T19:53:25.2743367+03:00" testType="13cdc9d9-ddb5-4fa4-a97d-d965ccfc6d4b" outcome="Passed" testListId="8c84fa94-04c1-424b-9868-57a2d4851a1d" relativeResultsDirectory="84093807-4fb3-4bd5-a193-ade440e85587" />
    <UnitTestResult executionId="745c8a51-7a60-48d5-a4c1-6f3d9ff0f755" testId="24a8b6ec-d457-6756-577d-4e31ca0b66cd" testName="CreditTransfer.Core.Domain.Tests.TransactionTests.Transaction_SourceMsisdnValidation(msisdn: &quot;96876325315123&quot;, shouldBeValid: False)" computerName="LP-AMEENE21" duration="00:00:00.0498169" startTime="2025-07-07T19:53:25.3027083+03:00" endTime="2025-07-07T19:53:25.3027084+03:00" testType="13cdc9d9-ddb5-4fa4-a97d-d965ccfc6d4b" outcome="Failed" testListId="8c84fa94-04c1-424b-9868-57a2d4851a1d" relativeResultsDirectory="745c8a51-7a60-48d5-a4c1-6f3d9ff0f755">
      <Output>
        <ErrorInfo>
          <Message>Expected isInvalid to be true, but found False.</Message>
          <StackTrace>   at FluentAssertions.Execution.XUnit2TestFramework.Throw(String message)&#xD;
   at FluentAssertions.Execution.TestFrameworkProvider.Throw(String message)&#xD;
   at FluentAssertions.Execution.DefaultAssertionStrategy.HandleFailure(String message)&#xD;
   at FluentAssertions.Execution.AssertionScope.FailWith(Func`1 failReasonFunc)&#xD;
   at FluentAssertions.Execution.AssertionScope.FailWith(Func`1 failReasonFunc)&#xD;
   at FluentAssertions.Execution.AssertionScope.FailWith(String message, Object[] args)&#xD;
   at FluentAssertions.Primitives.BooleanAssertions`1.BeTrue(String because, Object[] becauseArgs)&#xD;
   at CreditTransfer.Core.Domain.Tests.TransactionTests.Transaction_SourceMsisdnValidation(String msisdn, Boolean shouldBeValid) in E:\LP\UpgradeStack\CreditTransfer\Migrated\tests\Unit\CreditTransfer.Core.Domain.Tests\TransactionTests.cs:line 112&#xD;
   at InvokeStub_TransactionTests.Transaction_SourceMsisdnValidation(Object, Span`1)&#xD;
   at System.Reflection.MethodBaseInvoker.InvokeWithFewArgs(Object obj, BindingFlags invokeAttr, Binder binder, Object[] parameters, CultureInfo culture)</StackTrace>
        </ErrorInfo>
      </Output>
    </UnitTestResult>
    <UnitTestResult executionId="33788eef-4341-438d-90a4-a4bdd2f83791" testId="d53de25c-fc92-d860-01fc-11dd6afaba5c" testName="CreditTransfer.Core.Domain.Tests.CreditTransferResponseTests.CreditTransferResponse_TimestampValidation_Consistency" computerName="LP-AMEENE21" duration="00:00:00.0002660" startTime="2025-07-07T19:53:25.2784067+03:00" endTime="2025-07-07T19:53:25.2784068+03:00" testType="13cdc9d9-ddb5-4fa4-a97d-d965ccfc6d4b" outcome="Passed" testListId="8c84fa94-04c1-424b-9868-57a2d4851a1d" relativeResultsDirectory="33788eef-4341-438d-90a4-a4bdd2f83791" />
    <UnitTestResult executionId="54fd7a78-fbfa-45f7-ad66-0abc1a826f24" testId="d722901f-0a95-3ca0-33d4-e396bc7c6f82" testName="CreditTransfer.Core.Domain.Tests.TransactionTests.Transaction_DecimalPrecisionValidation" computerName="LP-AMEENE21" duration="00:00:00.0000910" startTime="2025-07-07T19:53:25.3104425+03:00" endTime="2025-07-07T19:53:25.3104426+03:00" testType="13cdc9d9-ddb5-4fa4-a97d-d965ccfc6d4b" outcome="Passed" testListId="8c84fa94-04c1-424b-9868-57a2d4851a1d" relativeResultsDirectory="54fd7a78-fbfa-45f7-ad66-0abc1a826f24" />
    <UnitTestResult executionId="9925537a-3468-4ae0-b8cd-82d5a489cd8f" testId="61c6cd51-b635-83eb-4e30-367375bf87a0" testName="CreditTransfer.Core.Domain.Tests.ApplicationConfigTests.ApplicationConfig_NoteFieldValidation" computerName="LP-AMEENE21" duration="00:00:00.0007165" startTime="2025-07-07T19:53:25.2786346+03:00" endTime="2025-07-07T19:53:25.2786347+03:00" testType="13cdc9d9-ddb5-4fa4-a97d-d965ccfc6d4b" outcome="Passed" testListId="8c84fa94-04c1-424b-9868-57a2d4851a1d" relativeResultsDirectory="9925537a-3468-4ae0-b8cd-82d5a489cd8f" />
    <UnitTestResult executionId="da0b9099-54ad-4bdb-b389-3a2cbf245d49" testId="961597bc-469e-de57-e7e0-ada822dbc2e0" testName="CreditTransfer.Core.Domain.Tests.TransferConfigTests.TransferConfig_ValidSubscriptionTypes(subscriptionType: &quot;VIP&quot;)" computerName="LP-AMEENE21" duration="00:00:00.0000058" startTime="2025-07-07T19:53:25.2719558+03:00" endTime="2025-07-07T19:53:25.2719558+03:00" testType="13cdc9d9-ddb5-4fa4-a97d-d965ccfc6d4b" outcome="Passed" testListId="8c84fa94-04c1-424b-9868-57a2d4851a1d" relativeResultsDirectory="da0b9099-54ad-4bdb-b389-3a2cbf245d49" />
    <UnitTestResult executionId="94e2763f-a24f-4956-820c-eb7f68611c46" testId="b3eeb57e-fe0e-6880-abd0-fc99c6ade4f9" testName="CreditTransfer.Core.Domain.Tests.MessageTests.Message_EmptyStringsValidation" computerName="LP-AMEENE21" duration="00:00:00.0104356" startTime="2025-07-07T19:53:25.2480558+03:00" endTime="2025-07-07T19:53:25.2480559+03:00" testType="13cdc9d9-ddb5-4fa4-a97d-d965ccfc6d4b" outcome="Passed" testListId="8c84fa94-04c1-424b-9868-57a2d4851a1d" relativeResultsDirectory="94e2763f-a24f-4956-820c-eb7f68611c46" />
    <UnitTestResult executionId="c82a9cd0-1337-4b69-b260-d5a907445441" testId="16f9220b-537d-fc89-0528-e66788fbb058" testName="CreditTransfer.Core.Domain.Tests.TransferConfigTests.TransferConfig_ValidMinTransferAmounts(amount: 0.5)" computerName="LP-AMEENE21" duration="00:00:00.0000103" startTime="2025-07-07T19:53:25.2703080+03:00" endTime="2025-07-07T19:53:25.2703080+03:00" testType="13cdc9d9-ddb5-4fa4-a97d-d965ccfc6d4b" outcome="Passed" testListId="8c84fa94-04c1-424b-9868-57a2d4851a1d" relativeResultsDirectory="c82a9cd0-1337-4b69-b260-d5a907445441" />
    <UnitTestResult executionId="34dee30f-d680-45b2-b126-f77f93b2b70f" testId="1f30d171-c861-ba60-8f8b-4626e2902586" testName="CreditTransfer.Core.Domain.Tests.CreditTransferResponseTests.CreditTransferResponse_IsSuccess_StatusCodeValidation(statusCode: 404, expectedSuccess: False)" computerName="LP-AMEENE21" duration="00:00:00.0002092" startTime="2025-07-07T19:53:25.2757613+03:00" endTime="2025-07-07T19:53:25.2757614+03:00" testType="13cdc9d9-ddb5-4fa4-a97d-d965ccfc6d4b" outcome="Passed" testListId="8c84fa94-04c1-424b-9868-57a2d4851a1d" relativeResultsDirectory="34dee30f-d680-45b2-b126-f77f93b2b70f" />
    <UnitTestResult executionId="4e022be1-b55f-451d-b6cb-75c76fb6f30b" testId="014ab59d-9539-a997-1df2-6ab1351b30e6" testName="CreditTransfer.Core.Domain.Tests.TransferConfigTests.TransferConfig_ValidNobillSubscriptionTypes(subscriptionType: &quot;DEALER&quot;)" computerName="LP-AMEENE21" duration="00:00:00.0000708" startTime="2025-07-07T19:53:25.2770880+03:00" endTime="2025-07-07T19:53:25.2770881+03:00" testType="13cdc9d9-ddb5-4fa4-a97d-d965ccfc6d4b" outcome="Passed" testListId="8c84fa94-04c1-424b-9868-57a2d4851a1d" relativeResultsDirectory="4e022be1-b55f-451d-b6cb-75c76fb6f30b" />
    <UnitTestResult executionId="5444931c-adae-471e-898b-648f568f15d0" testId="d436dada-c673-0f36-d48b-554f2135677f" testName="CreditTransfer.Core.Domain.Tests.ApplicationConfigTests.ApplicationConfig_ValueValidation_ValidValues(value: &quot;complex;value;with;semicolons&quot;)" computerName="LP-AMEENE21" duration="00:00:00.0001281" startTime="2025-07-07T19:53:25.2765499+03:00" endTime="2025-07-07T19:53:25.2765499+03:00" testType="13cdc9d9-ddb5-4fa4-a97d-d965ccfc6d4b" outcome="Passed" testListId="8c84fa94-04c1-424b-9868-57a2d4851a1d" relativeResultsDirectory="5444931c-adae-471e-898b-648f568f15d0" />
    <UnitTestResult executionId="9d6f6e98-6ab1-433b-b7fd-631c800efc81" testId="566e3e55-1946-95bc-570b-9dbb85b67641" testName="CreditTransfer.Core.Domain.Tests.CreditTransferResponseTests.CreditTransferResponse_BusinessRuleValidation_SuccessWithoutAmount" computerName="LP-AMEENE21" duration="00:00:00.0002063" startTime="2025-07-07T19:53:25.2787278+03:00" endTime="2025-07-07T19:53:25.2787278+03:00" testType="13cdc9d9-ddb5-4fa4-a97d-d965ccfc6d4b" outcome="Passed" testListId="8c84fa94-04c1-424b-9868-57a2d4851a1d" relativeResultsDirectory="9d6f6e98-6ab1-433b-b7fd-631c800efc81" />
    <UnitTestResult executionId="2fa8d18c-9a21-44f3-b263-74ccf1340964" testId="06cfffc4-e188-d199-a775-70293e3e0a85" testName="CreditTransfer.Core.Domain.Tests.TransferConfigTests.TransferConfig_ValidMinTransferAmounts(amount: 2)" computerName="LP-AMEENE21" duration="00:00:00.0000064" startTime="2025-07-07T19:53:25.2703250+03:00" endTime="2025-07-07T19:53:25.2703251+03:00" testType="13cdc9d9-ddb5-4fa4-a97d-d965ccfc6d4b" outcome="Passed" testListId="8c84fa94-04c1-424b-9868-57a2d4851a1d" relativeResultsDirectory="2fa8d18c-9a21-44f3-b263-74ccf1340964" />
    <UnitTestResult executionId="e1aa982e-90b8-4ac3-acb9-ab2d233bd2a7" testId="002b52fa-0be1-50ba-4f0c-d017d2eecf68" testName="CreditTransfer.Core.Domain.Tests.CreditTransferResponseTests.CreditTransferResponse_ZeroAmount_Validation" computerName="LP-AMEENE21" duration="00:00:00.0001641" startTime="2025-07-07T19:53:25.2786531+03:00" endTime="2025-07-07T19:53:25.2786532+03:00" testType="13cdc9d9-ddb5-4fa4-a97d-d965ccfc6d4b" outcome="Passed" testListId="8c84fa94-04c1-424b-9868-57a2d4851a1d" relativeResultsDirectory="e1aa982e-90b8-4ac3-acb9-ab2d233bd2a7" />
    <UnitTestResult executionId="26896dea-8a32-4abe-b462-965bdda8a085" testId="40108095-bb6b-93ff-ee3f-44fa88af755b" testName="CreditTransfer.Core.Domain.Tests.CreditTransferRequestTests.CreditTransferRequest_AmountValidation(riyal: 0, baisa: 1, shouldBeValid: True)" computerName="LP-AMEENE21" duration="00:00:00.0000023" startTime="2025-07-07T19:53:25.3098781+03:00" endTime="2025-07-07T19:53:25.3098781+03:00" testType="13cdc9d9-ddb5-4fa4-a97d-d965ccfc6d4b" outcome="Passed" testListId="8c84fa94-04c1-424b-9868-57a2d4851a1d" relativeResultsDirectory="26896dea-8a32-4abe-b462-965bdda8a085" />
    <UnitTestResult executionId="a6c562be-a5ff-4c34-9768-c939992845f5" testId="62c9d2a5-2f91-6e8e-28f8-25e1d2b6b706" testName="CreditTransfer.Core.Domain.Tests.MessageTests.Message_MessageTemplateValidation_WithParameters" computerName="LP-AMEENE21" duration="00:00:00.0002590" startTime="2025-07-07T19:53:25.2703417+03:00" endTime="2025-07-07T19:53:25.2703417+03:00" testType="13cdc9d9-ddb5-4fa4-a97d-d965ccfc6d4b" outcome="Passed" testListId="8c84fa94-04c1-424b-9868-57a2d4851a1d" relativeResultsDirectory="a6c562be-a5ff-4c34-9768-c939992845f5" />
    <UnitTestResult executionId="5a8b3f19-50d4-4d5a-b015-d5b8eaf1e0ef" testId="81d1dff8-1d52-5fd8-6c1a-c9085b82171e" testName="CreditTransfer.Core.Domain.Tests.TransferConfigTests.TransferConfig_ValidMinPostTransferBalances(balance: 5)" computerName="LP-AMEENE21" duration="00:00:00.0000048" startTime="2025-07-07T19:53:25.2727053+03:00" endTime="2025-07-07T19:53:25.2727053+03:00" testType="13cdc9d9-ddb5-4fa4-a97d-d965ccfc6d4b" outcome="Passed" testListId="8c84fa94-04c1-424b-9868-57a2d4851a1d" relativeResultsDirectory="5a8b3f19-50d4-4d5a-b015-d5b8eaf1e0ef" />
    <UnitTestResult executionId="31a667be-5023-4e63-b939-1a96682d89fb" testId="86670cef-c971-9455-e850-7d9d901c7e1b" testName="CreditTransfer.Core.Domain.Tests.CreditTransferRequestTests.CreditTransferRequest_IsValid_InvalidScenarios(source: &quot;96876325315&quot;, destination: &quot;96878715705&quot;, riyal: 10, baisa: 500, pin: &quot;1234&quot;, userName: &quot;&quot;, expectedValid: False)" computerName="LP-AMEENE21" duration="00:00:00.0001447" startTime="2025-07-07T19:53:25.3104717+03:00" endTime="2025-07-07T19:53:25.3104717+03:00" testType="13cdc9d9-ddb5-4fa4-a97d-d965ccfc6d4b" outcome="Passed" testListId="8c84fa94-04c1-424b-9868-57a2d4851a1d" relativeResultsDirectory="31a667be-5023-4e63-b939-1a96682d89fb" />
    <UnitTestResult executionId="3f79140a-0af0-4c7d-a7e4-78335236625c" testId="b47ce98f-6cdf-5bd0-7476-097091bc4b83" testName="CreditTransfer.Core.Domain.Tests.TransactionTests.Transaction_StatusIdMapping(statusId: 1, expectedStatus: Succeeded)" computerName="LP-AMEENE21" duration="00:00:00.0000022" startTime="2025-07-07T19:53:25.3097056+03:00" endTime="2025-07-07T19:53:25.3097056+03:00" testType="13cdc9d9-ddb5-4fa4-a97d-d965ccfc6d4b" outcome="Passed" testListId="8c84fa94-04c1-424b-9868-57a2d4851a1d" relativeResultsDirectory="3f79140a-0af0-4c7d-a7e4-78335236625c" />
    <UnitTestResult executionId="2b52f766-5fef-48db-8c6c-4cc901b048f2" testId="b0a29ce0-fbda-b67a-41f4-1954f1c86540" testName="CreditTransfer.Core.Domain.Tests.TransactionTests.Transaction_TransactionLifecycleStates" computerName="LP-AMEENE21" duration="00:00:00.0003088" startTime="2025-07-07T19:53:25.3112778+03:00" endTime="2025-07-07T19:53:25.3112779+03:00" testType="13cdc9d9-ddb5-4fa4-a97d-d965ccfc6d4b" outcome="Passed" testListId="8c84fa94-04c1-424b-9868-57a2d4851a1d" relativeResultsDirectory="2b52f766-5fef-48db-8c6c-4cc901b048f2" />
    <UnitTestResult executionId="7d1f2ffe-a340-419d-a2c5-4fc60c3ad990" testId="56f67964-f39f-afa7-d0f5-6f657dcf33b5" testName="CreditTransfer.Core.Domain.Tests.CreditTransferRequestTests.CreditTransferRequest_CurrencyConversionValidation" computerName="LP-AMEENE21" duration="00:00:00.0000943" startTime="2025-07-07T19:53:25.3128927+03:00" endTime="2025-07-07T19:53:25.3128927+03:00" testType="13cdc9d9-ddb5-4fa4-a97d-d965ccfc6d4b" outcome="Passed" testListId="8c84fa94-04c1-424b-9868-57a2d4851a1d" relativeResultsDirectory="7d1f2ffe-a340-419d-a2c5-4fc60c3ad990" />
    <UnitTestResult executionId="036925e1-82a6-4cdf-81f9-a2207eefb08a" testId="576e007b-9f86-c4e2-9b38-56a05ab97075" testName="CreditTransfer.Core.Domain.Tests.CreditTransferResponseTests.CreditTransferResponse_ProcessedAmount_DecimalPrecision" computerName="LP-AMEENE21" duration="00:00:00.0005802" startTime="2025-07-07T19:53:25.2719728+03:00" endTime="2025-07-07T19:53:25.2719729+03:00" testType="13cdc9d9-ddb5-4fa4-a97d-d965ccfc6d4b" outcome="Passed" testListId="8c84fa94-04c1-424b-9868-57a2d4851a1d" relativeResultsDirectory="036925e1-82a6-4cdf-81f9-a2207eefb08a" />
    <UnitTestResult executionId="b5087d4d-070e-49fb-865e-dcbf56eb8a28" testId="0124e42a-bc14-de4b-9b66-88237327db8b" testName="CreditTransfer.Core.Domain.Tests.CreditTransferRequestTests.CreditTransferRequest_IsValid_AllFieldsValid" computerName="LP-AMEENE21" duration="00:00:00.0001146" startTime="2025-07-07T19:53:25.3086920+03:00" endTime="2025-07-07T19:53:25.3086920+03:00" testType="13cdc9d9-ddb5-4fa4-a97d-d965ccfc6d4b" outcome="Passed" testListId="8c84fa94-04c1-424b-9868-57a2d4851a1d" relativeResultsDirectory="b5087d4d-070e-49fb-865e-dcbf56eb8a28" />
    <UnitTestResult executionId="ccbbaa7f-fc6b-4c8a-94fd-46910a0cd820" testId="2a158b1f-0470-5403-5ec6-e992d2009c05" testName="CreditTransfer.Core.Domain.Tests.ApplicationConfigTests.ApplicationConfig_TimestampValidation" computerName="LP-AMEENE21" duration="00:00:00.0001626" startTime="2025-07-07T19:53:25.2795959+03:00" endTime="2025-07-07T19:53:25.2795959+03:00" testType="13cdc9d9-ddb5-4fa4-a97d-d965ccfc6d4b" outcome="Passed" testListId="8c84fa94-04c1-424b-9868-57a2d4851a1d" relativeResultsDirectory="ccbbaa7f-fc6b-4c8a-94fd-46910a0cd820" />
    <UnitTestResult executionId="91d6f1c9-6a73-4301-ba63-f47dda66f75c" testId="1edb1318-9ce7-fdc2-7d0c-8a2d6df24d08" testName="CreditTransfer.Core.Domain.Tests.TransactionTests.Transaction_AmountValidation_ValidAmounts(amount: 10.5)" computerName="LP-AMEENE21" duration="00:00:00.0001880" startTime="2025-07-07T19:53:25.3082310+03:00" endTime="2025-07-07T19:53:25.3082310+03:00" testType="13cdc9d9-ddb5-4fa4-a97d-d965ccfc6d4b" outcome="Passed" testListId="8c84fa94-04c1-424b-9868-57a2d4851a1d" relativeResultsDirectory="91d6f1c9-6a73-4301-ba63-f47dda66f75c" />
    <UnitTestResult executionId="173b4679-b9d0-4968-88b4-b07cf9e0a20c" testId="01ddcaba-ca55-5118-f7b4-ea2eeb63c681" testName="CreditTransfer.Core.Domain.Tests.MessageTests.Message_LastModifiedCanBeSet" computerName="LP-AMEENE21" duration="00:00:00.0002525" startTime="2025-07-07T19:53:25.2786781+03:00" endTime="2025-07-07T19:53:25.2786781+03:00" testType="13cdc9d9-ddb5-4fa4-a97d-d965ccfc6d4b" outcome="Passed" testListId="8c84fa94-04c1-424b-9868-57a2d4851a1d" relativeResultsDirectory="173b4679-b9d0-4968-88b4-b07cf9e0a20c" />
    <UnitTestResult executionId="bd5fe7d6-29a9-4f1a-85a5-fd1db9bf7ec5" testId="f423d096-dffd-9858-8646-d6a41b6cf0a1" testName="CreditTransfer.Core.Domain.Tests.CreditTransferResponseTests.CreditTransferResponse_FactoryMethods_CreateDifferentInstances" computerName="LP-AMEENE21" duration="00:00:00.0010790" startTime="2025-07-07T19:53:25.2773070+03:00" endTime="2025-07-07T19:53:25.2773071+03:00" testType="13cdc9d9-ddb5-4fa4-a97d-d965ccfc6d4b" outcome="Passed" testListId="8c84fa94-04c1-424b-9868-57a2d4851a1d" relativeResultsDirectory="bd5fe7d6-29a9-4f1a-85a5-fd1db9bf7ec5" />
    <UnitTestResult executionId="79a50afe-4834-430d-974c-45d75f1b01e2" testId="98a6614a-75a1-53b4-5049-7d3bab262c99" testName="CreditTransfer.Core.Domain.Tests.TransactionTests.Transaction_BackwardsCompatibility_CreatedDateProperty" computerName="LP-AMEENE21" duration="00:00:00.0002025" startTime="2025-07-07T19:53:25.3112293+03:00" endTime="2025-07-07T19:53:25.3112294+03:00" testType="13cdc9d9-ddb5-4fa4-a97d-d965ccfc6d4b" outcome="Passed" testListId="8c84fa94-04c1-424b-9868-57a2d4851a1d" relativeResultsDirectory="79a50afe-4834-430d-974c-45d75f1b01e2" />
    <UnitTestResult executionId="81ec10fd-0273-4d1e-bebd-07c7b6cb6d51" testId="415af775-4dca-745d-9354-27e163b54f70" testName="CreditTransfer.Core.Domain.Tests.TransactionTests.Transaction_StatusIdMapping(statusId: 3, expectedStatus: Cancelled)" computerName="LP-AMEENE21" duration="00:00:00.0000014" startTime="2025-07-07T19:53:25.3097606+03:00" endTime="2025-07-07T19:53:25.3097606+03:00" testType="13cdc9d9-ddb5-4fa4-a97d-d965ccfc6d4b" outcome="Passed" testListId="8c84fa94-04c1-424b-9868-57a2d4851a1d" relativeResultsDirectory="81ec10fd-0273-4d1e-bebd-07c7b6cb6d51" />
    <UnitTestResult executionId="264146ea-82fb-4b7e-9134-e20e3244bf8a" testId="d86a30ce-ede2-82b3-8089-fc19f88adc26" testName="CreditTransfer.Core.Domain.Tests.CreditTransferResponseTests.CreditTransferResponse_PropertiesSetCorrectly" computerName="LP-AMEENE21" duration="00:00:00.0003875" startTime="2025-07-07T19:53:25.2790169+03:00" endTime="2025-07-07T19:53:25.2790170+03:00" testType="13cdc9d9-ddb5-4fa4-a97d-d965ccfc6d4b" outcome="Passed" testListId="8c84fa94-04c1-424b-9868-57a2d4851a1d" relativeResultsDirectory="264146ea-82fb-4b7e-9134-e20e3244bf8a" />
    <UnitTestResult executionId="ed2f93a7-d23b-40bf-865a-46947f94d456" testId="c9cdd7ec-965f-30e1-0467-529a293dbc80" testName="CreditTransfer.Core.Domain.Tests.TransferConfigTests.TransferConfig_ValidDailyTransferCountLimits(limit: 10)" computerName="LP-AMEENE21" duration="00:00:00.0000885" startTime="2025-07-07T19:53:25.2775918+03:00" endTime="2025-07-07T19:53:25.2775919+03:00" testType="13cdc9d9-ddb5-4fa4-a97d-d965ccfc6d4b" outcome="Passed" testListId="8c84fa94-04c1-424b-9868-57a2d4851a1d" relativeResultsDirectory="ed2f93a7-d23b-40bf-865a-46947f94d456" />
    <UnitTestResult executionId="abf08d80-5da9-4d42-9a69-106a86d905dc" testId="8cfe3e85-ef00-26cb-37fa-3f3ad2762e89" testName="CreditTransfer.Core.Domain.Tests.CreditTransferRequestTests.CreditTransferRequest_PinValidation(pin: &quot;1234&quot;, shouldBeValid: True)" computerName="LP-AMEENE21" duration="00:00:00.0000049" startTime="2025-07-07T19:53:25.3121878+03:00" endTime="2025-07-07T19:53:25.3121879+03:00" testType="13cdc9d9-ddb5-4fa4-a97d-d965ccfc6d4b" outcome="Passed" testListId="8c84fa94-04c1-424b-9868-57a2d4851a1d" relativeResultsDirectory="abf08d80-5da9-4d42-9a69-106a86d905dc" />
    <UnitTestResult executionId="c6154ef3-9c31-48c1-862d-bf6a3df695d9" testId="ae599124-f392-ee91-638d-a04a31909741" testName="CreditTransfer.Core.Domain.Tests.ApplicationConfigTests.ApplicationConfig_ValueValidation_RequiredAttribute" computerName="LP-AMEENE21" duration="00:00:00.0012534" startTime="2025-07-07T19:53:25.2796449+03:00" endTime="2025-07-07T19:53:25.2796450+03:00" testType="13cdc9d9-ddb5-4fa4-a97d-d965ccfc6d4b" outcome="Passed" testListId="8c84fa94-04c1-424b-9868-57a2d4851a1d" relativeResultsDirectory="c6154ef3-9c31-48c1-862d-bf6a3df695d9" />
    <UnitTestResult executionId="c4d2ed26-efd0-454a-8242-6168ffe3c6bc" testId="accd3071-61b0-654e-b900-502b32ba8131" testName="CreditTransfer.Core.Domain.Tests.TransactionTests.Transaction_StatusIdMapping(statusId: 5, expectedStatus: TransferFailed)" computerName="LP-AMEENE21" duration="00:00:00.0006960" startTime="2025-07-07T19:53:25.3092732+03:00" endTime="2025-07-07T19:53:25.3092733+03:00" testType="13cdc9d9-ddb5-4fa4-a97d-d965ccfc6d4b" outcome="Passed" testListId="8c84fa94-04c1-424b-9868-57a2d4851a1d" relativeResultsDirectory="c4d2ed26-efd0-454a-8242-6168ffe3c6bc" />
    <UnitTestResult executionId="53f3a736-46d1-483a-8112-93336c8ee361" testId="698a9d3b-1bd0-a164-a6b0-175772b34439" testName="CreditTransfer.Core.Domain.Tests.CreditTransferRequestTests.CreditTransferRequest_IsValid_InvalidScenarios(source: &quot;96876325315&quot;, destination: &quot;96876325315&quot;, riyal: 10, baisa: 500, pin: &quot;1234&quot;, userName: &quot;TestUser&quot;, expectedValid: False)" computerName="LP-AMEENE21" duration="00:00:00.0000018" startTime="2025-07-07T19:53:25.3107229+03:00" endTime="2025-07-07T19:53:25.3107229+03:00" testType="13cdc9d9-ddb5-4fa4-a97d-d965ccfc6d4b" outcome="Passed" testListId="8c84fa94-04c1-424b-9868-57a2d4851a1d" relativeResultsDirectory="53f3a736-46d1-483a-8112-93336c8ee361" />
    <UnitTestResult executionId="76c32e41-a0b8-405e-98fe-15f53d8ef5d6" testId="cde9dbc2-54b1-54ef-e1ec-197a00941776" testName="CreditTransfer.Core.Domain.Tests.MessageTests.Message_UnicodeValidation_ArabicText" computerName="LP-AMEENE21" duration="00:00:00.0018046" startTime="2025-07-07T19:53:25.2790468+03:00" endTime="2025-07-07T19:53:25.2790468+03:00" testType="13cdc9d9-ddb5-4fa4-a97d-d965ccfc6d4b" outcome="Passed" testListId="8c84fa94-04c1-424b-9868-57a2d4851a1d" relativeResultsDirectory="76c32e41-a0b8-405e-98fe-15f53d8ef5d6" />
    <UnitTestResult executionId="71bdc2f4-84c4-456a-97ee-d40d0d0fec6e" testId="a0681403-28e6-8d64-4ae3-bbfcea941e44" testName="CreditTransfer.Core.Domain.Tests.CreditTransferRequestTests.CreditTransferRequest_TotalAmountCalculation(riyal: 0, baisa: 500, expectedTotal: 0.5)" computerName="LP-AMEENE21" duration="00:00:00.0001540" startTime="2025-07-07T19:53:25.3087236+03:00" endTime="2025-07-07T19:53:25.3087237+03:00" testType="13cdc9d9-ddb5-4fa4-a97d-d965ccfc6d4b" outcome="Passed" testListId="8c84fa94-04c1-424b-9868-57a2d4851a1d" relativeResultsDirectory="71bdc2f4-84c4-456a-97ee-d40d0d0fec6e" />
    <UnitTestResult executionId="ae01f5a4-1dab-45e5-88c7-c8e6fb894092" testId="10fb88f1-67b6-2f7f-b5f6-8c9c4150297a" testName="CreditTransfer.Core.Domain.Tests.MessageTests.Message_MessageTemplateValidation_WithoutParameters" computerName="LP-AMEENE21" duration="00:00:00.0003679" startTime="2025-07-07T19:53:25.2770859+03:00" endTime="2025-07-07T19:53:25.2770859+03:00" testType="13cdc9d9-ddb5-4fa4-a97d-d965ccfc6d4b" outcome="Passed" testListId="8c84fa94-04c1-424b-9868-57a2d4851a1d" relativeResultsDirectory="ae01f5a4-1dab-45e5-88c7-c8e6fb894092" />
    <UnitTestResult executionId="be08d3ee-7360-4a8f-a119-c826e68bf4bc" testId="54285a2f-f5c1-8ff9-cdbd-5ffae220a034" testName="CreditTransfer.Core.Domain.Tests.TransferConfigTests.TransferConfig_ValidMaxTransferAmounts(amount: 500)" computerName="LP-AMEENE21" duration="00:00:00.0000922" startTime="2025-07-07T19:53:25.2765686+03:00" endTime="2025-07-07T19:53:25.2765686+03:00" testType="13cdc9d9-ddb5-4fa4-a97d-d965ccfc6d4b" outcome="Passed" testListId="8c84fa94-04c1-424b-9868-57a2d4851a1d" relativeResultsDirectory="be08d3ee-7360-4a8f-a119-c826e68bf4bc" />
    <UnitTestResult executionId="11000441-89a4-41de-9d76-aae343fc671c" testId="da634ef9-94ed-cc35-3230-0a5845d6ee43" testName="CreditTransfer.Core.Domain.Tests.CreditTransferRequestTests.CreditTransferRequest_IsValid_InvalidScenarios(source: &quot;96876325315&quot;, destination: &quot;&quot;, riyal: 10, baisa: 500, pin: &quot;1234&quot;, userName: &quot;TestUser&quot;, expectedValid: False)" computerName="LP-AMEENE21" duration="00:00:00.0000012" startTime="2025-07-07T19:53:25.3107429+03:00" endTime="2025-07-07T19:53:25.3107430+03:00" testType="13cdc9d9-ddb5-4fa4-a97d-d965ccfc6d4b" outcome="Passed" testListId="8c84fa94-04c1-424b-9868-57a2d4851a1d" relativeResultsDirectory="11000441-89a4-41de-9d76-aae343fc671c" />
    <UnitTestResult executionId="196c48df-c438-4e05-824c-ae8abfa7e9a1" testId="dc8e19d9-a4e3-b368-432d-463f752c1673" testName="CreditTransfer.Core.Domain.Tests.CreditTransferRequestTests.CreditTransferRequest_RequestIdGuidFormat" computerName="LP-AMEENE21" duration="00:00:00.0001630" startTime="2025-07-07T19:53:25.3080874+03:00" endTime="2025-07-07T19:53:25.3080874+03:00" testType="13cdc9d9-ddb5-4fa4-a97d-d965ccfc6d4b" outcome="Passed" testListId="8c84fa94-04c1-424b-9868-57a2d4851a1d" relativeResultsDirectory="196c48df-c438-4e05-824c-ae8abfa7e9a1" />
    <UnitTestResult executionId="8213e019-b094-429f-bd7c-c0bc45859b01" testId="04ab5475-d8f2-abb5-7e5a-a823582ae11f" testName="CreditTransfer.Core.Domain.Tests.TransactionTests.Transaction_BusinessRuleValidation_SameSourceAndDestination" computerName="LP-AMEENE21" duration="00:00:00.0000866" startTime="2025-07-07T19:53:25.3104639+03:00" endTime="2025-07-07T19:53:25.3104640+03:00" testType="13cdc9d9-ddb5-4fa4-a97d-d965ccfc6d4b" outcome="Passed" testListId="8c84fa94-04c1-424b-9868-57a2d4851a1d" relativeResultsDirectory="8213e019-b094-429f-bd7c-c0bc45859b01" />
    <UnitTestResult executionId="46853b83-f372-4ad0-9092-0a45e50202e3" testId="80ffa8fb-f457-eaa1-ba3c-b041158751d8" testName="CreditTransfer.Core.Domain.Tests.CreditTransferResponseTests.CreditTransferResponse_Error_FactoryMethod_CommonErrorCodes(statusCode: 27, statusMessage: &quot;Destination phone number not found&quot;)" computerName="LP-AMEENE21" duration="00:00:00.0000039" startTime="2025-07-07T19:53:25.2744512+03:00" endTime="2025-07-07T19:53:25.2744513+03:00" testType="13cdc9d9-ddb5-4fa4-a97d-d965ccfc6d4b" outcome="Passed" testListId="8c84fa94-04c1-424b-9868-57a2d4851a1d" relativeResultsDirectory="46853b83-f372-4ad0-9092-0a45e50202e3" />
    <UnitTestResult executionId="c2600634-b165-4ed4-aa59-5cf0092b45ba" testId="4d3ef771-61b0-f468-c3e0-b7ea917611a4" testName="CreditTransfer.Core.Domain.Tests.ApplicationConfigTests.ApplicationConfig_ValidKeyNames(keyName: &quot;AuthenticatedUserGroup&quot;)" computerName="LP-AMEENE21" duration="00:00:00.0000238" startTime="2025-07-07T19:53:25.2757105+03:00" endTime="2025-07-07T19:53:25.2757105+03:00" testType="13cdc9d9-ddb5-4fa4-a97d-d965ccfc6d4b" outcome="Passed" testListId="8c84fa94-04c1-424b-9868-57a2d4851a1d" relativeResultsDirectory="c2600634-b165-4ed4-aa59-5cf0092b45ba" />
    <UnitTestResult executionId="3a937f33-247e-4063-9571-0677684542c4" testId="e937709b-c8c8-9059-8ddf-3e6d0c00bfcc" testName="CreditTransfer.Core.Domain.Tests.CreditTransferRequestTests.CreditTransferRequest_MsisdnValidation(msisdn: &quot;abcdefghijk&quot;, shouldBeValid: False)" computerName="LP-AMEENE21" duration="00:00:00.0007135" startTime="2025-07-07T19:53:25.3112009+03:00" endTime="2025-07-07T19:53:25.3112010+03:00" testType="13cdc9d9-ddb5-4fa4-a97d-d965ccfc6d4b" outcome="Failed" testListId="8c84fa94-04c1-424b-9868-57a2d4851a1d" relativeResultsDirectory="3a937f33-247e-4063-9571-0677684542c4">
      <Output>
        <ErrorInfo>
          <Message>Expected isValid to be false, but found True.</Message>
          <StackTrace>   at FluentAssertions.Execution.XUnit2TestFramework.Throw(String message)&#xD;
   at FluentAssertions.Execution.TestFrameworkProvider.Throw(String message)&#xD;
   at FluentAssertions.Execution.DefaultAssertionStrategy.HandleFailure(String message)&#xD;
   at FluentAssertions.Execution.AssertionScope.FailWith(Func`1 failReasonFunc)&#xD;
   at FluentAssertions.Execution.AssertionScope.FailWith(Func`1 failReasonFunc)&#xD;
   at FluentAssertions.Execution.AssertionScope.FailWith(String message, Object[] args)&#xD;
   at FluentAssertions.Primitives.BooleanAssertions`1.BeFalse(String because, Object[] becauseArgs)&#xD;
   at CreditTransfer.Core.Domain.Tests.CreditTransferRequestTests.CreditTransferRequest_MsisdnValidation(String msisdn, Boolean shouldBeValid) in E:\LP\UpgradeStack\CreditTransfer\Migrated\tests\Unit\CreditTransfer.Core.Domain.Tests\CreditTransferRequestTests.cs:line 222&#xD;
   at InvokeStub_CreditTransferRequestTests.CreditTransferRequest_MsisdnValidation(Object, Span`1)&#xD;
   at System.Reflection.MethodBaseInvoker.InvokeWithFewArgs(Object obj, BindingFlags invokeAttr, Binder binder, Object[] parameters, CultureInfo culture)</StackTrace>
        </ErrorInfo>
      </Output>
    </UnitTestResult>
    <UnitTestResult executionId="7deef4ff-3c6a-47d7-b591-12e517c7c75a" testId="0fc07717-56d1-4475-c1fa-cca47baed6cf" testName="CreditTransfer.Core.Domain.Tests.CreditTransferResponseTests.CreditTransferResponse_StatusMessage_VariousMessages(statusMessage: &quot;Very long error message that describes the issue i&quot;...)" computerName="LP-AMEENE21" duration="00:00:00.0001092" startTime="2025-07-07T19:53:25.2731711+03:00" endTime="2025-07-07T19:53:25.2731712+03:00" testType="13cdc9d9-ddb5-4fa4-a97d-d965ccfc6d4b" outcome="Passed" testListId="8c84fa94-04c1-424b-9868-57a2d4851a1d" relativeResultsDirectory="7deef4ff-3c6a-47d7-b591-12e517c7c75a" />
    <UnitTestResult executionId="63cbeb2a-a78d-444b-a9ed-7ae528935540" testId="64883a83-d036-20cd-a02d-3047ad7dddb0" testName="CreditTransfer.Core.Domain.Tests.TransferConfigTests.TransferConfig_ValidDailyTransferCountLimits(limit: 20)" computerName="LP-AMEENE21" duration="00:00:00.0000018" startTime="2025-07-07T19:53:25.2778153+03:00" endTime="2025-07-07T19:53:25.2778153+03:00" testType="13cdc9d9-ddb5-4fa4-a97d-d965ccfc6d4b" outcome="Passed" testListId="8c84fa94-04c1-424b-9868-57a2d4851a1d" relativeResultsDirectory="63cbeb2a-a78d-444b-a9ed-7ae528935540" />
    <UnitTestResult executionId="8a6babf1-0ecc-47a3-8b93-86488f76f981" testId="6af074e1-35ea-a7b5-29f9-b5d9cb946a16" testName="CreditTransfer.Core.Domain.Tests.CreditTransferResponseTests.CreditTransferResponse_BusinessRuleValidation_SuccessWithAmount" computerName="LP-AMEENE21" duration="00:00:00.0096621" startTime="2025-07-07T19:53:25.2442322+03:00" endTime="2025-07-07T19:53:25.2442569+03:00" testType="13cdc9d9-ddb5-4fa4-a97d-d965ccfc6d4b" outcome="Passed" testListId="8c84fa94-04c1-424b-9868-57a2d4851a1d" relativeResultsDirectory="8a6babf1-0ecc-47a3-8b93-86488f76f981" />
    <UnitTestResult executionId="f076baec-ad5d-4692-8cf9-b87a2e14efed" testId="380cfc46-934a-719b-c07d-916a15982efa" testName="CreditTransfer.Core.Domain.Tests.CreditTransferRequestTests.CreditTransferRequest_MsisdnValidation(msisdn: &quot;&quot;, shouldBeValid: False)" computerName="LP-AMEENE21" duration="00:00:00.0000989" startTime="2025-07-07T19:53:25.3107674+03:00" endTime="2025-07-07T19:53:25.3107675+03:00" testType="13cdc9d9-ddb5-4fa4-a97d-d965ccfc6d4b" outcome="Passed" testListId="8c84fa94-04c1-424b-9868-57a2d4851a1d" relativeResultsDirectory="f076baec-ad5d-4692-8cf9-b87a2e14efed" />
    <UnitTestResult executionId="edf70a19-147c-4116-b92c-9f46d3da9131" testId="d6a7bf53-ece8-097a-c3ac-d07f0aeffc5f" testName="CreditTransfer.Core.Domain.Tests.TransferConfigTests.TransferConfig_ValidNobillSubscriptionTypes(subscriptionType: &quot;HYBRID&quot;)" computerName="LP-AMEENE21" duration="00:00:00.0000026" startTime="2025-07-07T19:53:25.2772919+03:00" endTime="2025-07-07T19:53:25.2772919+03:00" testType="13cdc9d9-ddb5-4fa4-a97d-d965ccfc6d4b" outcome="Passed" testListId="8c84fa94-04c1-424b-9868-57a2d4851a1d" relativeResultsDirectory="edf70a19-147c-4116-b92c-9f46d3da9131" />
    <UnitTestResult executionId="90e1c2d3-122c-410f-b0ca-4a2a4dc04f10" testId="6a70dc2e-9f99-72ad-89a0-20f21e6955d7" testName="CreditTransfer.Core.Domain.Tests.MessageTests.Message_BilingualTextValidation(englishText: &quot;Transfer completed successfully&quot;, arabicText: &quot;تم تحويل الرصيد بنجاح&quot;)" computerName="LP-AMEENE21" duration="00:00:00.0002198" startTime="2025-07-07T19:53:25.2762827+03:00" endTime="2025-07-07T19:53:25.2762827+03:00" testType="13cdc9d9-ddb5-4fa4-a97d-d965ccfc6d4b" outcome="Passed" testListId="8c84fa94-04c1-424b-9868-57a2d4851a1d" relativeResultsDirectory="90e1c2d3-122c-410f-b0ca-4a2a4dc04f10" />
    <UnitTestResult executionId="6a529fcb-d987-4478-b19e-ed77e8f8ff27" testId="0f33dd73-eb02-deaa-110f-1ef10228fc85" testName="CreditTransfer.Core.Domain.Tests.MessageTests.Message_ValidMessageKeys(messageKey: &quot;TRANSFER_FAILED&quot;)" computerName="LP-AMEENE21" duration="00:00:00.0000089" startTime="2025-07-07T19:53:25.2768276+03:00" endTime="2025-07-07T19:53:25.2768276+03:00" testType="13cdc9d9-ddb5-4fa4-a97d-d965ccfc6d4b" outcome="Passed" testListId="8c84fa94-04c1-424b-9868-57a2d4851a1d" relativeResultsDirectory="6a529fcb-d987-4478-b19e-ed77e8f8ff27" />
    <UnitTestResult executionId="37256901-8f30-4ccd-8339-3ad13ef66865" testId="8ee75741-88fd-f88b-ab01-64fcbddf388b" testName="CreditTransfer.Core.Domain.Tests.ApplicationConfigTests.ApplicationConfig_ConfigurationHierarchyValidation" computerName="LP-AMEENE21" duration="00:00:00.0006232" startTime="2025-07-07T19:53:25.2798548+03:00" endTime="2025-07-07T19:53:25.2798548+03:00" testType="13cdc9d9-ddb5-4fa4-a97d-d965ccfc6d4b" outcome="Passed" testListId="8c84fa94-04c1-424b-9868-57a2d4851a1d" relativeResultsDirectory="37256901-8f30-4ccd-8339-3ad13ef66865" />
    <UnitTestResult executionId="72bde17f-78b5-4eae-87a6-075d7f7cfa31" testId="f0b41c3b-d318-1c9e-21f3-f9a1c0dac874" testName="CreditTransfer.Core.Domain.Tests.CreditTransferResponseTests.CreditTransferResponse_Error_FactoryMethod_CommonErrorCodes(statusCode: 29, statusMessage: &quot;Configuration error&quot;)" computerName="LP-AMEENE21" duration="00:00:00.0000037" startTime="2025-07-07T19:53:25.2744783+03:00" endTime="2025-07-07T19:53:25.2744783+03:00" testType="13cdc9d9-ddb5-4fa4-a97d-d965ccfc6d4b" outcome="Passed" testListId="8c84fa94-04c1-424b-9868-57a2d4851a1d" relativeResultsDirectory="72bde17f-78b5-4eae-87a6-075d7f7cfa31" />
    <UnitTestResult executionId="f30d275c-42d2-41de-9784-ab3e51924bef" testId="8151811a-5fc0-1b89-3b83-da2987c5e699" testName="CreditTransfer.Core.Domain.Tests.CreditTransferRequestTests.CreditTransferRequest_PinValidation(pin: &quot;12345&quot;, shouldBeValid: True)" computerName="LP-AMEENE21" duration="00:00:00.0001743" startTime="2025-07-07T19:53:25.3121648+03:00" endTime="2025-07-07T19:53:25.3121648+03:00" testType="13cdc9d9-ddb5-4fa4-a97d-d965ccfc6d4b" outcome="Passed" testListId="8c84fa94-04c1-424b-9868-57a2d4851a1d" relativeResultsDirectory="f30d275c-42d2-41de-9784-ab3e51924bef" />
    <UnitTestResult executionId="aeb38d64-ab78-40c1-9d3a-9514e3d73363" testId="15422edb-cb70-e0ae-6ec1-789ccb265f72" testName="CreditTransfer.Core.Domain.Tests.CreditTransferResponseTests.CreditTransferResponse_IsSuccess_StatusCodeValidation(statusCode: -1, expectedSuccess: False)" computerName="LP-AMEENE21" duration="00:00:00.0000047" startTime="2025-07-07T19:53:25.2760665+03:00" endTime="2025-07-07T19:53:25.2760665+03:00" testType="13cdc9d9-ddb5-4fa4-a97d-d965ccfc6d4b" outcome="Passed" testListId="8c84fa94-04c1-424b-9868-57a2d4851a1d" relativeResultsDirectory="aeb38d64-ab78-40c1-9d3a-9514e3d73363" />
    <UnitTestResult executionId="3c75e516-d262-4ac0-94c1-c262246e9d5c" testId="67c7f9c6-6746-7455-72e5-5069d932d46f" testName="CreditTransfer.Core.Domain.Tests.MessageTests.Message_ValidMessageKeys(messageKey: &quot;INVALID_PIN&quot;)" computerName="LP-AMEENE21" duration="00:00:00.0000071" startTime="2025-07-07T19:53:25.2768416+03:00" endTime="2025-07-07T19:53:25.2768416+03:00" testType="13cdc9d9-ddb5-4fa4-a97d-d965ccfc6d4b" outcome="Passed" testListId="8c84fa94-04c1-424b-9868-57a2d4851a1d" relativeResultsDirectory="3c75e516-d262-4ac0-94c1-c262246e9d5c" />
    <UnitTestResult executionId="cda8b350-5197-42dd-a793-e7c85ec20287" testId="868448a1-1f09-dfe6-f8ba-674ef64fe32a" testName="CreditTransfer.Core.Domain.Tests.MessageTests.Message_TextArValidation_LongText" computerName="LP-AMEENE21" duration="00:00:00.0003076" startTime="2025-07-07T19:53:25.2795922+03:00" endTime="2025-07-07T19:53:25.2795923+03:00" testType="13cdc9d9-ddb5-4fa4-a97d-d965ccfc6d4b" outcome="Passed" testListId="8c84fa94-04c1-424b-9868-57a2d4851a1d" relativeResultsDirectory="cda8b350-5197-42dd-a793-e7c85ec20287" />
    <UnitTestResult executionId="0c952abc-9855-4c2c-8199-7f33cc332e9d" testId="4822ee6a-aa03-3c46-f4fe-8bebf1926670" testName="CreditTransfer.Core.Domain.Tests.CreditTransferRequestTests.CreditTransferRequest_TotalAmountCalculation(riyal: 10, baisa: 500, expectedTotal: 10.5)" computerName="LP-AMEENE21" duration="00:00:00.0000066" startTime="2025-07-07T19:53:25.3091964+03:00" endTime="2025-07-07T19:53:25.3091964+03:00" testType="13cdc9d9-ddb5-4fa4-a97d-d965ccfc6d4b" outcome="Passed" testListId="8c84fa94-04c1-424b-9868-57a2d4851a1d" relativeResultsDirectory="0c952abc-9855-4c2c-8199-7f33cc332e9d" />
    <UnitTestResult executionId="3acd15d6-6685-4fcb-923d-76cc2911043e" testId="b6645776-775d-de02-c751-5a4f7d866d8e" testName="CreditTransfer.Core.Domain.Tests.CreditTransferResponseTests.CreditTransferResponse_StatusCode_LargeValues" computerName="LP-AMEENE21" duration="00:00:00.0001337" startTime="2025-07-07T19:53:25.2783392+03:00" endTime="2025-07-07T19:53:25.2783392+03:00" testType="13cdc9d9-ddb5-4fa4-a97d-d965ccfc6d4b" outcome="Passed" testListId="8c84fa94-04c1-424b-9868-57a2d4851a1d" relativeResultsDirectory="3acd15d6-6685-4fcb-923d-76cc2911043e" />
    <UnitTestResult executionId="7f268d49-750e-4028-ba95-a8c0cedff1b4" testId="9a3e7c9c-6280-2580-2f5b-a94bc14a5b70" testName="CreditTransfer.Core.Domain.Tests.CreditTransferRequestTests.CreditTransferRequest_AdjustmentReasonWithValue" computerName="LP-AMEENE21" duration="00:00:00.0035811" startTime="2025-07-07T19:53:25.3121428+03:00" endTime="2025-07-07T19:53:25.3121429+03:00" testType="13cdc9d9-ddb5-4fa4-a97d-d965ccfc6d4b" outcome="Passed" testListId="8c84fa94-04c1-424b-9868-57a2d4851a1d" relativeResultsDirectory="7f268d49-750e-4028-ba95-a8c0cedff1b4" />
    <UnitTestResult executionId="df240658-f047-4579-a020-5b2b0a41c434" testId="312c43d5-f254-e91f-49e7-18a84a834ab5" testName="CreditTransfer.Core.Domain.Tests.TransactionTests.Transaction_SourceMsisdnValidation(msisdn: &quot;96878715705&quot;, shouldBeValid: True)" computerName="LP-AMEENE21" duration="00:00:00.0001753" startTime="2025-07-07T19:53:25.2756935+03:00" endTime="2025-07-07T19:53:25.2756935+03:00" testType="13cdc9d9-ddb5-4fa4-a97d-d965ccfc6d4b" outcome="Passed" testListId="8c84fa94-04c1-424b-9868-57a2d4851a1d" relativeResultsDirectory="df240658-f047-4579-a020-5b2b0a41c434" />
    <UnitTestResult executionId="da2d3d1c-f322-42c8-aac5-9071bff7a62d" testId="ad00dc2e-2421-4f74-77d6-1fa60c089128" testName="CreditTransfer.Core.Domain.Tests.CreditTransferRequestTests.CreditTransferRequest_BusinessRuleValidation_ZeroAmount" computerName="LP-AMEENE21" duration="00:00:00.0002803" startTime="2025-07-07T19:53:25.3082010+03:00" endTime="2025-07-07T19:53:25.3082010+03:00" testType="13cdc9d9-ddb5-4fa4-a97d-d965ccfc6d4b" outcome="Passed" testListId="8c84fa94-04c1-424b-9868-57a2d4851a1d" relativeResultsDirectory="da2d3d1c-f322-42c8-aac5-9071bff7a62d" />
    <UnitTestResult executionId="4c918ebd-ff3a-4083-984b-6e12c11d8dbc" testId="ba9b2b5e-49e7-b4b8-2f18-1b45fd3d39bd" testName="CreditTransfer.Core.Domain.Tests.ApplicationConfigTests.ApplicationConfig_CreatedByValidation_MaxLength" computerName="LP-AMEENE21" duration="00:00:00.0009712" startTime="2025-07-07T19:53:25.2798420+03:00" endTime="2025-07-07T19:53:25.2798420+03:00" testType="13cdc9d9-ddb5-4fa4-a97d-d965ccfc6d4b" outcome="Passed" testListId="8c84fa94-04c1-424b-9868-57a2d4851a1d" relativeResultsDirectory="4c918ebd-ff3a-4083-984b-6e12c11d8dbc" />
    <UnitTestResult executionId="a8fb0a23-7250-4317-811f-74f944200aab" testId="0c2fa7be-dce3-0c9e-2e87-c1542c5f9cf4" testName="CreditTransfer.Core.Domain.Tests.CreditTransferResponseTests.CreditTransferResponse_IsSuccess_StatusCodeValidation(statusCode: 0, expectedSuccess: True)" computerName="LP-AMEENE21" duration="00:00:00.0000044" startTime="2025-07-07T19:53:25.2760910+03:00" endTime="2025-07-07T19:53:25.2760911+03:00" testType="13cdc9d9-ddb5-4fa4-a97d-d965ccfc6d4b" outcome="Passed" testListId="8c84fa94-04c1-424b-9868-57a2d4851a1d" relativeResultsDirectory="a8fb0a23-7250-4317-811f-74f944200aab" />
    <UnitTestResult executionId="0bd6321b-1cc1-4367-aa50-b4226d71761d" testId="7c7556a6-24d0-7373-e2dc-7c6c150feb68" testName="CreditTransfer.Core.Domain.Tests.TransactionTests.Transaction_SourceMsisdnValidation(msisdn: &quot;123&quot;, shouldBeValid: False)" computerName="LP-AMEENE21" duration="00:00:00.0003309" startTime="2025-07-07T19:53:25.2750327+03:00" endTime="2025-07-07T19:53:25.2750327+03:00" testType="13cdc9d9-ddb5-4fa4-a97d-d965ccfc6d4b" outcome="Passed" testListId="8c84fa94-04c1-424b-9868-57a2d4851a1d" relativeResultsDirectory="0bd6321b-1cc1-4367-aa50-b4226d71761d" />
    <UnitTestResult executionId="6fd3be01-b21e-4749-b3d9-17fa58775765" testId="1580d167-1e4f-ad35-b33c-54836ed1c34e" testName="CreditTransfer.Core.Domain.Tests.CreditTransferRequestTests.CreditTransferRequest_AmountValidation(riyal: 10, baisa: 500, shouldBeValid: True)" computerName="LP-AMEENE21" duration="00:00:00.0000015" startTime="2025-07-07T19:53:25.3102901+03:00" endTime="2025-07-07T19:53:25.3102902+03:00" testType="13cdc9d9-ddb5-4fa4-a97d-d965ccfc6d4b" outcome="Passed" testListId="8c84fa94-04c1-424b-9868-57a2d4851a1d" relativeResultsDirectory="6fd3be01-b21e-4749-b3d9-17fa58775765" />
    <UnitTestResult executionId="f083dfca-1cb3-401a-83af-47599efc04bd" testId="034742df-965c-9626-cb40-885471bb8289" testName="CreditTransfer.Core.Domain.Tests.CreditTransferResponseTests.CreditTransferResponse_Error_FactoryMethod_CommonErrorCodes(statusCode: 2, statusMessage: &quot;Unknown subscriber&quot;)" computerName="LP-AMEENE21" duration="00:00:00.0000055" startTime="2025-07-07T19:53:25.2743655+03:00" endTime="2025-07-07T19:53:25.2743656+03:00" testType="13cdc9d9-ddb5-4fa4-a97d-d965ccfc6d4b" outcome="Passed" testListId="8c84fa94-04c1-424b-9868-57a2d4851a1d" relativeResultsDirectory="f083dfca-1cb3-401a-83af-47599efc04bd" />
    <UnitTestResult executionId="161362e2-4123-4052-8f17-b8f81b20cd11" testId="18874282-6097-ef05-78ec-3024e4fed2aa" testName="CreditTransfer.Core.Domain.Tests.CreditTransferRequestTests.CreditTransferRequest_MsisdnValidation(msisdn: &quot;96878715705&quot;, shouldBeValid: True)" computerName="LP-AMEENE21" duration="00:00:00.0003756" startTime="2025-07-07T19:53:25.3121258+03:00" endTime="2025-07-07T19:53:25.3121258+03:00" testType="13cdc9d9-ddb5-4fa4-a97d-d965ccfc6d4b" outcome="Failed" testListId="8c84fa94-04c1-424b-9868-57a2d4851a1d" relativeResultsDirectory="161362e2-4123-4052-8f17-b8f81b20cd11">
      <Output>
        <ErrorInfo>
          <Message>Expected isValid to be true, but found False.</Message>
          <StackTrace>   at FluentAssertions.Execution.XUnit2TestFramework.Throw(String message)&#xD;
   at FluentAssertions.Execution.TestFrameworkProvider.Throw(String message)&#xD;
   at FluentAssertions.Execution.DefaultAssertionStrategy.HandleFailure(String message)&#xD;
   at FluentAssertions.Execution.AssertionScope.FailWith(Func`1 failReasonFunc)&#xD;
   at FluentAssertions.Execution.AssertionScope.FailWith(Func`1 failReasonFunc)&#xD;
   at FluentAssertions.Execution.AssertionScope.FailWith(String message, Object[] args)&#xD;
   at FluentAssertions.Primitives.BooleanAssertions`1.BeTrue(String because, Object[] becauseArgs)&#xD;
   at CreditTransfer.Core.Domain.Tests.CreditTransferRequestTests.CreditTransferRequest_MsisdnValidation(String msisdn, Boolean shouldBeValid) in E:\LP\UpgradeStack\CreditTransfer\Migrated\tests\Unit\CreditTransfer.Core.Domain.Tests\CreditTransferRequestTests.cs:line 218&#xD;
   at InvokeStub_CreditTransferRequestTests.CreditTransferRequest_MsisdnValidation(Object, Span`1)&#xD;
   at System.Reflection.MethodBaseInvoker.InvokeWithFewArgs(Object obj, BindingFlags invokeAttr, Binder binder, Object[] parameters, CultureInfo culture)</StackTrace>
        </ErrorInfo>
      </Output>
    </UnitTestResult>
    <UnitTestResult executionId="2013c9c1-4a28-4f77-a343-31c73b9b0386" testId="fa52c91b-fc93-8887-b4e0-bb8580829acb" testName="CreditTransfer.Core.Domain.Tests.CreditTransferRequestTests.CreditTransferRequest_UserNameValidation(userName: &quot;TestUser&quot;, shouldBeValid: True)" computerName="LP-AMEENE21" duration="00:00:00.0003476" startTime="2025-07-07T19:53:25.2703635+03:00" endTime="2025-07-07T19:53:25.2703636+03:00" testType="13cdc9d9-ddb5-4fa4-a97d-d965ccfc6d4b" outcome="Passed" testListId="8c84fa94-04c1-424b-9868-57a2d4851a1d" relativeResultsDirectory="2013c9c1-4a28-4f77-a343-31c73b9b0386" />
    <UnitTestResult executionId="b7698161-994c-4342-9f19-da1004dc4742" testId="ddc86a8d-df38-7e19-0e89-885785c79c59" testName="CreditTransfer.Core.Domain.Tests.CreditTransferRequestTests.CreditTransferRequest_IsValid_InvalidScenarios(source: &quot;&quot;, destination: &quot;96878715705&quot;, riyal: 10, baisa: 500, pin: &quot;1234&quot;, userName: &quot;TestUser&quot;, expectedValid: False)" computerName="LP-AMEENE21" duration="00:00:00.0000038" startTime="2025-07-07T19:53:25.3107327+03:00" endTime="2025-07-07T19:53:25.3107328+03:00" testType="13cdc9d9-ddb5-4fa4-a97d-d965ccfc6d4b" outcome="Passed" testListId="8c84fa94-04c1-424b-9868-57a2d4851a1d" relativeResultsDirectory="b7698161-994c-4342-9f19-da1004dc4742" />
    <UnitTestResult executionId="51fd4d7a-d1f2-49e4-81ee-59a84b2b4095" testId="2bbd0eb5-d8c5-df90-4820-4a281383dab3" testName="CreditTransfer.Core.Domain.Tests.TransactionTests.Transaction_AmountValidation_InvalidAmounts(amount: -1)" computerName="LP-AMEENE21" duration="00:00:00.0003440" startTime="2025-07-07T19:53:25.3112643+03:00" endTime="2025-07-07T19:53:25.3112644+03:00" testType="13cdc9d9-ddb5-4fa4-a97d-d965ccfc6d4b" outcome="Passed" testListId="8c84fa94-04c1-424b-9868-57a2d4851a1d" relativeResultsDirectory="51fd4d7a-d1f2-49e4-81ee-59a84b2b4095" />
    <UnitTestResult executionId="8f6e6889-075c-430b-bb18-4049d53f0a03" testId="1a1eff85-9892-30b2-65ed-435cd8c1dc43" testName="CreditTransfer.Core.Domain.Tests.TransferConfigTests.TransferConfig_TransferFeesEventIdValidation" computerName="LP-AMEENE21" duration="00:00:00.0004867" startTime="2025-07-07T19:53:25.2742936+03:00" endTime="2025-07-07T19:53:25.2742937+03:00" testType="13cdc9d9-ddb5-4fa4-a97d-d965ccfc6d4b" outcome="Passed" testListId="8c84fa94-04c1-424b-9868-57a2d4851a1d" relativeResultsDirectory="8f6e6889-075c-430b-bb18-4049d53f0a03" />
    <UnitTestResult executionId="9be01ba5-e0c4-47f4-8e80-57ca335fb40a" testId="581ed7a7-9376-69cf-7148-c674e674a1ce" testName="CreditTransfer.Core.Domain.Tests.TransferConfigTests.TransferConfig_ValidDailyTransferCountLimits(limit: 50)" computerName="LP-AMEENE21" duration="00:00:00.0000013" startTime="2025-07-07T19:53:25.2778043+03:00" endTime="2025-07-07T19:53:25.2778043+03:00" testType="13cdc9d9-ddb5-4fa4-a97d-d965ccfc6d4b" outcome="Passed" testListId="8c84fa94-04c1-424b-9868-57a2d4851a1d" relativeResultsDirectory="9be01ba5-e0c4-47f4-8e80-57ca335fb40a" />
    <UnitTestResult executionId="09b6be51-59a1-43e3-b3a3-db4fb43fd37a" testId="94065d25-8da3-a559-3fa7-e95d6c4dfd56" testName="CreditTransfer.Core.Domain.Tests.MessageTests.Message_TextArValidation_RequiredAttribute" computerName="LP-AMEENE21" duration="00:00:00.0007107" startTime="2025-07-07T19:53:25.2790959+03:00" endTime="2025-07-07T19:53:25.2790959+03:00" testType="13cdc9d9-ddb5-4fa4-a97d-d965ccfc6d4b" outcome="Passed" testListId="8c84fa94-04c1-424b-9868-57a2d4851a1d" relativeResultsDirectory="09b6be51-59a1-43e3-b3a3-db4fb43fd37a" />
    <UnitTestResult executionId="c779abde-0ac6-4b4f-9a27-6db586332590" testId="8550ab21-17fb-c51c-a66b-75974839b399" testName="CreditTransfer.Core.Domain.Tests.ApplicationConfigTests.ApplicationConfig_ValueValidation_ValidValues(value: &quot;true&quot;)" computerName="LP-AMEENE21" duration="00:00:00.0000340" startTime="2025-07-07T19:53:25.2767979+03:00" endTime="2025-07-07T19:53:25.2767979+03:00" testType="13cdc9d9-ddb5-4fa4-a97d-d965ccfc6d4b" outcome="Passed" testListId="8c84fa94-04c1-424b-9868-57a2d4851a1d" relativeResultsDirectory="c779abde-0ac6-4b4f-9a27-6db586332590" />
    <UnitTestResult executionId="b30aa2f9-4a66-41d0-94df-6c0c5d2a209f" testId="dc1c42f4-258c-bd1d-f93c-5b2c02231f60" testName="CreditTransfer.Core.Domain.Tests.ApplicationConfigTests.ApplicationConfig_ValueValidation_ValidValues(value: &quot;false&quot;)" computerName="LP-AMEENE21" duration="00:00:00.0000480" startTime="2025-07-07T19:53:25.2767846+03:00" endTime="2025-07-07T19:53:25.2767846+03:00" testType="13cdc9d9-ddb5-4fa4-a97d-d965ccfc6d4b" outcome="Passed" testListId="8c84fa94-04c1-424b-9868-57a2d4851a1d" relativeResultsDirectory="b30aa2f9-4a66-41d0-94df-6c0c5d2a209f" />
    <UnitTestResult executionId="d5856358-3938-404d-96fb-57ee10799c55" testId="f43819b0-5b37-26b2-9650-71fa6759d4e8" testName="CreditTransfer.Core.Domain.Tests.CreditTransferRequestTests.CreditTransferRequest_AmountValidation(riyal: 1, baisa: 0, shouldBeValid: True)" computerName="LP-AMEENE21" duration="00:00:00.0000022" startTime="2025-07-07T19:53:25.3099048+03:00" endTime="2025-07-07T19:53:25.3099048+03:00" testType="13cdc9d9-ddb5-4fa4-a97d-d965ccfc6d4b" outcome="Passed" testListId="8c84fa94-04c1-424b-9868-57a2d4851a1d" relativeResultsDirectory="d5856358-3938-404d-96fb-57ee10799c55" />
    <UnitTestResult executionId="7115a9de-56e6-41e3-9de5-c49559e1512c" testId="a3a62fed-dbda-fcae-1988-d66d63bd5db6" testName="CreditTransfer.Core.Domain.Tests.CreditTransferRequestTests.CreditTransferRequest_PinValidation(pin: &quot;0000&quot;, shouldBeValid: True)" computerName="LP-AMEENE21" duration="00:00:00.0000017" startTime="2025-07-07T19:53:25.3121975+03:00" endTime="2025-07-07T19:53:25.3121975+03:00" testType="13cdc9d9-ddb5-4fa4-a97d-d965ccfc6d4b" outcome="Passed" testListId="8c84fa94-04c1-424b-9868-57a2d4851a1d" relativeResultsDirectory="7115a9de-56e6-41e3-9de5-c49559e1512c" />
    <UnitTestResult executionId="3231afc2-b854-4b15-accf-b000e5048c18" testId="763e63ba-ab3b-9aa6-0af1-2c7f060cc02b" testName="CreditTransfer.Core.Domain.Tests.CreditTransferResponseTests.CreditTransferResponse_NegativeAmount_Validation" computerName="LP-AMEENE21" duration="00:00:00.0002063" startTime="2025-07-07T19:53:25.2796177+03:00" endTime="2025-07-07T19:53:25.2796178+03:00" testType="13cdc9d9-ddb5-4fa4-a97d-d965ccfc6d4b" outcome="Passed" testListId="8c84fa94-04c1-424b-9868-57a2d4851a1d" relativeResultsDirectory="3231afc2-b854-4b15-accf-b000e5048c18" />
    <UnitTestResult executionId="45425e19-7825-401e-8a3c-c2cb4ce02d93" testId="775d9617-2aa0-203d-f490-ba8dd1759172" testName="CreditTransfer.Core.Domain.Tests.CreditTransferResponseTests.CreditTransferResponse_Success_FactoryMethod_WithTransactionId" computerName="LP-AMEENE21" duration="00:00:00.0002517" startTime="2025-07-07T19:53:25.2780394+03:00" endTime="2025-07-07T19:53:25.2780394+03:00" testType="13cdc9d9-ddb5-4fa4-a97d-d965ccfc6d4b" outcome="Passed" testListId="8c84fa94-04c1-424b-9868-57a2d4851a1d" relativeResultsDirectory="45425e19-7825-401e-8a3c-c2cb4ce02d93" />
    <UnitTestResult executionId="1356bab5-22e9-4479-9473-96adf0aecac4" testId="aa22cfcd-1f5c-97cb-ac3c-9c6d37ba9f89" testName="CreditTransfer.Core.Domain.Tests.CreditTransferResponseTests.CreditTransferResponse_StatusMessage_VariousMessages(statusMessage: &quot;Test message&quot;)" computerName="LP-AMEENE21" duration="00:00:00.0001021" startTime="2025-07-07T19:53:25.2731136+03:00" endTime="2025-07-07T19:53:25.2731136+03:00" testType="13cdc9d9-ddb5-4fa4-a97d-d965ccfc6d4b" outcome="Passed" testListId="8c84fa94-04c1-424b-9868-57a2d4851a1d" relativeResultsDirectory="1356bab5-22e9-4479-9473-96adf0aecac4" />
    <UnitTestResult executionId="cca688aa-8058-457c-bc90-4e138f0c46ee" testId="9ba15466-9893-7f33-25a0-ed0e78b986a2" testName="CreditTransfer.Core.Domain.Tests.TransferConfigTests.TransferConfig_ValidDailyTransferCapLimits(limit: 10)" computerName="LP-AMEENE21" duration="00:00:00.0001593" startTime="2025-07-07T19:53:25.2731429+03:00" endTime="2025-07-07T19:53:25.2731430+03:00" testType="13cdc9d9-ddb5-4fa4-a97d-d965ccfc6d4b" outcome="Passed" testListId="8c84fa94-04c1-424b-9868-57a2d4851a1d" relativeResultsDirectory="cca688aa-8058-457c-bc90-4e138f0c46ee" />
    <UnitTestResult executionId="34e78c3e-8247-46b6-88aa-9554f6274982" testId="e74cde13-5215-39eb-602f-709bd8c97b7e" testName="CreditTransfer.Core.Domain.Tests.TransactionTests.Transaction_OptionalPropertiesInitialization" computerName="LP-AMEENE21" duration="00:00:00.0020829" startTime="2025-07-07T19:53:25.2738277+03:00" endTime="2025-07-07T19:53:25.2738277+03:00" testType="13cdc9d9-ddb5-4fa4-a97d-d965ccfc6d4b" outcome="Passed" testListId="8c84fa94-04c1-424b-9868-57a2d4851a1d" relativeResultsDirectory="34e78c3e-8247-46b6-88aa-9554f6274982" />
    <UnitTestResult executionId="2dfac209-12b6-4e0c-a322-d942148db7b6" testId="8098487f-6990-878e-47c2-99329a686753" testName="CreditTransfer.Core.Domain.Tests.TransferConfigTests.TransferConfig_SubscriptionTypeMapping" computerName="LP-AMEENE21" duration="00:00:00.0001521" startTime="2025-07-07T19:53:25.2770512+03:00" endTime="2025-07-07T19:53:25.2770512+03:00" testType="13cdc9d9-ddb5-4fa4-a97d-d965ccfc6d4b" outcome="Passed" testListId="8c84fa94-04c1-424b-9868-57a2d4851a1d" relativeResultsDirectory="2dfac209-12b6-4e0c-a322-d942148db7b6" />
    <UnitTestResult executionId="66d4c5c3-815b-497d-9b95-8ce5c7c9920b" testId="ba49d435-8d96-e889-baf8-d367daa6c67c" testName="CreditTransfer.Core.Domain.Tests.ApplicationConfigTests.ApplicationConfig_CategoryValidation_ValidCategories(category: &quot;SMS&quot;)" computerName="LP-AMEENE21" duration="00:00:00.0001555" startTime="2025-07-07T19:53:25.2773444+03:00" endTime="2025-07-07T19:53:25.2773445+03:00" testType="13cdc9d9-ddb5-4fa4-a97d-d965ccfc6d4b" outcome="Passed" testListId="8c84fa94-04c1-424b-9868-57a2d4851a1d" relativeResultsDirectory="66d4c5c3-815b-497d-9b95-8ce5c7c9920b" />
    <UnitTestResult executionId="2bb02840-5c26-48be-a1aa-032582b32b15" testId="8e7a374d-8d81-02a6-34ae-d30d5a5b70c8" testName="CreditTransfer.Core.Domain.Tests.CreditTransferRequestTests.CreditTransferRequest_PropertiesSetCorrectly" computerName="LP-AMEENE21" duration="00:00:00.0002489" startTime="2025-07-07T19:53:25.3126609+03:00" endTime="2025-07-07T19:53:25.3126609+03:00" testType="13cdc9d9-ddb5-4fa4-a97d-d965ccfc6d4b" outcome="Passed" testListId="8c84fa94-04c1-424b-9868-57a2d4851a1d" relativeResultsDirectory="2bb02840-5c26-48be-a1aa-032582b32b15" />
    <UnitTestResult executionId="3dfb6d69-4a9c-4870-ab67-6a5f00c84cb0" testId="688704aa-b495-b779-b867-c6c1691a69ef" testName="CreditTransfer.Core.Domain.Tests.TransactionTests.Transaction_AmountValidation_ValidAmounts(amount: 1)" computerName="LP-AMEENE21" duration="00:00:00.0001460" startTime="2025-07-07T19:53:25.3081756+03:00" endTime="2025-07-07T19:53:25.3081756+03:00" testType="13cdc9d9-ddb5-4fa4-a97d-d965ccfc6d4b" outcome="Passed" testListId="8c84fa94-04c1-424b-9868-57a2d4851a1d" relativeResultsDirectory="3dfb6d69-4a9c-4870-ab67-6a5f00c84cb0" />
    <UnitTestResult executionId="caca6d68-7453-4429-9810-3d9b57cb5214" testId="cfbb33fc-6d7a-cfd8-8378-c1e7f1f0f835" testName="CreditTransfer.Core.Domain.Tests.TransferConfigTests.TransferConfig_ValidSubscriptionTypes(subscriptionType: &quot;Staff&quot;)" computerName="LP-AMEENE21" duration="00:00:00.0001885" startTime="2025-07-07T19:53:25.2717331+03:00" endTime="2025-07-07T19:53:25.2717332+03:00" testType="13cdc9d9-ddb5-4fa4-a97d-d965ccfc6d4b" outcome="Passed" testListId="8c84fa94-04c1-424b-9868-57a2d4851a1d" relativeResultsDirectory="caca6d68-7453-4429-9810-3d9b57cb5214" />
    <UnitTestResult executionId="5652776e-4c0c-447c-93cd-48ce4fff5565" testId="5b121498-3b3d-3533-acb0-0f82256e516c" testName="CreditTransfer.Core.Domain.Tests.TransferConfigTests.TransferConfig_ValidMinTransferAmounts(amount: 1)" computerName="LP-AMEENE21" duration="00:00:00.0096064" startTime="2025-07-07T19:53:25.2483677+03:00" endTime="2025-07-07T19:53:25.2483678+03:00" testType="13cdc9d9-ddb5-4fa4-a97d-d965ccfc6d4b" outcome="Passed" testListId="8c84fa94-04c1-424b-9868-57a2d4851a1d" relativeResultsDirectory="5652776e-4c0c-447c-93cd-48ce4fff5565" />
    <UnitTestResult executionId="fbe935ff-3201-4721-90df-f86d81e8d9d9" testId="7c193b72-af84-280e-524e-d98df7484c3e" testName="CreditTransfer.Core.Domain.Tests.TransferConfigTests.TransferConfig_ValidDailyTransferCountLimits(limit: 5)" computerName="LP-AMEENE21" duration="00:00:00.0000900" startTime="2025-07-07T19:53:25.2777821+03:00" endTime="2025-07-07T19:53:25.2777822+03:00" testType="13cdc9d9-ddb5-4fa4-a97d-d965ccfc6d4b" outcome="Passed" testListId="8c84fa94-04c1-424b-9868-57a2d4851a1d" relativeResultsDirectory="fbe935ff-3201-4721-90df-f86d81e8d9d9" />
    <UnitTestResult executionId="acb00988-e49e-4f24-8e29-899b32352f0a" testId="a07e1ee2-578a-e452-d238-cea0744717c7" testName="CreditTransfer.Core.Domain.Tests.ApplicationConfigTests.ApplicationConfig_ValueValidation_ValidValues(value: &quot;123.456&quot;)" computerName="LP-AMEENE21" duration="00:00:00.0000349" startTime="2025-07-07T19:53:25.2767670+03:00" endTime="2025-07-07T19:53:25.2767670+03:00" testType="13cdc9d9-ddb5-4fa4-a97d-d965ccfc6d4b" outcome="Passed" testListId="8c84fa94-04c1-424b-9868-57a2d4851a1d" relativeResultsDirectory="acb00988-e49e-4f24-8e29-899b32352f0a" />
    <UnitTestResult executionId="cde5b63b-c00a-403b-88ee-fe1a0f15f992" testId="0a10e1f5-d3df-40d3-5ef2-bac55084b04c" testName="CreditTransfer.Core.Domain.Tests.TransferConfigTests.TransferConfig_ValidMaxTransferAmounts(amount: 50)" computerName="LP-AMEENE21" duration="00:00:00.0001446" startTime="2025-07-07T19:53:25.2765233+03:00" endTime="2025-07-07T19:53:25.2765233+03:00" testType="13cdc9d9-ddb5-4fa4-a97d-d965ccfc6d4b" outcome="Passed" testListId="8c84fa94-04c1-424b-9868-57a2d4851a1d" relativeResultsDirectory="cde5b63b-c00a-403b-88ee-fe1a0f15f992" />
    <UnitTestResult executionId="ed8afd60-fb93-4c05-83ea-de3ca8efb8ed" testId="c9549144-5d93-82b0-a7fb-7f809d0a61f5" testName="CreditTransfer.Core.Domain.Tests.CreditTransferRequestTests.CreditTransferRequest_RequestTimestampAutoGeneration" computerName="LP-AMEENE21" duration="00:00:00.0000695" startTime="2025-07-07T19:53:25.3127099+03:00" endTime="2025-07-07T19:53:25.3127099+03:00" testType="13cdc9d9-ddb5-4fa4-a97d-d965ccfc6d4b" outcome="Passed" testListId="8c84fa94-04c1-424b-9868-57a2d4851a1d" relativeResultsDirectory="ed8afd60-fb93-4c05-83ea-de3ca8efb8ed" />
    <UnitTestResult executionId="fa7149be-e019-4417-a78c-455dad65fb0c" testId="90113dde-2a13-60ba-ba65-f9090f79ba78" testName="CreditTransfer.Core.Domain.Tests.CreditTransferRequestTests.CreditTransferRequest_UserNameValidation(userName: &quot;   &quot;, shouldBeValid: False)" computerName="LP-AMEENE21" duration="00:00:00.0522229" startTime="2025-07-07T19:53:25.3038653+03:00" endTime="2025-07-07T19:53:25.3038654+03:00" testType="13cdc9d9-ddb5-4fa4-a97d-d965ccfc6d4b" outcome="Failed" testListId="8c84fa94-04c1-424b-9868-57a2d4851a1d" relativeResultsDirectory="fa7149be-e019-4417-a78c-455dad65fb0c">
      <Output>
        <ErrorInfo>
          <Message>Expected isValid to be False, but found True.</Message>
          <StackTrace>   at FluentAssertions.Execution.XUnit2TestFramework.Throw(String message)&#xD;
   at FluentAssertions.Execution.TestFrameworkProvider.Throw(String message)&#xD;
   at FluentAssertions.Execution.DefaultAssertionStrategy.HandleFailure(String message)&#xD;
   at FluentAssertions.Execution.AssertionScope.FailWith(Func`1 failReasonFunc)&#xD;
   at FluentAssertions.Execution.AssertionScope.FailWith(Func`1 failReasonFunc)&#xD;
   at FluentAssertions.Execution.AssertionScope.FailWith(String message, Object[] args)&#xD;
   at FluentAssertions.Primitives.BooleanAssertions`1.Be(Boolean expected, String because, Object[] becauseArgs)&#xD;
   at CreditTransfer.Core.Domain.Tests.CreditTransferRequestTests.CreditTransferRequest_UserNameValidation(String userName, Boolean shouldBeValid) in E:\LP\UpgradeStack\CreditTransfer\Migrated\tests\Unit\CreditTransfer.Core.Domain.Tests\CreditTransferRequestTests.cs:line 306&#xD;
   at InvokeStub_CreditTransferRequestTests.CreditTransferRequest_UserNameValidation(Object, Span`1)&#xD;
   at System.Reflection.MethodBaseInvoker.InvokeWithFewArgs(Object obj, BindingFlags invokeAttr, Binder binder, Object[] parameters, CultureInfo culture)</StackTrace>
        </ErrorInfo>
      </Output>
    </UnitTestResult>
    <UnitTestResult executionId="0c742b71-216c-48a3-bae9-ad6a0efb0f26" testId="74017c45-fca7-eeb7-782e-d8c6fc0b90fb" testName="CreditTransfer.Core.Domain.Tests.ApplicationConfigTests.ApplicationConfig_ValidKeyNames(keyName: &quot;MinTransferAmount&quot;)" computerName="LP-AMEENE21" duration="00:00:00.0000090" startTime="2025-07-07T19:53:25.2757337+03:00" endTime="2025-07-07T19:53:25.2757337+03:00" testType="13cdc9d9-ddb5-4fa4-a97d-d965ccfc6d4b" outcome="Passed" testListId="8c84fa94-04c1-424b-9868-57a2d4851a1d" relativeResultsDirectory="0c742b71-216c-48a3-bae9-ad6a0efb0f26" />
    <UnitTestResult executionId="77edeca5-6b64-4cbb-a8a3-2ba0b9190390" testId="b78515ad-be33-05b9-8bb1-c33574bd5c0d" testName="CreditTransfer.Core.Domain.Tests.ApplicationConfigTests.ApplicationConfig_ValidKeyNames(keyName: &quot;DailyTransferLimit&quot;)" computerName="LP-AMEENE21" duration="00:00:00.0001287" startTime="2025-07-07T19:53:25.2751458+03:00" endTime="2025-07-07T19:53:25.2751458+03:00" testType="13cdc9d9-ddb5-4fa4-a97d-d965ccfc6d4b" outcome="Passed" testListId="8c84fa94-04c1-424b-9868-57a2d4851a1d" relativeResultsDirectory="77edeca5-6b64-4cbb-a8a3-2ba0b9190390" />
  </Results>
  <TestDefinitions>
    <UnitTest name="CreditTransfer.Core.Domain.Tests.TransactionTests.Transaction_StatusIdMapping(statusId: 2, expectedStatus: Failed)" storage="e:\lp\upgradestack\credittransfer\migrated\tests\unit\credittransfer.core.domain.tests\bin\debug\net8.0\credittransfer.core.domain.tests.dll" id="24197e81-64ca-1148-e3db-1e571b5106f9">
      <Execution id="30b9d324-4356-40d4-9110-73bd4056c306" />
      <TestMethod codeBase="E:\LP\UpgradeStack\CreditTransfer\Migrated\tests\Unit\CreditTransfer.Core.Domain.Tests\bin\Debug\net8.0\CreditTransfer.Core.Domain.Tests.dll" adapterTypeName="executor://xunit/VsTestRunner2/netcoreapp" className="CreditTransfer.Core.Domain.Tests.TransactionTests" name="Transaction_StatusIdMapping" />
    </UnitTest>
    <UnitTest name="CreditTransfer.Core.Domain.Tests.CreditTransferRequestTests.CreditTransferRequest_UserNameValidation(userName: &quot;user@example.com&quot;, shouldBeValid: True)" storage="e:\lp\upgradestack\credittransfer\migrated\tests\unit\credittransfer.core.domain.tests\bin\debug\net8.0\credittransfer.core.domain.tests.dll" id="efbbfc71-5621-b14d-e485-bfb732fee208">
      <Execution id="f752fda9-bc7a-44c4-b905-7c51d209a42b" />
      <TestMethod codeBase="E:\LP\UpgradeStack\CreditTransfer\Migrated\tests\Unit\CreditTransfer.Core.Domain.Tests\bin\Debug\net8.0\CreditTransfer.Core.Domain.Tests.dll" adapterTypeName="executor://xunit/VsTestRunner2/netcoreapp" className="CreditTransfer.Core.Domain.Tests.CreditTransferRequestTests" name="CreditTransferRequest_UserNameValidation" />
    </UnitTest>
    <UnitTest name="CreditTransfer.Core.Domain.Tests.TransferConfigTests.TransferConfig_ValidSubscriptionTypes(subscriptionType: &quot;Staff&quot;)" storage="e:\lp\upgradestack\credittransfer\migrated\tests\unit\credittransfer.core.domain.tests\bin\debug\net8.0\credittransfer.core.domain.tests.dll" id="cfbb33fc-6d7a-cfd8-8378-c1e7f1f0f835">
      <Execution id="caca6d68-7453-4429-9810-3d9b57cb5214" />
      <TestMethod codeBase="E:\LP\UpgradeStack\CreditTransfer\Migrated\tests\Unit\CreditTransfer.Core.Domain.Tests\bin\Debug\net8.0\CreditTransfer.Core.Domain.Tests.dll" adapterTypeName="executor://xunit/VsTestRunner2/netcoreapp" className="CreditTransfer.Core.Domain.Tests.TransferConfigTests" name="TransferConfig_ValidSubscriptionTypes" />
    </UnitTest>
    <UnitTest name="CreditTransfer.Core.Domain.Tests.ApplicationConfigTests.ApplicationConfig_DescriptionValidation_ExactMaxLength" storage="e:\lp\upgradestack\credittransfer\migrated\tests\unit\credittransfer.core.domain.tests\bin\debug\net8.0\credittransfer.core.domain.tests.dll" id="0dd5eb38-3f2d-9125-2153-9e4e89c05508">
      <Execution id="1b72c558-a9a7-4e2a-9467-92f19693db0c" />
      <TestMethod codeBase="E:\LP\UpgradeStack\CreditTransfer\Migrated\tests\Unit\CreditTransfer.Core.Domain.Tests\bin\Debug\net8.0\CreditTransfer.Core.Domain.Tests.dll" adapterTypeName="executor://xunit/VsTestRunner2/netcoreapp" className="CreditTransfer.Core.Domain.Tests.ApplicationConfigTests" name="ApplicationConfig_DescriptionValidation_ExactMaxLength" />
    </UnitTest>
    <UnitTest name="CreditTransfer.Core.Domain.Tests.CreditTransferRequestTests.CreditTransferRequest_AmountValidation(riyal: 0, baisa: -1, shouldBeValid: False)" storage="e:\lp\upgradestack\credittransfer\migrated\tests\unit\credittransfer.core.domain.tests\bin\debug\net8.0\credittransfer.core.domain.tests.dll" id="b22fae94-c875-fd34-0917-7568e5910a82">
      <Execution id="6828a791-9c6b-4740-932e-fec260736b35" />
      <TestMethod codeBase="E:\LP\UpgradeStack\CreditTransfer\Migrated\tests\Unit\CreditTransfer.Core.Domain.Tests\bin\Debug\net8.0\CreditTransfer.Core.Domain.Tests.dll" adapterTypeName="executor://xunit/VsTestRunner2/netcoreapp" className="CreditTransfer.Core.Domain.Tests.CreditTransferRequestTests" name="CreditTransferRequest_AmountValidation" />
    </UnitTest>
    <UnitTest name="CreditTransfer.Core.Domain.Tests.CreditTransferRequestTests.CreditTransferRequest_PinValidation(pin: &quot;9999&quot;, shouldBeValid: True)" storage="e:\lp\upgradestack\credittransfer\migrated\tests\unit\credittransfer.core.domain.tests\bin\debug\net8.0\credittransfer.core.domain.tests.dll" id="a6ba54d5-e422-d144-9070-82fc17b0c778">
      <Execution id="6d57c757-6ff7-4af8-adf2-86a7a5170fc1" />
      <TestMethod codeBase="E:\LP\UpgradeStack\CreditTransfer\Migrated\tests\Unit\CreditTransfer.Core.Domain.Tests\bin\Debug\net8.0\CreditTransfer.Core.Domain.Tests.dll" adapterTypeName="executor://xunit/VsTestRunner2/netcoreapp" className="CreditTransfer.Core.Domain.Tests.CreditTransferRequestTests" name="CreditTransferRequest_PinValidation" />
    </UnitTest>
    <UnitTest name="CreditTransfer.Core.Domain.Tests.TransferConfigTests.TransferConfig_ValidDailyTransferCapLimits(limit: 50)" storage="e:\lp\upgradestack\credittransfer\migrated\tests\unit\credittransfer.core.domain.tests\bin\debug\net8.0\credittransfer.core.domain.tests.dll" id="928366e4-129c-fbac-7f4c-3eebaa79b98c">
      <Execution id="91664bc3-ace2-45bd-b119-f6f5d372705e" />
      <TestMethod codeBase="E:\LP\UpgradeStack\CreditTransfer\Migrated\tests\Unit\CreditTransfer.Core.Domain.Tests\bin\Debug\net8.0\CreditTransfer.Core.Domain.Tests.dll" adapterTypeName="executor://xunit/VsTestRunner2/netcoreapp" className="CreditTransfer.Core.Domain.Tests.TransferConfigTests" name="TransferConfig_ValidDailyTransferCapLimits" />
    </UnitTest>
    <UnitTest name="CreditTransfer.Core.Domain.Tests.CreditTransferRequestTests.CreditTransferRequest_PropertiesSetCorrectly" storage="e:\lp\upgradestack\credittransfer\migrated\tests\unit\credittransfer.core.domain.tests\bin\debug\net8.0\credittransfer.core.domain.tests.dll" id="8e7a374d-8d81-02a6-34ae-d30d5a5b70c8">
      <Execution id="2bb02840-5c26-48be-a1aa-032582b32b15" />
      <TestMethod codeBase="E:\LP\UpgradeStack\CreditTransfer\Migrated\tests\Unit\CreditTransfer.Core.Domain.Tests\bin\Debug\net8.0\CreditTransfer.Core.Domain.Tests.dll" adapterTypeName="executor://xunit/VsTestRunner2/netcoreapp" className="CreditTransfer.Core.Domain.Tests.CreditTransferRequestTests" name="CreditTransferRequest_PropertiesSetCorrectly" />
    </UnitTest>
    <UnitTest name="CreditTransfer.Core.Domain.Tests.CreditTransferRequestTests.CreditTransferRequest_CurrencyConversionValidation" storage="e:\lp\upgradestack\credittransfer\migrated\tests\unit\credittransfer.core.domain.tests\bin\debug\net8.0\credittransfer.core.domain.tests.dll" id="56f67964-f39f-afa7-d0f5-6f657dcf33b5">
      <Execution id="7d1f2ffe-a340-419d-a2c5-4fc60c3ad990" />
      <TestMethod codeBase="E:\LP\UpgradeStack\CreditTransfer\Migrated\tests\Unit\CreditTransfer.Core.Domain.Tests\bin\Debug\net8.0\CreditTransfer.Core.Domain.Tests.dll" adapterTypeName="executor://xunit/VsTestRunner2/netcoreapp" className="CreditTransfer.Core.Domain.Tests.CreditTransferRequestTests" name="CreditTransferRequest_CurrencyConversionValidation" />
    </UnitTest>
    <UnitTest name="CreditTransfer.Core.Domain.Tests.TransactionTests.Transaction_DefaultConstructor_SetsDefaultValues" storage="e:\lp\upgradestack\credittransfer\migrated\tests\unit\credittransfer.core.domain.tests\bin\debug\net8.0\credittransfer.core.domain.tests.dll" id="181d4d5b-07b7-bfe8-141f-4db0cc351b24">
      <Execution id="4f87073d-c021-4258-a369-f15b1f47431d" />
      <TestMethod codeBase="E:\LP\UpgradeStack\CreditTransfer\Migrated\tests\Unit\CreditTransfer.Core.Domain.Tests\bin\Debug\net8.0\CreditTransfer.Core.Domain.Tests.dll" adapterTypeName="executor://xunit/VsTestRunner2/netcoreapp" className="CreditTransfer.Core.Domain.Tests.TransactionTests" name="Transaction_DefaultConstructor_SetsDefaultValues" />
    </UnitTest>
    <UnitTest name="CreditTransfer.Core.Domain.Tests.TransferConfigTests.TransferConfig_ValidSubscriptionTypes(subscriptionType: &quot;Customer&quot;)" storage="e:\lp\upgradestack\credittransfer\migrated\tests\unit\credittransfer.core.domain.tests\bin\debug\net8.0\credittransfer.core.domain.tests.dll" id="75b65073-17f3-241b-d800-831c8f3b7667">
      <Execution id="13759a04-96d3-4e0b-976d-d5e10187df4f" />
      <TestMethod codeBase="E:\LP\UpgradeStack\CreditTransfer\Migrated\tests\Unit\CreditTransfer.Core.Domain.Tests\bin\Debug\net8.0\CreditTransfer.Core.Domain.Tests.dll" adapterTypeName="executor://xunit/VsTestRunner2/netcoreapp" className="CreditTransfer.Core.Domain.Tests.TransferConfigTests" name="TransferConfig_ValidSubscriptionTypes" />
    </UnitTest>
    <UnitTest name="CreditTransfer.Core.Domain.Tests.TransactionTests.Transaction_StatusIdMapping(statusId: 1, expectedStatus: Succeeded)" storage="e:\lp\upgradestack\credittransfer\migrated\tests\unit\credittransfer.core.domain.tests\bin\debug\net8.0\credittransfer.core.domain.tests.dll" id="b47ce98f-6cdf-5bd0-7476-097091bc4b83">
      <Execution id="3f79140a-0af0-4c7d-a7e4-78335236625c" />
      <TestMethod codeBase="E:\LP\UpgradeStack\CreditTransfer\Migrated\tests\Unit\CreditTransfer.Core.Domain.Tests\bin\Debug\net8.0\CreditTransfer.Core.Domain.Tests.dll" adapterTypeName="executor://xunit/VsTestRunner2/netcoreapp" className="CreditTransfer.Core.Domain.Tests.TransactionTests" name="Transaction_StatusIdMapping" />
    </UnitTest>
    <UnitTest name="CreditTransfer.Core.Domain.Tests.TransferConfigTests.TransferConfig_ValidMaxTransferAmounts(amount: 10)" storage="e:\lp\upgradestack\credittransfer\migrated\tests\unit\credittransfer.core.domain.tests\bin\debug\net8.0\credittransfer.core.domain.tests.dll" id="ea50f503-1e7d-c5b8-26b8-e627922320b2">
      <Execution id="eadbaa65-4158-44e1-9052-fe882e25be66" />
      <TestMethod codeBase="E:\LP\UpgradeStack\CreditTransfer\Migrated\tests\Unit\CreditTransfer.Core.Domain.Tests\bin\Debug\net8.0\CreditTransfer.Core.Domain.Tests.dll" adapterTypeName="executor://xunit/VsTestRunner2/netcoreapp" className="CreditTransfer.Core.Domain.Tests.TransferConfigTests" name="TransferConfig_ValidMaxTransferAmounts" />
    </UnitTest>
    <UnitTest name="CreditTransfer.Core.Domain.Tests.TransferConfigTests.TransferConfig_TransferToOtherOperatorValidation(canTransfer: True)" storage="e:\lp\upgradestack\credittransfer\migrated\tests\unit\credittransfer.core.domain.tests\bin\debug\net8.0\credittransfer.core.domain.tests.dll" id="3109f9f9-47af-aa5e-b3b4-230ebc067030">
      <Execution id="89a61a50-71bc-4d59-9e12-6c2373dcdd82" />
      <TestMethod codeBase="E:\LP\UpgradeStack\CreditTransfer\Migrated\tests\Unit\CreditTransfer.Core.Domain.Tests\bin\Debug\net8.0\CreditTransfer.Core.Domain.Tests.dll" adapterTypeName="executor://xunit/VsTestRunner2/netcoreapp" className="CreditTransfer.Core.Domain.Tests.TransferConfigTests" name="TransferConfig_TransferToOtherOperatorValidation" />
    </UnitTest>
    <UnitTest name="CreditTransfer.Core.Domain.Tests.TransactionTests.Transaction_AmountValidation_ValidAmounts(amount: 1)" storage="e:\lp\upgradestack\credittransfer\migrated\tests\unit\credittransfer.core.domain.tests\bin\debug\net8.0\credittransfer.core.domain.tests.dll" id="688704aa-b495-b779-b867-c6c1691a69ef">
      <Execution id="3dfb6d69-4a9c-4870-ab67-6a5f00c84cb0" />
      <TestMethod codeBase="E:\LP\UpgradeStack\CreditTransfer\Migrated\tests\Unit\CreditTransfer.Core.Domain.Tests\bin\Debug\net8.0\CreditTransfer.Core.Domain.Tests.dll" adapterTypeName="executor://xunit/VsTestRunner2/netcoreapp" className="CreditTransfer.Core.Domain.Tests.TransactionTests" name="Transaction_AmountValidation_ValidAmounts" />
    </UnitTest>
    <UnitTest name="CreditTransfer.Core.Domain.Tests.TransferConfigTests.TransferConfig_ValidDailyTransferCountLimits(limit: 50)" storage="e:\lp\upgradestack\credittransfer\migrated\tests\unit\credittransfer.core.domain.tests\bin\debug\net8.0\credittransfer.core.domain.tests.dll" id="581ed7a7-9376-69cf-7148-c674e674a1ce">
      <Execution id="9be01ba5-e0c4-47f4-8e80-57ca335fb40a" />
      <TestMethod codeBase="E:\LP\UpgradeStack\CreditTransfer\Migrated\tests\Unit\CreditTransfer.Core.Domain.Tests\bin\Debug\net8.0\CreditTransfer.Core.Domain.Tests.dll" adapterTypeName="executor://xunit/VsTestRunner2/netcoreapp" className="CreditTransfer.Core.Domain.Tests.TransferConfigTests" name="TransferConfig_ValidDailyTransferCountLimits" />
    </UnitTest>
    <UnitTest name="CreditTransfer.Core.Domain.Tests.CreditTransferRequestTests.CreditTransferRequest_RequestTimestampAutoGeneration" storage="e:\lp\upgradestack\credittransfer\migrated\tests\unit\credittransfer.core.domain.tests\bin\debug\net8.0\credittransfer.core.domain.tests.dll" id="c9549144-5d93-82b0-a7fb-7f809d0a61f5">
      <Execution id="ed8afd60-fb93-4c05-83ea-de3ca8efb8ed" />
      <TestMethod codeBase="E:\LP\UpgradeStack\CreditTransfer\Migrated\tests\Unit\CreditTransfer.Core.Domain.Tests\bin\Debug\net8.0\CreditTransfer.Core.Domain.Tests.dll" adapterTypeName="executor://xunit/VsTestRunner2/netcoreapp" className="CreditTransfer.Core.Domain.Tests.CreditTransferRequestTests" name="CreditTransferRequest_RequestTimestampAutoGeneration" />
    </UnitTest>
    <UnitTest name="CreditTransfer.Core.Domain.Tests.CreditTransferRequestTests.CreditTransferRequest_AdjustmentReasonOptional" storage="e:\lp\upgradestack\credittransfer\migrated\tests\unit\credittransfer.core.domain.tests\bin\debug\net8.0\credittransfer.core.domain.tests.dll" id="4ae6d1f1-9920-7fcd-b22a-2c14e2bfa09a">
      <Execution id="d0bfe40b-d10b-444b-b2a0-a0a20cc3964d" />
      <TestMethod codeBase="E:\LP\UpgradeStack\CreditTransfer\Migrated\tests\Unit\CreditTransfer.Core.Domain.Tests\bin\Debug\net8.0\CreditTransfer.Core.Domain.Tests.dll" adapterTypeName="executor://xunit/VsTestRunner2/netcoreapp" className="CreditTransfer.Core.Domain.Tests.CreditTransferRequestTests" name="CreditTransferRequest_AdjustmentReasonOptional" />
    </UnitTest>
    <UnitTest name="CreditTransfer.Core.Domain.Tests.CreditTransferResponseTests.CreditTransferResponse_DefaultConstructor_SetsDefaultValues" storage="e:\lp\upgradestack\credittransfer\migrated\tests\unit\credittransfer.core.domain.tests\bin\debug\net8.0\credittransfer.core.domain.tests.dll" id="554a685f-5332-61dc-f515-a471a81db124">
      <Execution id="7ed5bbe3-0739-4fa5-ac0e-764be22adaba" />
      <TestMethod codeBase="E:\LP\UpgradeStack\CreditTransfer\Migrated\tests\Unit\CreditTransfer.Core.Domain.Tests\bin\Debug\net8.0\CreditTransfer.Core.Domain.Tests.dll" adapterTypeName="executor://xunit/VsTestRunner2/netcoreapp" className="CreditTransfer.Core.Domain.Tests.CreditTransferResponseTests" name="CreditTransferResponse_DefaultConstructor_SetsDefaultValues" />
    </UnitTest>
    <UnitTest name="CreditTransfer.Core.Domain.Tests.CreditTransferResponseTests.CreditTransferResponse_Success_FactoryMethod" storage="e:\lp\upgradestack\credittransfer\migrated\tests\unit\credittransfer.core.domain.tests\bin\debug\net8.0\credittransfer.core.domain.tests.dll" id="1c3e5b06-ee24-c4fe-7e65-a3d426d3131c">
      <Execution id="b695da02-02d0-499e-a422-29165f6e3e79" />
      <TestMethod codeBase="E:\LP\UpgradeStack\CreditTransfer\Migrated\tests\Unit\CreditTransfer.Core.Domain.Tests\bin\Debug\net8.0\CreditTransfer.Core.Domain.Tests.dll" adapterTypeName="executor://xunit/VsTestRunner2/netcoreapp" className="CreditTransfer.Core.Domain.Tests.CreditTransferResponseTests" name="CreditTransferResponse_Success_FactoryMethod" />
    </UnitTest>
    <UnitTest name="CreditTransfer.Core.Domain.Tests.CreditTransferRequestTests.CreditTransferRequest_TotalAmountCalculation_MaxBaisa" storage="e:\lp\upgradestack\credittransfer\migrated\tests\unit\credittransfer.core.domain.tests\bin\debug\net8.0\credittransfer.core.domain.tests.dll" id="91a688c8-4288-25cd-23fc-87ce53c2477c">
      <Execution id="e8b2b82f-642b-4361-bde2-9cba039c6c48" />
      <TestMethod codeBase="E:\LP\UpgradeStack\CreditTransfer\Migrated\tests\Unit\CreditTransfer.Core.Domain.Tests\bin\Debug\net8.0\CreditTransfer.Core.Domain.Tests.dll" adapterTypeName="executor://xunit/VsTestRunner2/netcoreapp" className="CreditTransfer.Core.Domain.Tests.CreditTransferRequestTests" name="CreditTransferRequest_TotalAmountCalculation_MaxBaisa" />
    </UnitTest>
    <UnitTest name="CreditTransfer.Core.Domain.Tests.MessageTests.Message_TimestampValidation" storage="e:\lp\upgradestack\credittransfer\migrated\tests\unit\credittransfer.core.domain.tests\bin\debug\net8.0\credittransfer.core.domain.tests.dll" id="991e9f73-50cc-80d8-ea8f-8f6da80487af">
      <Execution id="9067421b-c34e-4c7f-ade6-ace01526c4c8" />
      <TestMethod codeBase="E:\LP\UpgradeStack\CreditTransfer\Migrated\tests\Unit\CreditTransfer.Core.Domain.Tests\bin\Debug\net8.0\CreditTransfer.Core.Domain.Tests.dll" adapterTypeName="executor://xunit/VsTestRunner2/netcoreapp" className="CreditTransfer.Core.Domain.Tests.MessageTests" name="Message_TimestampValidation" />
    </UnitTest>
    <UnitTest name="CreditTransfer.Core.Domain.Tests.CreditTransferRequestTests.CreditTransferRequest_IsValid_SameSourceAndDestination" storage="e:\lp\upgradestack\credittransfer\migrated\tests\unit\credittransfer.core.domain.tests\bin\debug\net8.0\credittransfer.core.domain.tests.dll" id="7311eb04-e8b5-7512-6209-1625d0468a17">
      <Execution id="fcc26552-a3cd-4753-b845-c136d0afebc7" />
      <TestMethod codeBase="E:\LP\UpgradeStack\CreditTransfer\Migrated\tests\Unit\CreditTransfer.Core.Domain.Tests\bin\Debug\net8.0\CreditTransfer.Core.Domain.Tests.dll" adapterTypeName="executor://xunit/VsTestRunner2/netcoreapp" className="CreditTransfer.Core.Domain.Tests.CreditTransferRequestTests" name="CreditTransferRequest_IsValid_SameSourceAndDestination" />
    </UnitTest>
    <UnitTest name="CreditTransfer.Core.Domain.Tests.TransactionTests.Transaction_SourceMsisdnValidation(msisdn: &quot;&quot;, shouldBeValid: False)" storage="e:\lp\upgradestack\credittransfer\migrated\tests\unit\credittransfer.core.domain.tests\bin\debug\net8.0\credittransfer.core.domain.tests.dll" id="157f2978-9f71-b39f-94e9-b5a4e52f4243">
      <Execution id="8d77a63d-0945-45e8-9569-08449519c211" />
      <TestMethod codeBase="E:\LP\UpgradeStack\CreditTransfer\Migrated\tests\Unit\CreditTransfer.Core.Domain.Tests\bin\Debug\net8.0\CreditTransfer.Core.Domain.Tests.dll" adapterTypeName="executor://xunit/VsTestRunner2/netcoreapp" className="CreditTransfer.Core.Domain.Tests.TransactionTests" name="Transaction_SourceMsisdnValidation" />
    </UnitTest>
    <UnitTest name="CreditTransfer.Core.Domain.Tests.CreditTransferResponseTests.CreditTransferResponse_ZeroAmount_Validation" storage="e:\lp\upgradestack\credittransfer\migrated\tests\unit\credittransfer.core.domain.tests\bin\debug\net8.0\credittransfer.core.domain.tests.dll" id="002b52fa-0be1-50ba-4f0c-d017d2eecf68">
      <Execution id="e1aa982e-90b8-4ac3-acb9-ab2d233bd2a7" />
      <TestMethod codeBase="E:\LP\UpgradeStack\CreditTransfer\Migrated\tests\Unit\CreditTransfer.Core.Domain.Tests\bin\Debug\net8.0\CreditTransfer.Core.Domain.Tests.dll" adapterTypeName="executor://xunit/VsTestRunner2/netcoreapp" className="CreditTransfer.Core.Domain.Tests.CreditTransferResponseTests" name="CreditTransferResponse_ZeroAmount_Validation" />
    </UnitTest>
    <UnitTest name="CreditTransfer.Core.Domain.Tests.TransferConfigTests.TransferConfig_ValidDailyTransferCountLimits(limit: 20)" storage="e:\lp\upgradestack\credittransfer\migrated\tests\unit\credittransfer.core.domain.tests\bin\debug\net8.0\credittransfer.core.domain.tests.dll" id="64883a83-d036-20cd-a02d-3047ad7dddb0">
      <Execution id="63cbeb2a-a78d-444b-a9ed-7ae528935540" />
      <TestMethod codeBase="E:\LP\UpgradeStack\CreditTransfer\Migrated\tests\Unit\CreditTransfer.Core.Domain.Tests\bin\Debug\net8.0\CreditTransfer.Core.Domain.Tests.dll" adapterTypeName="executor://xunit/VsTestRunner2/netcoreapp" className="CreditTransfer.Core.Domain.Tests.TransferConfigTests" name="TransferConfig_ValidDailyTransferCountLimits" />
    </UnitTest>
    <UnitTest name="CreditTransfer.Core.Domain.Tests.TransactionTests.Transaction_StatusIdMapping(statusId: 5, expectedStatus: TransferFailed)" storage="e:\lp\upgradestack\credittransfer\migrated\tests\unit\credittransfer.core.domain.tests\bin\debug\net8.0\credittransfer.core.domain.tests.dll" id="accd3071-61b0-654e-b900-502b32ba8131">
      <Execution id="c4d2ed26-efd0-454a-8242-6168ffe3c6bc" />
      <TestMethod codeBase="E:\LP\UpgradeStack\CreditTransfer\Migrated\tests\Unit\CreditTransfer.Core.Domain.Tests\bin\Debug\net8.0\CreditTransfer.Core.Domain.Tests.dll" adapterTypeName="executor://xunit/VsTestRunner2/netcoreapp" className="CreditTransfer.Core.Domain.Tests.TransactionTests" name="Transaction_StatusIdMapping" />
    </UnitTest>
    <UnitTest name="CreditTransfer.Core.Domain.Tests.CreditTransferResponseTests.CreditTransferResponse_FactoryMethods_CreateDifferentInstances" storage="e:\lp\upgradestack\credittransfer\migrated\tests\unit\credittransfer.core.domain.tests\bin\debug\net8.0\credittransfer.core.domain.tests.dll" id="f423d096-dffd-9858-8646-d6a41b6cf0a1">
      <Execution id="bd5fe7d6-29a9-4f1a-85a5-fd1db9bf7ec5" />
      <TestMethod codeBase="E:\LP\UpgradeStack\CreditTransfer\Migrated\tests\Unit\CreditTransfer.Core.Domain.Tests\bin\Debug\net8.0\CreditTransfer.Core.Domain.Tests.dll" adapterTypeName="executor://xunit/VsTestRunner2/netcoreapp" className="CreditTransfer.Core.Domain.Tests.CreditTransferResponseTests" name="CreditTransferResponse_FactoryMethods_CreateDifferentInstances" />
    </UnitTest>
    <UnitTest name="CreditTransfer.Core.Domain.Tests.MessageTests.Message_TextEnValidation_LongText" storage="e:\lp\upgradestack\credittransfer\migrated\tests\unit\credittransfer.core.domain.tests\bin\debug\net8.0\credittransfer.core.domain.tests.dll" id="17462fc6-4a7f-03c5-5372-176021418c84">
      <Execution id="72e19b91-172a-4b66-a8b8-2c3d40f4a014" />
      <TestMethod codeBase="E:\LP\UpgradeStack\CreditTransfer\Migrated\tests\Unit\CreditTransfer.Core.Domain.Tests\bin\Debug\net8.0\CreditTransfer.Core.Domain.Tests.dll" adapterTypeName="executor://xunit/VsTestRunner2/netcoreapp" className="CreditTransfer.Core.Domain.Tests.MessageTests" name="Message_TextEnValidation_LongText" />
    </UnitTest>
    <UnitTest name="CreditTransfer.Core.Domain.Tests.TransactionTests.Transaction_AmountValidation_ValidAmounts(amount: 0)" storage="e:\lp\upgradestack\credittransfer\migrated\tests\unit\credittransfer.core.domain.tests\bin\debug\net8.0\credittransfer.core.domain.tests.dll" id="b6a5b61a-a2bc-cd43-e05c-46e45077c4ac">
      <Execution id="4d507d69-b1ec-4989-8d7e-8163164b0326" />
      <TestMethod codeBase="E:\LP\UpgradeStack\CreditTransfer\Migrated\tests\Unit\CreditTransfer.Core.Domain.Tests\bin\Debug\net8.0\CreditTransfer.Core.Domain.Tests.dll" adapterTypeName="executor://xunit/VsTestRunner2/netcoreapp" className="CreditTransfer.Core.Domain.Tests.TransactionTests" name="Transaction_AmountValidation_ValidAmounts" />
    </UnitTest>
    <UnitTest name="CreditTransfer.Core.Domain.Tests.CreditTransferResponseTests.CreditTransferResponse_Error_FactoryMethod_CommonErrorCodes(statusCode: 23, statusMessage: &quot;Insufficient credit&quot;)" storage="e:\lp\upgradestack\credittransfer\migrated\tests\unit\credittransfer.core.domain.tests\bin\debug\net8.0\credittransfer.core.domain.tests.dll" id="109c9710-800c-bb4b-105e-32ad548d0ab6">
      <Execution id="9c9410aa-d22f-42b4-879a-fe4b2813a840" />
      <TestMethod codeBase="E:\LP\UpgradeStack\CreditTransfer\Migrated\tests\Unit\CreditTransfer.Core.Domain.Tests\bin\Debug\net8.0\CreditTransfer.Core.Domain.Tests.dll" adapterTypeName="executor://xunit/VsTestRunner2/netcoreapp" className="CreditTransfer.Core.Domain.Tests.CreditTransferResponseTests" name="CreditTransferResponse_Error_FactoryMethod_CommonErrorCodes" />
    </UnitTest>
    <UnitTest name="CreditTransfer.Core.Domain.Tests.CreditTransferRequestTests.CreditTransferRequest_PinValidation(pin: &quot;&quot;, shouldBeValid: False)" storage="e:\lp\upgradestack\credittransfer\migrated\tests\unit\credittransfer.core.domain.tests\bin\debug\net8.0\credittransfer.core.domain.tests.dll" id="d697c183-9a42-8463-df96-a3d1d103d564">
      <Execution id="a6118eef-4a3d-4ddf-9618-1a0b3caf980a" />
      <TestMethod codeBase="E:\LP\UpgradeStack\CreditTransfer\Migrated\tests\Unit\CreditTransfer.Core.Domain.Tests\bin\Debug\net8.0\CreditTransfer.Core.Domain.Tests.dll" adapterTypeName="executor://xunit/VsTestRunner2/netcoreapp" className="CreditTransfer.Core.Domain.Tests.CreditTransferRequestTests" name="CreditTransferRequest_PinValidation" />
    </UnitTest>
    <UnitTest name="CreditTransfer.Core.Domain.Tests.TransferConfigTests.TransferConfig_ValidMinTransferAmounts(amount: 0.5)" storage="e:\lp\upgradestack\credittransfer\migrated\tests\unit\credittransfer.core.domain.tests\bin\debug\net8.0\credittransfer.core.domain.tests.dll" id="16f9220b-537d-fc89-0528-e66788fbb058">
      <Execution id="c82a9cd0-1337-4b69-b260-d5a907445441" />
      <TestMethod codeBase="E:\LP\UpgradeStack\CreditTransfer\Migrated\tests\Unit\CreditTransfer.Core.Domain.Tests\bin\Debug\net8.0\CreditTransfer.Core.Domain.Tests.dll" adapterTypeName="executor://xunit/VsTestRunner2/netcoreapp" className="CreditTransfer.Core.Domain.Tests.TransferConfigTests" name="TransferConfig_ValidMinTransferAmounts" />
    </UnitTest>
    <UnitTest name="CreditTransfer.Core.Domain.Tests.CreditTransferRequestTests.CreditTransferRequest_BusinessRuleValidation_ZeroAmount" storage="e:\lp\upgradestack\credittransfer\migrated\tests\unit\credittransfer.core.domain.tests\bin\debug\net8.0\credittransfer.core.domain.tests.dll" id="ad00dc2e-2421-4f74-77d6-1fa60c089128">
      <Execution id="da2d3d1c-f322-42c8-aac5-9071bff7a62d" />
      <TestMethod codeBase="E:\LP\UpgradeStack\CreditTransfer\Migrated\tests\Unit\CreditTransfer.Core.Domain.Tests\bin\Debug\net8.0\CreditTransfer.Core.Domain.Tests.dll" adapterTypeName="executor://xunit/VsTestRunner2/netcoreapp" className="CreditTransfer.Core.Domain.Tests.CreditTransferRequestTests" name="CreditTransferRequest_BusinessRuleValidation_ZeroAmount" />
    </UnitTest>
    <UnitTest name="CreditTransfer.Core.Domain.Tests.TransferConfigTests.TransferConfig_DefaultConstructor_SetsDefaultValues" storage="e:\lp\upgradestack\credittransfer\migrated\tests\unit\credittransfer.core.domain.tests\bin\debug\net8.0\credittransfer.core.domain.tests.dll" id="3a793aac-15f7-d0d7-d53f-64539107ab48">
      <Execution id="f46c4a88-aabf-4794-ae97-aab038bd2c58" />
      <TestMethod codeBase="E:\LP\UpgradeStack\CreditTransfer\Migrated\tests\Unit\CreditTransfer.Core.Domain.Tests\bin\Debug\net8.0\CreditTransfer.Core.Domain.Tests.dll" adapterTypeName="executor://xunit/VsTestRunner2/netcoreapp" className="CreditTransfer.Core.Domain.Tests.TransferConfigTests" name="TransferConfig_DefaultConstructor_SetsDefaultValues" />
    </UnitTest>
    <UnitTest name="CreditTransfer.Core.Domain.Tests.CreditTransferRequestTests.CreditTransferRequest_MaxBaisaValidation" storage="e:\lp\upgradestack\credittransfer\migrated\tests\unit\credittransfer.core.domain.tests\bin\debug\net8.0\credittransfer.core.domain.tests.dll" id="c9f97bd0-240a-0913-0d2f-41236d3ef64a">
      <Execution id="fe7c7359-5094-4c9e-9507-4d96b2fedd8a" />
      <TestMethod codeBase="E:\LP\UpgradeStack\CreditTransfer\Migrated\tests\Unit\CreditTransfer.Core.Domain.Tests\bin\Debug\net8.0\CreditTransfer.Core.Domain.Tests.dll" adapterTypeName="executor://xunit/VsTestRunner2/netcoreapp" className="CreditTransfer.Core.Domain.Tests.CreditTransferRequestTests" name="CreditTransferRequest_MaxBaisaValidation" />
    </UnitTest>
    <UnitTest name="CreditTransfer.Core.Domain.Tests.MessageTests.Message_ValidMessageKeys(messageKey: &quot;INVALID_PIN&quot;)" storage="e:\lp\upgradestack\credittransfer\migrated\tests\unit\credittransfer.core.domain.tests\bin\debug\net8.0\credittransfer.core.domain.tests.dll" id="67c7f9c6-6746-7455-72e5-5069d932d46f">
      <Execution id="3c75e516-d262-4ac0-94c1-c262246e9d5c" />
      <TestMethod codeBase="E:\LP\UpgradeStack\CreditTransfer\Migrated\tests\Unit\CreditTransfer.Core.Domain.Tests\bin\Debug\net8.0\CreditTransfer.Core.Domain.Tests.dll" adapterTypeName="executor://xunit/VsTestRunner2/netcoreapp" className="CreditTransfer.Core.Domain.Tests.MessageTests" name="Message_ValidMessageKeys" />
    </UnitTest>
    <UnitTest name="CreditTransfer.Core.Domain.Tests.TransactionTests.Transaction_ExtensionDaysValidation" storage="e:\lp\upgradestack\credittransfer\migrated\tests\unit\credittransfer.core.domain.tests\bin\debug\net8.0\credittransfer.core.domain.tests.dll" id="c4441054-d95c-a494-8575-fe985f4d488c">
      <Execution id="de9907da-7112-470d-8ab7-ac74c5ebd30d" />
      <TestMethod codeBase="E:\LP\UpgradeStack\CreditTransfer\Migrated\tests\Unit\CreditTransfer.Core.Domain.Tests\bin\Debug\net8.0\CreditTransfer.Core.Domain.Tests.dll" adapterTypeName="executor://xunit/VsTestRunner2/netcoreapp" className="CreditTransfer.Core.Domain.Tests.TransactionTests" name="Transaction_ExtensionDaysValidation" />
    </UnitTest>
    <UnitTest name="CreditTransfer.Core.Domain.Tests.TransferConfigTests.TransferConfig_ValidMinTransferAmounts(amount: 1)" storage="e:\lp\upgradestack\credittransfer\migrated\tests\unit\credittransfer.core.domain.tests\bin\debug\net8.0\credittransfer.core.domain.tests.dll" id="5b121498-3b3d-3533-acb0-0f82256e516c">
      <Execution id="5652776e-4c0c-447c-93cd-48ce4fff5565" />
      <TestMethod codeBase="E:\LP\UpgradeStack\CreditTransfer\Migrated\tests\Unit\CreditTransfer.Core.Domain.Tests\bin\Debug\net8.0\CreditTransfer.Core.Domain.Tests.dll" adapterTypeName="executor://xunit/VsTestRunner2/netcoreapp" className="CreditTransfer.Core.Domain.Tests.TransferConfigTests" name="TransferConfig_ValidMinTransferAmounts" />
    </UnitTest>
    <UnitTest name="CreditTransfer.Core.Domain.Tests.MessageTests.Message_EmptyStringsValidation" storage="e:\lp\upgradestack\credittransfer\migrated\tests\unit\credittransfer.core.domain.tests\bin\debug\net8.0\credittransfer.core.domain.tests.dll" id="b3eeb57e-fe0e-6880-abd0-fc99c6ade4f9">
      <Execution id="94e2763f-a24f-4956-820c-eb7f68611c46" />
      <TestMethod codeBase="E:\LP\UpgradeStack\CreditTransfer\Migrated\tests\Unit\CreditTransfer.Core.Domain.Tests\bin\Debug\net8.0\CreditTransfer.Core.Domain.Tests.dll" adapterTypeName="executor://xunit/VsTestRunner2/netcoreapp" className="CreditTransfer.Core.Domain.Tests.MessageTests" name="Message_EmptyStringsValidation" />
    </UnitTest>
    <UnitTest name="CreditTransfer.Core.Domain.Tests.TransactionTests.Transaction_AmountValidation_ValidAmounts(amount: 999.999)" storage="e:\lp\upgradestack\credittransfer\migrated\tests\unit\credittransfer.core.domain.tests\bin\debug\net8.0\credittransfer.core.domain.tests.dll" id="0c2c0107-eddb-845f-9099-ecdbe3a77cdd">
      <Execution id="1c0eea15-8cd2-4910-aa3c-a7346333dfdf" />
      <TestMethod codeBase="E:\LP\UpgradeStack\CreditTransfer\Migrated\tests\Unit\CreditTransfer.Core.Domain.Tests\bin\Debug\net8.0\CreditTransfer.Core.Domain.Tests.dll" adapterTypeName="executor://xunit/VsTestRunner2/netcoreapp" className="CreditTransfer.Core.Domain.Tests.TransactionTests" name="Transaction_AmountValidation_ValidAmounts" />
    </UnitTest>
    <UnitTest name="CreditTransfer.Core.Domain.Tests.CreditTransferRequestTests.CreditTransferRequest_DefaultConstructor_SetsDefaultValues" storage="e:\lp\upgradestack\credittransfer\migrated\tests\unit\credittransfer.core.domain.tests\bin\debug\net8.0\credittransfer.core.domain.tests.dll" id="8cb72716-7c82-36b4-e18b-13f88dc8eb21">
      <Execution id="1e5c51cf-ee10-489e-bf0e-a57a376968bf" />
      <TestMethod codeBase="E:\LP\UpgradeStack\CreditTransfer\Migrated\tests\Unit\CreditTransfer.Core.Domain.Tests\bin\Debug\net8.0\CreditTransfer.Core.Domain.Tests.dll" adapterTypeName="executor://xunit/VsTestRunner2/netcoreapp" className="CreditTransfer.Core.Domain.Tests.CreditTransferRequestTests" name="CreditTransferRequest_DefaultConstructor_SetsDefaultValues" />
    </UnitTest>
    <UnitTest name="CreditTransfer.Core.Domain.Tests.CreditTransferRequestTests.CreditTransferRequest_AmountValidation(riyal: 0, baisa: 1, shouldBeValid: True)" storage="e:\lp\upgradestack\credittransfer\migrated\tests\unit\credittransfer.core.domain.tests\bin\debug\net8.0\credittransfer.core.domain.tests.dll" id="40108095-bb6b-93ff-ee3f-44fa88af755b">
      <Execution id="26896dea-8a32-4abe-b462-965bdda8a085" />
      <TestMethod codeBase="E:\LP\UpgradeStack\CreditTransfer\Migrated\tests\Unit\CreditTransfer.Core.Domain.Tests\bin\Debug\net8.0\CreditTransfer.Core.Domain.Tests.dll" adapterTypeName="executor://xunit/VsTestRunner2/netcoreapp" className="CreditTransfer.Core.Domain.Tests.CreditTransferRequestTests" name="CreditTransferRequest_AmountValidation" />
    </UnitTest>
    <UnitTest name="CreditTransfer.Core.Domain.Tests.CreditTransferRequestTests.CreditTransferRequest_MsisdnValidation(msisdn: &quot;96878715705&quot;, shouldBeValid: True)" storage="e:\lp\upgradestack\credittransfer\migrated\tests\unit\credittransfer.core.domain.tests\bin\debug\net8.0\credittransfer.core.domain.tests.dll" id="18874282-6097-ef05-78ec-3024e4fed2aa">
      <Execution id="161362e2-4123-4052-8f17-b8f81b20cd11" />
      <TestMethod codeBase="E:\LP\UpgradeStack\CreditTransfer\Migrated\tests\Unit\CreditTransfer.Core.Domain.Tests\bin\Debug\net8.0\CreditTransfer.Core.Domain.Tests.dll" adapterTypeName="executor://xunit/VsTestRunner2/netcoreapp" className="CreditTransfer.Core.Domain.Tests.CreditTransferRequestTests" name="CreditTransferRequest_MsisdnValidation" />
    </UnitTest>
    <UnitTest name="CreditTransfer.Core.Domain.Tests.CreditTransferResponseTests.CreditTransferResponse_BusinessRuleValidation_ErrorWithoutAmount" storage="e:\lp\upgradestack\credittransfer\migrated\tests\unit\credittransfer.core.domain.tests\bin\debug\net8.0\credittransfer.core.domain.tests.dll" id="04cb8786-bb84-a64e-2938-0de4f7da0ba4">
      <Execution id="edb56540-a6c9-4ef5-b548-5c63faf392e1" />
      <TestMethod codeBase="E:\LP\UpgradeStack\CreditTransfer\Migrated\tests\Unit\CreditTransfer.Core.Domain.Tests\bin\Debug\net8.0\CreditTransfer.Core.Domain.Tests.dll" adapterTypeName="executor://xunit/VsTestRunner2/netcoreapp" className="CreditTransfer.Core.Domain.Tests.CreditTransferResponseTests" name="CreditTransferResponse_BusinessRuleValidation_ErrorWithoutAmount" />
    </UnitTest>
    <UnitTest name="CreditTransfer.Core.Domain.Tests.TransferConfigTests.TransferConfig_ValidNobillSubscriptionTypes(subscriptionType: &quot;PREPAID&quot;)" storage="e:\lp\upgradestack\credittransfer\migrated\tests\unit\credittransfer.core.domain.tests\bin\debug\net8.0\credittransfer.core.domain.tests.dll" id="7801f3ab-f253-c9be-4ad2-d645eda0a538">
      <Execution id="2671f323-b47d-4019-be72-11ec738960a3" />
      <TestMethod codeBase="E:\LP\UpgradeStack\CreditTransfer\Migrated\tests\Unit\CreditTransfer.Core.Domain.Tests\bin\Debug\net8.0\CreditTransfer.Core.Domain.Tests.dll" adapterTypeName="executor://xunit/VsTestRunner2/netcoreapp" className="CreditTransfer.Core.Domain.Tests.TransferConfigTests" name="TransferConfig_ValidNobillSubscriptionTypes" />
    </UnitTest>
    <UnitTest name="CreditTransfer.Core.Domain.Tests.CreditTransferRequestTests.CreditTransferRequest_LargeAmountValidation" storage="e:\lp\upgradestack\credittransfer\migrated\tests\unit\credittransfer.core.domain.tests\bin\debug\net8.0\credittransfer.core.domain.tests.dll" id="09574a8e-83c8-ab25-a87d-94e67e68e85b">
      <Execution id="0d41e871-5e56-4983-9793-5e2a5d359a51" />
      <TestMethod codeBase="E:\LP\UpgradeStack\CreditTransfer\Migrated\tests\Unit\CreditTransfer.Core.Domain.Tests\bin\Debug\net8.0\CreditTransfer.Core.Domain.Tests.dll" adapterTypeName="executor://xunit/VsTestRunner2/netcoreapp" className="CreditTransfer.Core.Domain.Tests.CreditTransferRequestTests" name="CreditTransferRequest_LargeAmountValidation" />
    </UnitTest>
    <UnitTest name="CreditTransfer.Core.Domain.Tests.MessageTests.Message_KeyValidation_ExactMaxLength" storage="e:\lp\upgradestack\credittransfer\migrated\tests\unit\credittransfer.core.domain.tests\bin\debug\net8.0\credittransfer.core.domain.tests.dll" id="6049d518-1300-c0e6-5033-c86e0b9b5db1">
      <Execution id="2dc6ab89-39c6-4a0f-90d6-820a6af1f02e" />
      <TestMethod codeBase="E:\LP\UpgradeStack\CreditTransfer\Migrated\tests\Unit\CreditTransfer.Core.Domain.Tests\bin\Debug\net8.0\CreditTransfer.Core.Domain.Tests.dll" adapterTypeName="executor://xunit/VsTestRunner2/netcoreapp" className="CreditTransfer.Core.Domain.Tests.MessageTests" name="Message_KeyValidation_ExactMaxLength" />
    </UnitTest>
    <UnitTest name="CreditTransfer.Core.Domain.Tests.TransferConfigTests.TransferConfig_CreditTransferCustomerServiceValidation" storage="e:\lp\upgradestack\credittransfer\migrated\tests\unit\credittransfer.core.domain.tests\bin\debug\net8.0\credittransfer.core.domain.tests.dll" id="ee143c3d-273e-3bfc-9f36-15bdbd1f183a">
      <Execution id="441d0c19-6680-46be-a872-75ccd89785df" />
      <TestMethod codeBase="E:\LP\UpgradeStack\CreditTransfer\Migrated\tests\Unit\CreditTransfer.Core.Domain.Tests\bin\Debug\net8.0\CreditTransfer.Core.Domain.Tests.dll" adapterTypeName="executor://xunit/VsTestRunner2/netcoreapp" className="CreditTransfer.Core.Domain.Tests.TransferConfigTests" name="TransferConfig_CreditTransferCustomerServiceValidation" />
    </UnitTest>
    <UnitTest name="CreditTransfer.Core.Domain.Tests.TransactionTests.Transaction_ReservationIdValidation" storage="e:\lp\upgradestack\credittransfer\migrated\tests\unit\credittransfer.core.domain.tests\bin\debug\net8.0\credittransfer.core.domain.tests.dll" id="5d9b4a38-ec62-871b-6a0f-1592a192ade2">
      <Execution id="6e9c2403-444b-4a7c-b14a-f96f91fc892d" />
      <TestMethod codeBase="E:\LP\UpgradeStack\CreditTransfer\Migrated\tests\Unit\CreditTransfer.Core.Domain.Tests\bin\Debug\net8.0\CreditTransfer.Core.Domain.Tests.dll" adapterTypeName="executor://xunit/VsTestRunner2/netcoreapp" className="CreditTransfer.Core.Domain.Tests.TransactionTests" name="Transaction_ReservationIdValidation" />
    </UnitTest>
    <UnitTest name="CreditTransfer.Core.Domain.Tests.TransferConfigTests.TransferConfig_ValidNobillSubscriptionTypes(subscriptionType: &quot;STAFF&quot;)" storage="e:\lp\upgradestack\credittransfer\migrated\tests\unit\credittransfer.core.domain.tests\bin\debug\net8.0\credittransfer.core.domain.tests.dll" id="d82ebed3-0fc3-0de8-a6a1-f0f00f5bd958">
      <Execution id="b76db42b-eda9-4748-9be9-51b563e7c28b" />
      <TestMethod codeBase="E:\LP\UpgradeStack\CreditTransfer\Migrated\tests\Unit\CreditTransfer.Core.Domain.Tests\bin\Debug\net8.0\CreditTransfer.Core.Domain.Tests.dll" adapterTypeName="executor://xunit/VsTestRunner2/netcoreapp" className="CreditTransfer.Core.Domain.Tests.TransferConfigTests" name="TransferConfig_ValidNobillSubscriptionTypes" />
    </UnitTest>
    <UnitTest name="CreditTransfer.Core.Domain.Tests.ApplicationConfigTests.ApplicationConfig_ValidKeyNames(keyName: &quot;AuthenticatedUserGroup&quot;)" storage="e:\lp\upgradestack\credittransfer\migrated\tests\unit\credittransfer.core.domain.tests\bin\debug\net8.0\credittransfer.core.domain.tests.dll" id="4d3ef771-61b0-f468-c3e0-b7ea917611a4">
      <Execution id="c2600634-b165-4ed4-aa59-5cf0092b45ba" />
      <TestMethod codeBase="E:\LP\UpgradeStack\CreditTransfer\Migrated\tests\Unit\CreditTransfer.Core.Domain.Tests\bin\Debug\net8.0\CreditTransfer.Core.Domain.Tests.dll" adapterTypeName="executor://xunit/VsTestRunner2/netcoreapp" className="CreditTransfer.Core.Domain.Tests.ApplicationConfigTests" name="ApplicationConfig_ValidKeyNames" />
    </UnitTest>
    <UnitTest name="CreditTransfer.Core.Domain.Tests.CreditTransferResponseTests.CreditTransferResponse_IsSuccess_StatusCodeValidation(statusCode: 1, expectedSuccess: False)" storage="e:\lp\upgradestack\credittransfer\migrated\tests\unit\credittransfer.core.domain.tests\bin\debug\net8.0\credittransfer.core.domain.tests.dll" id="dc80ef01-b751-a6a3-b92b-6774f26388a2">
      <Execution id="c38ddfd4-7066-4a2d-830e-0ad6228afacc" />
      <TestMethod codeBase="E:\LP\UpgradeStack\CreditTransfer\Migrated\tests\Unit\CreditTransfer.Core.Domain.Tests\bin\Debug\net8.0\CreditTransfer.Core.Domain.Tests.dll" adapterTypeName="executor://xunit/VsTestRunner2/netcoreapp" className="CreditTransfer.Core.Domain.Tests.CreditTransferResponseTests" name="CreditTransferResponse_IsSuccess_StatusCodeValidation" />
    </UnitTest>
    <UnitTest name="CreditTransfer.Core.Domain.Tests.CreditTransferResponseTests.CreditTransferResponse_StatusCode_NegativeValues" storage="e:\lp\upgradestack\credittransfer\migrated\tests\unit\credittransfer.core.domain.tests\bin\debug\net8.0\credittransfer.core.domain.tests.dll" id="48bf93f7-fb23-62ab-6fec-285cb7bc9794">
      <Execution id="98382a84-5c99-47d1-9d6b-5343d9a7d5b5" />
      <TestMethod codeBase="E:\LP\UpgradeStack\CreditTransfer\Migrated\tests\Unit\CreditTransfer.Core.Domain.Tests\bin\Debug\net8.0\CreditTransfer.Core.Domain.Tests.dll" adapterTypeName="executor://xunit/VsTestRunner2/netcoreapp" className="CreditTransfer.Core.Domain.Tests.CreditTransferResponseTests" name="CreditTransferResponse_StatusCode_NegativeValues" />
    </UnitTest>
    <UnitTest name="CreditTransfer.Core.Domain.Tests.CreditTransferRequestTests.CreditTransferRequest_RequestTimestampCanBeSet" storage="e:\lp\upgradestack\credittransfer\migrated\tests\unit\credittransfer.core.domain.tests\bin\debug\net8.0\credittransfer.core.domain.tests.dll" id="75463ac5-114e-027d-47f9-952596005e01">
      <Execution id="931571bc-e68b-4a14-879e-94d9a9ac0342" />
      <TestMethod codeBase="E:\LP\UpgradeStack\CreditTransfer\Migrated\tests\Unit\CreditTransfer.Core.Domain.Tests\bin\Debug\net8.0\CreditTransfer.Core.Domain.Tests.dll" adapterTypeName="executor://xunit/VsTestRunner2/netcoreapp" className="CreditTransfer.Core.Domain.Tests.CreditTransferRequestTests" name="CreditTransferRequest_RequestTimestampCanBeSet" />
    </UnitTest>
    <UnitTest name="CreditTransfer.Core.Domain.Tests.ApplicationConfigTests.ApplicationConfig_IsActiveCanBeSetToFalse" storage="e:\lp\upgradestack\credittransfer\migrated\tests\unit\credittransfer.core.domain.tests\bin\debug\net8.0\credittransfer.core.domain.tests.dll" id="33aae71a-8443-51e8-029c-b1f4695835bc">
      <Execution id="04094b65-d34e-4fdd-a43f-149c0f14cd61" />
      <TestMethod codeBase="E:\LP\UpgradeStack\CreditTransfer\Migrated\tests\Unit\CreditTransfer.Core.Domain.Tests\bin\Debug\net8.0\CreditTransfer.Core.Domain.Tests.dll" adapterTypeName="executor://xunit/VsTestRunner2/netcoreapp" className="CreditTransfer.Core.Domain.Tests.ApplicationConfigTests" name="ApplicationConfig_IsActiveCanBeSetToFalse" />
    </UnitTest>
    <UnitTest name="CreditTransfer.Core.Domain.Tests.TransactionTests.Transaction_AmountValidation_InvalidAmounts(amount: -10.5)" storage="e:\lp\upgradestack\credittransfer\migrated\tests\unit\credittransfer.core.domain.tests\bin\debug\net8.0\credittransfer.core.domain.tests.dll" id="89c1d4ca-64ab-0d29-b28c-df1b092b10da">
      <Execution id="db67214d-6c11-4bae-a2f1-5ce2c3b764aa" />
      <TestMethod codeBase="E:\LP\UpgradeStack\CreditTransfer\Migrated\tests\Unit\CreditTransfer.Core.Domain.Tests\bin\Debug\net8.0\CreditTransfer.Core.Domain.Tests.dll" adapterTypeName="executor://xunit/VsTestRunner2/netcoreapp" className="CreditTransfer.Core.Domain.Tests.TransactionTests" name="Transaction_AmountValidation_InvalidAmounts" />
    </UnitTest>
    <UnitTest name="CreditTransfer.Core.Domain.Tests.TransferConfigTests.TransferConfig_ValidMinTransferAmounts(amount: 2)" storage="e:\lp\upgradestack\credittransfer\migrated\tests\unit\credittransfer.core.domain.tests\bin\debug\net8.0\credittransfer.core.domain.tests.dll" id="06cfffc4-e188-d199-a775-70293e3e0a85">
      <Execution id="2fa8d18c-9a21-44f3-b263-74ccf1340964" />
      <TestMethod codeBase="E:\LP\UpgradeStack\CreditTransfer\Migrated\tests\Unit\CreditTransfer.Core.Domain.Tests\bin\Debug\net8.0\CreditTransfer.Core.Domain.Tests.dll" adapterTypeName="executor://xunit/VsTestRunner2/netcoreapp" className="CreditTransfer.Core.Domain.Tests.TransferConfigTests" name="TransferConfig_ValidMinTransferAmounts" />
    </UnitTest>
    <UnitTest name="CreditTransfer.Core.Domain.Tests.ApplicationConfigTests.ApplicationConfig_NoteFieldValidation" storage="e:\lp\upgradestack\credittransfer\migrated\tests\unit\credittransfer.core.domain.tests\bin\debug\net8.0\credittransfer.core.domain.tests.dll" id="61c6cd51-b635-83eb-4e30-367375bf87a0">
      <Execution id="9925537a-3468-4ae0-b8cd-82d5a489cd8f" />
      <TestMethod codeBase="E:\LP\UpgradeStack\CreditTransfer\Migrated\tests\Unit\CreditTransfer.Core.Domain.Tests\bin\Debug\net8.0\CreditTransfer.Core.Domain.Tests.dll" adapterTypeName="executor://xunit/VsTestRunner2/netcoreapp" className="CreditTransfer.Core.Domain.Tests.ApplicationConfigTests" name="ApplicationConfig_NoteFieldValidation" />
    </UnitTest>
    <UnitTest name="CreditTransfer.Core.Domain.Tests.TransferConfigTests.TransferConfig_TransferFeesEventIdValidation" storage="e:\lp\upgradestack\credittransfer\migrated\tests\unit\credittransfer.core.domain.tests\bin\debug\net8.0\credittransfer.core.domain.tests.dll" id="1a1eff85-9892-30b2-65ed-435cd8c1dc43">
      <Execution id="8f6e6889-075c-430b-bb18-4049d53f0a03" />
      <TestMethod codeBase="E:\LP\UpgradeStack\CreditTransfer\Migrated\tests\Unit\CreditTransfer.Core.Domain.Tests\bin\Debug\net8.0\CreditTransfer.Core.Domain.Tests.dll" adapterTypeName="executor://xunit/VsTestRunner2/netcoreapp" className="CreditTransfer.Core.Domain.Tests.TransferConfigTests" name="TransferConfig_TransferFeesEventIdValidation" />
    </UnitTest>
    <UnitTest name="CreditTransfer.Core.Domain.Tests.TransferConfigTests.TransferConfig_ValidMaxTransferAmounts(amount: 100)" storage="e:\lp\upgradestack\credittransfer\migrated\tests\unit\credittransfer.core.domain.tests\bin\debug\net8.0\credittransfer.core.domain.tests.dll" id="0c88f880-3e90-8c01-19e7-caa70177c99b">
      <Execution id="21eaaaa8-a369-40b5-b813-faf1c0744e85" />
      <TestMethod codeBase="E:\LP\UpgradeStack\CreditTransfer\Migrated\tests\Unit\CreditTransfer.Core.Domain.Tests\bin\Debug\net8.0\CreditTransfer.Core.Domain.Tests.dll" adapterTypeName="executor://xunit/VsTestRunner2/netcoreapp" className="CreditTransfer.Core.Domain.Tests.TransferConfigTests" name="TransferConfig_ValidMaxTransferAmounts" />
    </UnitTest>
    <UnitTest name="CreditTransfer.Core.Domain.Tests.CreditTransferRequestTests.CreditTransferRequest_AmountValidation(riyal: 10, baisa: 500, shouldBeValid: True)" storage="e:\lp\upgradestack\credittransfer\migrated\tests\unit\credittransfer.core.domain.tests\bin\debug\net8.0\credittransfer.core.domain.tests.dll" id="1580d167-1e4f-ad35-b33c-54836ed1c34e">
      <Execution id="6fd3be01-b21e-4749-b3d9-17fa58775765" />
      <TestMethod codeBase="E:\LP\UpgradeStack\CreditTransfer\Migrated\tests\Unit\CreditTransfer.Core.Domain.Tests\bin\Debug\net8.0\CreditTransfer.Core.Domain.Tests.dll" adapterTypeName="executor://xunit/VsTestRunner2/netcoreapp" className="CreditTransfer.Core.Domain.Tests.CreditTransferRequestTests" name="CreditTransferRequest_AmountValidation" />
    </UnitTest>
    <UnitTest name="CreditTransfer.Core.Domain.Tests.TransactionTests.Transaction_StatusIdMapping(statusId: 4, expectedStatus: Reserved)" storage="e:\lp\upgradestack\credittransfer\migrated\tests\unit\credittransfer.core.domain.tests\bin\debug\net8.0\credittransfer.core.domain.tests.dll" id="48675c5d-0201-b1b2-2fac-e41b65df24d5">
      <Execution id="37f3e438-7674-4fea-93ad-fd4f7a11a970" />
      <TestMethod codeBase="E:\LP\UpgradeStack\CreditTransfer\Migrated\tests\Unit\CreditTransfer.Core.Domain.Tests\bin\Debug\net8.0\CreditTransfer.Core.Domain.Tests.dll" adapterTypeName="executor://xunit/VsTestRunner2/netcoreapp" className="CreditTransfer.Core.Domain.Tests.TransactionTests" name="Transaction_StatusIdMapping" />
    </UnitTest>
    <UnitTest name="CreditTransfer.Core.Domain.Tests.ApplicationConfigTests.ApplicationConfig_CategoryValidation_ValidCategories(category: &quot;Authentication&quot;)" storage="e:\lp\upgradestack\credittransfer\migrated\tests\unit\credittransfer.core.domain.tests\bin\debug\net8.0\credittransfer.core.domain.tests.dll" id="0021e42e-3014-f8a8-5469-85cb9dbff7cb">
      <Execution id="358444ca-f64d-492b-856b-c4b0b7e49e5d" />
      <TestMethod codeBase="E:\LP\UpgradeStack\CreditTransfer\Migrated\tests\Unit\CreditTransfer.Core.Domain.Tests\bin\Debug\net8.0\CreditTransfer.Core.Domain.Tests.dll" adapterTypeName="executor://xunit/VsTestRunner2/netcoreapp" className="CreditTransfer.Core.Domain.Tests.ApplicationConfigTests" name="ApplicationConfig_CategoryValidation_ValidCategories" />
    </UnitTest>
    <UnitTest name="CreditTransfer.Core.Domain.Tests.TransferConfigTests.TransferConfig_ValidMinPostTransferBalances(balance: 1)" storage="e:\lp\upgradestack\credittransfer\migrated\tests\unit\credittransfer.core.domain.tests\bin\debug\net8.0\credittransfer.core.domain.tests.dll" id="63f9e845-f6fc-e2ab-6050-1c6f96a0192b">
      <Execution id="af24349e-4677-4dd3-abff-ab575cee94a8" />
      <TestMethod codeBase="E:\LP\UpgradeStack\CreditTransfer\Migrated\tests\Unit\CreditTransfer.Core.Domain.Tests\bin\Debug\net8.0\CreditTransfer.Core.Domain.Tests.dll" adapterTypeName="executor://xunit/VsTestRunner2/netcoreapp" className="CreditTransfer.Core.Domain.Tests.TransferConfigTests" name="TransferConfig_ValidMinPostTransferBalances" />
    </UnitTest>
    <UnitTest name="CreditTransfer.Core.Domain.Tests.CreditTransferRequestTests.CreditTransferRequest_MsisdnValidation(msisdn: &quot;123456789012345&quot;, shouldBeValid: False)" storage="e:\lp\upgradestack\credittransfer\migrated\tests\unit\credittransfer.core.domain.tests\bin\debug\net8.0\credittransfer.core.domain.tests.dll" id="e95ddaaf-d4bb-435b-25f3-515a608cb868">
      <Execution id="c382b6b7-77af-4fe1-91d3-6321cea3968d" />
      <TestMethod codeBase="E:\LP\UpgradeStack\CreditTransfer\Migrated\tests\Unit\CreditTransfer.Core.Domain.Tests\bin\Debug\net8.0\CreditTransfer.Core.Domain.Tests.dll" adapterTypeName="executor://xunit/VsTestRunner2/netcoreapp" className="CreditTransfer.Core.Domain.Tests.CreditTransferRequestTests" name="CreditTransferRequest_MsisdnValidation" />
    </UnitTest>
    <UnitTest name="CreditTransfer.Core.Domain.Tests.TransferConfigTests.TransferConfig_MinMaxTransferAmountValidation" storage="e:\lp\upgradestack\credittransfer\migrated\tests\unit\credittransfer.core.domain.tests\bin\debug\net8.0\credittransfer.core.domain.tests.dll" id="4b13a4b2-39db-c1f0-c0e9-c4081c572711">
      <Execution id="f75696bc-a279-4489-ad44-35a291fe2b5a" />
      <TestMethod codeBase="E:\LP\UpgradeStack\CreditTransfer\Migrated\tests\Unit\CreditTransfer.Core.Domain.Tests\bin\Debug\net8.0\CreditTransfer.Core.Domain.Tests.dll" adapterTypeName="executor://xunit/VsTestRunner2/netcoreapp" className="CreditTransfer.Core.Domain.Tests.TransferConfigTests" name="TransferConfig_MinMaxTransferAmountValidation" />
    </UnitTest>
    <UnitTest name="CreditTransfer.Core.Domain.Tests.CreditTransferRequestTests.CreditTransferRequest_RequestIdUniqueness" storage="e:\lp\upgradestack\credittransfer\migrated\tests\unit\credittransfer.core.domain.tests\bin\debug\net8.0\credittransfer.core.domain.tests.dll" id="1bf19558-1855-b325-5e9f-53c404480d4a">
      <Execution id="41cc2181-a2ae-44d6-8cfd-6825f54bf721" />
      <TestMethod codeBase="E:\LP\UpgradeStack\CreditTransfer\Migrated\tests\Unit\CreditTransfer.Core.Domain.Tests\bin\Debug\net8.0\CreditTransfer.Core.Domain.Tests.dll" adapterTypeName="executor://xunit/VsTestRunner2/netcoreapp" className="CreditTransfer.Core.Domain.Tests.CreditTransferRequestTests" name="CreditTransferRequest_RequestIdUniqueness" />
    </UnitTest>
    <UnitTest name="CreditTransfer.Core.Domain.Tests.CreditTransferRequestTests.CreditTransferRequest_MsisdnValidation(msisdn: &quot;abcdefghijk&quot;, shouldBeValid: False)" storage="e:\lp\upgradestack\credittransfer\migrated\tests\unit\credittransfer.core.domain.tests\bin\debug\net8.0\credittransfer.core.domain.tests.dll" id="e937709b-c8c8-9059-8ddf-3e6d0c00bfcc">
      <Execution id="3a937f33-247e-4063-9571-0677684542c4" />
      <TestMethod codeBase="E:\LP\UpgradeStack\CreditTransfer\Migrated\tests\Unit\CreditTransfer.Core.Domain.Tests\bin\Debug\net8.0\CreditTransfer.Core.Domain.Tests.dll" adapterTypeName="executor://xunit/VsTestRunner2/netcoreapp" className="CreditTransfer.Core.Domain.Tests.CreditTransferRequestTests" name="CreditTransferRequest_MsisdnValidation" />
    </UnitTest>
    <UnitTest name="CreditTransfer.Core.Domain.Tests.TransactionTests.Transaction_NumberOfRetriesValidation" storage="e:\lp\upgradestack\credittransfer\migrated\tests\unit\credittransfer.core.domain.tests\bin\debug\net8.0\credittransfer.core.domain.tests.dll" id="67df845d-8eca-b3b5-9a41-264b3fcf07d3">
      <Execution id="633cbfde-e8cf-47cf-912a-e78e375ba280" />
      <TestMethod codeBase="E:\LP\UpgradeStack\CreditTransfer\Migrated\tests\Unit\CreditTransfer.Core.Domain.Tests\bin\Debug\net8.0\CreditTransfer.Core.Domain.Tests.dll" adapterTypeName="executor://xunit/VsTestRunner2/netcoreapp" className="CreditTransfer.Core.Domain.Tests.TransactionTests" name="Transaction_NumberOfRetriesValidation" />
    </UnitTest>
    <UnitTest name="CreditTransfer.Core.Domain.Tests.CreditTransferRequestTests.CreditTransferRequest_AdjustmentReasonWithValue" storage="e:\lp\upgradestack\credittransfer\migrated\tests\unit\credittransfer.core.domain.tests\bin\debug\net8.0\credittransfer.core.domain.tests.dll" id="9a3e7c9c-6280-2580-2f5b-a94bc14a5b70">
      <Execution id="7f268d49-750e-4028-ba95-a8c0cedff1b4" />
      <TestMethod codeBase="E:\LP\UpgradeStack\CreditTransfer\Migrated\tests\Unit\CreditTransfer.Core.Domain.Tests\bin\Debug\net8.0\CreditTransfer.Core.Domain.Tests.dll" adapterTypeName="executor://xunit/VsTestRunner2/netcoreapp" className="CreditTransfer.Core.Domain.Tests.CreditTransferRequestTests" name="CreditTransferRequest_AdjustmentReasonWithValue" />
    </UnitTest>
    <UnitTest name="CreditTransfer.Core.Domain.Tests.TransactionTests.Transaction_BackwardsCompatibility_CreationDateProperty" storage="e:\lp\upgradestack\credittransfer\migrated\tests\unit\credittransfer.core.domain.tests\bin\debug\net8.0\credittransfer.core.domain.tests.dll" id="c8519758-6585-ce24-c706-1108d4009106">
      <Execution id="89fe104d-b9cd-4852-af87-22352a0a3146" />
      <TestMethod codeBase="E:\LP\UpgradeStack\CreditTransfer\Migrated\tests\Unit\CreditTransfer.Core.Domain.Tests\bin\Debug\net8.0\CreditTransfer.Core.Domain.Tests.dll" adapterTypeName="executor://xunit/VsTestRunner2/netcoreapp" className="CreditTransfer.Core.Domain.Tests.TransactionTests" name="Transaction_BackwardsCompatibility_CreationDateProperty" />
    </UnitTest>
    <UnitTest name="CreditTransfer.Core.Domain.Tests.TransferConfigTests.TransferConfig_ValidDailyTransferCapLimits(limit: 1000)" storage="e:\lp\upgradestack\credittransfer\migrated\tests\unit\credittransfer.core.domain.tests\bin\debug\net8.0\credittransfer.core.domain.tests.dll" id="52e5fbac-527a-f380-faf9-ebd81fa9e428">
      <Execution id="5dc7d1f2-a0a4-4118-92ef-cdd11e2a6aba" />
      <TestMethod codeBase="E:\LP\UpgradeStack\CreditTransfer\Migrated\tests\Unit\CreditTransfer.Core.Domain.Tests\bin\Debug\net8.0\CreditTransfer.Core.Domain.Tests.dll" adapterTypeName="executor://xunit/VsTestRunner2/netcoreapp" className="CreditTransfer.Core.Domain.Tests.TransferConfigTests" name="TransferConfig_ValidDailyTransferCapLimits" />
    </UnitTest>
    <UnitTest name="CreditTransfer.Core.Domain.Tests.CreditTransferRequestTests.CreditTransferRequest_AmountValidation(riyal: 999, baisa: 999, shouldBeValid: True)" storage="e:\lp\upgradestack\credittransfer\migrated\tests\unit\credittransfer.core.domain.tests\bin\debug\net8.0\credittransfer.core.domain.tests.dll" id="c854350b-a126-8883-3180-1718356be97d">
      <Execution id="3657920e-2f86-49ba-ae1a-c54f3c2bb11d" />
      <TestMethod codeBase="E:\LP\UpgradeStack\CreditTransfer\Migrated\tests\Unit\CreditTransfer.Core.Domain.Tests\bin\Debug\net8.0\CreditTransfer.Core.Domain.Tests.dll" adapterTypeName="executor://xunit/VsTestRunner2/netcoreapp" className="CreditTransfer.Core.Domain.Tests.CreditTransferRequestTests" name="CreditTransferRequest_AmountValidation" />
    </UnitTest>
    <UnitTest name="CreditTransfer.Core.Domain.Tests.TransferConfigTests.TransferConfig_ValidDailyTransferCountLimits(limit: 5)" storage="e:\lp\upgradestack\credittransfer\migrated\tests\unit\credittransfer.core.domain.tests\bin\debug\net8.0\credittransfer.core.domain.tests.dll" id="7c193b72-af84-280e-524e-d98df7484c3e">
      <Execution id="fbe935ff-3201-4721-90df-f86d81e8d9d9" />
      <TestMethod codeBase="E:\LP\UpgradeStack\CreditTransfer\Migrated\tests\Unit\CreditTransfer.Core.Domain.Tests\bin\Debug\net8.0\CreditTransfer.Core.Domain.Tests.dll" adapterTypeName="executor://xunit/VsTestRunner2/netcoreapp" className="CreditTransfer.Core.Domain.Tests.TransferConfigTests" name="TransferConfig_ValidDailyTransferCountLimits" />
    </UnitTest>
    <UnitTest name="CreditTransfer.Core.Domain.Tests.CreditTransferResponseTests.CreditTransferResponse_ErrorHandling_DataIntegrity" storage="e:\lp\upgradestack\credittransfer\migrated\tests\unit\credittransfer.core.domain.tests\bin\debug\net8.0\credittransfer.core.domain.tests.dll" id="9260430a-4029-c613-6fa4-e9974cb9942d">
      <Execution id="ebf94965-ea35-43bf-839f-f2fbce938c71" />
      <TestMethod codeBase="E:\LP\UpgradeStack\CreditTransfer\Migrated\tests\Unit\CreditTransfer.Core.Domain.Tests\bin\Debug\net8.0\CreditTransfer.Core.Domain.Tests.dll" adapterTypeName="executor://xunit/VsTestRunner2/netcoreapp" className="CreditTransfer.Core.Domain.Tests.CreditTransferResponseTests" name="CreditTransferResponse_ErrorHandling_DataIntegrity" />
    </UnitTest>
    <UnitTest name="CreditTransfer.Core.Domain.Tests.CreditTransferResponseTests.CreditTransferResponse_Error_FactoryMethod_CommonErrorCodes(statusCode: 27, statusMessage: &quot;Destination phone number not found&quot;)" storage="e:\lp\upgradestack\credittransfer\migrated\tests\unit\credittransfer.core.domain.tests\bin\debug\net8.0\credittransfer.core.domain.tests.dll" id="80ffa8fb-f457-eaa1-ba3c-b041158751d8">
      <Execution id="46853b83-f372-4ad0-9092-0a45e50202e3" />
      <TestMethod codeBase="E:\LP\UpgradeStack\CreditTransfer\Migrated\tests\Unit\CreditTransfer.Core.Domain.Tests\bin\Debug\net8.0\CreditTransfer.Core.Domain.Tests.dll" adapterTypeName="executor://xunit/VsTestRunner2/netcoreapp" className="CreditTransfer.Core.Domain.Tests.CreditTransferResponseTests" name="CreditTransferResponse_Error_FactoryMethod_CommonErrorCodes" />
    </UnitTest>
    <UnitTest name="CreditTransfer.Core.Domain.Tests.TransferConfigTests.TransferConfig_NullableFieldsValidation" storage="e:\lp\upgradestack\credittransfer\migrated\tests\unit\credittransfer.core.domain.tests\bin\debug\net8.0\credittransfer.core.domain.tests.dll" id="cd368295-f77d-3c7e-ceb4-b307ac0acce8">
      <Execution id="cd7c97c0-481b-4e20-b576-44493f3d6d2a" />
      <TestMethod codeBase="E:\LP\UpgradeStack\CreditTransfer\Migrated\tests\Unit\CreditTransfer.Core.Domain.Tests\bin\Debug\net8.0\CreditTransfer.Core.Domain.Tests.dll" adapterTypeName="executor://xunit/VsTestRunner2/netcoreapp" className="CreditTransfer.Core.Domain.Tests.TransferConfigTests" name="TransferConfig_NullableFieldsValidation" />
    </UnitTest>
    <UnitTest name="CreditTransfer.Core.Domain.Tests.ApplicationConfigTests.ApplicationConfig_CategoryValidation_ValidCategories(category: &quot;General&quot;)" storage="e:\lp\upgradestack\credittransfer\migrated\tests\unit\credittransfer.core.domain.tests\bin\debug\net8.0\credittransfer.core.domain.tests.dll" id="bdd649c8-9a96-ce37-2634-1bdf5e77746f">
      <Execution id="ceb0a2e3-c87b-43df-8b48-ad228a58d18d" />
      <TestMethod codeBase="E:\LP\UpgradeStack\CreditTransfer\Migrated\tests\Unit\CreditTransfer.Core.Domain.Tests\bin\Debug\net8.0\CreditTransfer.Core.Domain.Tests.dll" adapterTypeName="executor://xunit/VsTestRunner2/netcoreapp" className="CreditTransfer.Core.Domain.Tests.ApplicationConfigTests" name="ApplicationConfig_CategoryValidation_ValidCategories" />
    </UnitTest>
    <UnitTest name="CreditTransfer.Core.Domain.Tests.ApplicationConfigTests.ApplicationConfig_LastModifiedCanBeSet" storage="e:\lp\upgradestack\credittransfer\migrated\tests\unit\credittransfer.core.domain.tests\bin\debug\net8.0\credittransfer.core.domain.tests.dll" id="cfddb974-f13e-9e19-a0c4-c156f3f62bfd">
      <Execution id="47fd82d3-3a46-4459-b19d-92eb0db07105" />
      <TestMethod codeBase="E:\LP\UpgradeStack\CreditTransfer\Migrated\tests\Unit\CreditTransfer.Core.Domain.Tests\bin\Debug\net8.0\CreditTransfer.Core.Domain.Tests.dll" adapterTypeName="executor://xunit/VsTestRunner2/netcoreapp" className="CreditTransfer.Core.Domain.Tests.ApplicationConfigTests" name="ApplicationConfig_LastModifiedCanBeSet" />
    </UnitTest>
    <UnitTest name="CreditTransfer.Core.Domain.Tests.ApplicationConfigTests.ApplicationConfig_ValidKeyNames(keyName: &quot;DailyTransferLimit&quot;)" storage="e:\lp\upgradestack\credittransfer\migrated\tests\unit\credittransfer.core.domain.tests\bin\debug\net8.0\credittransfer.core.domain.tests.dll" id="b78515ad-be33-05b9-8bb1-c33574bd5c0d">
      <Execution id="77edeca5-6b64-4cbb-a8a3-2ba0b9190390" />
      <TestMethod codeBase="E:\LP\UpgradeStack\CreditTransfer\Migrated\tests\Unit\CreditTransfer.Core.Domain.Tests\bin\Debug\net8.0\CreditTransfer.Core.Domain.Tests.dll" adapterTypeName="executor://xunit/VsTestRunner2/netcoreapp" className="CreditTransfer.Core.Domain.Tests.ApplicationConfigTests" name="ApplicationConfig_ValidKeyNames" />
    </UnitTest>
    <UnitTest name="CreditTransfer.Core.Domain.Tests.ApplicationConfigTests.ApplicationConfig_TimestampValidation" storage="e:\lp\upgradestack\credittransfer\migrated\tests\unit\credittransfer.core.domain.tests\bin\debug\net8.0\credittransfer.core.domain.tests.dll" id="2a158b1f-0470-5403-5ec6-e992d2009c05">
      <Execution id="ccbbaa7f-fc6b-4c8a-94fd-46910a0cd820" />
      <TestMethod codeBase="E:\LP\UpgradeStack\CreditTransfer\Migrated\tests\Unit\CreditTransfer.Core.Domain.Tests\bin\Debug\net8.0\CreditTransfer.Core.Domain.Tests.dll" adapterTypeName="executor://xunit/VsTestRunner2/netcoreapp" className="CreditTransfer.Core.Domain.Tests.ApplicationConfigTests" name="ApplicationConfig_TimestampValidation" />
    </UnitTest>
    <UnitTest name="CreditTransfer.Core.Domain.Tests.MessageTests.Message_MessageTemplateValidation_WithParameters" storage="e:\lp\upgradestack\credittransfer\migrated\tests\unit\credittransfer.core.domain.tests\bin\debug\net8.0\credittransfer.core.domain.tests.dll" id="62c9d2a5-2f91-6e8e-28f8-25e1d2b6b706">
      <Execution id="a6c562be-a5ff-4c34-9768-c939992845f5" />
      <TestMethod codeBase="E:\LP\UpgradeStack\CreditTransfer\Migrated\tests\Unit\CreditTransfer.Core.Domain.Tests\bin\Debug\net8.0\CreditTransfer.Core.Domain.Tests.dll" adapterTypeName="executor://xunit/VsTestRunner2/netcoreapp" className="CreditTransfer.Core.Domain.Tests.MessageTests" name="Message_MessageTemplateValidation_WithParameters" />
    </UnitTest>
    <UnitTest name="CreditTransfer.Core.Domain.Tests.ApplicationConfigTests.ApplicationConfig_ValueValidation_RequiredAttribute" storage="e:\lp\upgradestack\credittransfer\migrated\tests\unit\credittransfer.core.domain.tests\bin\debug\net8.0\credittransfer.core.domain.tests.dll" id="ae599124-f392-ee91-638d-a04a31909741">
      <Execution id="c6154ef3-9c31-48c1-862d-bf6a3df695d9" />
      <TestMethod codeBase="E:\LP\UpgradeStack\CreditTransfer\Migrated\tests\Unit\CreditTransfer.Core.Domain.Tests\bin\Debug\net8.0\CreditTransfer.Core.Domain.Tests.dll" adapterTypeName="executor://xunit/VsTestRunner2/netcoreapp" className="CreditTransfer.Core.Domain.Tests.ApplicationConfigTests" name="ApplicationConfig_ValueValidation_RequiredAttribute" />
    </UnitTest>
    <UnitTest name="CreditTransfer.Core.Domain.Tests.CreditTransferRequestTests.CreditTransferRequest_UserNameValidation(userName: &quot;&quot;, shouldBeValid: False)" storage="e:\lp\upgradestack\credittransfer\migrated\tests\unit\credittransfer.core.domain.tests\bin\debug\net8.0\credittransfer.core.domain.tests.dll" id="02730dde-a18f-78b8-02b2-c33afb0ca265">
      <Execution id="a7d7a6ab-4fe8-49fc-b4e6-33785fa32476" />
      <TestMethod codeBase="E:\LP\UpgradeStack\CreditTransfer\Migrated\tests\Unit\CreditTransfer.Core.Domain.Tests\bin\Debug\net8.0\CreditTransfer.Core.Domain.Tests.dll" adapterTypeName="executor://xunit/VsTestRunner2/netcoreapp" className="CreditTransfer.Core.Domain.Tests.CreditTransferRequestTests" name="CreditTransferRequest_UserNameValidation" />
    </UnitTest>
    <UnitTest name="CreditTransfer.Core.Domain.Tests.ApplicationConfigTests.ApplicationConfig_CategoryValidation_MaxLength" storage="e:\lp\upgradestack\credittransfer\migrated\tests\unit\credittransfer.core.domain.tests\bin\debug\net8.0\credittransfer.core.domain.tests.dll" id="15fde442-ea04-642f-4724-b3db7ca60d1c">
      <Execution id="f09fedaf-dad5-4517-aa9e-cb910502ceae" />
      <TestMethod codeBase="E:\LP\UpgradeStack\CreditTransfer\Migrated\tests\Unit\CreditTransfer.Core.Domain.Tests\bin\Debug\net8.0\CreditTransfer.Core.Domain.Tests.dll" adapterTypeName="executor://xunit/VsTestRunner2/netcoreapp" className="CreditTransfer.Core.Domain.Tests.ApplicationConfigTests" name="ApplicationConfig_CategoryValidation_MaxLength" />
    </UnitTest>
    <UnitTest name="CreditTransfer.Core.Domain.Tests.ApplicationConfigTests.ApplicationConfig_CreatedByValidation_MaxLength" storage="e:\lp\upgradestack\credittransfer\migrated\tests\unit\credittransfer.core.domain.tests\bin\debug\net8.0\credittransfer.core.domain.tests.dll" id="ba9b2b5e-49e7-b4b8-2f18-1b45fd3d39bd">
      <Execution id="4c918ebd-ff3a-4083-984b-6e12c11d8dbc" />
      <TestMethod codeBase="E:\LP\UpgradeStack\CreditTransfer\Migrated\tests\Unit\CreditTransfer.Core.Domain.Tests\bin\Debug\net8.0\CreditTransfer.Core.Domain.Tests.dll" adapterTypeName="executor://xunit/VsTestRunner2/netcoreapp" className="CreditTransfer.Core.Domain.Tests.ApplicationConfigTests" name="ApplicationConfig_CreatedByValidation_MaxLength" />
    </UnitTest>
    <UnitTest name="CreditTransfer.Core.Domain.Tests.CreditTransferResponseTests.CreditTransferResponse_IsSuccess_StatusCodeValidation(statusCode: 404, expectedSuccess: False)" storage="e:\lp\upgradestack\credittransfer\migrated\tests\unit\credittransfer.core.domain.tests\bin\debug\net8.0\credittransfer.core.domain.tests.dll" id="1f30d171-c861-ba60-8f8b-4626e2902586">
      <Execution id="34dee30f-d680-45b2-b126-f77f93b2b70f" />
      <TestMethod codeBase="E:\LP\UpgradeStack\CreditTransfer\Migrated\tests\Unit\CreditTransfer.Core.Domain.Tests\bin\Debug\net8.0\CreditTransfer.Core.Domain.Tests.dll" adapterTypeName="executor://xunit/VsTestRunner2/netcoreapp" className="CreditTransfer.Core.Domain.Tests.CreditTransferResponseTests" name="CreditTransferResponse_IsSuccess_StatusCodeValidation" />
    </UnitTest>
    <UnitTest name="CreditTransfer.Core.Domain.Tests.CreditTransferResponseTests.CreditTransferResponse_IsSuccess_StatusCodeValidation(statusCode: 2, expectedSuccess: False)" storage="e:\lp\upgradestack\credittransfer\migrated\tests\unit\credittransfer.core.domain.tests\bin\debug\net8.0\credittransfer.core.domain.tests.dll" id="98c01ec7-b285-5d99-9749-17c268c71e2b">
      <Execution id="c4d97dc7-23d5-4c7b-9b86-21b355807e46" />
      <TestMethod codeBase="E:\LP\UpgradeStack\CreditTransfer\Migrated\tests\Unit\CreditTransfer.Core.Domain.Tests\bin\Debug\net8.0\CreditTransfer.Core.Domain.Tests.dll" adapterTypeName="executor://xunit/VsTestRunner2/netcoreapp" className="CreditTransfer.Core.Domain.Tests.CreditTransferResponseTests" name="CreditTransferResponse_IsSuccess_StatusCodeValidation" />
    </UnitTest>
    <UnitTest name="CreditTransfer.Core.Domain.Tests.CreditTransferRequestTests.CreditTransferRequest_MsisdnValidation(msisdn: &quot;96898455550&quot;, shouldBeValid: True)" storage="e:\lp\upgradestack\credittransfer\migrated\tests\unit\credittransfer.core.domain.tests\bin\debug\net8.0\credittransfer.core.domain.tests.dll" id="8d890cda-39d9-ec46-c8af-f7b772ef1a4c">
      <Execution id="21ac5e25-278e-4c6e-90a9-7e1b02d9381c" />
      <TestMethod codeBase="E:\LP\UpgradeStack\CreditTransfer\Migrated\tests\Unit\CreditTransfer.Core.Domain.Tests\bin\Debug\net8.0\CreditTransfer.Core.Domain.Tests.dll" adapterTypeName="executor://xunit/VsTestRunner2/netcoreapp" className="CreditTransfer.Core.Domain.Tests.CreditTransferRequestTests" name="CreditTransferRequest_MsisdnValidation" />
    </UnitTest>
    <UnitTest name="CreditTransfer.Core.Domain.Tests.CreditTransferResponseTests.CreditTransferResponse_ProcessedAmount_OptionalField" storage="e:\lp\upgradestack\credittransfer\migrated\tests\unit\credittransfer.core.domain.tests\bin\debug\net8.0\credittransfer.core.domain.tests.dll" id="5caf01c3-a8f8-7ccc-b96e-61659b66343f">
      <Execution id="20c26b9d-d6e8-4340-9f49-a7225a320fa6" />
      <TestMethod codeBase="E:\LP\UpgradeStack\CreditTransfer\Migrated\tests\Unit\CreditTransfer.Core.Domain.Tests\bin\Debug\net8.0\CreditTransfer.Core.Domain.Tests.dll" adapterTypeName="executor://xunit/VsTestRunner2/netcoreapp" className="CreditTransfer.Core.Domain.Tests.CreditTransferResponseTests" name="CreditTransferResponse_ProcessedAmount_OptionalField" />
    </UnitTest>
    <UnitTest name="CreditTransfer.Core.Domain.Tests.TransactionTests.Transaction_OptionalPropertiesInitialization" storage="e:\lp\upgradestack\credittransfer\migrated\tests\unit\credittransfer.core.domain.tests\bin\debug\net8.0\credittransfer.core.domain.tests.dll" id="e74cde13-5215-39eb-602f-709bd8c97b7e">
      <Execution id="34e78c3e-8247-46b6-88aa-9554f6274982" />
      <TestMethod codeBase="E:\LP\UpgradeStack\CreditTransfer\Migrated\tests\Unit\CreditTransfer.Core.Domain.Tests\bin\Debug\net8.0\CreditTransfer.Core.Domain.Tests.dll" adapterTypeName="executor://xunit/VsTestRunner2/netcoreapp" className="CreditTransfer.Core.Domain.Tests.TransactionTests" name="Transaction_OptionalPropertiesInitialization" />
    </UnitTest>
    <UnitTest name="CreditTransfer.Core.Domain.Tests.MessageTests.Message_KeyValidation_MaxLength" storage="e:\lp\upgradestack\credittransfer\migrated\tests\unit\credittransfer.core.domain.tests\bin\debug\net8.0\credittransfer.core.domain.tests.dll" id="9632a245-432c-3bf2-28fe-f67f28e24287">
      <Execution id="05722726-96bd-4ea9-8379-0998d18a604a" />
      <TestMethod codeBase="E:\LP\UpgradeStack\CreditTransfer\Migrated\tests\Unit\CreditTransfer.Core.Domain.Tests\bin\Debug\net8.0\CreditTransfer.Core.Domain.Tests.dll" adapterTypeName="executor://xunit/VsTestRunner2/netcoreapp" className="CreditTransfer.Core.Domain.Tests.MessageTests" name="Message_KeyValidation_MaxLength" />
    </UnitTest>
    <UnitTest name="CreditTransfer.Core.Domain.Tests.ApplicationConfigTests.ApplicationConfig_ValueValidation_ValidValues(value: &quot;true&quot;)" storage="e:\lp\upgradestack\credittransfer\migrated\tests\unit\credittransfer.core.domain.tests\bin\debug\net8.0\credittransfer.core.domain.tests.dll" id="8550ab21-17fb-c51c-a66b-75974839b399">
      <Execution id="c779abde-0ac6-4b4f-9a27-6db586332590" />
      <TestMethod codeBase="E:\LP\UpgradeStack\CreditTransfer\Migrated\tests\Unit\CreditTransfer.Core.Domain.Tests\bin\Debug\net8.0\CreditTransfer.Core.Domain.Tests.dll" adapterTypeName="executor://xunit/VsTestRunner2/netcoreapp" className="CreditTransfer.Core.Domain.Tests.ApplicationConfigTests" name="ApplicationConfig_ValueValidation_ValidValues" />
    </UnitTest>
    <UnitTest name="CreditTransfer.Core.Domain.Tests.CreditTransferResponseTests.CreditTransferResponse_TimestampValidation_Consistency" storage="e:\lp\upgradestack\credittransfer\migrated\tests\unit\credittransfer.core.domain.tests\bin\debug\net8.0\credittransfer.core.domain.tests.dll" id="d53de25c-fc92-d860-01fc-11dd6afaba5c">
      <Execution id="33788eef-4341-438d-90a4-a4bdd2f83791" />
      <TestMethod codeBase="E:\LP\UpgradeStack\CreditTransfer\Migrated\tests\Unit\CreditTransfer.Core.Domain.Tests\bin\Debug\net8.0\CreditTransfer.Core.Domain.Tests.dll" adapterTypeName="executor://xunit/VsTestRunner2/netcoreapp" className="CreditTransfer.Core.Domain.Tests.CreditTransferResponseTests" name="CreditTransferResponse_TimestampValidation_Consistency" />
    </UnitTest>
    <UnitTest name="CreditTransfer.Core.Domain.Tests.CreditTransferRequestTests.CreditTransferRequest_RequestIdGuidFormat" storage="e:\lp\upgradestack\credittransfer\migrated\tests\unit\credittransfer.core.domain.tests\bin\debug\net8.0\credittransfer.core.domain.tests.dll" id="dc8e19d9-a4e3-b368-432d-463f752c1673">
      <Execution id="196c48df-c438-4e05-824c-ae8abfa7e9a1" />
      <TestMethod codeBase="E:\LP\UpgradeStack\CreditTransfer\Migrated\tests\Unit\CreditTransfer.Core.Domain.Tests\bin\Debug\net8.0\CreditTransfer.Core.Domain.Tests.dll" adapterTypeName="executor://xunit/VsTestRunner2/netcoreapp" className="CreditTransfer.Core.Domain.Tests.CreditTransferRequestTests" name="CreditTransferRequest_RequestIdGuidFormat" />
    </UnitTest>
    <UnitTest name="CreditTransfer.Core.Domain.Tests.TransferConfigTests.TransferConfig_PermissiveTransferValidation" storage="e:\lp\upgradestack\credittransfer\migrated\tests\unit\credittransfer.core.domain.tests\bin\debug\net8.0\credittransfer.core.domain.tests.dll" id="3864fe4b-5857-221b-f89d-a22deacb5eed">
      <Execution id="d0dfe29b-0fdb-4283-b541-4a52e1a4b58c" />
      <TestMethod codeBase="E:\LP\UpgradeStack\CreditTransfer\Migrated\tests\Unit\CreditTransfer.Core.Domain.Tests\bin\Debug\net8.0\CreditTransfer.Core.Domain.Tests.dll" adapterTypeName="executor://xunit/VsTestRunner2/netcoreapp" className="CreditTransfer.Core.Domain.Tests.TransferConfigTests" name="TransferConfig_PermissiveTransferValidation" />
    </UnitTest>
    <UnitTest name="CreditTransfer.Core.Domain.Tests.TransferConfigTests.TransferConfig_ValidDailyTransferCountLimits(limit: 1)" storage="e:\lp\upgradestack\credittransfer\migrated\tests\unit\credittransfer.core.domain.tests\bin\debug\net8.0\credittransfer.core.domain.tests.dll" id="a265ca5d-2541-8d3c-1741-c4860c58e76d">
      <Execution id="f52c2160-2018-46e4-994b-aeee9525e200" />
      <TestMethod codeBase="E:\LP\UpgradeStack\CreditTransfer\Migrated\tests\Unit\CreditTransfer.Core.Domain.Tests\bin\Debug\net8.0\CreditTransfer.Core.Domain.Tests.dll" adapterTypeName="executor://xunit/VsTestRunner2/netcoreapp" className="CreditTransfer.Core.Domain.Tests.TransferConfigTests" name="TransferConfig_ValidDailyTransferCountLimits" />
    </UnitTest>
    <UnitTest name="CreditTransfer.Core.Domain.Tests.ApplicationConfigTests.ApplicationConfig_ConfigurationHierarchyValidation" storage="e:\lp\upgradestack\credittransfer\migrated\tests\unit\credittransfer.core.domain.tests\bin\debug\net8.0\credittransfer.core.domain.tests.dll" id="8ee75741-88fd-f88b-ab01-64fcbddf388b">
      <Execution id="37256901-8f30-4ccd-8339-3ad13ef66865" />
      <TestMethod codeBase="E:\LP\UpgradeStack\CreditTransfer\Migrated\tests\Unit\CreditTransfer.Core.Domain.Tests\bin\Debug\net8.0\CreditTransfer.Core.Domain.Tests.dll" adapterTypeName="executor://xunit/VsTestRunner2/netcoreapp" className="CreditTransfer.Core.Domain.Tests.ApplicationConfigTests" name="ApplicationConfig_ConfigurationHierarchyValidation" />
    </UnitTest>
    <UnitTest name="CreditTransfer.Core.Domain.Tests.TransferConfigTests.TransferConfig_ValidMaxTransferAmounts(amount: 500)" storage="e:\lp\upgradestack\credittransfer\migrated\tests\unit\credittransfer.core.domain.tests\bin\debug\net8.0\credittransfer.core.domain.tests.dll" id="54285a2f-f5c1-8ff9-cdbd-5ffae220a034">
      <Execution id="be08d3ee-7360-4a8f-a119-c826e68bf4bc" />
      <TestMethod codeBase="E:\LP\UpgradeStack\CreditTransfer\Migrated\tests\Unit\CreditTransfer.Core.Domain.Tests\bin\Debug\net8.0\CreditTransfer.Core.Domain.Tests.dll" adapterTypeName="executor://xunit/VsTestRunner2/netcoreapp" className="CreditTransfer.Core.Domain.Tests.TransferConfigTests" name="TransferConfig_ValidMaxTransferAmounts" />
    </UnitTest>
    <UnitTest name="CreditTransfer.Core.Domain.Tests.CreditTransferResponseTests.CreditTransferResponse_PropertiesSetCorrectly" storage="e:\lp\upgradestack\credittransfer\migrated\tests\unit\credittransfer.core.domain.tests\bin\debug\net8.0\credittransfer.core.domain.tests.dll" id="d86a30ce-ede2-82b3-8089-fc19f88adc26">
      <Execution id="264146ea-82fb-4b7e-9134-e20e3244bf8a" />
      <TestMethod codeBase="E:\LP\UpgradeStack\CreditTransfer\Migrated\tests\Unit\CreditTransfer.Core.Domain.Tests\bin\Debug\net8.0\CreditTransfer.Core.Domain.Tests.dll" adapterTypeName="executor://xunit/VsTestRunner2/netcoreapp" className="CreditTransfer.Core.Domain.Tests.CreditTransferResponseTests" name="CreditTransferResponse_PropertiesSetCorrectly" />
    </UnitTest>
    <UnitTest name="CreditTransfer.Core.Domain.Tests.TransferConfigTests.TransferConfig_ValidDailyTransferCountLimits(limit: 10)" storage="e:\lp\upgradestack\credittransfer\migrated\tests\unit\credittransfer.core.domain.tests\bin\debug\net8.0\credittransfer.core.domain.tests.dll" id="c9cdd7ec-965f-30e1-0467-529a293dbc80">
      <Execution id="ed2f93a7-d23b-40bf-865a-46947f94d456" />
      <TestMethod codeBase="E:\LP\UpgradeStack\CreditTransfer\Migrated\tests\Unit\CreditTransfer.Core.Domain.Tests\bin\Debug\net8.0\CreditTransfer.Core.Domain.Tests.dll" adapterTypeName="executor://xunit/VsTestRunner2/netcoreapp" className="CreditTransfer.Core.Domain.Tests.TransferConfigTests" name="TransferConfig_ValidDailyTransferCountLimits" />
    </UnitTest>
    <UnitTest name="CreditTransfer.Core.Domain.Tests.ApplicationConfigTests.ApplicationConfig_DescriptionValidation_MaxLength" storage="e:\lp\upgradestack\credittransfer\migrated\tests\unit\credittransfer.core.domain.tests\bin\debug\net8.0\credittransfer.core.domain.tests.dll" id="8d6b12d9-5dc8-1768-b650-0b3020026a84">
      <Execution id="f78ddd39-be97-4ae8-b80e-30ee7ac1c2ba" />
      <TestMethod codeBase="E:\LP\UpgradeStack\CreditTransfer\Migrated\tests\Unit\CreditTransfer.Core.Domain.Tests\bin\Debug\net8.0\CreditTransfer.Core.Domain.Tests.dll" adapterTypeName="executor://xunit/VsTestRunner2/netcoreapp" className="CreditTransfer.Core.Domain.Tests.ApplicationConfigTests" name="ApplicationConfig_DescriptionValidation_MaxLength" />
    </UnitTest>
    <UnitTest name="CreditTransfer.Core.Domain.Tests.CreditTransferResponseTests.CreditTransferResponse_StatusCode_LargeValues" storage="e:\lp\upgradestack\credittransfer\migrated\tests\unit\credittransfer.core.domain.tests\bin\debug\net8.0\credittransfer.core.domain.tests.dll" id="b6645776-775d-de02-c751-5a4f7d866d8e">
      <Execution id="3acd15d6-6685-4fcb-923d-76cc2911043e" />
      <TestMethod codeBase="E:\LP\UpgradeStack\CreditTransfer\Migrated\tests\Unit\CreditTransfer.Core.Domain.Tests\bin\Debug\net8.0\CreditTransfer.Core.Domain.Tests.dll" adapterTypeName="executor://xunit/VsTestRunner2/netcoreapp" className="CreditTransfer.Core.Domain.Tests.CreditTransferResponseTests" name="CreditTransferResponse_StatusCode_LargeValues" />
    </UnitTest>
    <UnitTest name="CreditTransfer.Core.Domain.Tests.CreditTransferResponseTests.CreditTransferResponse_ResponseTimestamp_AutoGeneration" storage="e:\lp\upgradestack\credittransfer\migrated\tests\unit\credittransfer.core.domain.tests\bin\debug\net8.0\credittransfer.core.domain.tests.dll" id="adcdaf42-d079-6ac6-2c04-de0fb125a253">
      <Execution id="c4428cd2-d066-42f8-b6ae-2f9353fb6172" />
      <TestMethod codeBase="E:\LP\UpgradeStack\CreditTransfer\Migrated\tests\Unit\CreditTransfer.Core.Domain.Tests\bin\Debug\net8.0\CreditTransfer.Core.Domain.Tests.dll" adapterTypeName="executor://xunit/VsTestRunner2/netcoreapp" className="CreditTransfer.Core.Domain.Tests.CreditTransferResponseTests" name="CreditTransferResponse_ResponseTimestamp_AutoGeneration" />
    </UnitTest>
    <UnitTest name="CreditTransfer.Core.Domain.Tests.MessageTests.Message_ValidMessageKeys(messageKey: &quot;TRANSFER_SUCCESS&quot;)" storage="e:\lp\upgradestack\credittransfer\migrated\tests\unit\credittransfer.core.domain.tests\bin\debug\net8.0\credittransfer.core.domain.tests.dll" id="9d2bd91e-8b77-d545-068b-4c16ba02646d">
      <Execution id="c41c4fde-70fd-4e25-b1d7-0393ba862b11" />
      <TestMethod codeBase="E:\LP\UpgradeStack\CreditTransfer\Migrated\tests\Unit\CreditTransfer.Core.Domain.Tests\bin\Debug\net8.0\CreditTransfer.Core.Domain.Tests.dll" adapterTypeName="executor://xunit/VsTestRunner2/netcoreapp" className="CreditTransfer.Core.Domain.Tests.MessageTests" name="Message_ValidMessageKeys" />
    </UnitTest>
    <UnitTest name="CreditTransfer.Core.Domain.Tests.CreditTransferResponseTests.CreditTransferResponse_IsSuccess_StatusCodeValidation(statusCode: 23, expectedSuccess: False)" storage="e:\lp\upgradestack\credittransfer\migrated\tests\unit\credittransfer.core.domain.tests\bin\debug\net8.0\credittransfer.core.domain.tests.dll" id="99c40b2b-6fa3-77e4-7adb-cd5824f1962e">
      <Execution id="baf31df4-4959-4dbd-94e1-0a1d16598c0d" />
      <TestMethod codeBase="E:\LP\UpgradeStack\CreditTransfer\Migrated\tests\Unit\CreditTransfer.Core.Domain.Tests\bin\Debug\net8.0\CreditTransfer.Core.Domain.Tests.dll" adapterTypeName="executor://xunit/VsTestRunner2/netcoreapp" className="CreditTransfer.Core.Domain.Tests.CreditTransferResponseTests" name="CreditTransferResponse_IsSuccess_StatusCodeValidation" />
    </UnitTest>
    <UnitTest name="CreditTransfer.Core.Domain.Tests.TransferConfigTests.TransferConfig_TransferToOtherOperatorValidation(canTransfer: False)" storage="e:\lp\upgradestack\credittransfer\migrated\tests\unit\credittransfer.core.domain.tests\bin\debug\net8.0\credittransfer.core.domain.tests.dll" id="ebabb476-6f5d-36af-d770-283d722518a3">
      <Execution id="1ef4abb7-9e33-44b0-b53f-d3ee47b51894" />
      <TestMethod codeBase="E:\LP\UpgradeStack\CreditTransfer\Migrated\tests\Unit\CreditTransfer.Core.Domain.Tests\bin\Debug\net8.0\CreditTransfer.Core.Domain.Tests.dll" adapterTypeName="executor://xunit/VsTestRunner2/netcoreapp" className="CreditTransfer.Core.Domain.Tests.TransferConfigTests" name="TransferConfig_TransferToOtherOperatorValidation" />
    </UnitTest>
    <UnitTest name="CreditTransfer.Core.Domain.Tests.MessageTests.Message_BilingualTextValidation(englishText: &quot;Insufficient credit&quot;, arabicText: &quot;رصيد غير كافي&quot;)" storage="e:\lp\upgradestack\credittransfer\migrated\tests\unit\credittransfer.core.domain.tests\bin\debug\net8.0\credittransfer.core.domain.tests.dll" id="6cad86e2-965b-166b-dd00-7a848eefe3bd">
      <Execution id="0a57943a-65a2-41ed-8210-a9bc993a7c39" />
      <TestMethod codeBase="E:\LP\UpgradeStack\CreditTransfer\Migrated\tests\Unit\CreditTransfer.Core.Domain.Tests\bin\Debug\net8.0\CreditTransfer.Core.Domain.Tests.dll" adapterTypeName="executor://xunit/VsTestRunner2/netcoreapp" className="CreditTransfer.Core.Domain.Tests.MessageTests" name="Message_BilingualTextValidation" />
    </UnitTest>
    <UnitTest name="CreditTransfer.Core.Domain.Tests.CreditTransferRequestTests.CreditTransferRequest_PinValidation(pin: &quot;12345&quot;, shouldBeValid: True)" storage="e:\lp\upgradestack\credittransfer\migrated\tests\unit\credittransfer.core.domain.tests\bin\debug\net8.0\credittransfer.core.domain.tests.dll" id="8151811a-5fc0-1b89-3b83-da2987c5e699">
      <Execution id="f30d275c-42d2-41de-9784-ab3e51924bef" />
      <TestMethod codeBase="E:\LP\UpgradeStack\CreditTransfer\Migrated\tests\Unit\CreditTransfer.Core.Domain.Tests\bin\Debug\net8.0\CreditTransfer.Core.Domain.Tests.dll" adapterTypeName="executor://xunit/VsTestRunner2/netcoreapp" className="CreditTransfer.Core.Domain.Tests.CreditTransferRequestTests" name="CreditTransferRequest_PinValidation" />
    </UnitTest>
    <UnitTest name="CreditTransfer.Core.Domain.Tests.CreditTransferRequestTests.CreditTransferRequest_AmountValidation(riyal: 0, baisa: 0, shouldBeValid: True)" storage="e:\lp\upgradestack\credittransfer\migrated\tests\unit\credittransfer.core.domain.tests\bin\debug\net8.0\credittransfer.core.domain.tests.dll" id="d80fd97b-eefc-75cb-f83a-1357719e6f1f">
      <Execution id="449bf1a6-3798-4468-bd96-a81ff6fbdac5" />
      <TestMethod codeBase="E:\LP\UpgradeStack\CreditTransfer\Migrated\tests\Unit\CreditTransfer.Core.Domain.Tests\bin\Debug\net8.0\CreditTransfer.Core.Domain.Tests.dll" adapterTypeName="executor://xunit/VsTestRunner2/netcoreapp" className="CreditTransfer.Core.Domain.Tests.CreditTransferRequestTests" name="CreditTransferRequest_AmountValidation" />
    </UnitTest>
    <UnitTest name="CreditTransfer.Core.Domain.Tests.TransactionTests.Transaction_SourceMsisdnValidation(msisdn: &quot;96876325315123&quot;, shouldBeValid: False)" storage="e:\lp\upgradestack\credittransfer\migrated\tests\unit\credittransfer.core.domain.tests\bin\debug\net8.0\credittransfer.core.domain.tests.dll" id="24a8b6ec-d457-6756-577d-4e31ca0b66cd">
      <Execution id="745c8a51-7a60-48d5-a4c1-6f3d9ff0f755" />
      <TestMethod codeBase="E:\LP\UpgradeStack\CreditTransfer\Migrated\tests\Unit\CreditTransfer.Core.Domain.Tests\bin\Debug\net8.0\CreditTransfer.Core.Domain.Tests.dll" adapterTypeName="executor://xunit/VsTestRunner2/netcoreapp" className="CreditTransfer.Core.Domain.Tests.TransactionTests" name="Transaction_SourceMsisdnValidation" />
    </UnitTest>
    <UnitTest name="CreditTransfer.Core.Domain.Tests.CreditTransferRequestTests.CreditTransferRequest_IsValid_InvalidScenarios(source: &quot;96876325315&quot;, destination: &quot;96876325315&quot;, riyal: 10, baisa: 500, pin: &quot;1234&quot;, userName: &quot;TestUser&quot;, expectedValid: False)" storage="e:\lp\upgradestack\credittransfer\migrated\tests\unit\credittransfer.core.domain.tests\bin\debug\net8.0\credittransfer.core.domain.tests.dll" id="698a9d3b-1bd0-a164-a6b0-175772b34439">
      <Execution id="53f3a736-46d1-483a-8112-93336c8ee361" />
      <TestMethod codeBase="E:\LP\UpgradeStack\CreditTransfer\Migrated\tests\Unit\CreditTransfer.Core.Domain.Tests\bin\Debug\net8.0\CreditTransfer.Core.Domain.Tests.dll" adapterTypeName="executor://xunit/VsTestRunner2/netcoreapp" className="CreditTransfer.Core.Domain.Tests.CreditTransferRequestTests" name="CreditTransferRequest_IsValid_InvalidScenarios" />
    </UnitTest>
    <UnitTest name="CreditTransfer.Core.Domain.Tests.CreditTransferRequestTests.CreditTransferRequest_IsValid_InvalidScenarios(source: &quot;&quot;, destination: &quot;96878715705&quot;, riyal: 10, baisa: 500, pin: &quot;1234&quot;, userName: &quot;TestUser&quot;, expectedValid: False)" storage="e:\lp\upgradestack\credittransfer\migrated\tests\unit\credittransfer.core.domain.tests\bin\debug\net8.0\credittransfer.core.domain.tests.dll" id="ddc86a8d-df38-7e19-0e89-885785c79c59">
      <Execution id="b7698161-994c-4342-9f19-da1004dc4742" />
      <TestMethod codeBase="E:\LP\UpgradeStack\CreditTransfer\Migrated\tests\Unit\CreditTransfer.Core.Domain.Tests\bin\Debug\net8.0\CreditTransfer.Core.Domain.Tests.dll" adapterTypeName="executor://xunit/VsTestRunner2/netcoreapp" className="CreditTransfer.Core.Domain.Tests.CreditTransferRequestTests" name="CreditTransferRequest_IsValid_InvalidScenarios" />
    </UnitTest>
    <UnitTest name="CreditTransfer.Core.Domain.Tests.TransactionTests.Transaction_SourceMsisdnValidation(msisdn: &quot;96878715705&quot;, shouldBeValid: True)" storage="e:\lp\upgradestack\credittransfer\migrated\tests\unit\credittransfer.core.domain.tests\bin\debug\net8.0\credittransfer.core.domain.tests.dll" id="312c43d5-f254-e91f-49e7-18a84a834ab5">
      <Execution id="df240658-f047-4579-a020-5b2b0a41c434" />
      <TestMethod codeBase="E:\LP\UpgradeStack\CreditTransfer\Migrated\tests\Unit\CreditTransfer.Core.Domain.Tests\bin\Debug\net8.0\CreditTransfer.Core.Domain.Tests.dll" adapterTypeName="executor://xunit/VsTestRunner2/netcoreapp" className="CreditTransfer.Core.Domain.Tests.TransactionTests" name="Transaction_SourceMsisdnValidation" />
    </UnitTest>
    <UnitTest name="CreditTransfer.Core.Domain.Tests.CreditTransferRequestTests.CreditTransferRequest_PinValidation(pin: &quot;123&quot;, shouldBeValid: True)" storage="e:\lp\upgradestack\credittransfer\migrated\tests\unit\credittransfer.core.domain.tests\bin\debug\net8.0\credittransfer.core.domain.tests.dll" id="68c475eb-660a-c6f8-d004-e5836a655617">
      <Execution id="e3492423-be79-4b4b-a89e-f417f2b01b6c" />
      <TestMethod codeBase="E:\LP\UpgradeStack\CreditTransfer\Migrated\tests\Unit\CreditTransfer.Core.Domain.Tests\bin\Debug\net8.0\CreditTransfer.Core.Domain.Tests.dll" adapterTypeName="executor://xunit/VsTestRunner2/netcoreapp" className="CreditTransfer.Core.Domain.Tests.CreditTransferRequestTests" name="CreditTransferRequest_PinValidation" />
    </UnitTest>
    <UnitTest name="CreditTransfer.Core.Domain.Tests.TransferConfigTests.TransferConfig_ValidSubscriptionTypes(subscriptionType: &quot;VIP&quot;)" storage="e:\lp\upgradestack\credittransfer\migrated\tests\unit\credittransfer.core.domain.tests\bin\debug\net8.0\credittransfer.core.domain.tests.dll" id="961597bc-469e-de57-e7e0-ada822dbc2e0">
      <Execution id="da0b9099-54ad-4bdb-b389-3a2cbf245d49" />
      <TestMethod codeBase="E:\LP\UpgradeStack\CreditTransfer\Migrated\tests\Unit\CreditTransfer.Core.Domain.Tests\bin\Debug\net8.0\CreditTransfer.Core.Domain.Tests.dll" adapterTypeName="executor://xunit/VsTestRunner2/netcoreapp" className="CreditTransfer.Core.Domain.Tests.TransferConfigTests" name="TransferConfig_ValidSubscriptionTypes" />
    </UnitTest>
    <UnitTest name="CreditTransfer.Core.Domain.Tests.CreditTransferRequestTests.CreditTransferRequest_MsisdnValidation(msisdn: &quot;96876325315&quot;, shouldBeValid: True)" storage="e:\lp\upgradestack\credittransfer\migrated\tests\unit\credittransfer.core.domain.tests\bin\debug\net8.0\credittransfer.core.domain.tests.dll" id="a5760200-4cb8-4dae-98a1-172315124383">
      <Execution id="66c1dcf1-f008-479d-bd59-1d9c57b600c7" />
      <TestMethod codeBase="E:\LP\UpgradeStack\CreditTransfer\Migrated\tests\Unit\CreditTransfer.Core.Domain.Tests\bin\Debug\net8.0\CreditTransfer.Core.Domain.Tests.dll" adapterTypeName="executor://xunit/VsTestRunner2/netcoreapp" className="CreditTransfer.Core.Domain.Tests.CreditTransferRequestTests" name="CreditTransferRequest_MsisdnValidation" />
    </UnitTest>
    <UnitTest name="CreditTransfer.Core.Domain.Tests.CreditTransferResponseTests.CreditTransferResponse_BusinessRuleValidation_SuccessWithAmount" storage="e:\lp\upgradestack\credittransfer\migrated\tests\unit\credittransfer.core.domain.tests\bin\debug\net8.0\credittransfer.core.domain.tests.dll" id="6af074e1-35ea-a7b5-29f9-b5d9cb946a16">
      <Execution id="8a6babf1-0ecc-47a3-8b93-86488f76f981" />
      <TestMethod codeBase="E:\LP\UpgradeStack\CreditTransfer\Migrated\tests\Unit\CreditTransfer.Core.Domain.Tests\bin\Debug\net8.0\CreditTransfer.Core.Domain.Tests.dll" adapterTypeName="executor://xunit/VsTestRunner2/netcoreapp" className="CreditTransfer.Core.Domain.Tests.CreditTransferResponseTests" name="CreditTransferResponse_BusinessRuleValidation_SuccessWithAmount" />
    </UnitTest>
    <UnitTest name="CreditTransfer.Core.Domain.Tests.CreditTransferResponseTests.CreditTransferResponse_ResponseStructure_CompleteValidation" storage="e:\lp\upgradestack\credittransfer\migrated\tests\unit\credittransfer.core.domain.tests\bin\debug\net8.0\credittransfer.core.domain.tests.dll" id="d24fa9d3-8c61-c3fc-c139-bfdf0b2757a7">
      <Execution id="fc1c9552-5697-42e4-adef-9d406ace2899" />
      <TestMethod codeBase="E:\LP\UpgradeStack\CreditTransfer\Migrated\tests\Unit\CreditTransfer.Core.Domain.Tests\bin\Debug\net8.0\CreditTransfer.Core.Domain.Tests.dll" adapterTypeName="executor://xunit/VsTestRunner2/netcoreapp" className="CreditTransfer.Core.Domain.Tests.CreditTransferResponseTests" name="CreditTransferResponse_ResponseStructure_CompleteValidation" />
    </UnitTest>
    <UnitTest name="CreditTransfer.Core.Domain.Tests.MessageTests.Message_MessageTemplateValidation_WithoutParameters" storage="e:\lp\upgradestack\credittransfer\migrated\tests\unit\credittransfer.core.domain.tests\bin\debug\net8.0\credittransfer.core.domain.tests.dll" id="10fb88f1-67b6-2f7f-b5f6-8c9c4150297a">
      <Execution id="ae01f5a4-1dab-45e5-88c7-c8e6fb894092" />
      <TestMethod codeBase="E:\LP\UpgradeStack\CreditTransfer\Migrated\tests\Unit\CreditTransfer.Core.Domain.Tests\bin\Debug\net8.0\CreditTransfer.Core.Domain.Tests.dll" adapterTypeName="executor://xunit/VsTestRunner2/netcoreapp" className="CreditTransfer.Core.Domain.Tests.MessageTests" name="Message_MessageTemplateValidation_WithoutParameters" />
    </UnitTest>
    <UnitTest name="CreditTransfer.Core.Domain.Tests.CreditTransferRequestTests.CreditTransferRequest_UserNameValidation(userName: &quot;TestUser&quot;, shouldBeValid: True)" storage="e:\lp\upgradestack\credittransfer\migrated\tests\unit\credittransfer.core.domain.tests\bin\debug\net8.0\credittransfer.core.domain.tests.dll" id="fa52c91b-fc93-8887-b4e0-bb8580829acb">
      <Execution id="2013c9c1-4a28-4f77-a343-31c73b9b0386" />
      <TestMethod codeBase="E:\LP\UpgradeStack\CreditTransfer\Migrated\tests\Unit\CreditTransfer.Core.Domain.Tests\bin\Debug\net8.0\CreditTransfer.Core.Domain.Tests.dll" adapterTypeName="executor://xunit/VsTestRunner2/netcoreapp" className="CreditTransfer.Core.Domain.Tests.CreditTransferRequestTests" name="CreditTransferRequest_UserNameValidation" />
    </UnitTest>
    <UnitTest name="CreditTransfer.Core.Domain.Tests.MessageTests.Message_KeyValidation_RequiredAttribute" storage="e:\lp\upgradestack\credittransfer\migrated\tests\unit\credittransfer.core.domain.tests\bin\debug\net8.0\credittransfer.core.domain.tests.dll" id="396fe4ad-843e-2d99-f72f-17dd01b032c3">
      <Execution id="70dd8da6-4ef1-40de-b7dd-dae05143f2d5" />
      <TestMethod codeBase="E:\LP\UpgradeStack\CreditTransfer\Migrated\tests\Unit\CreditTransfer.Core.Domain.Tests\bin\Debug\net8.0\CreditTransfer.Core.Domain.Tests.dll" adapterTypeName="executor://xunit/VsTestRunner2/netcoreapp" className="CreditTransfer.Core.Domain.Tests.MessageTests" name="Message_KeyValidation_RequiredAttribute" />
    </UnitTest>
    <UnitTest name="CreditTransfer.Core.Domain.Tests.TransferConfigTests.TransferConfig_ValidDailyTransferCapLimits(limit: 10)" storage="e:\lp\upgradestack\credittransfer\migrated\tests\unit\credittransfer.core.domain.tests\bin\debug\net8.0\credittransfer.core.domain.tests.dll" id="9ba15466-9893-7f33-25a0-ed0e78b986a2">
      <Execution id="cca688aa-8058-457c-bc90-4e138f0c46ee" />
      <TestMethod codeBase="E:\LP\UpgradeStack\CreditTransfer\Migrated\tests\Unit\CreditTransfer.Core.Domain.Tests\bin\Debug\net8.0\CreditTransfer.Core.Domain.Tests.dll" adapterTypeName="executor://xunit/VsTestRunner2/netcoreapp" className="CreditTransfer.Core.Domain.Tests.TransferConfigTests" name="TransferConfig_ValidDailyTransferCapLimits" />
    </UnitTest>
    <UnitTest name="CreditTransfer.Core.Domain.Tests.TransferConfigTests.TransferConfig_ValidNobillSubscriptionTypes(subscriptionType: &quot;HYBRID&quot;)" storage="e:\lp\upgradestack\credittransfer\migrated\tests\unit\credittransfer.core.domain.tests\bin\debug\net8.0\credittransfer.core.domain.tests.dll" id="d6a7bf53-ece8-097a-c3ac-d07f0aeffc5f">
      <Execution id="edf70a19-147c-4116-b92c-9f46d3da9131" />
      <TestMethod codeBase="E:\LP\UpgradeStack\CreditTransfer\Migrated\tests\Unit\CreditTransfer.Core.Domain.Tests\bin\Debug\net8.0\CreditTransfer.Core.Domain.Tests.dll" adapterTypeName="executor://xunit/VsTestRunner2/netcoreapp" className="CreditTransfer.Core.Domain.Tests.TransferConfigTests" name="TransferConfig_ValidNobillSubscriptionTypes" />
    </UnitTest>
    <UnitTest name="CreditTransfer.Core.Domain.Tests.CreditTransferResponseTests.CreditTransferResponse_NegativeAmount_Validation" storage="e:\lp\upgradestack\credittransfer\migrated\tests\unit\credittransfer.core.domain.tests\bin\debug\net8.0\credittransfer.core.domain.tests.dll" id="763e63ba-ab3b-9aa6-0af1-2c7f060cc02b">
      <Execution id="3231afc2-b854-4b15-accf-b000e5048c18" />
      <TestMethod codeBase="E:\LP\UpgradeStack\CreditTransfer\Migrated\tests\Unit\CreditTransfer.Core.Domain.Tests\bin\Debug\net8.0\CreditTransfer.Core.Domain.Tests.dll" adapterTypeName="executor://xunit/VsTestRunner2/netcoreapp" className="CreditTransfer.Core.Domain.Tests.CreditTransferResponseTests" name="CreditTransferResponse_NegativeAmount_Validation" />
    </UnitTest>
    <UnitTest name="CreditTransfer.Core.Domain.Tests.TransactionTests.Transaction_StatusIdMapping(statusId: 3, expectedStatus: Cancelled)" storage="e:\lp\upgradestack\credittransfer\migrated\tests\unit\credittransfer.core.domain.tests\bin\debug\net8.0\credittransfer.core.domain.tests.dll" id="415af775-4dca-745d-9354-27e163b54f70">
      <Execution id="81ec10fd-0273-4d1e-bebd-07c7b6cb6d51" />
      <TestMethod codeBase="E:\LP\UpgradeStack\CreditTransfer\Migrated\tests\Unit\CreditTransfer.Core.Domain.Tests\bin\Debug\net8.0\CreditTransfer.Core.Domain.Tests.dll" adapterTypeName="executor://xunit/VsTestRunner2/netcoreapp" className="CreditTransfer.Core.Domain.Tests.TransactionTests" name="Transaction_StatusIdMapping" />
    </UnitTest>
    <UnitTest name="CreditTransfer.Core.Domain.Tests.CreditTransferResponseTests.CreditTransferResponse_StatusMessage_VariousMessages(statusMessage: &quot;&quot;)" storage="e:\lp\upgradestack\credittransfer\migrated\tests\unit\credittransfer.core.domain.tests\bin\debug\net8.0\credittransfer.core.domain.tests.dll" id="cf7850c3-8558-cb28-be51-5983d53ebb52">
      <Execution id="9aa94572-9ef8-49c9-af24-de6deee7f9b4" />
      <TestMethod codeBase="E:\LP\UpgradeStack\CreditTransfer\Migrated\tests\Unit\CreditTransfer.Core.Domain.Tests\bin\Debug\net8.0\CreditTransfer.Core.Domain.Tests.dll" adapterTypeName="executor://xunit/VsTestRunner2/netcoreapp" className="CreditTransfer.Core.Domain.Tests.CreditTransferResponseTests" name="CreditTransferResponse_StatusMessage_VariousMessages" />
    </UnitTest>
    <UnitTest name="CreditTransfer.Core.Domain.Tests.CreditTransferResponseTests.CreditTransferResponse_RequestId_Validation" storage="e:\lp\upgradestack\credittransfer\migrated\tests\unit\credittransfer.core.domain.tests\bin\debug\net8.0\credittransfer.core.domain.tests.dll" id="1ef380e3-f770-870b-8192-d90315774580">
      <Execution id="e505554c-a200-41bf-b554-25eaf946c4b4" />
      <TestMethod codeBase="E:\LP\UpgradeStack\CreditTransfer\Migrated\tests\Unit\CreditTransfer.Core.Domain.Tests\bin\Debug\net8.0\CreditTransfer.Core.Domain.Tests.dll" adapterTypeName="executor://xunit/VsTestRunner2/netcoreapp" className="CreditTransfer.Core.Domain.Tests.CreditTransferResponseTests" name="CreditTransferResponse_RequestId_Validation" />
    </UnitTest>
    <UnitTest name="CreditTransfer.Core.Domain.Tests.TransferConfigTests.TransferConfig_ValidSubscriptionTypes(subscriptionType: &quot;Dealer&quot;)" storage="e:\lp\upgradestack\credittransfer\migrated\tests\unit\credittransfer.core.domain.tests\bin\debug\net8.0\credittransfer.core.domain.tests.dll" id="34465b10-87a9-4292-bcf8-b48461b31302">
      <Execution id="aa1ef9f8-8db9-4eca-ac12-fc9afdd17adc" />
      <TestMethod codeBase="E:\LP\UpgradeStack\CreditTransfer\Migrated\tests\Unit\CreditTransfer.Core.Domain.Tests\bin\Debug\net8.0\CreditTransfer.Core.Domain.Tests.dll" adapterTypeName="executor://xunit/VsTestRunner2/netcoreapp" className="CreditTransfer.Core.Domain.Tests.TransferConfigTests" name="TransferConfig_ValidSubscriptionTypes" />
    </UnitTest>
    <UnitTest name="CreditTransfer.Core.Domain.Tests.MessageTests.Message_BilingualTextValidation(englishText: &quot;Unknown subscriber&quot;, arabicText: &quot;مشترك غير معروف&quot;)" storage="e:\lp\upgradestack\credittransfer\migrated\tests\unit\credittransfer.core.domain.tests\bin\debug\net8.0\credittransfer.core.domain.tests.dll" id="7dd66bf9-eac2-bee8-a73d-6231cdaf952c">
      <Execution id="fe163c2a-2649-4ff0-ab6d-4f24ed0b1b69" />
      <TestMethod codeBase="E:\LP\UpgradeStack\CreditTransfer\Migrated\tests\Unit\CreditTransfer.Core.Domain.Tests\bin\Debug\net8.0\CreditTransfer.Core.Domain.Tests.dll" adapterTypeName="executor://xunit/VsTestRunner2/netcoreapp" className="CreditTransfer.Core.Domain.Tests.MessageTests" name="Message_BilingualTextValidation" />
    </UnitTest>
    <UnitTest name="CreditTransfer.Core.Domain.Tests.CreditTransferResponseTests.CreditTransferResponse_IsSuccess_StatusCodeValidation(statusCode: -1, expectedSuccess: False)" storage="e:\lp\upgradestack\credittransfer\migrated\tests\unit\credittransfer.core.domain.tests\bin\debug\net8.0\credittransfer.core.domain.tests.dll" id="15422edb-cb70-e0ae-6ec1-789ccb265f72">
      <Execution id="aeb38d64-ab78-40c1-9d3a-9514e3d73363" />
      <TestMethod codeBase="E:\LP\UpgradeStack\CreditTransfer\Migrated\tests\Unit\CreditTransfer.Core.Domain.Tests\bin\Debug\net8.0\CreditTransfer.Core.Domain.Tests.dll" adapterTypeName="executor://xunit/VsTestRunner2/netcoreapp" className="CreditTransfer.Core.Domain.Tests.CreditTransferResponseTests" name="CreditTransferResponse_IsSuccess_StatusCodeValidation" />
    </UnitTest>
    <UnitTest name="CreditTransfer.Core.Domain.Tests.CreditTransferRequestTests.CreditTransferRequest_TotalAmountCalculation(riyal: 10, baisa: 500, expectedTotal: 10.5)" storage="e:\lp\upgradestack\credittransfer\migrated\tests\unit\credittransfer.core.domain.tests\bin\debug\net8.0\credittransfer.core.domain.tests.dll" id="4822ee6a-aa03-3c46-f4fe-8bebf1926670">
      <Execution id="0c952abc-9855-4c2c-8199-7f33cc332e9d" />
      <TestMethod codeBase="E:\LP\UpgradeStack\CreditTransfer\Migrated\tests\Unit\CreditTransfer.Core.Domain.Tests\bin\Debug\net8.0\CreditTransfer.Core.Domain.Tests.dll" adapterTypeName="executor://xunit/VsTestRunner2/netcoreapp" className="CreditTransfer.Core.Domain.Tests.CreditTransferRequestTests" name="CreditTransferRequest_TotalAmountCalculation" />
    </UnitTest>
    <UnitTest name="CreditTransfer.Core.Domain.Tests.CreditTransferRequestTests.CreditTransferRequest_TotalAmountCalculation(riyal: 5, baisa: 250, expectedTotal: 5.25)" storage="e:\lp\upgradestack\credittransfer\migrated\tests\unit\credittransfer.core.domain.tests\bin\debug\net8.0\credittransfer.core.domain.tests.dll" id="fb7485dc-a4c2-9a2d-3e1e-beeed5c0d6a8">
      <Execution id="15c86f4f-5b57-4a76-91e9-50234d9e4b3d" />
      <TestMethod codeBase="E:\LP\UpgradeStack\CreditTransfer\Migrated\tests\Unit\CreditTransfer.Core.Domain.Tests\bin\Debug\net8.0\CreditTransfer.Core.Domain.Tests.dll" adapterTypeName="executor://xunit/VsTestRunner2/netcoreapp" className="CreditTransfer.Core.Domain.Tests.CreditTransferRequestTests" name="CreditTransferRequest_TotalAmountCalculation" />
    </UnitTest>
    <UnitTest name="CreditTransfer.Core.Domain.Tests.ApplicationConfigTests.ApplicationConfig_KeyValidation_RequiredAttribute" storage="e:\lp\upgradestack\credittransfer\migrated\tests\unit\credittransfer.core.domain.tests\bin\debug\net8.0\credittransfer.core.domain.tests.dll" id="cc80476f-eb47-0c18-d8de-6b7e7ef6d4d4">
      <Execution id="821464d7-3b65-42a1-8ee4-36d04511428f" />
      <TestMethod codeBase="E:\LP\UpgradeStack\CreditTransfer\Migrated\tests\Unit\CreditTransfer.Core.Domain.Tests\bin\Debug\net8.0\CreditTransfer.Core.Domain.Tests.dll" adapterTypeName="executor://xunit/VsTestRunner2/netcoreapp" className="CreditTransfer.Core.Domain.Tests.ApplicationConfigTests" name="ApplicationConfig_KeyValidation_RequiredAttribute" />
    </UnitTest>
    <UnitTest name="CreditTransfer.Core.Domain.Tests.TransferConfigTests.TransferConfig_ValidMaxTransferAmounts(amount: 50)" storage="e:\lp\upgradestack\credittransfer\migrated\tests\unit\credittransfer.core.domain.tests\bin\debug\net8.0\credittransfer.core.domain.tests.dll" id="0a10e1f5-d3df-40d3-5ef2-bac55084b04c">
      <Execution id="cde5b63b-c00a-403b-88ee-fe1a0f15f992" />
      <TestMethod codeBase="E:\LP\UpgradeStack\CreditTransfer\Migrated\tests\Unit\CreditTransfer.Core.Domain.Tests\bin\Debug\net8.0\CreditTransfer.Core.Domain.Tests.dll" adapterTypeName="executor://xunit/VsTestRunner2/netcoreapp" className="CreditTransfer.Core.Domain.Tests.TransferConfigTests" name="TransferConfig_ValidMaxTransferAmounts" />
    </UnitTest>
    <UnitTest name="CreditTransfer.Core.Domain.Tests.ApplicationConfigTests.ApplicationConfig_ValueValidation_ValidValues(value: &quot;complex;value;with;semicolons&quot;)" storage="e:\lp\upgradestack\credittransfer\migrated\tests\unit\credittransfer.core.domain.tests\bin\debug\net8.0\credittransfer.core.domain.tests.dll" id="d436dada-c673-0f36-d48b-554f2135677f">
      <Execution id="5444931c-adae-471e-898b-648f568f15d0" />
      <TestMethod codeBase="E:\LP\UpgradeStack\CreditTransfer\Migrated\tests\Unit\CreditTransfer.Core.Domain.Tests\bin\Debug\net8.0\CreditTransfer.Core.Domain.Tests.dll" adapterTypeName="executor://xunit/VsTestRunner2/netcoreapp" className="CreditTransfer.Core.Domain.Tests.ApplicationConfigTests" name="ApplicationConfig_ValueValidation_ValidValues" />
    </UnitTest>
    <UnitTest name="CreditTransfer.Core.Domain.Tests.TransactionTests.Transaction_AuditFieldsValidation" storage="e:\lp\upgradestack\credittransfer\migrated\tests\unit\credittransfer.core.domain.tests\bin\debug\net8.0\credittransfer.core.domain.tests.dll" id="d88a0d6b-516d-0c6f-8518-5af3315f3f45">
      <Execution id="181e99c3-a2f7-4354-b286-cac1803be7b1" />
      <TestMethod codeBase="E:\LP\UpgradeStack\CreditTransfer\Migrated\tests\Unit\CreditTransfer.Core.Domain.Tests\bin\Debug\net8.0\CreditTransfer.Core.Domain.Tests.dll" adapterTypeName="executor://xunit/VsTestRunner2/netcoreapp" className="CreditTransfer.Core.Domain.Tests.TransactionTests" name="Transaction_AuditFieldsValidation" />
    </UnitTest>
    <UnitTest name="CreditTransfer.Core.Domain.Tests.ApplicationConfigTests.ApplicationConfig_ValidKeyNames(keyName: &quot;MaxTransferAmount&quot;)" storage="e:\lp\upgradestack\credittransfer\migrated\tests\unit\credittransfer.core.domain.tests\bin\debug\net8.0\credittransfer.core.domain.tests.dll" id="dcbee998-7ba1-4720-ff24-400743a048cb">
      <Execution id="83643d62-67a3-4101-bc94-afb33dc84368" />
      <TestMethod codeBase="E:\LP\UpgradeStack\CreditTransfer\Migrated\tests\Unit\CreditTransfer.Core.Domain.Tests\bin\Debug\net8.0\CreditTransfer.Core.Domain.Tests.dll" adapterTypeName="executor://xunit/VsTestRunner2/netcoreapp" className="CreditTransfer.Core.Domain.Tests.ApplicationConfigTests" name="ApplicationConfig_ValidKeyNames" />
    </UnitTest>
    <UnitTest name="CreditTransfer.Core.Domain.Tests.CreditTransferResponseTests.CreditTransferResponse_IsSuccess_StatusCodeValidation(statusCode: 22, expectedSuccess: False)" storage="e:\lp\upgradestack\credittransfer\migrated\tests\unit\credittransfer.core.domain.tests\bin\debug\net8.0\credittransfer.core.domain.tests.dll" id="17693e06-db1f-c3fe-8f3f-9937418d5c2a">
      <Execution id="2a9fc8b1-3231-40d4-8933-e65a557d7a05" />
      <TestMethod codeBase="E:\LP\UpgradeStack\CreditTransfer\Migrated\tests\Unit\CreditTransfer.Core.Domain.Tests\bin\Debug\net8.0\CreditTransfer.Core.Domain.Tests.dll" adapterTypeName="executor://xunit/VsTestRunner2/netcoreapp" className="CreditTransfer.Core.Domain.Tests.CreditTransferResponseTests" name="CreditTransferResponse_IsSuccess_StatusCodeValidation" />
    </UnitTest>
    <UnitTest name="CreditTransfer.Core.Domain.Tests.CreditTransferRequestTests.CreditTransferRequest_TotalAmountCalculation(riyal: 1, baisa: 0, expectedTotal: 1)" storage="e:\lp\upgradestack\credittransfer\migrated\tests\unit\credittransfer.core.domain.tests\bin\debug\net8.0\credittransfer.core.domain.tests.dll" id="e2a42e98-fd78-a789-2d89-f7d861131229">
      <Execution id="0bc05144-b4c4-4ffb-bea6-330deb9c6936" />
      <TestMethod codeBase="E:\LP\UpgradeStack\CreditTransfer\Migrated\tests\Unit\CreditTransfer.Core.Domain.Tests\bin\Debug\net8.0\CreditTransfer.Core.Domain.Tests.dll" adapterTypeName="executor://xunit/VsTestRunner2/netcoreapp" className="CreditTransfer.Core.Domain.Tests.CreditTransferRequestTests" name="CreditTransferRequest_TotalAmountCalculation" />
    </UnitTest>
    <UnitTest name="CreditTransfer.Core.Domain.Tests.ApplicationConfigTests.ApplicationConfig_CategoryValidation_ValidCategories(category: &quot;Transfer&quot;)" storage="e:\lp\upgradestack\credittransfer\migrated\tests\unit\credittransfer.core.domain.tests\bin\debug\net8.0\credittransfer.core.domain.tests.dll" id="de83a7d2-db07-fa64-9299-1ec33efa1243">
      <Execution id="0bd5eebf-b46b-4325-bd08-0a1758a3a04c" />
      <TestMethod codeBase="E:\LP\UpgradeStack\CreditTransfer\Migrated\tests\Unit\CreditTransfer.Core.Domain.Tests\bin\Debug\net8.0\CreditTransfer.Core.Domain.Tests.dll" adapterTypeName="executor://xunit/VsTestRunner2/netcoreapp" className="CreditTransfer.Core.Domain.Tests.ApplicationConfigTests" name="ApplicationConfig_CategoryValidation_ValidCategories" />
    </UnitTest>
    <UnitTest name="CreditTransfer.Core.Domain.Tests.CreditTransferResponseTests.CreditTransferResponse_Success_FactoryMethod_WithTransactionId" storage="e:\lp\upgradestack\credittransfer\migrated\tests\unit\credittransfer.core.domain.tests\bin\debug\net8.0\credittransfer.core.domain.tests.dll" id="775d9617-2aa0-203d-f490-ba8dd1759172">
      <Execution id="45425e19-7825-401e-8a3c-c2cb4ce02d93" />
      <TestMethod codeBase="E:\LP\UpgradeStack\CreditTransfer\Migrated\tests\Unit\CreditTransfer.Core.Domain.Tests\bin\Debug\net8.0\CreditTransfer.Core.Domain.Tests.dll" adapterTypeName="executor://xunit/VsTestRunner2/netcoreapp" className="CreditTransfer.Core.Domain.Tests.CreditTransferResponseTests" name="CreditTransferResponse_Success_FactoryMethod_WithTransactionId" />
    </UnitTest>
    <UnitTest name="CreditTransfer.Core.Domain.Tests.MessageTests.Message_SpecialCharactersValidation" storage="e:\lp\upgradestack\credittransfer\migrated\tests\unit\credittransfer.core.domain.tests\bin\debug\net8.0\credittransfer.core.domain.tests.dll" id="12631c2f-9d84-b6f6-b608-6b218eb6b95d">
      <Execution id="2c1142de-d6b9-4de8-98fc-44c79dafee3b" />
      <TestMethod codeBase="E:\LP\UpgradeStack\CreditTransfer\Migrated\tests\Unit\CreditTransfer.Core.Domain.Tests\bin\Debug\net8.0\CreditTransfer.Core.Domain.Tests.dll" adapterTypeName="executor://xunit/VsTestRunner2/netcoreapp" className="CreditTransfer.Core.Domain.Tests.MessageTests" name="Message_SpecialCharactersValidation" />
    </UnitTest>
    <UnitTest name="CreditTransfer.Core.Domain.Tests.MessageTests.Message_LastModifiedCanBeSet" storage="e:\lp\upgradestack\credittransfer\migrated\tests\unit\credittransfer.core.domain.tests\bin\debug\net8.0\credittransfer.core.domain.tests.dll" id="01ddcaba-ca55-5118-f7b4-ea2eeb63c681">
      <Execution id="173b4679-b9d0-4968-88b4-b07cf9e0a20c" />
      <TestMethod codeBase="E:\LP\UpgradeStack\CreditTransfer\Migrated\tests\Unit\CreditTransfer.Core.Domain.Tests\bin\Debug\net8.0\CreditTransfer.Core.Domain.Tests.dll" adapterTypeName="executor://xunit/VsTestRunner2/netcoreapp" className="CreditTransfer.Core.Domain.Tests.MessageTests" name="Message_LastModifiedCanBeSet" />
    </UnitTest>
    <UnitTest name="CreditTransfer.Core.Domain.Tests.TransferConfigTests.TransferConfig_PropertiesSetCorrectly" storage="e:\lp\upgradestack\credittransfer\migrated\tests\unit\credittransfer.core.domain.tests\bin\debug\net8.0\credittransfer.core.domain.tests.dll" id="1764e747-9e8a-d169-3c6e-157d4aa784fb">
      <Execution id="c27de906-0229-467c-9649-29ce98727ec1" />
      <TestMethod codeBase="E:\LP\UpgradeStack\CreditTransfer\Migrated\tests\Unit\CreditTransfer.Core.Domain.Tests\bin\Debug\net8.0\CreditTransfer.Core.Domain.Tests.dll" adapterTypeName="executor://xunit/VsTestRunner2/netcoreapp" className="CreditTransfer.Core.Domain.Tests.TransferConfigTests" name="TransferConfig_PropertiesSetCorrectly" />
    </UnitTest>
    <UnitTest name="CreditTransfer.Core.Domain.Tests.CreditTransferResponseTests.CreditTransferResponse_RequestId_GuidFormat" storage="e:\lp\upgradestack\credittransfer\migrated\tests\unit\credittransfer.core.domain.tests\bin\debug\net8.0\credittransfer.core.domain.tests.dll" id="648525e9-d4e0-6fdb-e3e3-148c41c77ca5">
      <Execution id="65c9c9ef-87e3-4ca9-8b31-1b0739fbfc16" />
      <TestMethod codeBase="E:\LP\UpgradeStack\CreditTransfer\Migrated\tests\Unit\CreditTransfer.Core.Domain.Tests\bin\Debug\net8.0\CreditTransfer.Core.Domain.Tests.dll" adapterTypeName="executor://xunit/VsTestRunner2/netcoreapp" className="CreditTransfer.Core.Domain.Tests.CreditTransferResponseTests" name="CreditTransferResponse_RequestId_GuidFormat" />
    </UnitTest>
    <UnitTest name="CreditTransfer.Core.Domain.Tests.CreditTransferRequestTests.CreditTransferRequest_TotalAmountCalculation_Precision" storage="e:\lp\upgradestack\credittransfer\migrated\tests\unit\credittransfer.core.domain.tests\bin\debug\net8.0\credittransfer.core.domain.tests.dll" id="eeadaa0a-ec44-a3ee-1833-bb316f23d178">
      <Execution id="588942bd-69c8-4aeb-a7b6-b75a4bcaf6ee" />
      <TestMethod codeBase="E:\LP\UpgradeStack\CreditTransfer\Migrated\tests\Unit\CreditTransfer.Core.Domain.Tests\bin\Debug\net8.0\CreditTransfer.Core.Domain.Tests.dll" adapterTypeName="executor://xunit/VsTestRunner2/netcoreapp" className="CreditTransfer.Core.Domain.Tests.CreditTransferRequestTests" name="CreditTransferRequest_TotalAmountCalculation_Precision" />
    </UnitTest>
    <UnitTest name="CreditTransfer.Core.Domain.Tests.CreditTransferRequestTests.CreditTransferRequest_IsValid_InvalidScenarios(source: &quot;96876325315&quot;, destination: &quot;96878715705&quot;, riyal: -1, baisa: 500, pin: &quot;1234&quot;, userName: &quot;TestUser&quot;, expectedValid: False)" storage="e:\lp\upgradestack\credittransfer\migrated\tests\unit\credittransfer.core.domain.tests\bin\debug\net8.0\credittransfer.core.domain.tests.dll" id="ba1d6c0d-bad9-ca8d-1964-52d6f52c300b">
      <Execution id="b54c22b4-4718-406e-a8b1-cce5c8ec6109" />
      <TestMethod codeBase="E:\LP\UpgradeStack\CreditTransfer\Migrated\tests\Unit\CreditTransfer.Core.Domain.Tests\bin\Debug\net8.0\CreditTransfer.Core.Domain.Tests.dll" adapterTypeName="executor://xunit/VsTestRunner2/netcoreapp" className="CreditTransfer.Core.Domain.Tests.CreditTransferRequestTests" name="CreditTransferRequest_IsValid_InvalidScenarios" />
    </UnitTest>
    <UnitTest name="CreditTransfer.Core.Domain.Tests.CreditTransferRequestTests.CreditTransferRequest_TotalAmountCalculation(riyal: 0, baisa: 0, expectedTotal: 0)" storage="e:\lp\upgradestack\credittransfer\migrated\tests\unit\credittransfer.core.domain.tests\bin\debug\net8.0\credittransfer.core.domain.tests.dll" id="65ed0728-a5a5-e21b-418c-a960c89cf7b2">
      <Execution id="1efce1b5-ce3d-4857-bdc4-8ecfc865c943" />
      <TestMethod codeBase="E:\LP\UpgradeStack\CreditTransfer\Migrated\tests\Unit\CreditTransfer.Core.Domain.Tests\bin\Debug\net8.0\CreditTransfer.Core.Domain.Tests.dll" adapterTypeName="executor://xunit/VsTestRunner2/netcoreapp" className="CreditTransfer.Core.Domain.Tests.CreditTransferRequestTests" name="CreditTransferRequest_TotalAmountCalculation" />
    </UnitTest>
    <UnitTest name="CreditTransfer.Core.Domain.Tests.CreditTransferResponseTests.CreditTransferResponse_Success_FactoryMethod_MinimalParameters" storage="e:\lp\upgradestack\credittransfer\migrated\tests\unit\credittransfer.core.domain.tests\bin\debug\net8.0\credittransfer.core.domain.tests.dll" id="3a0a67a3-93b8-b5eb-8289-38b44cd0c205">
      <Execution id="a9485948-3f11-46c0-97a5-4ef5691fec60" />
      <TestMethod codeBase="E:\LP\UpgradeStack\CreditTransfer\Migrated\tests\Unit\CreditTransfer.Core.Domain.Tests\bin\Debug\net8.0\CreditTransfer.Core.Domain.Tests.dll" adapterTypeName="executor://xunit/VsTestRunner2/netcoreapp" className="CreditTransfer.Core.Domain.Tests.CreditTransferResponseTests" name="CreditTransferResponse_Success_FactoryMethod_MinimalParameters" />
    </UnitTest>
    <UnitTest name="CreditTransfer.Core.Domain.Tests.TransferConfigTests.TransferConfig_ValidMinPostTransferBalances(balance: 10)" storage="e:\lp\upgradestack\credittransfer\migrated\tests\unit\credittransfer.core.domain.tests\bin\debug\net8.0\credittransfer.core.domain.tests.dll" id="c137a9ef-94b4-ef5c-9a14-b3366c5f011c">
      <Execution id="3527f079-d2c8-4c17-8d98-cdacaa7b2e86" />
      <TestMethod codeBase="E:\LP\UpgradeStack\CreditTransfer\Migrated\tests\Unit\CreditTransfer.Core.Domain.Tests\bin\Debug\net8.0\CreditTransfer.Core.Domain.Tests.dll" adapterTypeName="executor://xunit/VsTestRunner2/netcoreapp" className="CreditTransfer.Core.Domain.Tests.TransferConfigTests" name="TransferConfig_ValidMinPostTransferBalances" />
    </UnitTest>
    <UnitTest name="CreditTransfer.Core.Domain.Tests.TransferConfigTests.TransferConfig_TransferRestrictionsValidation" storage="e:\lp\upgradestack\credittransfer\migrated\tests\unit\credittransfer.core.domain.tests\bin\debug\net8.0\credittransfer.core.domain.tests.dll" id="7ff65f51-4c06-3af9-e17e-3df21a47529c">
      <Execution id="5ff01cf0-e5fb-41c8-a333-636d3aee5e99" />
      <TestMethod codeBase="E:\LP\UpgradeStack\CreditTransfer\Migrated\tests\Unit\CreditTransfer.Core.Domain.Tests\bin\Debug\net8.0\CreditTransfer.Core.Domain.Tests.dll" adapterTypeName="executor://xunit/VsTestRunner2/netcoreapp" className="CreditTransfer.Core.Domain.Tests.TransferConfigTests" name="TransferConfig_TransferRestrictionsValidation" />
    </UnitTest>
    <UnitTest name="CreditTransfer.Core.Domain.Tests.MessageTests.Message_ValidMessageKeys(messageKey: &quot;INSUFFICIENT_CREDIT&quot;)" storage="e:\lp\upgradestack\credittransfer\migrated\tests\unit\credittransfer.core.domain.tests\bin\debug\net8.0\credittransfer.core.domain.tests.dll" id="5b7ea985-9e97-2131-7166-45d4f0900502">
      <Execution id="e247c994-7bd4-4e0d-a035-80cfe83b1a6e" />
      <TestMethod codeBase="E:\LP\UpgradeStack\CreditTransfer\Migrated\tests\Unit\CreditTransfer.Core.Domain.Tests\bin\Debug\net8.0\CreditTransfer.Core.Domain.Tests.dll" adapterTypeName="executor://xunit/VsTestRunner2/netcoreapp" className="CreditTransfer.Core.Domain.Tests.MessageTests" name="Message_ValidMessageKeys" />
    </UnitTest>
    <UnitTest name="CreditTransfer.Core.Domain.Tests.MessageTests.Message_ValidMessageKeys(messageKey: &quot;TRANSFER_FAILED&quot;)" storage="e:\lp\upgradestack\credittransfer\migrated\tests\unit\credittransfer.core.domain.tests\bin\debug\net8.0\credittransfer.core.domain.tests.dll" id="0f33dd73-eb02-deaa-110f-1ef10228fc85">
      <Execution id="6a529fcb-d987-4478-b19e-ed77e8f8ff27" />
      <TestMethod codeBase="E:\LP\UpgradeStack\CreditTransfer\Migrated\tests\Unit\CreditTransfer.Core.Domain.Tests\bin\Debug\net8.0\CreditTransfer.Core.Domain.Tests.dll" adapterTypeName="executor://xunit/VsTestRunner2/netcoreapp" className="CreditTransfer.Core.Domain.Tests.MessageTests" name="Message_ValidMessageKeys" />
    </UnitTest>
    <UnitTest name="CreditTransfer.Core.Domain.Tests.TransactionTests.Transaction_SourceMsisdnValidation(msisdn: &quot;96876325315&quot;, shouldBeValid: True)" storage="e:\lp\upgradestack\credittransfer\migrated\tests\unit\credittransfer.core.domain.tests\bin\debug\net8.0\credittransfer.core.domain.tests.dll" id="ddd6caf4-0ed8-c20d-f757-41e234308c79">
      <Execution id="1228db3c-add8-48b8-b312-a30ea80ffa22" />
      <TestMethod codeBase="E:\LP\UpgradeStack\CreditTransfer\Migrated\tests\Unit\CreditTransfer.Core.Domain.Tests\bin\Debug\net8.0\CreditTransfer.Core.Domain.Tests.dll" adapterTypeName="executor://xunit/VsTestRunner2/netcoreapp" className="CreditTransfer.Core.Domain.Tests.TransactionTests" name="Transaction_SourceMsisdnValidation" />
    </UnitTest>
    <UnitTest name="CreditTransfer.Core.Domain.Tests.TransactionTests.Transaction_PropertiesSetCorrectly" storage="e:\lp\upgradestack\credittransfer\migrated\tests\unit\credittransfer.core.domain.tests\bin\debug\net8.0\credittransfer.core.domain.tests.dll" id="869749ee-9206-1679-57fe-b52989234f55">
      <Execution id="2d56e398-1e2b-4f14-b24d-ed028bfd595e" />
      <TestMethod codeBase="E:\LP\UpgradeStack\CreditTransfer\Migrated\tests\Unit\CreditTransfer.Core.Domain.Tests\bin\Debug\net8.0\CreditTransfer.Core.Domain.Tests.dll" adapterTypeName="executor://xunit/VsTestRunner2/netcoreapp" className="CreditTransfer.Core.Domain.Tests.TransactionTests" name="Transaction_PropertiesSetCorrectly" />
    </UnitTest>
    <UnitTest name="CreditTransfer.Core.Domain.Tests.TransferConfigTests.TransferConfig_BusinessRuleEnforcement" storage="e:\lp\upgradestack\credittransfer\migrated\tests\unit\credittransfer.core.domain.tests\bin\debug\net8.0\credittransfer.core.domain.tests.dll" id="874f8e0e-d1b9-97e4-3d35-feb3f8797993">
      <Execution id="814e7632-940f-42ba-a9d5-fcb077160e94" />
      <TestMethod codeBase="E:\LP\UpgradeStack\CreditTransfer\Migrated\tests\Unit\CreditTransfer.Core.Domain.Tests\bin\Debug\net8.0\CreditTransfer.Core.Domain.Tests.dll" adapterTypeName="executor://xunit/VsTestRunner2/netcoreapp" className="CreditTransfer.Core.Domain.Tests.TransferConfigTests" name="TransferConfig_BusinessRuleEnforcement" />
    </UnitTest>
    <UnitTest name="CreditTransfer.Core.Domain.Tests.MessageTests.Message_BilingualTextValidation(englishText: &quot;Invalid PIN&quot;, arabicText: &quot;رقم سري غير صحيح&quot;)" storage="e:\lp\upgradestack\credittransfer\migrated\tests\unit\credittransfer.core.domain.tests\bin\debug\net8.0\credittransfer.core.domain.tests.dll" id="6f2262be-8e83-f318-3ba3-bc810639f8aa">
      <Execution id="92173eea-b603-454f-9335-864a34dcd604" />
      <TestMethod codeBase="E:\LP\UpgradeStack\CreditTransfer\Migrated\tests\Unit\CreditTransfer.Core.Domain.Tests\bin\Debug\net8.0\CreditTransfer.Core.Domain.Tests.dll" adapterTypeName="executor://xunit/VsTestRunner2/netcoreapp" className="CreditTransfer.Core.Domain.Tests.MessageTests" name="Message_BilingualTextValidation" />
    </UnitTest>
    <UnitTest name="CreditTransfer.Core.Domain.Tests.CreditTransferRequestTests.CreditTransferRequest_IsValid_InvalidScenarios(source: &quot;96876325315&quot;, destination: &quot;96878715705&quot;, riyal: 10, baisa: -1, pin: &quot;1234&quot;, userName: &quot;TestUser&quot;, expectedValid: False)" storage="e:\lp\upgradestack\credittransfer\migrated\tests\unit\credittransfer.core.domain.tests\bin\debug\net8.0\credittransfer.core.domain.tests.dll" id="6e703a88-ea71-a410-916c-a82c82fcb7dd">
      <Execution id="150dfa65-3794-461f-989f-b051d6336a77" />
      <TestMethod codeBase="E:\LP\UpgradeStack\CreditTransfer\Migrated\tests\Unit\CreditTransfer.Core.Domain.Tests\bin\Debug\net8.0\CreditTransfer.Core.Domain.Tests.dll" adapterTypeName="executor://xunit/VsTestRunner2/netcoreapp" className="CreditTransfer.Core.Domain.Tests.CreditTransferRequestTests" name="CreditTransferRequest_IsValid_InvalidScenarios" />
    </UnitTest>
    <UnitTest name="CreditTransfer.Core.Domain.Tests.TransferConfigTests.TransferConfig_ValidMinTransferAmounts(amount: 5)" storage="e:\lp\upgradestack\credittransfer\migrated\tests\unit\credittransfer.core.domain.tests\bin\debug\net8.0\credittransfer.core.domain.tests.dll" id="8370cce9-3bbd-aaa0-5141-05ae60a40b05">
      <Execution id="c1db5793-e912-4183-9cf7-196d50d59d52" />
      <TestMethod codeBase="E:\LP\UpgradeStack\CreditTransfer\Migrated\tests\Unit\CreditTransfer.Core.Domain.Tests\bin\Debug\net8.0\CreditTransfer.Core.Domain.Tests.dll" adapterTypeName="executor://xunit/VsTestRunner2/netcoreapp" className="CreditTransfer.Core.Domain.Tests.TransferConfigTests" name="TransferConfig_ValidMinTransferAmounts" />
    </UnitTest>
    <UnitTest name="CreditTransfer.Core.Domain.Tests.ApplicationConfigTests.ApplicationConfig_ValidKeyNames(keyName: &quot;CurrencyUnitConversion&quot;)" storage="e:\lp\upgradestack\credittransfer\migrated\tests\unit\credittransfer.core.domain.tests\bin\debug\net8.0\credittransfer.core.domain.tests.dll" id="37b8b99a-4b70-44c4-2a9b-4902d05b61d2">
      <Execution id="88757707-863e-47e4-8e9d-0f30438b3a95" />
      <TestMethod codeBase="E:\LP\UpgradeStack\CreditTransfer\Migrated\tests\Unit\CreditTransfer.Core.Domain.Tests\bin\Debug\net8.0\CreditTransfer.Core.Domain.Tests.dll" adapterTypeName="executor://xunit/VsTestRunner2/netcoreapp" className="CreditTransfer.Core.Domain.Tests.ApplicationConfigTests" name="ApplicationConfig_ValidKeyNames" />
    </UnitTest>
    <UnitTest name="CreditTransfer.Core.Domain.Tests.CreditTransferRequestTests.CreditTransferRequest_AmountValidation(riyal: 1, baisa: 0, shouldBeValid: True)" storage="e:\lp\upgradestack\credittransfer\migrated\tests\unit\credittransfer.core.domain.tests\bin\debug\net8.0\credittransfer.core.domain.tests.dll" id="f43819b0-5b37-26b2-9650-71fa6759d4e8">
      <Execution id="d5856358-3938-404d-96fb-57ee10799c55" />
      <TestMethod codeBase="E:\LP\UpgradeStack\CreditTransfer\Migrated\tests\Unit\CreditTransfer.Core.Domain.Tests\bin\Debug\net8.0\CreditTransfer.Core.Domain.Tests.dll" adapterTypeName="executor://xunit/VsTestRunner2/netcoreapp" className="CreditTransfer.Core.Domain.Tests.CreditTransferRequestTests" name="CreditTransferRequest_AmountValidation" />
    </UnitTest>
    <UnitTest name="CreditTransfer.Core.Domain.Tests.MessageTests.Message_ValidMessageKeys(messageKey: &quot;UNKNOWN_SUBSCRIBER&quot;)" storage="e:\lp\upgradestack\credittransfer\migrated\tests\unit\credittransfer.core.domain.tests\bin\debug\net8.0\credittransfer.core.domain.tests.dll" id="856f7c4c-8c04-7a09-65f3-d26056e125c5">
      <Execution id="13d7836c-ddf0-4416-9ff6-7ca2abffce84" />
      <TestMethod codeBase="E:\LP\UpgradeStack\CreditTransfer\Migrated\tests\Unit\CreditTransfer.Core.Domain.Tests\bin\Debug\net8.0\CreditTransfer.Core.Domain.Tests.dll" adapterTypeName="executor://xunit/VsTestRunner2/netcoreapp" className="CreditTransfer.Core.Domain.Tests.MessageTests" name="Message_ValidMessageKeys" />
    </UnitTest>
    <UnitTest name="CreditTransfer.Core.Domain.Tests.CreditTransferResponseTests.CreditTransferResponse_StatusMessage_VariousMessages(statusMessage: &quot;مرحبا بكم في خدمة تحويل الرصيد&quot;)" storage="e:\lp\upgradestack\credittransfer\migrated\tests\unit\credittransfer.core.domain.tests\bin\debug\net8.0\credittransfer.core.domain.tests.dll" id="14556523-22fe-6040-bf00-5d899566d3d7">
      <Execution id="ca38d1fd-f440-42e5-bc41-75dae80cc84c" />
      <TestMethod codeBase="E:\LP\UpgradeStack\CreditTransfer\Migrated\tests\Unit\CreditTransfer.Core.Domain.Tests\bin\Debug\net8.0\CreditTransfer.Core.Domain.Tests.dll" adapterTypeName="executor://xunit/VsTestRunner2/netcoreapp" className="CreditTransfer.Core.Domain.Tests.CreditTransferResponseTests" name="CreditTransferResponse_StatusMessage_VariousMessages" />
    </UnitTest>
    <UnitTest name="CreditTransfer.Core.Domain.Tests.ApplicationConfigTests.ApplicationConfig_ValidKeyNames(keyName: &quot;MinTransferAmount&quot;)" storage="e:\lp\upgradestack\credittransfer\migrated\tests\unit\credittransfer.core.domain.tests\bin\debug\net8.0\credittransfer.core.domain.tests.dll" id="74017c45-fca7-eeb7-782e-d8c6fc0b90fb">
      <Execution id="0c742b71-216c-48a3-bae9-ad6a0efb0f26" />
      <TestMethod codeBase="E:\LP\UpgradeStack\CreditTransfer\Migrated\tests\Unit\CreditTransfer.Core.Domain.Tests\bin\Debug\net8.0\CreditTransfer.Core.Domain.Tests.dll" adapterTypeName="executor://xunit/VsTestRunner2/netcoreapp" className="CreditTransfer.Core.Domain.Tests.ApplicationConfigTests" name="ApplicationConfig_ValidKeyNames" />
    </UnitTest>
    <UnitTest name="CreditTransfer.Core.Domain.Tests.CreditTransferRequestTests.CreditTransferRequest_AmountValidation(riyal: -1, baisa: -1, shouldBeValid: False)" storage="e:\lp\upgradestack\credittransfer\migrated\tests\unit\credittransfer.core.domain.tests\bin\debug\net8.0\credittransfer.core.domain.tests.dll" id="ebd650d4-05a9-0061-1e32-def4da036978">
      <Execution id="4b45575e-4ea1-4d1d-ab17-890ddafcbcaa" />
      <TestMethod codeBase="E:\LP\UpgradeStack\CreditTransfer\Migrated\tests\Unit\CreditTransfer.Core.Domain.Tests\bin\Debug\net8.0\CreditTransfer.Core.Domain.Tests.dll" adapterTypeName="executor://xunit/VsTestRunner2/netcoreapp" className="CreditTransfer.Core.Domain.Tests.CreditTransferRequestTests" name="CreditTransferRequest_AmountValidation" />
    </UnitTest>
    <UnitTest name="CreditTransfer.Core.Domain.Tests.MessageTests.Message_UnicodeValidation_ArabicText" storage="e:\lp\upgradestack\credittransfer\migrated\tests\unit\credittransfer.core.domain.tests\bin\debug\net8.0\credittransfer.core.domain.tests.dll" id="cde9dbc2-54b1-54ef-e1ec-197a00941776">
      <Execution id="76c32e41-a0b8-405e-98fe-15f53d8ef5d6" />
      <TestMethod codeBase="E:\LP\UpgradeStack\CreditTransfer\Migrated\tests\Unit\CreditTransfer.Core.Domain.Tests\bin\Debug\net8.0\CreditTransfer.Core.Domain.Tests.dll" adapterTypeName="executor://xunit/VsTestRunner2/netcoreapp" className="CreditTransfer.Core.Domain.Tests.MessageTests" name="Message_UnicodeValidation_ArabicText" />
    </UnitTest>
    <UnitTest name="CreditTransfer.Core.Domain.Tests.CreditTransferResponseTests.CreditTransferResponse_Error_FactoryMethod_CommonErrorCodes(statusCode: 22, statusMessage: &quot;Invalid PIN&quot;)" storage="e:\lp\upgradestack\credittransfer\migrated\tests\unit\credittransfer.core.domain.tests\bin\debug\net8.0\credittransfer.core.domain.tests.dll" id="952b6f51-547b-eaed-4371-ca79748f5f9a">
      <Execution id="81cbe2c6-722c-4312-b5d9-890bd2e3f5a9" />
      <TestMethod codeBase="E:\LP\UpgradeStack\CreditTransfer\Migrated\tests\Unit\CreditTransfer.Core.Domain.Tests\bin\Debug\net8.0\CreditTransfer.Core.Domain.Tests.dll" adapterTypeName="executor://xunit/VsTestRunner2/netcoreapp" className="CreditTransfer.Core.Domain.Tests.CreditTransferResponseTests" name="CreditTransferResponse_Error_FactoryMethod_CommonErrorCodes" />
    </UnitTest>
    <UnitTest name="CreditTransfer.Core.Domain.Tests.TransferConfigTests.TransferConfig_ValidMinPostTransferBalances(balance: 0)" storage="e:\lp\upgradestack\credittransfer\migrated\tests\unit\credittransfer.core.domain.tests\bin\debug\net8.0\credittransfer.core.domain.tests.dll" id="e400ed5d-3384-3c2c-5178-78b55874f803">
      <Execution id="1fe5075f-f197-4020-8cc1-3afa0afbc95e" />
      <TestMethod codeBase="E:\LP\UpgradeStack\CreditTransfer\Migrated\tests\Unit\CreditTransfer.Core.Domain.Tests\bin\Debug\net8.0\CreditTransfer.Core.Domain.Tests.dll" adapterTypeName="executor://xunit/VsTestRunner2/netcoreapp" className="CreditTransfer.Core.Domain.Tests.TransferConfigTests" name="TransferConfig_ValidMinPostTransferBalances" />
    </UnitTest>
    <UnitTest name="CreditTransfer.Core.Domain.Tests.CreditTransferResponseTests.CreditTransferResponse_TransactionId_OptionalField" storage="e:\lp\upgradestack\credittransfer\migrated\tests\unit\credittransfer.core.domain.tests\bin\debug\net8.0\credittransfer.core.domain.tests.dll" id="9c5ac0d3-4fb0-ab3f-f7c4-a319c482b8ba">
      <Execution id="9bfa1864-3dbf-4d2f-8cff-40054b5fe974" />
      <TestMethod codeBase="E:\LP\UpgradeStack\CreditTransfer\Migrated\tests\Unit\CreditTransfer.Core.Domain.Tests\bin\Debug\net8.0\CreditTransfer.Core.Domain.Tests.dll" adapterTypeName="executor://xunit/VsTestRunner2/netcoreapp" className="CreditTransfer.Core.Domain.Tests.CreditTransferResponseTests" name="CreditTransferResponse_TransactionId_OptionalField" />
    </UnitTest>
    <UnitTest name="CreditTransfer.Core.Domain.Tests.TransactionTests.Transaction_SourceMsisdnValidation(msisdn: &quot;123&quot;, shouldBeValid: False)" storage="e:\lp\upgradestack\credittransfer\migrated\tests\unit\credittransfer.core.domain.tests\bin\debug\net8.0\credittransfer.core.domain.tests.dll" id="7c7556a6-24d0-7373-e2dc-7c6c150feb68">
      <Execution id="0bd6321b-1cc1-4367-aa50-b4226d71761d" />
      <TestMethod codeBase="E:\LP\UpgradeStack\CreditTransfer\Migrated\tests\Unit\CreditTransfer.Core.Domain.Tests\bin\Debug\net8.0\CreditTransfer.Core.Domain.Tests.dll" adapterTypeName="executor://xunit/VsTestRunner2/netcoreapp" className="CreditTransfer.Core.Domain.Tests.TransactionTests" name="Transaction_SourceMsisdnValidation" />
    </UnitTest>
    <UnitTest name="CreditTransfer.Core.Domain.Tests.ApplicationConfigTests.ApplicationConfig_ValueValidation_ValidValues(value: &quot;DefaultOperatorCreditTransferIN&quot;)" storage="e:\lp\upgradestack\credittransfer\migrated\tests\unit\credittransfer.core.domain.tests\bin\debug\net8.0\credittransfer.core.domain.tests.dll" id="c555f488-0b39-4c37-0d9c-613b4ea91fb9">
      <Execution id="8a797e6e-2977-4b8e-b3b0-ab057c232e15" />
      <TestMethod codeBase="E:\LP\UpgradeStack\CreditTransfer\Migrated\tests\Unit\CreditTransfer.Core.Domain.Tests\bin\Debug\net8.0\CreditTransfer.Core.Domain.Tests.dll" adapterTypeName="executor://xunit/VsTestRunner2/netcoreapp" className="CreditTransfer.Core.Domain.Tests.ApplicationConfigTests" name="ApplicationConfig_ValueValidation_ValidValues" />
    </UnitTest>
    <UnitTest name="CreditTransfer.Core.Domain.Tests.MessageTests.Message_PropertiesSetCorrectly" storage="e:\lp\upgradestack\credittransfer\migrated\tests\unit\credittransfer.core.domain.tests\bin\debug\net8.0\credittransfer.core.domain.tests.dll" id="51085eac-b7cc-f9b8-d166-a7a51edec2a9">
      <Execution id="9320cc5a-f96a-4d89-a412-e95f8cf274e3" />
      <TestMethod codeBase="E:\LP\UpgradeStack\CreditTransfer\Migrated\tests\Unit\CreditTransfer.Core.Domain.Tests\bin\Debug\net8.0\CreditTransfer.Core.Domain.Tests.dll" adapterTypeName="executor://xunit/VsTestRunner2/netcoreapp" className="CreditTransfer.Core.Domain.Tests.MessageTests" name="Message_PropertiesSetCorrectly" />
    </UnitTest>
    <UnitTest name="CreditTransfer.Core.Domain.Tests.CreditTransferResponseTests.CreditTransferResponse_StatusMessage_VariousMessages(statusMessage: &quot;Very long error message that describes the issue i&quot;...)" storage="e:\lp\upgradestack\credittransfer\migrated\tests\unit\credittransfer.core.domain.tests\bin\debug\net8.0\credittransfer.core.domain.tests.dll" id="0fc07717-56d1-4475-c1fa-cca47baed6cf">
      <Execution id="7deef4ff-3c6a-47d7-b591-12e517c7c75a" />
      <TestMethod codeBase="E:\LP\UpgradeStack\CreditTransfer\Migrated\tests\Unit\CreditTransfer.Core.Domain.Tests\bin\Debug\net8.0\CreditTransfer.Core.Domain.Tests.dll" adapterTypeName="executor://xunit/VsTestRunner2/netcoreapp" className="CreditTransfer.Core.Domain.Tests.CreditTransferResponseTests" name="CreditTransferResponse_StatusMessage_VariousMessages" />
    </UnitTest>
    <UnitTest name="CreditTransfer.Core.Domain.Tests.ApplicationConfigTests.ApplicationConfig_ModifiedByValidation_MaxLength" storage="e:\lp\upgradestack\credittransfer\migrated\tests\unit\credittransfer.core.domain.tests\bin\debug\net8.0\credittransfer.core.domain.tests.dll" id="6940ccf0-841d-003d-eecf-c5bc833ab47c">
      <Execution id="8a098753-3b89-4d68-bd16-1e904a7b1924" />
      <TestMethod codeBase="E:\LP\UpgradeStack\CreditTransfer\Migrated\tests\Unit\CreditTransfer.Core.Domain.Tests\bin\Debug\net8.0\CreditTransfer.Core.Domain.Tests.dll" adapterTypeName="executor://xunit/VsTestRunner2/netcoreapp" className="CreditTransfer.Core.Domain.Tests.ApplicationConfigTests" name="ApplicationConfig_ModifiedByValidation_MaxLength" />
    </UnitTest>
    <UnitTest name="CreditTransfer.Core.Domain.Tests.CreditTransferResponseTests.CreditTransferResponse_StatusMessage_VariousMessages(statusMessage: &quot;Test message&quot;)" storage="e:\lp\upgradestack\credittransfer\migrated\tests\unit\credittransfer.core.domain.tests\bin\debug\net8.0\credittransfer.core.domain.tests.dll" id="aa22cfcd-1f5c-97cb-ac3c-9c6d37ba9f89">
      <Execution id="1356bab5-22e9-4479-9473-96adf0aecac4" />
      <TestMethod codeBase="E:\LP\UpgradeStack\CreditTransfer\Migrated\tests\Unit\CreditTransfer.Core.Domain.Tests\bin\Debug\net8.0\CreditTransfer.Core.Domain.Tests.dll" adapterTypeName="executor://xunit/VsTestRunner2/netcoreapp" className="CreditTransfer.Core.Domain.Tests.CreditTransferResponseTests" name="CreditTransferResponse_StatusMessage_VariousMessages" />
    </UnitTest>
    <UnitTest name="CreditTransfer.Core.Domain.Tests.ApplicationConfigTests.ApplicationConfig_UniqueKeyValidation" storage="e:\lp\upgradestack\credittransfer\migrated\tests\unit\credittransfer.core.domain.tests\bin\debug\net8.0\credittransfer.core.domain.tests.dll" id="4d7c0644-4d92-a498-d33c-54a4f2f1a498">
      <Execution id="e8bdf1e8-ad2f-49cb-a04f-e3ba1ee16d34" />
      <TestMethod codeBase="E:\LP\UpgradeStack\CreditTransfer\Migrated\tests\Unit\CreditTransfer.Core.Domain.Tests\bin\Debug\net8.0\CreditTransfer.Core.Domain.Tests.dll" adapterTypeName="executor://xunit/VsTestRunner2/netcoreapp" className="CreditTransfer.Core.Domain.Tests.ApplicationConfigTests" name="ApplicationConfig_UniqueKeyValidation" />
    </UnitTest>
    <UnitTest name="CreditTransfer.Core.Domain.Tests.CreditTransferRequestTests.CreditTransferRequest_IsValid_AllFieldsValid" storage="e:\lp\upgradestack\credittransfer\migrated\tests\unit\credittransfer.core.domain.tests\bin\debug\net8.0\credittransfer.core.domain.tests.dll" id="0124e42a-bc14-de4b-9b66-88237327db8b">
      <Execution id="b5087d4d-070e-49fb-865e-dcbf56eb8a28" />
      <TestMethod codeBase="E:\LP\UpgradeStack\CreditTransfer\Migrated\tests\Unit\CreditTransfer.Core.Domain.Tests\bin\Debug\net8.0\CreditTransfer.Core.Domain.Tests.dll" adapterTypeName="executor://xunit/VsTestRunner2/netcoreapp" className="CreditTransfer.Core.Domain.Tests.CreditTransferRequestTests" name="CreditTransferRequest_IsValid_AllFieldsValid" />
    </UnitTest>
    <UnitTest name="CreditTransfer.Core.Domain.Tests.TransactionTests.Transaction_BackwardsCompatibility_CreatedDateProperty" storage="e:\lp\upgradestack\credittransfer\migrated\tests\unit\credittransfer.core.domain.tests\bin\debug\net8.0\credittransfer.core.domain.tests.dll" id="98a6614a-75a1-53b4-5049-7d3bab262c99">
      <Execution id="79a50afe-4834-430d-974c-45d75f1b01e2" />
      <TestMethod codeBase="E:\LP\UpgradeStack\CreditTransfer\Migrated\tests\Unit\CreditTransfer.Core.Domain.Tests\bin\Debug\net8.0\CreditTransfer.Core.Domain.Tests.dll" adapterTypeName="executor://xunit/VsTestRunner2/netcoreapp" className="CreditTransfer.Core.Domain.Tests.TransactionTests" name="Transaction_BackwardsCompatibility_CreatedDateProperty" />
    </UnitTest>
    <UnitTest name="CreditTransfer.Core.Domain.Tests.TransactionTests.Transaction_AmountValidation_ValidAmounts(amount: 10.5)" storage="e:\lp\upgradestack\credittransfer\migrated\tests\unit\credittransfer.core.domain.tests\bin\debug\net8.0\credittransfer.core.domain.tests.dll" id="1edb1318-9ce7-fdc2-7d0c-8a2d6df24d08">
      <Execution id="91d6f1c9-6a73-4301-ba63-f47dda66f75c" />
      <TestMethod codeBase="E:\LP\UpgradeStack\CreditTransfer\Migrated\tests\Unit\CreditTransfer.Core.Domain.Tests\bin\Debug\net8.0\CreditTransfer.Core.Domain.Tests.dll" adapterTypeName="executor://xunit/VsTestRunner2/netcoreapp" className="CreditTransfer.Core.Domain.Tests.TransactionTests" name="Transaction_AmountValidation_ValidAmounts" />
    </UnitTest>
    <UnitTest name="CreditTransfer.Core.Domain.Tests.MessageTests.Message_IsActiveCanBeSetToFalse" storage="e:\lp\upgradestack\credittransfer\migrated\tests\unit\credittransfer.core.domain.tests\bin\debug\net8.0\credittransfer.core.domain.tests.dll" id="825f4be5-4061-ae18-5405-839ab7196562">
      <Execution id="cb0e76d2-574c-495a-8ee2-efd12f8a751c" />
      <TestMethod codeBase="E:\LP\UpgradeStack\CreditTransfer\Migrated\tests\Unit\CreditTransfer.Core.Domain.Tests\bin\Debug\net8.0\CreditTransfer.Core.Domain.Tests.dll" adapterTypeName="executor://xunit/VsTestRunner2/netcoreapp" className="CreditTransfer.Core.Domain.Tests.MessageTests" name="Message_IsActiveCanBeSetToFalse" />
    </UnitTest>
    <UnitTest name="CreditTransfer.Core.Domain.Tests.MessageTests.Message_AllRequiredFieldsValid" storage="e:\lp\upgradestack\credittransfer\migrated\tests\unit\credittransfer.core.domain.tests\bin\debug\net8.0\credittransfer.core.domain.tests.dll" id="4f93f855-db6c-d165-9d69-1d2685c8b341">
      <Execution id="0e8dce28-beac-4a5f-91ae-37137236eab4" />
      <TestMethod codeBase="E:\LP\UpgradeStack\CreditTransfer\Migrated\tests\Unit\CreditTransfer.Core.Domain.Tests\bin\Debug\net8.0\CreditTransfer.Core.Domain.Tests.dll" adapterTypeName="executor://xunit/VsTestRunner2/netcoreapp" className="CreditTransfer.Core.Domain.Tests.MessageTests" name="Message_AllRequiredFieldsValid" />
    </UnitTest>
    <UnitTest name="CreditTransfer.Core.Domain.Tests.CreditTransferResponseTests.CreditTransferResponse_ResponseTimestamp_CanBeSet" storage="e:\lp\upgradestack\credittransfer\migrated\tests\unit\credittransfer.core.domain.tests\bin\debug\net8.0\credittransfer.core.domain.tests.dll" id="c68fa34d-ec5b-85af-f465-14bb8806dc63">
      <Execution id="6b851b16-b78f-47e3-881a-d9a22157a69b" />
      <TestMethod codeBase="E:\LP\UpgradeStack\CreditTransfer\Migrated\tests\Unit\CreditTransfer.Core.Domain.Tests\bin\Debug\net8.0\CreditTransfer.Core.Domain.Tests.dll" adapterTypeName="executor://xunit/VsTestRunner2/netcoreapp" className="CreditTransfer.Core.Domain.Tests.CreditTransferResponseTests" name="CreditTransferResponse_ResponseTimestamp_CanBeSet" />
    </UnitTest>
    <UnitTest name="CreditTransfer.Core.Domain.Tests.CreditTransferRequestTests.CreditTransferRequest_IsValid_InvalidScenarios(source: &quot;96876325315&quot;, destination: &quot;&quot;, riyal: 10, baisa: 500, pin: &quot;1234&quot;, userName: &quot;TestUser&quot;, expectedValid: False)" storage="e:\lp\upgradestack\credittransfer\migrated\tests\unit\credittransfer.core.domain.tests\bin\debug\net8.0\credittransfer.core.domain.tests.dll" id="da634ef9-94ed-cc35-3230-0a5845d6ee43">
      <Execution id="11000441-89a4-41de-9d76-aae343fc671c" />
      <TestMethod codeBase="E:\LP\UpgradeStack\CreditTransfer\Migrated\tests\Unit\CreditTransfer.Core.Domain.Tests\bin\Debug\net8.0\CreditTransfer.Core.Domain.Tests.dll" adapterTypeName="executor://xunit/VsTestRunner2/netcoreapp" className="CreditTransfer.Core.Domain.Tests.CreditTransferRequestTests" name="CreditTransferRequest_IsValid_InvalidScenarios" />
    </UnitTest>
    <UnitTest name="CreditTransfer.Core.Domain.Tests.TransferConfigTests.TransferConfig_BusinessRuleValidation_DailyLimits" storage="e:\lp\upgradestack\credittransfer\migrated\tests\unit\credittransfer.core.domain.tests\bin\debug\net8.0\credittransfer.core.domain.tests.dll" id="fe8e3eeb-0da3-11a7-5a04-cd675d1c5e06">
      <Execution id="8137537c-804e-43ac-b56c-08bbd3a630b3" />
      <TestMethod codeBase="E:\LP\UpgradeStack\CreditTransfer\Migrated\tests\Unit\CreditTransfer.Core.Domain.Tests\bin\Debug\net8.0\CreditTransfer.Core.Domain.Tests.dll" adapterTypeName="executor://xunit/VsTestRunner2/netcoreapp" className="CreditTransfer.Core.Domain.Tests.TransferConfigTests" name="TransferConfig_BusinessRuleValidation_DailyLimits" />
    </UnitTest>
    <UnitTest name="CreditTransfer.Core.Domain.Tests.CreditTransferResponseTests.CreditTransferResponse_Error_FactoryMethod_CommonErrorCodes(statusCode: 29, statusMessage: &quot;Configuration error&quot;)" storage="e:\lp\upgradestack\credittransfer\migrated\tests\unit\credittransfer.core.domain.tests\bin\debug\net8.0\credittransfer.core.domain.tests.dll" id="f0b41c3b-d318-1c9e-21f3-f9a1c0dac874">
      <Execution id="72bde17f-78b5-4eae-87a6-075d7f7cfa31" />
      <TestMethod codeBase="E:\LP\UpgradeStack\CreditTransfer\Migrated\tests\Unit\CreditTransfer.Core.Domain.Tests\bin\Debug\net8.0\CreditTransfer.Core.Domain.Tests.dll" adapterTypeName="executor://xunit/VsTestRunner2/netcoreapp" className="CreditTransfer.Core.Domain.Tests.CreditTransferResponseTests" name="CreditTransferResponse_Error_FactoryMethod_CommonErrorCodes" />
    </UnitTest>
    <UnitTest name="CreditTransfer.Core.Domain.Tests.TransferConfigTests.TransferConfig_IDValidation" storage="e:\lp\upgradestack\credittransfer\migrated\tests\unit\credittransfer.core.domain.tests\bin\debug\net8.0\credittransfer.core.domain.tests.dll" id="2253a402-d443-8417-d5ce-d842e22e35b6">
      <Execution id="07234406-63a0-4cd7-be0a-5b017d5e33c1" />
      <TestMethod codeBase="E:\LP\UpgradeStack\CreditTransfer\Migrated\tests\Unit\CreditTransfer.Core.Domain.Tests\bin\Debug\net8.0\CreditTransfer.Core.Domain.Tests.dll" adapterTypeName="executor://xunit/VsTestRunner2/netcoreapp" className="CreditTransfer.Core.Domain.Tests.TransferConfigTests" name="TransferConfig_IDValidation" />
    </UnitTest>
    <UnitTest name="CreditTransfer.Core.Domain.Tests.CreditTransferRequestTests.CreditTransferRequest_IsValid_InvalidScenarios(source: &quot;96876325315&quot;, destination: &quot;96878715705&quot;, riyal: 10, baisa: 500, pin: &quot;&quot;, userName: &quot;TestUser&quot;, expectedValid: False)" storage="e:\lp\upgradestack\credittransfer\migrated\tests\unit\credittransfer.core.domain.tests\bin\debug\net8.0\credittransfer.core.domain.tests.dll" id="4604d36c-a266-5c5c-793a-f5278bece865">
      <Execution id="ea1405ca-f3cd-4c2d-b4a3-c5a43f9c10b7" />
      <TestMethod codeBase="E:\LP\UpgradeStack\CreditTransfer\Migrated\tests\Unit\CreditTransfer.Core.Domain.Tests\bin\Debug\net8.0\CreditTransfer.Core.Domain.Tests.dll" adapterTypeName="executor://xunit/VsTestRunner2/netcoreapp" className="CreditTransfer.Core.Domain.Tests.CreditTransferRequestTests" name="CreditTransferRequest_IsValid_InvalidScenarios" />
    </UnitTest>
    <UnitTest name="CreditTransfer.Core.Domain.Tests.ApplicationConfigTests.ApplicationConfig_KeyValidation_MaxLength" storage="e:\lp\upgradestack\credittransfer\migrated\tests\unit\credittransfer.core.domain.tests\bin\debug\net8.0\credittransfer.core.domain.tests.dll" id="ff57e458-23e1-b2ca-fbf1-e77a09760d51">
      <Execution id="f7e8a0d8-30c8-446a-b263-e79d779ab76f" />
      <TestMethod codeBase="E:\LP\UpgradeStack\CreditTransfer\Migrated\tests\Unit\CreditTransfer.Core.Domain.Tests\bin\Debug\net8.0\CreditTransfer.Core.Domain.Tests.dll" adapterTypeName="executor://xunit/VsTestRunner2/netcoreapp" className="CreditTransfer.Core.Domain.Tests.ApplicationConfigTests" name="ApplicationConfig_KeyValidation_MaxLength" />
    </UnitTest>
    <UnitTest name="CreditTransfer.Core.Domain.Tests.MessageTests.Message_BilingualTextValidation(englishText: &quot;Transfer completed successfully&quot;, arabicText: &quot;تم تحويل الرصيد بنجاح&quot;)" storage="e:\lp\upgradestack\credittransfer\migrated\tests\unit\credittransfer.core.domain.tests\bin\debug\net8.0\credittransfer.core.domain.tests.dll" id="6a70dc2e-9f99-72ad-89a0-20f21e6955d7">
      <Execution id="90e1c2d3-122c-410f-b0ca-4a2a4dc04f10" />
      <TestMethod codeBase="E:\LP\UpgradeStack\CreditTransfer\Migrated\tests\Unit\CreditTransfer.Core.Domain.Tests\bin\Debug\net8.0\CreditTransfer.Core.Domain.Tests.dll" adapterTypeName="executor://xunit/VsTestRunner2/netcoreapp" className="CreditTransfer.Core.Domain.Tests.MessageTests" name="Message_BilingualTextValidation" />
    </UnitTest>
    <UnitTest name="CreditTransfer.Core.Domain.Tests.MessageTests.Message_IsActiveDefaultValue" storage="e:\lp\upgradestack\credittransfer\migrated\tests\unit\credittransfer.core.domain.tests\bin\debug\net8.0\credittransfer.core.domain.tests.dll" id="8b5cd010-9ab5-c23d-180c-ac740b4ced4a">
      <Execution id="2f34da17-da86-44a5-a56b-9b1259b014e4" />
      <TestMethod codeBase="E:\LP\UpgradeStack\CreditTransfer\Migrated\tests\Unit\CreditTransfer.Core.Domain.Tests\bin\Debug\net8.0\CreditTransfer.Core.Domain.Tests.dll" adapterTypeName="executor://xunit/VsTestRunner2/netcoreapp" className="CreditTransfer.Core.Domain.Tests.MessageTests" name="Message_IsActiveDefaultValue" />
    </UnitTest>
    <UnitTest name="CreditTransfer.Core.Domain.Tests.TransactionTests.Transaction_AmountValidation_ValidAmounts(amount: 100)" storage="e:\lp\upgradestack\credittransfer\migrated\tests\unit\credittransfer.core.domain.tests\bin\debug\net8.0\credittransfer.core.domain.tests.dll" id="27030277-d8c1-e1c1-0afb-385d67b4c1b5">
      <Execution id="72d2b200-98cc-46e8-8f36-a52224bc5345" />
      <TestMethod codeBase="E:\LP\UpgradeStack\CreditTransfer\Migrated\tests\Unit\CreditTransfer.Core.Domain.Tests\bin\Debug\net8.0\CreditTransfer.Core.Domain.Tests.dll" adapterTypeName="executor://xunit/VsTestRunner2/netcoreapp" className="CreditTransfer.Core.Domain.Tests.TransactionTests" name="Transaction_AmountValidation_ValidAmounts" />
    </UnitTest>
    <UnitTest name="CreditTransfer.Core.Domain.Tests.ApplicationConfigTests.ApplicationConfig_ValueValidation_ValidValues(value: &quot;false&quot;)" storage="e:\lp\upgradestack\credittransfer\migrated\tests\unit\credittransfer.core.domain.tests\bin\debug\net8.0\credittransfer.core.domain.tests.dll" id="dc1c42f4-258c-bd1d-f93c-5b2c02231f60">
      <Execution id="b30aa2f9-4a66-41d0-94df-6c0c5d2a209f" />
      <TestMethod codeBase="E:\LP\UpgradeStack\CreditTransfer\Migrated\tests\Unit\CreditTransfer.Core.Domain.Tests\bin\Debug\net8.0\CreditTransfer.Core.Domain.Tests.dll" adapterTypeName="executor://xunit/VsTestRunner2/netcoreapp" className="CreditTransfer.Core.Domain.Tests.ApplicationConfigTests" name="ApplicationConfig_ValueValidation_ValidValues" />
    </UnitTest>
    <UnitTest name="CreditTransfer.Core.Domain.Tests.TransactionTests.Transaction_TransactionLifecycleStates" storage="e:\lp\upgradestack\credittransfer\migrated\tests\unit\credittransfer.core.domain.tests\bin\debug\net8.0\credittransfer.core.domain.tests.dll" id="b0a29ce0-fbda-b67a-41f4-1954f1c86540">
      <Execution id="2b52f766-5fef-48db-8c6c-4cc901b048f2" />
      <TestMethod codeBase="E:\LP\UpgradeStack\CreditTransfer\Migrated\tests\Unit\CreditTransfer.Core.Domain.Tests\bin\Debug\net8.0\CreditTransfer.Core.Domain.Tests.dll" adapterTypeName="executor://xunit/VsTestRunner2/netcoreapp" className="CreditTransfer.Core.Domain.Tests.TransactionTests" name="Transaction_TransactionLifecycleStates" />
    </UnitTest>
    <UnitTest name="CreditTransfer.Core.Domain.Tests.MessageTests.Message_TextArValidation_RequiredAttribute" storage="e:\lp\upgradestack\credittransfer\migrated\tests\unit\credittransfer.core.domain.tests\bin\debug\net8.0\credittransfer.core.domain.tests.dll" id="94065d25-8da3-a559-3fa7-e95d6c4dfd56">
      <Execution id="09b6be51-59a1-43e3-b3a3-db4fb43fd37a" />
      <TestMethod codeBase="E:\LP\UpgradeStack\CreditTransfer\Migrated\tests\Unit\CreditTransfer.Core.Domain.Tests\bin\Debug\net8.0\CreditTransfer.Core.Domain.Tests.dll" adapterTypeName="executor://xunit/VsTestRunner2/netcoreapp" className="CreditTransfer.Core.Domain.Tests.MessageTests" name="Message_TextArValidation_RequiredAttribute" />
    </UnitTest>
    <UnitTest name="CreditTransfer.Core.Domain.Tests.MessageTests.Message_MessageKeyConsistency" storage="e:\lp\upgradestack\credittransfer\migrated\tests\unit\credittransfer.core.domain.tests\bin\debug\net8.0\credittransfer.core.domain.tests.dll" id="caac4c6e-dbb2-9e95-707e-fbc22915b266">
      <Execution id="6505ab4f-4a32-465c-b5b1-78820dabca10" />
      <TestMethod codeBase="E:\LP\UpgradeStack\CreditTransfer\Migrated\tests\Unit\CreditTransfer.Core.Domain.Tests\bin\Debug\net8.0\CreditTransfer.Core.Domain.Tests.dll" adapterTypeName="executor://xunit/VsTestRunner2/netcoreapp" className="CreditTransfer.Core.Domain.Tests.MessageTests" name="Message_MessageKeyConsistency" />
    </UnitTest>
    <UnitTest name="CreditTransfer.Core.Domain.Tests.CreditTransferResponseTests.CreditTransferResponse_Error_FactoryMethod_CommonErrorCodes(statusCode: 2, statusMessage: &quot;Unknown subscriber&quot;)" storage="e:\lp\upgradestack\credittransfer\migrated\tests\unit\credittransfer.core.domain.tests\bin\debug\net8.0\credittransfer.core.domain.tests.dll" id="034742df-965c-9626-cb40-885471bb8289">
      <Execution id="f083dfca-1cb3-401a-83af-47599efc04bd" />
      <TestMethod codeBase="E:\LP\UpgradeStack\CreditTransfer\Migrated\tests\Unit\CreditTransfer.Core.Domain.Tests\bin\Debug\net8.0\CreditTransfer.Core.Domain.Tests.dll" adapterTypeName="executor://xunit/VsTestRunner2/netcoreapp" className="CreditTransfer.Core.Domain.Tests.CreditTransferResponseTests" name="CreditTransferResponse_Error_FactoryMethod_CommonErrorCodes" />
    </UnitTest>
    <UnitTest name="CreditTransfer.Core.Domain.Tests.MessageTests.Message_DefaultConstructor_SetsDefaultValues" storage="e:\lp\upgradestack\credittransfer\migrated\tests\unit\credittransfer.core.domain.tests\bin\debug\net8.0\credittransfer.core.domain.tests.dll" id="d1e4c75c-9f93-918f-13d9-1c16bf07801e">
      <Execution id="1a26f01a-bf0c-406c-813c-2aa5e21ee794" />
      <TestMethod codeBase="E:\LP\UpgradeStack\CreditTransfer\Migrated\tests\Unit\CreditTransfer.Core.Domain.Tests\bin\Debug\net8.0\CreditTransfer.Core.Domain.Tests.dll" adapterTypeName="executor://xunit/VsTestRunner2/netcoreapp" className="CreditTransfer.Core.Domain.Tests.MessageTests" name="Message_DefaultConstructor_SetsDefaultValues" />
    </UnitTest>
    <UnitTest name="CreditTransfer.Core.Domain.Tests.CreditTransferResponseTests.CreditTransferResponse_Error_FactoryMethod_CommonErrorCodes(statusCode: 26, statusMessage: &quot;Source phone number not found&quot;)" storage="e:\lp\upgradestack\credittransfer\migrated\tests\unit\credittransfer.core.domain.tests\bin\debug\net8.0\credittransfer.core.domain.tests.dll" id="ed10af05-c6e0-f08a-4133-ddfe3ef7b72a">
      <Execution id="84093807-4fb3-4bd5-a193-ade440e85587" />
      <TestMethod codeBase="E:\LP\UpgradeStack\CreditTransfer\Migrated\tests\Unit\CreditTransfer.Core.Domain.Tests\bin\Debug\net8.0\CreditTransfer.Core.Domain.Tests.dll" adapterTypeName="executor://xunit/VsTestRunner2/netcoreapp" className="CreditTransfer.Core.Domain.Tests.CreditTransferResponseTests" name="CreditTransferResponse_Error_FactoryMethod_CommonErrorCodes" />
    </UnitTest>
    <UnitTest name="CreditTransfer.Core.Domain.Tests.CreditTransferResponseTests.CreditTransferResponse_Error_FactoryMethod_CommonErrorCodes(statusCode: 28, statusMessage: &quot;User not allowed to call this method&quot;)" storage="e:\lp\upgradestack\credittransfer\migrated\tests\unit\credittransfer.core.domain.tests\bin\debug\net8.0\credittransfer.core.domain.tests.dll" id="8f9a1c5d-3c0c-573d-ed52-08d5f219c5db">
      <Execution id="b2833d13-ebbb-4b2e-9983-d0c5f629edce" />
      <TestMethod codeBase="E:\LP\UpgradeStack\CreditTransfer\Migrated\tests\Unit\CreditTransfer.Core.Domain.Tests\bin\Debug\net8.0\CreditTransfer.Core.Domain.Tests.dll" adapterTypeName="executor://xunit/VsTestRunner2/netcoreapp" className="CreditTransfer.Core.Domain.Tests.CreditTransferResponseTests" name="CreditTransferResponse_Error_FactoryMethod_CommonErrorCodes" />
    </UnitTest>
    <UnitTest name="CreditTransfer.Core.Domain.Tests.ApplicationConfigTests.ApplicationConfig_KeyValidation_ExactMaxLength" storage="e:\lp\upgradestack\credittransfer\migrated\tests\unit\credittransfer.core.domain.tests\bin\debug\net8.0\credittransfer.core.domain.tests.dll" id="8e5030f1-31e3-8f50-9fd8-24fd029e12b0">
      <Execution id="6f89c21e-49ff-4be9-af05-ab7553f4b445" />
      <TestMethod codeBase="E:\LP\UpgradeStack\CreditTransfer\Migrated\tests\Unit\CreditTransfer.Core.Domain.Tests\bin\Debug\net8.0\CreditTransfer.Core.Domain.Tests.dll" adapterTypeName="executor://xunit/VsTestRunner2/netcoreapp" className="CreditTransfer.Core.Domain.Tests.ApplicationConfigTests" name="ApplicationConfig_KeyValidation_ExactMaxLength" />
    </UnitTest>
    <UnitTest name="CreditTransfer.Core.Domain.Tests.TransferConfigTests.TransferConfig_ValidDailyTransferCapLimits(limit: 100)" storage="e:\lp\upgradestack\credittransfer\migrated\tests\unit\credittransfer.core.domain.tests\bin\debug\net8.0\credittransfer.core.domain.tests.dll" id="9f2c5145-eae1-9de4-b3a4-298dc6fb7c9d">
      <Execution id="b42f146c-5ddf-4e32-9319-d110cd79d8de" />
      <TestMethod codeBase="E:\LP\UpgradeStack\CreditTransfer\Migrated\tests\Unit\CreditTransfer.Core.Domain.Tests\bin\Debug\net8.0\CreditTransfer.Core.Domain.Tests.dll" adapterTypeName="executor://xunit/VsTestRunner2/netcoreapp" className="CreditTransfer.Core.Domain.Tests.TransferConfigTests" name="TransferConfig_ValidDailyTransferCapLimits" />
    </UnitTest>
    <UnitTest name="CreditTransfer.Core.Domain.Tests.ApplicationConfigTests.ApplicationConfig_ValueValidation_ValidValues(value: &quot;simple_value&quot;)" storage="e:\lp\upgradestack\credittransfer\migrated\tests\unit\credittransfer.core.domain.tests\bin\debug\net8.0\credittransfer.core.domain.tests.dll" id="82f234b6-87e5-56ed-00df-bf62ddeec29f">
      <Execution id="1cf30566-69c4-436a-a58a-66cf2401ae99" />
      <TestMethod codeBase="E:\LP\UpgradeStack\CreditTransfer\Migrated\tests\Unit\CreditTransfer.Core.Domain.Tests\bin\Debug\net8.0\CreditTransfer.Core.Domain.Tests.dll" adapterTypeName="executor://xunit/VsTestRunner2/netcoreapp" className="CreditTransfer.Core.Domain.Tests.ApplicationConfigTests" name="ApplicationConfig_ValueValidation_ValidValues" />
    </UnitTest>
    <UnitTest name="CreditTransfer.Core.Domain.Tests.ApplicationConfigTests.ApplicationConfig_CategoryValidation_ValidCategories(category: &quot;Security&quot;)" storage="e:\lp\upgradestack\credittransfer\migrated\tests\unit\credittransfer.core.domain.tests\bin\debug\net8.0\credittransfer.core.domain.tests.dll" id="5a9fda1f-ce81-eacc-0c6a-19578a9fe8fb">
      <Execution id="74c29c9a-1b01-4403-8f84-53eb81359c70" />
      <TestMethod codeBase="E:\LP\UpgradeStack\CreditTransfer\Migrated\tests\Unit\CreditTransfer.Core.Domain.Tests\bin\Debug\net8.0\CreditTransfer.Core.Domain.Tests.dll" adapterTypeName="executor://xunit/VsTestRunner2/netcoreapp" className="CreditTransfer.Core.Domain.Tests.ApplicationConfigTests" name="ApplicationConfig_CategoryValidation_ValidCategories" />
    </UnitTest>
    <UnitTest name="CreditTransfer.Core.Domain.Tests.CreditTransferRequestTests.CreditTransferRequest_MsisdnValidation(msisdn: &quot;&quot;, shouldBeValid: False)" storage="e:\lp\upgradestack\credittransfer\migrated\tests\unit\credittransfer.core.domain.tests\bin\debug\net8.0\credittransfer.core.domain.tests.dll" id="380cfc46-934a-719b-c07d-916a15982efa">
      <Execution id="f076baec-ad5d-4692-8cf9-b87a2e14efed" />
      <TestMethod codeBase="E:\LP\UpgradeStack\CreditTransfer\Migrated\tests\Unit\CreditTransfer.Core.Domain.Tests\bin\Debug\net8.0\CreditTransfer.Core.Domain.Tests.dll" adapterTypeName="executor://xunit/VsTestRunner2/netcoreapp" className="CreditTransfer.Core.Domain.Tests.CreditTransferRequestTests" name="CreditTransferRequest_MsisdnValidation" />
    </UnitTest>
    <UnitTest name="CreditTransfer.Core.Domain.Tests.ApplicationConfigTests.ApplicationConfig_AllRequiredFieldsValid" storage="e:\lp\upgradestack\credittransfer\migrated\tests\unit\credittransfer.core.domain.tests\bin\debug\net8.0\credittransfer.core.domain.tests.dll" id="207d0186-35b1-0044-ebac-306e6da811a4">
      <Execution id="43796840-aff9-47f1-bf74-f5511d477477" />
      <TestMethod codeBase="E:\LP\UpgradeStack\CreditTransfer\Migrated\tests\Unit\CreditTransfer.Core.Domain.Tests\bin\Debug\net8.0\CreditTransfer.Core.Domain.Tests.dll" adapterTypeName="executor://xunit/VsTestRunner2/netcoreapp" className="CreditTransfer.Core.Domain.Tests.ApplicationConfigTests" name="ApplicationConfig_AllRequiredFieldsValid" />
    </UnitTest>
    <UnitTest name="CreditTransfer.Core.Domain.Tests.TransferConfigTests.TransferConfig_ValidNobillSubscriptionTypes(subscriptionType: &quot;POSTPAID&quot;)" storage="e:\lp\upgradestack\credittransfer\migrated\tests\unit\credittransfer.core.domain.tests\bin\debug\net8.0\credittransfer.core.domain.tests.dll" id="a0ec523b-6272-e10b-662e-393eaf42abf0">
      <Execution id="95cf63ec-e02e-4d27-aaf3-ee7525d97e22" />
      <TestMethod codeBase="E:\LP\UpgradeStack\CreditTransfer\Migrated\tests\Unit\CreditTransfer.Core.Domain.Tests\bin\Debug\net8.0\CreditTransfer.Core.Domain.Tests.dll" adapterTypeName="executor://xunit/VsTestRunner2/netcoreapp" className="CreditTransfer.Core.Domain.Tests.TransferConfigTests" name="TransferConfig_ValidNobillSubscriptionTypes" />
    </UnitTest>
    <UnitTest name="CreditTransfer.Core.Domain.Tests.ApplicationConfigTests.ApplicationConfig_DefaultConstructor_SetsDefaultValues" storage="e:\lp\upgradestack\credittransfer\migrated\tests\unit\credittransfer.core.domain.tests\bin\debug\net8.0\credittransfer.core.domain.tests.dll" id="2238795a-0c00-ec75-4f2b-88b8722d25fd">
      <Execution id="66e8473c-1805-4c81-81dc-3152a65ff093" />
      <TestMethod codeBase="E:\LP\UpgradeStack\CreditTransfer\Migrated\tests\Unit\CreditTransfer.Core.Domain.Tests\bin\Debug\net8.0\CreditTransfer.Core.Domain.Tests.dll" adapterTypeName="executor://xunit/VsTestRunner2/netcoreapp" className="CreditTransfer.Core.Domain.Tests.ApplicationConfigTests" name="ApplicationConfig_DefaultConstructor_SetsDefaultValues" />
    </UnitTest>
    <UnitTest name="CreditTransfer.Core.Domain.Tests.MessageTests.Message_TextEnValidation_RequiredAttribute" storage="e:\lp\upgradestack\credittransfer\migrated\tests\unit\credittransfer.core.domain.tests\bin\debug\net8.0\credittransfer.core.domain.tests.dll" id="60875231-4251-e791-178a-14d59548badf">
      <Execution id="b28f39dc-c865-4bbe-a4bc-907fbb274069" />
      <TestMethod codeBase="E:\LP\UpgradeStack\CreditTransfer\Migrated\tests\Unit\CreditTransfer.Core.Domain.Tests\bin\Debug\net8.0\CreditTransfer.Core.Domain.Tests.dll" adapterTypeName="executor://xunit/VsTestRunner2/netcoreapp" className="CreditTransfer.Core.Domain.Tests.MessageTests" name="Message_TextEnValidation_RequiredAttribute" />
    </UnitTest>
    <UnitTest name="CreditTransfer.Core.Domain.Tests.CreditTransferRequestTests.CreditTransferRequest_PinValidation(pin: &quot;   &quot;, shouldBeValid: False)" storage="e:\lp\upgradestack\credittransfer\migrated\tests\unit\credittransfer.core.domain.tests\bin\debug\net8.0\credittransfer.core.domain.tests.dll" id="99a40e03-2434-cbef-3003-e17f0447ca0f">
      <Execution id="fa4873c7-3ecb-4deb-9997-5f79859276cf" />
      <TestMethod codeBase="E:\LP\UpgradeStack\CreditTransfer\Migrated\tests\Unit\CreditTransfer.Core.Domain.Tests\bin\Debug\net8.0\CreditTransfer.Core.Domain.Tests.dll" adapterTypeName="executor://xunit/VsTestRunner2/netcoreapp" className="CreditTransfer.Core.Domain.Tests.CreditTransferRequestTests" name="CreditTransferRequest_PinValidation" />
    </UnitTest>
    <UnitTest name="CreditTransfer.Core.Domain.Tests.CreditTransferResponseTests.CreditTransferResponse_IsSuccess_StatusCodeValidation(statusCode: 0, expectedSuccess: True)" storage="e:\lp\upgradestack\credittransfer\migrated\tests\unit\credittransfer.core.domain.tests\bin\debug\net8.0\credittransfer.core.domain.tests.dll" id="0c2fa7be-dce3-0c9e-2e87-c1542c5f9cf4">
      <Execution id="a8fb0a23-7250-4317-811f-74f944200aab" />
      <TestMethod codeBase="E:\LP\UpgradeStack\CreditTransfer\Migrated\tests\Unit\CreditTransfer.Core.Domain.Tests\bin\Debug\net8.0\CreditTransfer.Core.Domain.Tests.dll" adapterTypeName="executor://xunit/VsTestRunner2/netcoreapp" className="CreditTransfer.Core.Domain.Tests.CreditTransferResponseTests" name="CreditTransferResponse_IsSuccess_StatusCodeValidation" />
    </UnitTest>
    <UnitTest name="CreditTransfer.Core.Domain.Tests.CreditTransferResponseTests.CreditTransferResponse_ProcessedAmount_DecimalPrecision" storage="e:\lp\upgradestack\credittransfer\migrated\tests\unit\credittransfer.core.domain.tests\bin\debug\net8.0\credittransfer.core.domain.tests.dll" id="576e007b-9f86-c4e2-9b38-56a05ab97075">
      <Execution id="036925e1-82a6-4cdf-81f9-a2207eefb08a" />
      <TestMethod codeBase="E:\LP\UpgradeStack\CreditTransfer\Migrated\tests\Unit\CreditTransfer.Core.Domain.Tests\bin\Debug\net8.0\CreditTransfer.Core.Domain.Tests.dll" adapterTypeName="executor://xunit/VsTestRunner2/netcoreapp" className="CreditTransfer.Core.Domain.Tests.CreditTransferResponseTests" name="CreditTransferResponse_ProcessedAmount_DecimalPrecision" />
    </UnitTest>
    <UnitTest name="CreditTransfer.Core.Domain.Tests.CreditTransferRequestTests.CreditTransferRequest_PinValidation(pin: &quot;0000&quot;, shouldBeValid: True)" storage="e:\lp\upgradestack\credittransfer\migrated\tests\unit\credittransfer.core.domain.tests\bin\debug\net8.0\credittransfer.core.domain.tests.dll" id="a3a62fed-dbda-fcae-1988-d66d63bd5db6">
      <Execution id="7115a9de-56e6-41e3-9de5-c49559e1512c" />
      <TestMethod codeBase="E:\LP\UpgradeStack\CreditTransfer\Migrated\tests\Unit\CreditTransfer.Core.Domain.Tests\bin\Debug\net8.0\CreditTransfer.Core.Domain.Tests.dll" adapterTypeName="executor://xunit/VsTestRunner2/netcoreapp" className="CreditTransfer.Core.Domain.Tests.CreditTransferRequestTests" name="CreditTransferRequest_PinValidation" />
    </UnitTest>
    <UnitTest name="CreditTransfer.Core.Domain.Tests.TransactionTests.Transaction_AmountValidation_InvalidAmounts(amount: -1)" storage="e:\lp\upgradestack\credittransfer\migrated\tests\unit\credittransfer.core.domain.tests\bin\debug\net8.0\credittransfer.core.domain.tests.dll" id="2bbd0eb5-d8c5-df90-4820-4a281383dab3">
      <Execution id="51fd4d7a-d1f2-49e4-81ee-59a84b2b4095" />
      <TestMethod codeBase="E:\LP\UpgradeStack\CreditTransfer\Migrated\tests\Unit\CreditTransfer.Core.Domain.Tests\bin\Debug\net8.0\CreditTransfer.Core.Domain.Tests.dll" adapterTypeName="executor://xunit/VsTestRunner2/netcoreapp" className="CreditTransfer.Core.Domain.Tests.TransactionTests" name="Transaction_AmountValidation_InvalidAmounts" />
    </UnitTest>
    <UnitTest name="CreditTransfer.Core.Domain.Tests.TransactionTests.Transaction_BusinessRuleValidation_SameSourceAndDestination" storage="e:\lp\upgradestack\credittransfer\migrated\tests\unit\credittransfer.core.domain.tests\bin\debug\net8.0\credittransfer.core.domain.tests.dll" id="04ab5475-d8f2-abb5-7e5a-a823582ae11f">
      <Execution id="8213e019-b094-429f-bd7c-c0bc45859b01" />
      <TestMethod codeBase="E:\LP\UpgradeStack\CreditTransfer\Migrated\tests\Unit\CreditTransfer.Core.Domain.Tests\bin\Debug\net8.0\CreditTransfer.Core.Domain.Tests.dll" adapterTypeName="executor://xunit/VsTestRunner2/netcoreapp" className="CreditTransfer.Core.Domain.Tests.TransactionTests" name="Transaction_BusinessRuleValidation_SameSourceAndDestination" />
    </UnitTest>
    <UnitTest name="CreditTransfer.Core.Domain.Tests.TransferConfigTests.TransferConfig_ValidDailyTransferCapLimits(limit: 500)" storage="e:\lp\upgradestack\credittransfer\migrated\tests\unit\credittransfer.core.domain.tests\bin\debug\net8.0\credittransfer.core.domain.tests.dll" id="c94a6e6e-803b-539a-3533-1c132d0187b1">
      <Execution id="9c19d2dc-4801-45bf-bf9f-817f18344bc1" />
      <TestMethod codeBase="E:\LP\UpgradeStack\CreditTransfer\Migrated\tests\Unit\CreditTransfer.Core.Domain.Tests\bin\Debug\net8.0\CreditTransfer.Core.Domain.Tests.dll" adapterTypeName="executor://xunit/VsTestRunner2/netcoreapp" className="CreditTransfer.Core.Domain.Tests.TransferConfigTests" name="TransferConfig_ValidDailyTransferCapLimits" />
    </UnitTest>
    <UnitTest name="CreditTransfer.Core.Domain.Tests.TransferConfigTests.TransferConfig_TransferCounterNameValidation" storage="e:\lp\upgradestack\credittransfer\migrated\tests\unit\credittransfer.core.domain.tests\bin\debug\net8.0\credittransfer.core.domain.tests.dll" id="c10b2481-dec4-2d98-7f39-cddda29f6202">
      <Execution id="99df2527-7208-4728-b06d-da3da81e1541" />
      <TestMethod codeBase="E:\LP\UpgradeStack\CreditTransfer\Migrated\tests\Unit\CreditTransfer.Core.Domain.Tests\bin\Debug\net8.0\CreditTransfer.Core.Domain.Tests.dll" adapterTypeName="executor://xunit/VsTestRunner2/netcoreapp" className="CreditTransfer.Core.Domain.Tests.TransferConfigTests" name="TransferConfig_TransferCounterNameValidation" />
    </UnitTest>
    <UnitTest name="CreditTransfer.Core.Domain.Tests.ApplicationConfigTests.ApplicationConfig_CategoryValidation_ValidCategories(category: &quot;SMS&quot;)" storage="e:\lp\upgradestack\credittransfer\migrated\tests\unit\credittransfer.core.domain.tests\bin\debug\net8.0\credittransfer.core.domain.tests.dll" id="ba49d435-8d96-e889-baf8-d367daa6c67c">
      <Execution id="66d4c5c3-815b-497d-9b95-8ce5c7c9920b" />
      <TestMethod codeBase="E:\LP\UpgradeStack\CreditTransfer\Migrated\tests\Unit\CreditTransfer.Core.Domain.Tests\bin\Debug\net8.0\CreditTransfer.Core.Domain.Tests.dll" adapterTypeName="executor://xunit/VsTestRunner2/netcoreapp" className="CreditTransfer.Core.Domain.Tests.ApplicationConfigTests" name="ApplicationConfig_CategoryValidation_ValidCategories" />
    </UnitTest>
    <UnitTest name="CreditTransfer.Core.Domain.Tests.ApplicationConfigTests.ApplicationConfig_PropertiesSetCorrectly" storage="e:\lp\upgradestack\credittransfer\migrated\tests\unit\credittransfer.core.domain.tests\bin\debug\net8.0\credittransfer.core.domain.tests.dll" id="ec5cac67-1b59-a898-1b90-0560d8ed6fc2">
      <Execution id="2085765d-0285-495f-b76e-08e267e3a360" />
      <TestMethod codeBase="E:\LP\UpgradeStack\CreditTransfer\Migrated\tests\Unit\CreditTransfer.Core.Domain.Tests\bin\Debug\net8.0\CreditTransfer.Core.Domain.Tests.dll" adapterTypeName="executor://xunit/VsTestRunner2/netcoreapp" className="CreditTransfer.Core.Domain.Tests.ApplicationConfigTests" name="ApplicationConfig_PropertiesSetCorrectly" />
    </UnitTest>
    <UnitTest name="CreditTransfer.Core.Domain.Tests.CreditTransferRequestTests.CreditTransferRequest_AmountValidation(riyal: -1, baisa: 0, shouldBeValid: False)" storage="e:\lp\upgradestack\credittransfer\migrated\tests\unit\credittransfer.core.domain.tests\bin\debug\net8.0\credittransfer.core.domain.tests.dll" id="054021a5-7fc5-1016-d763-cff792fef6f4">
      <Execution id="23cbe440-3828-490d-a145-d7d76eed7581" />
      <TestMethod codeBase="E:\LP\UpgradeStack\CreditTransfer\Migrated\tests\Unit\CreditTransfer.Core.Domain.Tests\bin\Debug\net8.0\CreditTransfer.Core.Domain.Tests.dll" adapterTypeName="executor://xunit/VsTestRunner2/netcoreapp" className="CreditTransfer.Core.Domain.Tests.CreditTransferRequestTests" name="CreditTransferRequest_AmountValidation" />
    </UnitTest>
    <UnitTest name="CreditTransfer.Core.Domain.Tests.CreditTransferResponseTests.CreditTransferResponse_Error_FactoryMethod" storage="e:\lp\upgradestack\credittransfer\migrated\tests\unit\credittransfer.core.domain.tests\bin\debug\net8.0\credittransfer.core.domain.tests.dll" id="f92b4d98-1bd4-3bf7-ee25-c04f84880861">
      <Execution id="7577a142-ca57-49db-86df-f585bd2bd484" />
      <TestMethod codeBase="E:\LP\UpgradeStack\CreditTransfer\Migrated\tests\Unit\CreditTransfer.Core.Domain.Tests\bin\Debug\net8.0\CreditTransfer.Core.Domain.Tests.dll" adapterTypeName="executor://xunit/VsTestRunner2/netcoreapp" className="CreditTransfer.Core.Domain.Tests.CreditTransferResponseTests" name="CreditTransferResponse_Error_FactoryMethod" />
    </UnitTest>
    <UnitTest name="CreditTransfer.Core.Domain.Tests.CreditTransferRequestTests.CreditTransferRequest_UserNameValidation(userName: &quot;Admin&quot;, shouldBeValid: True)" storage="e:\lp\upgradestack\credittransfer\migrated\tests\unit\credittransfer.core.domain.tests\bin\debug\net8.0\credittransfer.core.domain.tests.dll" id="dfcf5314-388b-42b6-339b-ff7e0b6eb035">
      <Execution id="c2e2bb70-3afa-41f5-8820-266afa889be1" />
      <TestMethod codeBase="E:\LP\UpgradeStack\CreditTransfer\Migrated\tests\Unit\CreditTransfer.Core.Domain.Tests\bin\Debug\net8.0\CreditTransfer.Core.Domain.Tests.dll" adapterTypeName="executor://xunit/VsTestRunner2/netcoreapp" className="CreditTransfer.Core.Domain.Tests.CreditTransferRequestTests" name="CreditTransferRequest_UserNameValidation" />
    </UnitTest>
    <UnitTest name="CreditTransfer.Core.Domain.Tests.TransferConfigTests.TransferConfig_SubscriptionTypeMapping" storage="e:\lp\upgradestack\credittransfer\migrated\tests\unit\credittransfer.core.domain.tests\bin\debug\net8.0\credittransfer.core.domain.tests.dll" id="8098487f-6990-878e-47c2-99329a686753">
      <Execution id="2dfac209-12b6-4e0c-a322-d942148db7b6" />
      <TestMethod codeBase="E:\LP\UpgradeStack\CreditTransfer\Migrated\tests\Unit\CreditTransfer.Core.Domain.Tests\bin\Debug\net8.0\CreditTransfer.Core.Domain.Tests.dll" adapterTypeName="executor://xunit/VsTestRunner2/netcoreapp" className="CreditTransfer.Core.Domain.Tests.TransferConfigTests" name="TransferConfig_SubscriptionTypeMapping" />
    </UnitTest>
    <UnitTest name="CreditTransfer.Core.Domain.Tests.CreditTransferRequestTests.CreditTransferRequest_UserNameValidation(userName: &quot;   &quot;, shouldBeValid: False)" storage="e:\lp\upgradestack\credittransfer\migrated\tests\unit\credittransfer.core.domain.tests\bin\debug\net8.0\credittransfer.core.domain.tests.dll" id="90113dde-2a13-60ba-ba65-f9090f79ba78">
      <Execution id="fa7149be-e019-4417-a78c-455dad65fb0c" />
      <TestMethod codeBase="E:\LP\UpgradeStack\CreditTransfer\Migrated\tests\Unit\CreditTransfer.Core.Domain.Tests\bin\Debug\net8.0\CreditTransfer.Core.Domain.Tests.dll" adapterTypeName="executor://xunit/VsTestRunner2/netcoreapp" className="CreditTransfer.Core.Domain.Tests.CreditTransferRequestTests" name="CreditTransferRequest_UserNameValidation" />
    </UnitTest>
    <UnitTest name="CreditTransfer.Core.Domain.Tests.CreditTransferRequestTests.CreditTransferRequest_MsisdnValidation(msisdn: &quot;968&quot;, shouldBeValid: False)" storage="e:\lp\upgradestack\credittransfer\migrated\tests\unit\credittransfer.core.domain.tests\bin\debug\net8.0\credittransfer.core.domain.tests.dll" id="4d985d81-596f-c919-5509-a8d045f1ca01">
      <Execution id="cb6d96b8-2ed0-401f-996e-b61592073e50" />
      <TestMethod codeBase="E:\LP\UpgradeStack\CreditTransfer\Migrated\tests\Unit\CreditTransfer.Core.Domain.Tests\bin\Debug\net8.0\CreditTransfer.Core.Domain.Tests.dll" adapterTypeName="executor://xunit/VsTestRunner2/netcoreapp" className="CreditTransfer.Core.Domain.Tests.CreditTransferRequestTests" name="CreditTransferRequest_MsisdnValidation" />
    </UnitTest>
    <UnitTest name="CreditTransfer.Core.Domain.Tests.CreditTransferRequestTests.CreditTransferRequest_TotalAmountCalculation(riyal: 10, baisa: 0, expectedTotal: 10)" storage="e:\lp\upgradestack\credittransfer\migrated\tests\unit\credittransfer.core.domain.tests\bin\debug\net8.0\credittransfer.core.domain.tests.dll" id="1f1bcbf3-8f5a-75e6-237b-dc72c377f39a">
      <Execution id="d1f04a01-d74c-4bf9-b9b0-2f3067a8f4e8" />
      <TestMethod codeBase="E:\LP\UpgradeStack\CreditTransfer\Migrated\tests\Unit\CreditTransfer.Core.Domain.Tests\bin\Debug\net8.0\CreditTransfer.Core.Domain.Tests.dll" adapterTypeName="executor://xunit/VsTestRunner2/netcoreapp" className="CreditTransfer.Core.Domain.Tests.CreditTransferRequestTests" name="CreditTransferRequest_TotalAmountCalculation" />
    </UnitTest>
    <UnitTest name="CreditTransfer.Core.Domain.Tests.CreditTransferResponseTests.CreditTransferResponse_BusinessRuleValidation_SuccessWithoutAmount" storage="e:\lp\upgradestack\credittransfer\migrated\tests\unit\credittransfer.core.domain.tests\bin\debug\net8.0\credittransfer.core.domain.tests.dll" id="566e3e55-1946-95bc-570b-9dbb85b67641">
      <Execution id="9d6f6e98-6ab1-433b-b7fd-631c800efc81" />
      <TestMethod codeBase="E:\LP\UpgradeStack\CreditTransfer\Migrated\tests\Unit\CreditTransfer.Core.Domain.Tests\bin\Debug\net8.0\CreditTransfer.Core.Domain.Tests.dll" adapterTypeName="executor://xunit/VsTestRunner2/netcoreapp" className="CreditTransfer.Core.Domain.Tests.CreditTransferResponseTests" name="CreditTransferResponse_BusinessRuleValidation_SuccessWithoutAmount" />
    </UnitTest>
    <UnitTest name="CreditTransfer.Core.Domain.Tests.CreditTransferResponseTests.CreditTransferResponse_Error_FactoryMethod_CommonErrorCodes(statusCode: 1, statusMessage: &quot;Transfer failed&quot;)" storage="e:\lp\upgradestack\credittransfer\migrated\tests\unit\credittransfer.core.domain.tests\bin\debug\net8.0\credittransfer.core.domain.tests.dll" id="4abe5920-e689-7314-d2fe-24123e6d973c">
      <Execution id="5d7fb4ea-8b60-4ffa-8189-bfeac88f70e9" />
      <TestMethod codeBase="E:\LP\UpgradeStack\CreditTransfer\Migrated\tests\Unit\CreditTransfer.Core.Domain.Tests\bin\Debug\net8.0\CreditTransfer.Core.Domain.Tests.dll" adapterTypeName="executor://xunit/VsTestRunner2/netcoreapp" className="CreditTransfer.Core.Domain.Tests.CreditTransferResponseTests" name="CreditTransferResponse_Error_FactoryMethod_CommonErrorCodes" />
    </UnitTest>
    <UnitTest name="CreditTransfer.Core.Domain.Tests.TransferConfigTests.TransferConfig_ValidMinPostTransferBalances(balance: 5)" storage="e:\lp\upgradestack\credittransfer\migrated\tests\unit\credittransfer.core.domain.tests\bin\debug\net8.0\credittransfer.core.domain.tests.dll" id="81d1dff8-1d52-5fd8-6c1a-c9085b82171e">
      <Execution id="5a8b3f19-50d4-4d5a-b015-d5b8eaf1e0ef" />
      <TestMethod codeBase="E:\LP\UpgradeStack\CreditTransfer\Migrated\tests\Unit\CreditTransfer.Core.Domain.Tests\bin\Debug\net8.0\CreditTransfer.Core.Domain.Tests.dll" adapterTypeName="executor://xunit/VsTestRunner2/netcoreapp" className="CreditTransfer.Core.Domain.Tests.TransferConfigTests" name="TransferConfig_ValidMinPostTransferBalances" />
    </UnitTest>
    <UnitTest name="CreditTransfer.Core.Domain.Tests.TransactionTests.Transaction_StatusIdMapping(statusId: 0, expectedStatus: Pending)" storage="e:\lp\upgradestack\credittransfer\migrated\tests\unit\credittransfer.core.domain.tests\bin\debug\net8.0\credittransfer.core.domain.tests.dll" id="09a9a12f-9e77-246f-a8ef-4f7ba69dd4a4">
      <Execution id="da7cef6e-3a34-4e3d-a108-91cb6f224e44" />
      <TestMethod codeBase="E:\LP\UpgradeStack\CreditTransfer\Migrated\tests\Unit\CreditTransfer.Core.Domain.Tests\bin\Debug\net8.0\CreditTransfer.Core.Domain.Tests.dll" adapterTypeName="executor://xunit/VsTestRunner2/netcoreapp" className="CreditTransfer.Core.Domain.Tests.TransactionTests" name="Transaction_StatusIdMapping" />
    </UnitTest>
    <UnitTest name="CreditTransfer.Core.Domain.Tests.CreditTransferRequestTests.CreditTransferRequest_PinValidation(pin: &quot;1234&quot;, shouldBeValid: True)" storage="e:\lp\upgradestack\credittransfer\migrated\tests\unit\credittransfer.core.domain.tests\bin\debug\net8.0\credittransfer.core.domain.tests.dll" id="8cfe3e85-ef00-26cb-37fa-3f3ad2762e89">
      <Execution id="abf08d80-5da9-4d42-9a69-106a86d905dc" />
      <TestMethod codeBase="E:\LP\UpgradeStack\CreditTransfer\Migrated\tests\Unit\CreditTransfer.Core.Domain.Tests\bin\Debug\net8.0\CreditTransfer.Core.Domain.Tests.dll" adapterTypeName="executor://xunit/VsTestRunner2/netcoreapp" className="CreditTransfer.Core.Domain.Tests.CreditTransferRequestTests" name="CreditTransferRequest_PinValidation" />
    </UnitTest>
    <UnitTest name="CreditTransfer.Core.Domain.Tests.MessageTests.Message_TextArValidation_LongText" storage="e:\lp\upgradestack\credittransfer\migrated\tests\unit\credittransfer.core.domain.tests\bin\debug\net8.0\credittransfer.core.domain.tests.dll" id="868448a1-1f09-dfe6-f8ba-674ef64fe32a">
      <Execution id="cda8b350-5197-42dd-a793-e7c85ec20287" />
      <TestMethod codeBase="E:\LP\UpgradeStack\CreditTransfer\Migrated\tests\Unit\CreditTransfer.Core.Domain.Tests\bin\Debug\net8.0\CreditTransfer.Core.Domain.Tests.dll" adapterTypeName="executor://xunit/VsTestRunner2/netcoreapp" className="CreditTransfer.Core.Domain.Tests.MessageTests" name="Message_TextArValidation_LongText" />
    </UnitTest>
    <UnitTest name="CreditTransfer.Core.Domain.Tests.ApplicationConfigTests.ApplicationConfig_ValueValidation_ValidValues(value: &quot;123.456&quot;)" storage="e:\lp\upgradestack\credittransfer\migrated\tests\unit\credittransfer.core.domain.tests\bin\debug\net8.0\credittransfer.core.domain.tests.dll" id="a07e1ee2-578a-e452-d238-cea0744717c7">
      <Execution id="acb00988-e49e-4f24-8e29-899b32352f0a" />
      <TestMethod codeBase="E:\LP\UpgradeStack\CreditTransfer\Migrated\tests\Unit\CreditTransfer.Core.Domain.Tests\bin\Debug\net8.0\CreditTransfer.Core.Domain.Tests.dll" adapterTypeName="executor://xunit/VsTestRunner2/netcoreapp" className="CreditTransfer.Core.Domain.Tests.ApplicationConfigTests" name="ApplicationConfig_ValueValidation_ValidValues" />
    </UnitTest>
    <UnitTest name="CreditTransfer.Core.Domain.Tests.CreditTransferRequestTests.CreditTransferRequest_TotalAmountCalculation(riyal: 0, baisa: 500, expectedTotal: 0.5)" storage="e:\lp\upgradestack\credittransfer\migrated\tests\unit\credittransfer.core.domain.tests\bin\debug\net8.0\credittransfer.core.domain.tests.dll" id="a0681403-28e6-8d64-4ae3-bbfcea941e44">
      <Execution id="71bdc2f4-84c4-456a-97ee-d40d0d0fec6e" />
      <TestMethod codeBase="E:\LP\UpgradeStack\CreditTransfer\Migrated\tests\Unit\CreditTransfer.Core.Domain.Tests\bin\Debug\net8.0\CreditTransfer.Core.Domain.Tests.dll" adapterTypeName="executor://xunit/VsTestRunner2/netcoreapp" className="CreditTransfer.Core.Domain.Tests.CreditTransferRequestTests" name="CreditTransferRequest_TotalAmountCalculation" />
    </UnitTest>
    <UnitTest name="CreditTransfer.Core.Domain.Tests.CreditTransferResponseTests.CreditTransferResponse_Error_FactoryMethod_CommonErrorCodes(statusCode: 30, statusMessage: &quot;Property not found&quot;)" storage="e:\lp\upgradestack\credittransfer\migrated\tests\unit\credittransfer.core.domain.tests\bin\debug\net8.0\credittransfer.core.domain.tests.dll" id="a74e9bf9-3504-6202-2c81-21f1562b6d18">
      <Execution id="5ba29286-04e6-45ea-9c85-e7af61f6ee85" />
      <TestMethod codeBase="E:\LP\UpgradeStack\CreditTransfer\Migrated\tests\Unit\CreditTransfer.Core.Domain.Tests\bin\Debug\net8.0\CreditTransfer.Core.Domain.Tests.dll" adapterTypeName="executor://xunit/VsTestRunner2/netcoreapp" className="CreditTransfer.Core.Domain.Tests.CreditTransferResponseTests" name="CreditTransferResponse_Error_FactoryMethod_CommonErrorCodes" />
    </UnitTest>
    <UnitTest name="CreditTransfer.Core.Domain.Tests.TransferConfigTests.TransferConfig_DecimalPrecisionValidation" storage="e:\lp\upgradestack\credittransfer\migrated\tests\unit\credittransfer.core.domain.tests\bin\debug\net8.0\credittransfer.core.domain.tests.dll" id="a14e29bb-c4a8-33c7-f329-9421b543539b">
      <Execution id="5d413b90-c719-42a9-a224-6a3010bec642" />
      <TestMethod codeBase="E:\LP\UpgradeStack\CreditTransfer\Migrated\tests\Unit\CreditTransfer.Core.Domain.Tests\bin\Debug\net8.0\CreditTransfer.Core.Domain.Tests.dll" adapterTypeName="executor://xunit/VsTestRunner2/netcoreapp" className="CreditTransfer.Core.Domain.Tests.TransferConfigTests" name="TransferConfig_DecimalPrecisionValidation" />
    </UnitTest>
    <UnitTest name="CreditTransfer.Core.Domain.Tests.CreditTransferRequestTests.CreditTransferRequest_TotalAmountCalculation(riyal: 0, baisa: 1000, expectedTotal: 1)" storage="e:\lp\upgradestack\credittransfer\migrated\tests\unit\credittransfer.core.domain.tests\bin\debug\net8.0\credittransfer.core.domain.tests.dll" id="76af95b5-d932-8a2f-2259-e8c0f5366484">
      <Execution id="9112c4b2-012f-4551-91c8-d5117a9289b4" />
      <TestMethod codeBase="E:\LP\UpgradeStack\CreditTransfer\Migrated\tests\Unit\CreditTransfer.Core.Domain.Tests\bin\Debug\net8.0\CreditTransfer.Core.Domain.Tests.dll" adapterTypeName="executor://xunit/VsTestRunner2/netcoreapp" className="CreditTransfer.Core.Domain.Tests.CreditTransferRequestTests" name="CreditTransferRequest_TotalAmountCalculation" />
    </UnitTest>
    <UnitTest name="CreditTransfer.Core.Domain.Tests.CreditTransferRequestTests.CreditTransferRequest_TotalAmountCalculation(riyal: 100, baisa: 750, expectedTotal: 100.75)" storage="e:\lp\upgradestack\credittransfer\migrated\tests\unit\credittransfer.core.domain.tests\bin\debug\net8.0\credittransfer.core.domain.tests.dll" id="17fa1677-0094-3698-9685-6a6c8c94e9ee">
      <Execution id="3ff540ee-f3e6-4698-a343-0e23654bc910" />
      <TestMethod codeBase="E:\LP\UpgradeStack\CreditTransfer\Migrated\tests\Unit\CreditTransfer.Core.Domain.Tests\bin\Debug\net8.0\CreditTransfer.Core.Domain.Tests.dll" adapterTypeName="executor://xunit/VsTestRunner2/netcoreapp" className="CreditTransfer.Core.Domain.Tests.CreditTransferRequestTests" name="CreditTransferRequest_TotalAmountCalculation" />
    </UnitTest>
    <UnitTest name="CreditTransfer.Core.Domain.Tests.TransferConfigTests.TransferConfig_ValidNobillSubscriptionTypes(subscriptionType: &quot;DEALER&quot;)" storage="e:\lp\upgradestack\credittransfer\migrated\tests\unit\credittransfer.core.domain.tests\bin\debug\net8.0\credittransfer.core.domain.tests.dll" id="014ab59d-9539-a997-1df2-6ab1351b30e6">
      <Execution id="4e022be1-b55f-451d-b6cb-75c76fb6f30b" />
      <TestMethod codeBase="E:\LP\UpgradeStack\CreditTransfer\Migrated\tests\Unit\CreditTransfer.Core.Domain.Tests\bin\Debug\net8.0\CreditTransfer.Core.Domain.Tests.dll" adapterTypeName="executor://xunit/VsTestRunner2/netcoreapp" className="CreditTransfer.Core.Domain.Tests.TransferConfigTests" name="TransferConfig_ValidNobillSubscriptionTypes" />
    </UnitTest>
    <UnitTest name="CreditTransfer.Core.Domain.Tests.CreditTransferRequestTests.CreditTransferRequest_IsValid_InvalidScenarios(source: &quot;96876325315&quot;, destination: &quot;96878715705&quot;, riyal: 10, baisa: 500, pin: &quot;1234&quot;, userName: &quot;&quot;, expectedValid: False)" storage="e:\lp\upgradestack\credittransfer\migrated\tests\unit\credittransfer.core.domain.tests\bin\debug\net8.0\credittransfer.core.domain.tests.dll" id="86670cef-c971-9455-e850-7d9d901c7e1b">
      <Execution id="31a667be-5023-4e63-b939-1a96682d89fb" />
      <TestMethod codeBase="E:\LP\UpgradeStack\CreditTransfer\Migrated\tests\Unit\CreditTransfer.Core.Domain.Tests\bin\Debug\net8.0\CreditTransfer.Core.Domain.Tests.dll" adapterTypeName="executor://xunit/VsTestRunner2/netcoreapp" className="CreditTransfer.Core.Domain.Tests.CreditTransferRequestTests" name="CreditTransferRequest_IsValid_InvalidScenarios" />
    </UnitTest>
    <UnitTest name="CreditTransfer.Core.Domain.Tests.TransactionTests.Transaction_DecimalPrecisionValidation" storage="e:\lp\upgradestack\credittransfer\migrated\tests\unit\credittransfer.core.domain.tests\bin\debug\net8.0\credittransfer.core.domain.tests.dll" id="d722901f-0a95-3ca0-33d4-e396bc7c6f82">
      <Execution id="54fd7a78-fbfa-45f7-ad66-0abc1a826f24" />
      <TestMethod codeBase="E:\LP\UpgradeStack\CreditTransfer\Migrated\tests\Unit\CreditTransfer.Core.Domain.Tests\bin\Debug\net8.0\CreditTransfer.Core.Domain.Tests.dll" adapterTypeName="executor://xunit/VsTestRunner2/netcoreapp" className="CreditTransfer.Core.Domain.Tests.TransactionTests" name="Transaction_DecimalPrecisionValidation" />
    </UnitTest>
    <UnitTest name="CreditTransfer.Core.Domain.Tests.ApplicationConfigTests.ApplicationConfig_IsActiveDefaultValue" storage="e:\lp\upgradestack\credittransfer\migrated\tests\unit\credittransfer.core.domain.tests\bin\debug\net8.0\credittransfer.core.domain.tests.dll" id="e85018c9-8a41-41cf-48b4-eeea090ef211">
      <Execution id="65905b38-897c-4ae7-86fa-5f2adc40c08d" />
      <TestMethod codeBase="E:\LP\UpgradeStack\CreditTransfer\Migrated\tests\Unit\CreditTransfer.Core.Domain.Tests\bin\Debug\net8.0\CreditTransfer.Core.Domain.Tests.dll" adapterTypeName="executor://xunit/VsTestRunner2/netcoreapp" className="CreditTransfer.Core.Domain.Tests.ApplicationConfigTests" name="ApplicationConfig_IsActiveDefaultValue" />
    </UnitTest>
    <UnitTest name="CreditTransfer.Core.Domain.Tests.TransferConfigTests.TransferConfig_BusinessRuleValidation_MinBalanceVsMinTransfer" storage="e:\lp\upgradestack\credittransfer\migrated\tests\unit\credittransfer.core.domain.tests\bin\debug\net8.0\credittransfer.core.domain.tests.dll" id="a6070e3a-9db0-4a8a-6c20-b4edb7a1255c">
      <Execution id="881e003e-f687-405a-aba7-6c481d465c58" />
      <TestMethod codeBase="E:\LP\UpgradeStack\CreditTransfer\Migrated\tests\Unit\CreditTransfer.Core.Domain.Tests\bin\Debug\net8.0\CreditTransfer.Core.Domain.Tests.dll" adapterTypeName="executor://xunit/VsTestRunner2/netcoreapp" className="CreditTransfer.Core.Domain.Tests.TransferConfigTests" name="TransferConfig_BusinessRuleValidation_MinBalanceVsMinTransfer" />
    </UnitTest>
  </TestDefinitions>
  <TestEntries>
    <TestEntry testId="7dd66bf9-eac2-bee8-a73d-6231cdaf952c" executionId="fe163c2a-2649-4ff0-ab6d-4f24ed0b1b69" testListId="8c84fa94-04c1-424b-9868-57a2d4851a1d" />
    <TestEntry testId="fb7485dc-a4c2-9a2d-3e1e-beeed5c0d6a8" executionId="15c86f4f-5b57-4a76-91e9-50234d9e4b3d" testListId="8c84fa94-04c1-424b-9868-57a2d4851a1d" />
    <TestEntry testId="e2a42e98-fd78-a789-2d89-f7d861131229" executionId="0bc05144-b4c4-4ffb-bea6-330deb9c6936" testListId="8c84fa94-04c1-424b-9868-57a2d4851a1d" />
    <TestEntry testId="8d6b12d9-5dc8-1768-b650-0b3020026a84" executionId="f78ddd39-be97-4ae8-b80e-30ee7ac1c2ba" testListId="8c84fa94-04c1-424b-9868-57a2d4851a1d" />
    <TestEntry testId="a14e29bb-c4a8-33c7-f329-9421b543539b" executionId="5d413b90-c719-42a9-a224-6a3010bec642" testListId="8c84fa94-04c1-424b-9868-57a2d4851a1d" />
    <TestEntry testId="952b6f51-547b-eaed-4371-ca79748f5f9a" executionId="81cbe2c6-722c-4312-b5d9-890bd2e3f5a9" testListId="8c84fa94-04c1-424b-9868-57a2d4851a1d" />
    <TestEntry testId="207d0186-35b1-0044-ebac-306e6da811a4" executionId="43796840-aff9-47f1-bf74-f5511d477477" testListId="8c84fa94-04c1-424b-9868-57a2d4851a1d" />
    <TestEntry testId="3a793aac-15f7-d0d7-d53f-64539107ab48" executionId="f46c4a88-aabf-4794-ae97-aab038bd2c58" testListId="8c84fa94-04c1-424b-9868-57a2d4851a1d" />
    <TestEntry testId="3109f9f9-47af-aa5e-b3b4-230ebc067030" executionId="89a61a50-71bc-4d59-9e12-6c2373dcdd82" testListId="8c84fa94-04c1-424b-9868-57a2d4851a1d" />
    <TestEntry testId="6cad86e2-965b-166b-dd00-7a848eefe3bd" executionId="0a57943a-65a2-41ed-8210-a9bc993a7c39" testListId="8c84fa94-04c1-424b-9868-57a2d4851a1d" />
    <TestEntry testId="27030277-d8c1-e1c1-0afb-385d67b4c1b5" executionId="72d2b200-98cc-46e8-8f36-a52224bc5345" testListId="8c84fa94-04c1-424b-9868-57a2d4851a1d" />
    <TestEntry testId="7311eb04-e8b5-7512-6209-1625d0468a17" executionId="fcc26552-a3cd-4753-b845-c136d0afebc7" testListId="8c84fa94-04c1-424b-9868-57a2d4851a1d" />
    <TestEntry testId="d1e4c75c-9f93-918f-13d9-1c16bf07801e" executionId="1a26f01a-bf0c-406c-813c-2aa5e21ee794" testListId="8c84fa94-04c1-424b-9868-57a2d4851a1d" />
    <TestEntry testId="9c5ac0d3-4fb0-ab3f-f7c4-a319c482b8ba" executionId="9bfa1864-3dbf-4d2f-8cff-40054b5fe974" testListId="8c84fa94-04c1-424b-9868-57a2d4851a1d" />
    <TestEntry testId="8f9a1c5d-3c0c-573d-ed52-08d5f219c5db" executionId="b2833d13-ebbb-4b2e-9983-d0c5f629edce" testListId="8c84fa94-04c1-424b-9868-57a2d4851a1d" />
    <TestEntry testId="a6ba54d5-e422-d144-9070-82fc17b0c778" executionId="6d57c757-6ff7-4af8-adf2-86a7a5170fc1" testListId="8c84fa94-04c1-424b-9868-57a2d4851a1d" />
    <TestEntry testId="89c1d4ca-64ab-0d29-b28c-df1b092b10da" executionId="db67214d-6c11-4bae-a2f1-5ce2c3b764aa" testListId="8c84fa94-04c1-424b-9868-57a2d4851a1d" />
    <TestEntry testId="c10b2481-dec4-2d98-7f39-cddda29f6202" executionId="99df2527-7208-4728-b06d-da3da81e1541" testListId="8c84fa94-04c1-424b-9868-57a2d4851a1d" />
    <TestEntry testId="6940ccf0-841d-003d-eecf-c5bc833ab47c" executionId="8a098753-3b89-4d68-bd16-1e904a7b1924" testListId="8c84fa94-04c1-424b-9868-57a2d4851a1d" />
    <TestEntry testId="99a40e03-2434-cbef-3003-e17f0447ca0f" executionId="fa4873c7-3ecb-4deb-9997-5f79859276cf" testListId="8c84fa94-04c1-424b-9868-57a2d4851a1d" />
    <TestEntry testId="ee143c3d-273e-3bfc-9f36-15bdbd1f183a" executionId="441d0c19-6680-46be-a872-75ccd89785df" testListId="8c84fa94-04c1-424b-9868-57a2d4851a1d" />
    <TestEntry testId="09a9a12f-9e77-246f-a8ef-4f7ba69dd4a4" executionId="da7cef6e-3a34-4e3d-a108-91cb6f224e44" testListId="8c84fa94-04c1-424b-9868-57a2d4851a1d" />
    <TestEntry testId="0021e42e-3014-f8a8-5469-85cb9dbff7cb" executionId="358444ca-f64d-492b-856b-c4b0b7e49e5d" testListId="8c84fa94-04c1-424b-9868-57a2d4851a1d" />
    <TestEntry testId="c94a6e6e-803b-539a-3533-1c132d0187b1" executionId="9c19d2dc-4801-45bf-bf9f-817f18344bc1" testListId="8c84fa94-04c1-424b-9868-57a2d4851a1d" />
    <TestEntry testId="02730dde-a18f-78b8-02b2-c33afb0ca265" executionId="a7d7a6ab-4fe8-49fc-b4e6-33785fa32476" testListId="8c84fa94-04c1-424b-9868-57a2d4851a1d" />
    <TestEntry testId="68c475eb-660a-c6f8-d004-e5836a655617" executionId="e3492423-be79-4b4b-a89e-f417f2b01b6c" testListId="8c84fa94-04c1-424b-9868-57a2d4851a1d" />
    <TestEntry testId="0c88f880-3e90-8c01-19e7-caa70177c99b" executionId="21eaaaa8-a369-40b5-b813-faf1c0744e85" testListId="8c84fa94-04c1-424b-9868-57a2d4851a1d" />
    <TestEntry testId="34465b10-87a9-4292-bcf8-b48461b31302" executionId="aa1ef9f8-8db9-4eca-ac12-fc9afdd17adc" testListId="8c84fa94-04c1-424b-9868-57a2d4851a1d" />
    <TestEntry testId="65ed0728-a5a5-e21b-418c-a960c89cf7b2" executionId="1efce1b5-ce3d-4857-bdc4-8ecfc865c943" testListId="8c84fa94-04c1-424b-9868-57a2d4851a1d" />
    <TestEntry testId="0dd5eb38-3f2d-9125-2153-9e4e89c05508" executionId="1b72c558-a9a7-4e2a-9467-92f19693db0c" testListId="8c84fa94-04c1-424b-9868-57a2d4851a1d" />
    <TestEntry testId="b22fae94-c875-fd34-0917-7568e5910a82" executionId="6828a791-9c6b-4740-932e-fec260736b35" testListId="8c84fa94-04c1-424b-9868-57a2d4851a1d" />
    <TestEntry testId="1ef380e3-f770-870b-8192-d90315774580" executionId="e505554c-a200-41bf-b554-25eaf946c4b4" testListId="8c84fa94-04c1-424b-9868-57a2d4851a1d" />
    <TestEntry testId="cd368295-f77d-3c7e-ceb4-b307ac0acce8" executionId="cd7c97c0-481b-4e20-b576-44493f3d6d2a" testListId="8c84fa94-04c1-424b-9868-57a2d4851a1d" />
    <TestEntry testId="a0ec523b-6272-e10b-662e-393eaf42abf0" executionId="95cf63ec-e02e-4d27-aaf3-ee7525d97e22" testListId="8c84fa94-04c1-424b-9868-57a2d4851a1d" />
    <TestEntry testId="ba1d6c0d-bad9-ca8d-1964-52d6f52c300b" executionId="b54c22b4-4718-406e-a8b1-cce5c8ec6109" testListId="8c84fa94-04c1-424b-9868-57a2d4851a1d" />
    <TestEntry testId="17462fc6-4a7f-03c5-5372-176021418c84" executionId="72e19b91-172a-4b66-a8b8-2c3d40f4a014" testListId="8c84fa94-04c1-424b-9868-57a2d4851a1d" />
    <TestEntry testId="554a685f-5332-61dc-f515-a471a81db124" executionId="7ed5bbe3-0739-4fa5-ac0e-764be22adaba" testListId="8c84fa94-04c1-424b-9868-57a2d4851a1d" />
    <TestEntry testId="4b13a4b2-39db-c1f0-c0e9-c4081c572711" executionId="f75696bc-a279-4489-ad44-35a291fe2b5a" testListId="8c84fa94-04c1-424b-9868-57a2d4851a1d" />
    <TestEntry testId="3864fe4b-5857-221b-f89d-a22deacb5eed" executionId="d0dfe29b-0fdb-4283-b541-4a52e1a4b58c" testListId="8c84fa94-04c1-424b-9868-57a2d4851a1d" />
    <TestEntry testId="869749ee-9206-1679-57fe-b52989234f55" executionId="2d56e398-1e2b-4f14-b24d-ed028bfd595e" testListId="8c84fa94-04c1-424b-9868-57a2d4851a1d" />
    <TestEntry testId="99c40b2b-6fa3-77e4-7adb-cd5824f1962e" executionId="baf31df4-4959-4dbd-94e1-0a1d16598c0d" testListId="8c84fa94-04c1-424b-9868-57a2d4851a1d" />
    <TestEntry testId="f92b4d98-1bd4-3bf7-ee25-c04f84880861" executionId="7577a142-ca57-49db-86df-f585bd2bd484" testListId="8c84fa94-04c1-424b-9868-57a2d4851a1d" />
    <TestEntry testId="0c2c0107-eddb-845f-9099-ecdbe3a77cdd" executionId="1c0eea15-8cd2-4910-aa3c-a7346333dfdf" testListId="8c84fa94-04c1-424b-9868-57a2d4851a1d" />
    <TestEntry testId="7801f3ab-f253-c9be-4ad2-d645eda0a538" executionId="2671f323-b47d-4019-be72-11ec738960a3" testListId="8c84fa94-04c1-424b-9868-57a2d4851a1d" />
    <TestEntry testId="ebd650d4-05a9-0061-1e32-def4da036978" executionId="4b45575e-4ea1-4d1d-ab17-890ddafcbcaa" testListId="8c84fa94-04c1-424b-9868-57a2d4851a1d" />
    <TestEntry testId="76af95b5-d932-8a2f-2259-e8c0f5366484" executionId="9112c4b2-012f-4551-91c8-d5117a9289b4" testListId="8c84fa94-04c1-424b-9868-57a2d4851a1d" />
    <TestEntry testId="9632a245-432c-3bf2-28fe-f67f28e24287" executionId="05722726-96bd-4ea9-8379-0998d18a604a" testListId="8c84fa94-04c1-424b-9868-57a2d4851a1d" />
    <TestEntry testId="181d4d5b-07b7-bfe8-141f-4db0cc351b24" executionId="4f87073d-c021-4258-a369-f15b1f47431d" testListId="8c84fa94-04c1-424b-9868-57a2d4851a1d" />
    <TestEntry testId="24197e81-64ca-1148-e3db-1e571b5106f9" executionId="30b9d324-4356-40d4-9110-73bd4056c306" testListId="8c84fa94-04c1-424b-9868-57a2d4851a1d" />
    <TestEntry testId="9f2c5145-eae1-9de4-b3a4-298dc6fb7c9d" executionId="b42f146c-5ddf-4e32-9319-d110cd79d8de" testListId="8c84fa94-04c1-424b-9868-57a2d4851a1d" />
    <TestEntry testId="3a0a67a3-93b8-b5eb-8289-38b44cd0c205" executionId="a9485948-3f11-46c0-97a5-4ef5691fec60" testListId="8c84fa94-04c1-424b-9868-57a2d4851a1d" />
    <TestEntry testId="648525e9-d4e0-6fdb-e3e3-148c41c77ca5" executionId="65c9c9ef-87e3-4ca9-8b31-1b0739fbfc16" testListId="8c84fa94-04c1-424b-9868-57a2d4851a1d" />
    <TestEntry testId="82f234b6-87e5-56ed-00df-bf62ddeec29f" executionId="1cf30566-69c4-436a-a58a-66cf2401ae99" testListId="8c84fa94-04c1-424b-9868-57a2d4851a1d" />
    <TestEntry testId="dcbee998-7ba1-4720-ff24-400743a048cb" executionId="83643d62-67a3-4101-bc94-afb33dc84368" testListId="8c84fa94-04c1-424b-9868-57a2d4851a1d" />
    <TestEntry testId="98c01ec7-b285-5d99-9749-17c268c71e2b" executionId="c4d97dc7-23d5-4c7b-9b86-21b355807e46" testListId="8c84fa94-04c1-424b-9868-57a2d4851a1d" />
    <TestEntry testId="874f8e0e-d1b9-97e4-3d35-feb3f8797993" executionId="814e7632-940f-42ba-a9d5-fcb077160e94" testListId="8c84fa94-04c1-424b-9868-57a2d4851a1d" />
    <TestEntry testId="d88a0d6b-516d-0c6f-8518-5af3315f3f45" executionId="181e99c3-a2f7-4354-b286-cac1803be7b1" testListId="8c84fa94-04c1-424b-9868-57a2d4851a1d" />
    <TestEntry testId="8d890cda-39d9-ec46-c8af-f7b772ef1a4c" executionId="21ac5e25-278e-4c6e-90a9-7e1b02d9381c" testListId="8c84fa94-04c1-424b-9868-57a2d4851a1d" />
    <TestEntry testId="12631c2f-9d84-b6f6-b608-6b218eb6b95d" executionId="2c1142de-d6b9-4de8-98fc-44c79dafee3b" testListId="8c84fa94-04c1-424b-9868-57a2d4851a1d" />
    <TestEntry testId="04cb8786-bb84-a64e-2938-0de4f7da0ba4" executionId="edb56540-a6c9-4ef5-b548-5c63faf392e1" testListId="8c84fa94-04c1-424b-9868-57a2d4851a1d" />
    <TestEntry testId="396fe4ad-843e-2d99-f72f-17dd01b032c3" executionId="70dd8da6-4ef1-40de-b7dd-dae05143f2d5" testListId="8c84fa94-04c1-424b-9868-57a2d4851a1d" />
    <TestEntry testId="a5760200-4cb8-4dae-98a1-172315124383" executionId="66c1dcf1-f008-479d-bd59-1d9c57b600c7" testListId="8c84fa94-04c1-424b-9868-57a2d4851a1d" />
    <TestEntry testId="8370cce9-3bbd-aaa0-5141-05ae60a40b05" executionId="c1db5793-e912-4183-9cf7-196d50d59d52" testListId="8c84fa94-04c1-424b-9868-57a2d4851a1d" />
    <TestEntry testId="8cb72716-7c82-36b4-e18b-13f88dc8eb21" executionId="1e5c51cf-ee10-489e-bf0e-a57a376968bf" testListId="8c84fa94-04c1-424b-9868-57a2d4851a1d" />
    <TestEntry testId="caac4c6e-dbb2-9e95-707e-fbc22915b266" executionId="6505ab4f-4a32-465c-b5b1-78820dabca10" testListId="8c84fa94-04c1-424b-9868-57a2d4851a1d" />
    <TestEntry testId="8b5cd010-9ab5-c23d-180c-ac740b4ced4a" executionId="2f34da17-da86-44a5-a56b-9b1259b014e4" testListId="8c84fa94-04c1-424b-9868-57a2d4851a1d" />
    <TestEntry testId="37b8b99a-4b70-44c4-2a9b-4902d05b61d2" executionId="88757707-863e-47e4-8e9d-0f30438b3a95" testListId="8c84fa94-04c1-424b-9868-57a2d4851a1d" />
    <TestEntry testId="09574a8e-83c8-ab25-a87d-94e67e68e85b" executionId="0d41e871-5e56-4983-9793-5e2a5d359a51" testListId="8c84fa94-04c1-424b-9868-57a2d4851a1d" />
    <TestEntry testId="de83a7d2-db07-fa64-9299-1ec33efa1243" executionId="0bd5eebf-b46b-4325-bd08-0a1758a3a04c" testListId="8c84fa94-04c1-424b-9868-57a2d4851a1d" />
    <TestEntry testId="dc80ef01-b751-a6a3-b92b-6774f26388a2" executionId="c38ddfd4-7066-4a2d-830e-0ad6228afacc" testListId="8c84fa94-04c1-424b-9868-57a2d4851a1d" />
    <TestEntry testId="bdd649c8-9a96-ce37-2634-1bdf5e77746f" executionId="ceb0a2e3-c87b-43df-8b48-ad228a58d18d" testListId="8c84fa94-04c1-424b-9868-57a2d4851a1d" />
    <TestEntry testId="4abe5920-e689-7314-d2fe-24123e6d973c" executionId="5d7fb4ea-8b60-4ffa-8189-bfeac88f70e9" testListId="8c84fa94-04c1-424b-9868-57a2d4851a1d" />
    <TestEntry testId="ebabb476-6f5d-36af-d770-283d722518a3" executionId="1ef4abb7-9e33-44b0-b53f-d3ee47b51894" testListId="8c84fa94-04c1-424b-9868-57a2d4851a1d" />
    <TestEntry testId="4ae6d1f1-9920-7fcd-b22a-2c14e2bfa09a" executionId="d0bfe40b-d10b-444b-b2a0-a0a20cc3964d" testListId="8c84fa94-04c1-424b-9868-57a2d4851a1d" />
    <TestEntry testId="48675c5d-0201-b1b2-2fac-e41b65df24d5" executionId="37f3e438-7674-4fea-93ad-fd4f7a11a970" testListId="8c84fa94-04c1-424b-9868-57a2d4851a1d" />
    <TestEntry testId="1bf19558-1855-b325-5e9f-53c404480d4a" executionId="41cc2181-a2ae-44d6-8cfd-6825f54bf721" testListId="8c84fa94-04c1-424b-9868-57a2d4851a1d" />
    <TestEntry testId="1f1bcbf3-8f5a-75e6-237b-dc72c377f39a" executionId="d1f04a01-d74c-4bf9-b9b0-2f3067a8f4e8" testListId="8c84fa94-04c1-424b-9868-57a2d4851a1d" />
    <TestEntry testId="cfddb974-f13e-9e19-a0c4-c156f3f62bfd" executionId="47fd82d3-3a46-4459-b19d-92eb0db07105" testListId="8c84fa94-04c1-424b-9868-57a2d4851a1d" />
    <TestEntry testId="e85018c9-8a41-41cf-48b4-eeea090ef211" executionId="65905b38-897c-4ae7-86fa-5f2adc40c08d" testListId="8c84fa94-04c1-424b-9868-57a2d4851a1d" />
    <TestEntry testId="ea50f503-1e7d-c5b8-26b8-e627922320b2" executionId="eadbaa65-4158-44e1-9052-fe882e25be66" testListId="8c84fa94-04c1-424b-9868-57a2d4851a1d" />
    <TestEntry testId="dfcf5314-388b-42b6-339b-ff7e0b6eb035" executionId="c2e2bb70-3afa-41f5-8820-266afa889be1" testListId="8c84fa94-04c1-424b-9868-57a2d4851a1d" />
    <TestEntry testId="a6070e3a-9db0-4a8a-6c20-b4edb7a1255c" executionId="881e003e-f687-405a-aba7-6c481d465c58" testListId="8c84fa94-04c1-424b-9868-57a2d4851a1d" />
    <TestEntry testId="5d9b4a38-ec62-871b-6a0f-1592a192ade2" executionId="6e9c2403-444b-4a7c-b14a-f96f91fc892d" testListId="8c84fa94-04c1-424b-9868-57a2d4851a1d" />
    <TestEntry testId="c8519758-6585-ce24-c706-1108d4009106" executionId="89fe104d-b9cd-4852-af87-22352a0a3146" testListId="8c84fa94-04c1-424b-9868-57a2d4851a1d" />
    <TestEntry testId="ec5cac67-1b59-a898-1b90-0560d8ed6fc2" executionId="2085765d-0285-495f-b76e-08e267e3a360" testListId="8c84fa94-04c1-424b-9868-57a2d4851a1d" />
    <TestEntry testId="75463ac5-114e-027d-47f9-952596005e01" executionId="931571bc-e68b-4a14-879e-94d9a9ac0342" testListId="8c84fa94-04c1-424b-9868-57a2d4851a1d" />
    <TestEntry testId="4604d36c-a266-5c5c-793a-f5278bece865" executionId="ea1405ca-f3cd-4c2d-b4a3-c5a43f9c10b7" testListId="8c84fa94-04c1-424b-9868-57a2d4851a1d" />
    <TestEntry testId="5caf01c3-a8f8-7ccc-b96e-61659b66343f" executionId="20c26b9d-d6e8-4340-9f49-a7225a320fa6" testListId="8c84fa94-04c1-424b-9868-57a2d4851a1d" />
    <TestEntry testId="fe8e3eeb-0da3-11a7-5a04-cd675d1c5e06" executionId="8137537c-804e-43ac-b56c-08bbd3a630b3" testListId="8c84fa94-04c1-424b-9868-57a2d4851a1d" />
    <TestEntry testId="a265ca5d-2541-8d3c-1741-c4860c58e76d" executionId="f52c2160-2018-46e4-994b-aeee9525e200" testListId="8c84fa94-04c1-424b-9868-57a2d4851a1d" />
    <TestEntry testId="adcdaf42-d079-6ac6-2c04-de0fb125a253" executionId="c4428cd2-d066-42f8-b6ae-2f9353fb6172" testListId="8c84fa94-04c1-424b-9868-57a2d4851a1d" />
    <TestEntry testId="b6a5b61a-a2bc-cd43-e05c-46e45077c4ac" executionId="4d507d69-b1ec-4989-8d7e-8163164b0326" testListId="8c84fa94-04c1-424b-9868-57a2d4851a1d" />
    <TestEntry testId="67df845d-8eca-b3b5-9a41-264b3fcf07d3" executionId="633cbfde-e8cf-47cf-912a-e78e375ba280" testListId="8c84fa94-04c1-424b-9868-57a2d4851a1d" />
    <TestEntry testId="856f7c4c-8c04-7a09-65f3-d26056e125c5" executionId="13d7836c-ddf0-4416-9ff6-7ca2abffce84" testListId="8c84fa94-04c1-424b-9868-57a2d4851a1d" />
    <TestEntry testId="48bf93f7-fb23-62ab-6fec-285cb7bc9794" executionId="98382a84-5c99-47d1-9d6b-5343d9a7d5b5" testListId="8c84fa94-04c1-424b-9868-57a2d4851a1d" />
    <TestEntry testId="c68fa34d-ec5b-85af-f465-14bb8806dc63" executionId="6b851b16-b78f-47e3-881a-d9a22157a69b" testListId="8c84fa94-04c1-424b-9868-57a2d4851a1d" />
    <TestEntry testId="d82ebed3-0fc3-0de8-a6a1-f0f00f5bd958" executionId="b76db42b-eda9-4748-9be9-51b563e7c28b" testListId="8c84fa94-04c1-424b-9868-57a2d4851a1d" />
    <TestEntry testId="cc80476f-eb47-0c18-d8de-6b7e7ef6d4d4" executionId="821464d7-3b65-42a1-8ee4-36d04511428f" testListId="8c84fa94-04c1-424b-9868-57a2d4851a1d" />
    <TestEntry testId="c854350b-a126-8883-3180-1718356be97d" executionId="3657920e-2f86-49ba-ae1a-c54f3c2bb11d" testListId="8c84fa94-04c1-424b-9868-57a2d4851a1d" />
    <TestEntry testId="51085eac-b7cc-f9b8-d166-a7a51edec2a9" executionId="9320cc5a-f96a-4d89-a412-e95f8cf274e3" testListId="8c84fa94-04c1-424b-9868-57a2d4851a1d" />
    <TestEntry testId="928366e4-129c-fbac-7f4c-3eebaa79b98c" executionId="91664bc3-ace2-45bd-b119-f6f5d372705e" testListId="8c84fa94-04c1-424b-9868-57a2d4851a1d" />
    <TestEntry testId="c137a9ef-94b4-ef5c-9a14-b3366c5f011c" executionId="3527f079-d2c8-4c17-8d98-cdacaa7b2e86" testListId="8c84fa94-04c1-424b-9868-57a2d4851a1d" />
    <TestEntry testId="60875231-4251-e791-178a-14d59548badf" executionId="b28f39dc-c865-4bbe-a4bc-907fbb274069" testListId="8c84fa94-04c1-424b-9868-57a2d4851a1d" />
    <TestEntry testId="9260430a-4029-c613-6fa4-e9974cb9942d" executionId="ebf94965-ea35-43bf-839f-f2fbce938c71" testListId="8c84fa94-04c1-424b-9868-57a2d4851a1d" />
    <TestEntry testId="c9f97bd0-240a-0913-0d2f-41236d3ef64a" executionId="fe7c7359-5094-4c9e-9507-4d96b2fedd8a" testListId="8c84fa94-04c1-424b-9868-57a2d4851a1d" />
    <TestEntry testId="1c3e5b06-ee24-c4fe-7e65-a3d426d3131c" executionId="b695da02-02d0-499e-a422-29165f6e3e79" testListId="8c84fa94-04c1-424b-9868-57a2d4851a1d" />
    <TestEntry testId="2238795a-0c00-ec75-4f2b-88b8722d25fd" executionId="66e8473c-1805-4c81-81dc-3152a65ff093" testListId="8c84fa94-04c1-424b-9868-57a2d4851a1d" />
    <TestEntry testId="efbbfc71-5621-b14d-e485-bfb732fee208" executionId="f752fda9-bc7a-44c4-b905-7c51d209a42b" testListId="8c84fa94-04c1-424b-9868-57a2d4851a1d" />
    <TestEntry testId="c555f488-0b39-4c37-0d9c-613b4ea91fb9" executionId="8a797e6e-2977-4b8e-b3b0-ab057c232e15" testListId="8c84fa94-04c1-424b-9868-57a2d4851a1d" />
    <TestEntry testId="6049d518-1300-c0e6-5033-c86e0b9b5db1" executionId="2dc6ab89-39c6-4a0f-90d6-820a6af1f02e" testListId="8c84fa94-04c1-424b-9868-57a2d4851a1d" />
    <TestEntry testId="7ff65f51-4c06-3af9-e17e-3df21a47529c" executionId="5ff01cf0-e5fb-41c8-a333-636d3aee5e99" testListId="8c84fa94-04c1-424b-9868-57a2d4851a1d" />
    <TestEntry testId="c4441054-d95c-a494-8575-fe985f4d488c" executionId="de9907da-7112-470d-8ab7-ac74c5ebd30d" testListId="8c84fa94-04c1-424b-9868-57a2d4851a1d" />
    <TestEntry testId="4d7c0644-4d92-a498-d33c-54a4f2f1a498" executionId="e8bdf1e8-ad2f-49cb-a04f-e3ba1ee16d34" testListId="8c84fa94-04c1-424b-9868-57a2d4851a1d" />
    <TestEntry testId="17fa1677-0094-3698-9685-6a6c8c94e9ee" executionId="3ff540ee-f3e6-4698-a343-0e23654bc910" testListId="8c84fa94-04c1-424b-9868-57a2d4851a1d" />
    <TestEntry testId="a74e9bf9-3504-6202-2c81-21f1562b6d18" executionId="5ba29286-04e6-45ea-9c85-e7af61f6ee85" testListId="8c84fa94-04c1-424b-9868-57a2d4851a1d" />
    <TestEntry testId="63f9e845-f6fc-e2ab-6050-1c6f96a0192b" executionId="af24349e-4677-4dd3-abff-ab575cee94a8" testListId="8c84fa94-04c1-424b-9868-57a2d4851a1d" />
    <TestEntry testId="e95ddaaf-d4bb-435b-25f3-515a608cb868" executionId="c382b6b7-77af-4fe1-91d3-6321cea3968d" testListId="8c84fa94-04c1-424b-9868-57a2d4851a1d" />
    <TestEntry testId="33aae71a-8443-51e8-029c-b1f4695835bc" executionId="04094b65-d34e-4fdd-a43f-149c0f14cd61" testListId="8c84fa94-04c1-424b-9868-57a2d4851a1d" />
    <TestEntry testId="cf7850c3-8558-cb28-be51-5983d53ebb52" executionId="9aa94572-9ef8-49c9-af24-de6deee7f9b4" testListId="8c84fa94-04c1-424b-9868-57a2d4851a1d" />
    <TestEntry testId="4f93f855-db6c-d165-9d69-1d2685c8b341" executionId="0e8dce28-beac-4a5f-91ae-37137236eab4" testListId="8c84fa94-04c1-424b-9868-57a2d4851a1d" />
    <TestEntry testId="1764e747-9e8a-d169-3c6e-157d4aa784fb" executionId="c27de906-0229-467c-9649-29ce98727ec1" testListId="8c84fa94-04c1-424b-9868-57a2d4851a1d" />
    <TestEntry testId="6e703a88-ea71-a410-916c-a82c82fcb7dd" executionId="150dfa65-3794-461f-989f-b051d6336a77" testListId="8c84fa94-04c1-424b-9868-57a2d4851a1d" />
    <TestEntry testId="9d2bd91e-8b77-d545-068b-4c16ba02646d" executionId="c41c4fde-70fd-4e25-b1d7-0393ba862b11" testListId="8c84fa94-04c1-424b-9868-57a2d4851a1d" />
    <TestEntry testId="054021a5-7fc5-1016-d763-cff792fef6f4" executionId="23cbe440-3828-490d-a145-d7d76eed7581" testListId="8c84fa94-04c1-424b-9868-57a2d4851a1d" />
    <TestEntry testId="157f2978-9f71-b39f-94e9-b5a4e52f4243" executionId="8d77a63d-0945-45e8-9569-08449519c211" testListId="8c84fa94-04c1-424b-9868-57a2d4851a1d" />
    <TestEntry testId="991e9f73-50cc-80d8-ea8f-8f6da80487af" executionId="9067421b-c34e-4c7f-ade6-ace01526c4c8" testListId="8c84fa94-04c1-424b-9868-57a2d4851a1d" />
    <TestEntry testId="2253a402-d443-8417-d5ce-d842e22e35b6" executionId="07234406-63a0-4cd7-be0a-5b017d5e33c1" testListId="8c84fa94-04c1-424b-9868-57a2d4851a1d" />
    <TestEntry testId="825f4be5-4061-ae18-5405-839ab7196562" executionId="cb0e76d2-574c-495a-8ee2-efd12f8a751c" testListId="8c84fa94-04c1-424b-9868-57a2d4851a1d" />
    <TestEntry testId="91a688c8-4288-25cd-23fc-87ce53c2477c" executionId="e8b2b82f-642b-4361-bde2-9cba039c6c48" testListId="8c84fa94-04c1-424b-9868-57a2d4851a1d" />
    <TestEntry testId="6f2262be-8e83-f318-3ba3-bc810639f8aa" executionId="92173eea-b603-454f-9335-864a34dcd604" testListId="8c84fa94-04c1-424b-9868-57a2d4851a1d" />
    <TestEntry testId="17693e06-db1f-c3fe-8f3f-9937418d5c2a" executionId="2a9fc8b1-3231-40d4-8933-e65a557d7a05" testListId="8c84fa94-04c1-424b-9868-57a2d4851a1d" />
    <TestEntry testId="d24fa9d3-8c61-c3fc-c139-bfdf0b2757a7" executionId="fc1c9552-5697-42e4-adef-9d406ace2899" testListId="8c84fa94-04c1-424b-9868-57a2d4851a1d" />
    <TestEntry testId="8e5030f1-31e3-8f50-9fd8-24fd029e12b0" executionId="6f89c21e-49ff-4be9-af05-ab7553f4b445" testListId="8c84fa94-04c1-424b-9868-57a2d4851a1d" />
    <TestEntry testId="14556523-22fe-6040-bf00-5d899566d3d7" executionId="ca38d1fd-f440-42e5-bc41-75dae80cc84c" testListId="8c84fa94-04c1-424b-9868-57a2d4851a1d" />
    <TestEntry testId="52e5fbac-527a-f380-faf9-ebd81fa9e428" executionId="5dc7d1f2-a0a4-4118-92ef-cdd11e2a6aba" testListId="8c84fa94-04c1-424b-9868-57a2d4851a1d" />
    <TestEntry testId="4d985d81-596f-c919-5509-a8d045f1ca01" executionId="cb6d96b8-2ed0-401f-996e-b61592073e50" testListId="8c84fa94-04c1-424b-9868-57a2d4851a1d" />
    <TestEntry testId="5a9fda1f-ce81-eacc-0c6a-19578a9fe8fb" executionId="74c29c9a-1b01-4403-8f84-53eb81359c70" testListId="8c84fa94-04c1-424b-9868-57a2d4851a1d" />
    <TestEntry testId="5b7ea985-9e97-2131-7166-45d4f0900502" executionId="e247c994-7bd4-4e0d-a035-80cfe83b1a6e" testListId="8c84fa94-04c1-424b-9868-57a2d4851a1d" />
    <TestEntry testId="eeadaa0a-ec44-a3ee-1833-bb316f23d178" executionId="588942bd-69c8-4aeb-a7b6-b75a4bcaf6ee" testListId="8c84fa94-04c1-424b-9868-57a2d4851a1d" />
    <TestEntry testId="d80fd97b-eefc-75cb-f83a-1357719e6f1f" executionId="449bf1a6-3798-4468-bd96-a81ff6fbdac5" testListId="8c84fa94-04c1-424b-9868-57a2d4851a1d" />
    <TestEntry testId="109c9710-800c-bb4b-105e-32ad548d0ab6" executionId="9c9410aa-d22f-42b4-879a-fe4b2813a840" testListId="8c84fa94-04c1-424b-9868-57a2d4851a1d" />
    <TestEntry testId="e400ed5d-3384-3c2c-5178-78b55874f803" executionId="1fe5075f-f197-4020-8cc1-3afa0afbc95e" testListId="8c84fa94-04c1-424b-9868-57a2d4851a1d" />
    <TestEntry testId="ff57e458-23e1-b2ca-fbf1-e77a09760d51" executionId="f7e8a0d8-30c8-446a-b263-e79d779ab76f" testListId="8c84fa94-04c1-424b-9868-57a2d4851a1d" />
    <TestEntry testId="75b65073-17f3-241b-d800-831c8f3b7667" executionId="13759a04-96d3-4e0b-976d-d5e10187df4f" testListId="8c84fa94-04c1-424b-9868-57a2d4851a1d" />
    <TestEntry testId="d697c183-9a42-8463-df96-a3d1d103d564" executionId="a6118eef-4a3d-4ddf-9618-1a0b3caf980a" testListId="8c84fa94-04c1-424b-9868-57a2d4851a1d" />
    <TestEntry testId="ddd6caf4-0ed8-c20d-f757-41e234308c79" executionId="1228db3c-add8-48b8-b312-a30ea80ffa22" testListId="8c84fa94-04c1-424b-9868-57a2d4851a1d" />
    <TestEntry testId="15fde442-ea04-642f-4724-b3db7ca60d1c" executionId="f09fedaf-dad5-4517-aa9e-cb910502ceae" testListId="8c84fa94-04c1-424b-9868-57a2d4851a1d" />
    <TestEntry testId="ed10af05-c6e0-f08a-4133-ddfe3ef7b72a" executionId="84093807-4fb3-4bd5-a193-ade440e85587" testListId="8c84fa94-04c1-424b-9868-57a2d4851a1d" />
    <TestEntry testId="24a8b6ec-d457-6756-577d-4e31ca0b66cd" executionId="745c8a51-7a60-48d5-a4c1-6f3d9ff0f755" testListId="8c84fa94-04c1-424b-9868-57a2d4851a1d" />
    <TestEntry testId="d53de25c-fc92-d860-01fc-11dd6afaba5c" executionId="33788eef-4341-438d-90a4-a4bdd2f83791" testListId="8c84fa94-04c1-424b-9868-57a2d4851a1d" />
    <TestEntry testId="d722901f-0a95-3ca0-33d4-e396bc7c6f82" executionId="54fd7a78-fbfa-45f7-ad66-0abc1a826f24" testListId="8c84fa94-04c1-424b-9868-57a2d4851a1d" />
    <TestEntry testId="61c6cd51-b635-83eb-4e30-367375bf87a0" executionId="9925537a-3468-4ae0-b8cd-82d5a489cd8f" testListId="8c84fa94-04c1-424b-9868-57a2d4851a1d" />
    <TestEntry testId="961597bc-469e-de57-e7e0-ada822dbc2e0" executionId="da0b9099-54ad-4bdb-b389-3a2cbf245d49" testListId="8c84fa94-04c1-424b-9868-57a2d4851a1d" />
    <TestEntry testId="b3eeb57e-fe0e-6880-abd0-fc99c6ade4f9" executionId="94e2763f-a24f-4956-820c-eb7f68611c46" testListId="8c84fa94-04c1-424b-9868-57a2d4851a1d" />
    <TestEntry testId="16f9220b-537d-fc89-0528-e66788fbb058" executionId="c82a9cd0-1337-4b69-b260-d5a907445441" testListId="8c84fa94-04c1-424b-9868-57a2d4851a1d" />
    <TestEntry testId="1f30d171-c861-ba60-8f8b-4626e2902586" executionId="34dee30f-d680-45b2-b126-f77f93b2b70f" testListId="8c84fa94-04c1-424b-9868-57a2d4851a1d" />
    <TestEntry testId="014ab59d-9539-a997-1df2-6ab1351b30e6" executionId="4e022be1-b55f-451d-b6cb-75c76fb6f30b" testListId="8c84fa94-04c1-424b-9868-57a2d4851a1d" />
    <TestEntry testId="d436dada-c673-0f36-d48b-554f2135677f" executionId="5444931c-adae-471e-898b-648f568f15d0" testListId="8c84fa94-04c1-424b-9868-57a2d4851a1d" />
    <TestEntry testId="566e3e55-1946-95bc-570b-9dbb85b67641" executionId="9d6f6e98-6ab1-433b-b7fd-631c800efc81" testListId="8c84fa94-04c1-424b-9868-57a2d4851a1d" />
    <TestEntry testId="06cfffc4-e188-d199-a775-70293e3e0a85" executionId="2fa8d18c-9a21-44f3-b263-74ccf1340964" testListId="8c84fa94-04c1-424b-9868-57a2d4851a1d" />
    <TestEntry testId="002b52fa-0be1-50ba-4f0c-d017d2eecf68" executionId="e1aa982e-90b8-4ac3-acb9-ab2d233bd2a7" testListId="8c84fa94-04c1-424b-9868-57a2d4851a1d" />
    <TestEntry testId="40108095-bb6b-93ff-ee3f-44fa88af755b" executionId="26896dea-8a32-4abe-b462-965bdda8a085" testListId="8c84fa94-04c1-424b-9868-57a2d4851a1d" />
    <TestEntry testId="62c9d2a5-2f91-6e8e-28f8-25e1d2b6b706" executionId="a6c562be-a5ff-4c34-9768-c939992845f5" testListId="8c84fa94-04c1-424b-9868-57a2d4851a1d" />
    <TestEntry testId="81d1dff8-1d52-5fd8-6c1a-c9085b82171e" executionId="5a8b3f19-50d4-4d5a-b015-d5b8eaf1e0ef" testListId="8c84fa94-04c1-424b-9868-57a2d4851a1d" />
    <TestEntry testId="86670cef-c971-9455-e850-7d9d901c7e1b" executionId="31a667be-5023-4e63-b939-1a96682d89fb" testListId="8c84fa94-04c1-424b-9868-57a2d4851a1d" />
    <TestEntry testId="b47ce98f-6cdf-5bd0-7476-097091bc4b83" executionId="3f79140a-0af0-4c7d-a7e4-78335236625c" testListId="8c84fa94-04c1-424b-9868-57a2d4851a1d" />
    <TestEntry testId="b0a29ce0-fbda-b67a-41f4-1954f1c86540" executionId="2b52f766-5fef-48db-8c6c-4cc901b048f2" testListId="8c84fa94-04c1-424b-9868-57a2d4851a1d" />
    <TestEntry testId="56f67964-f39f-afa7-d0f5-6f657dcf33b5" executionId="7d1f2ffe-a340-419d-a2c5-4fc60c3ad990" testListId="8c84fa94-04c1-424b-9868-57a2d4851a1d" />
    <TestEntry testId="576e007b-9f86-c4e2-9b38-56a05ab97075" executionId="036925e1-82a6-4cdf-81f9-a2207eefb08a" testListId="8c84fa94-04c1-424b-9868-57a2d4851a1d" />
    <TestEntry testId="0124e42a-bc14-de4b-9b66-88237327db8b" executionId="b5087d4d-070e-49fb-865e-dcbf56eb8a28" testListId="8c84fa94-04c1-424b-9868-57a2d4851a1d" />
    <TestEntry testId="2a158b1f-0470-5403-5ec6-e992d2009c05" executionId="ccbbaa7f-fc6b-4c8a-94fd-46910a0cd820" testListId="8c84fa94-04c1-424b-9868-57a2d4851a1d" />
    <TestEntry testId="1edb1318-9ce7-fdc2-7d0c-8a2d6df24d08" executionId="91d6f1c9-6a73-4301-ba63-f47dda66f75c" testListId="8c84fa94-04c1-424b-9868-57a2d4851a1d" />
    <TestEntry testId="01ddcaba-ca55-5118-f7b4-ea2eeb63c681" executionId="173b4679-b9d0-4968-88b4-b07cf9e0a20c" testListId="8c84fa94-04c1-424b-9868-57a2d4851a1d" />
    <TestEntry testId="f423d096-dffd-9858-8646-d6a41b6cf0a1" executionId="bd5fe7d6-29a9-4f1a-85a5-fd1db9bf7ec5" testListId="8c84fa94-04c1-424b-9868-57a2d4851a1d" />
    <TestEntry testId="98a6614a-75a1-53b4-5049-7d3bab262c99" executionId="79a50afe-4834-430d-974c-45d75f1b01e2" testListId="8c84fa94-04c1-424b-9868-57a2d4851a1d" />
    <TestEntry testId="415af775-4dca-745d-9354-27e163b54f70" executionId="81ec10fd-0273-4d1e-bebd-07c7b6cb6d51" testListId="8c84fa94-04c1-424b-9868-57a2d4851a1d" />
    <TestEntry testId="d86a30ce-ede2-82b3-8089-fc19f88adc26" executionId="264146ea-82fb-4b7e-9134-e20e3244bf8a" testListId="8c84fa94-04c1-424b-9868-57a2d4851a1d" />
    <TestEntry testId="c9cdd7ec-965f-30e1-0467-529a293dbc80" executionId="ed2f93a7-d23b-40bf-865a-46947f94d456" testListId="8c84fa94-04c1-424b-9868-57a2d4851a1d" />
    <TestEntry testId="8cfe3e85-ef00-26cb-37fa-3f3ad2762e89" executionId="abf08d80-5da9-4d42-9a69-106a86d905dc" testListId="8c84fa94-04c1-424b-9868-57a2d4851a1d" />
    <TestEntry testId="ae599124-f392-ee91-638d-a04a31909741" executionId="c6154ef3-9c31-48c1-862d-bf6a3df695d9" testListId="8c84fa94-04c1-424b-9868-57a2d4851a1d" />
    <TestEntry testId="accd3071-61b0-654e-b900-502b32ba8131" executionId="c4d2ed26-efd0-454a-8242-6168ffe3c6bc" testListId="8c84fa94-04c1-424b-9868-57a2d4851a1d" />
    <TestEntry testId="698a9d3b-1bd0-a164-a6b0-175772b34439" executionId="53f3a736-46d1-483a-8112-93336c8ee361" testListId="8c84fa94-04c1-424b-9868-57a2d4851a1d" />
    <TestEntry testId="cde9dbc2-54b1-54ef-e1ec-197a00941776" executionId="76c32e41-a0b8-405e-98fe-15f53d8ef5d6" testListId="8c84fa94-04c1-424b-9868-57a2d4851a1d" />
    <TestEntry testId="a0681403-28e6-8d64-4ae3-bbfcea941e44" executionId="71bdc2f4-84c4-456a-97ee-d40d0d0fec6e" testListId="8c84fa94-04c1-424b-9868-57a2d4851a1d" />
    <TestEntry testId="10fb88f1-67b6-2f7f-b5f6-8c9c4150297a" executionId="ae01f5a4-1dab-45e5-88c7-c8e6fb894092" testListId="8c84fa94-04c1-424b-9868-57a2d4851a1d" />
    <TestEntry testId="54285a2f-f5c1-8ff9-cdbd-5ffae220a034" executionId="be08d3ee-7360-4a8f-a119-c826e68bf4bc" testListId="8c84fa94-04c1-424b-9868-57a2d4851a1d" />
    <TestEntry testId="da634ef9-94ed-cc35-3230-0a5845d6ee43" executionId="11000441-89a4-41de-9d76-aae343fc671c" testListId="8c84fa94-04c1-424b-9868-57a2d4851a1d" />
    <TestEntry testId="dc8e19d9-a4e3-b368-432d-463f752c1673" executionId="196c48df-c438-4e05-824c-ae8abfa7e9a1" testListId="8c84fa94-04c1-424b-9868-57a2d4851a1d" />
    <TestEntry testId="04ab5475-d8f2-abb5-7e5a-a823582ae11f" executionId="8213e019-b094-429f-bd7c-c0bc45859b01" testListId="8c84fa94-04c1-424b-9868-57a2d4851a1d" />
    <TestEntry testId="80ffa8fb-f457-eaa1-ba3c-b041158751d8" executionId="46853b83-f372-4ad0-9092-0a45e50202e3" testListId="8c84fa94-04c1-424b-9868-57a2d4851a1d" />
    <TestEntry testId="4d3ef771-61b0-f468-c3e0-b7ea917611a4" executionId="c2600634-b165-4ed4-aa59-5cf0092b45ba" testListId="8c84fa94-04c1-424b-9868-57a2d4851a1d" />
    <TestEntry testId="e937709b-c8c8-9059-8ddf-3e6d0c00bfcc" executionId="3a937f33-247e-4063-9571-0677684542c4" testListId="8c84fa94-04c1-424b-9868-57a2d4851a1d" />
    <TestEntry testId="0fc07717-56d1-4475-c1fa-cca47baed6cf" executionId="7deef4ff-3c6a-47d7-b591-12e517c7c75a" testListId="8c84fa94-04c1-424b-9868-57a2d4851a1d" />
    <TestEntry testId="64883a83-d036-20cd-a02d-3047ad7dddb0" executionId="63cbeb2a-a78d-444b-a9ed-7ae528935540" testListId="8c84fa94-04c1-424b-9868-57a2d4851a1d" />
    <TestEntry testId="6af074e1-35ea-a7b5-29f9-b5d9cb946a16" executionId="8a6babf1-0ecc-47a3-8b93-86488f76f981" testListId="8c84fa94-04c1-424b-9868-57a2d4851a1d" />
    <TestEntry testId="380cfc46-934a-719b-c07d-916a15982efa" executionId="f076baec-ad5d-4692-8cf9-b87a2e14efed" testListId="8c84fa94-04c1-424b-9868-57a2d4851a1d" />
    <TestEntry testId="d6a7bf53-ece8-097a-c3ac-d07f0aeffc5f" executionId="edf70a19-147c-4116-b92c-9f46d3da9131" testListId="8c84fa94-04c1-424b-9868-57a2d4851a1d" />
    <TestEntry testId="6a70dc2e-9f99-72ad-89a0-20f21e6955d7" executionId="90e1c2d3-122c-410f-b0ca-4a2a4dc04f10" testListId="8c84fa94-04c1-424b-9868-57a2d4851a1d" />
    <TestEntry testId="0f33dd73-eb02-deaa-110f-1ef10228fc85" executionId="6a529fcb-d987-4478-b19e-ed77e8f8ff27" testListId="8c84fa94-04c1-424b-9868-57a2d4851a1d" />
    <TestEntry testId="8ee75741-88fd-f88b-ab01-64fcbddf388b" executionId="37256901-8f30-4ccd-8339-3ad13ef66865" testListId="8c84fa94-04c1-424b-9868-57a2d4851a1d" />
    <TestEntry testId="f0b41c3b-d318-1c9e-21f3-f9a1c0dac874" executionId="72bde17f-78b5-4eae-87a6-075d7f7cfa31" testListId="8c84fa94-04c1-424b-9868-57a2d4851a1d" />
    <TestEntry testId="8151811a-5fc0-1b89-3b83-da2987c5e699" executionId="f30d275c-42d2-41de-9784-ab3e51924bef" testListId="8c84fa94-04c1-424b-9868-57a2d4851a1d" />
    <TestEntry testId="15422edb-cb70-e0ae-6ec1-789ccb265f72" executionId="aeb38d64-ab78-40c1-9d3a-9514e3d73363" testListId="8c84fa94-04c1-424b-9868-57a2d4851a1d" />
    <TestEntry testId="67c7f9c6-6746-7455-72e5-5069d932d46f" executionId="3c75e516-d262-4ac0-94c1-c262246e9d5c" testListId="8c84fa94-04c1-424b-9868-57a2d4851a1d" />
    <TestEntry testId="868448a1-1f09-dfe6-f8ba-674ef64fe32a" executionId="cda8b350-5197-42dd-a793-e7c85ec20287" testListId="8c84fa94-04c1-424b-9868-57a2d4851a1d" />
    <TestEntry testId="4822ee6a-aa03-3c46-f4fe-8bebf1926670" executionId="0c952abc-9855-4c2c-8199-7f33cc332e9d" testListId="8c84fa94-04c1-424b-9868-57a2d4851a1d" />
    <TestEntry testId="b6645776-775d-de02-c751-5a4f7d866d8e" executionId="3acd15d6-6685-4fcb-923d-76cc2911043e" testListId="8c84fa94-04c1-424b-9868-57a2d4851a1d" />
    <TestEntry testId="9a3e7c9c-6280-2580-2f5b-a94bc14a5b70" executionId="7f268d49-750e-4028-ba95-a8c0cedff1b4" testListId="8c84fa94-04c1-424b-9868-57a2d4851a1d" />
    <TestEntry testId="312c43d5-f254-e91f-49e7-18a84a834ab5" executionId="df240658-f047-4579-a020-5b2b0a41c434" testListId="8c84fa94-04c1-424b-9868-57a2d4851a1d" />
    <TestEntry testId="ad00dc2e-2421-4f74-77d6-1fa60c089128" executionId="da2d3d1c-f322-42c8-aac5-9071bff7a62d" testListId="8c84fa94-04c1-424b-9868-57a2d4851a1d" />
    <TestEntry testId="ba9b2b5e-49e7-b4b8-2f18-1b45fd3d39bd" executionId="4c918ebd-ff3a-4083-984b-6e12c11d8dbc" testListId="8c84fa94-04c1-424b-9868-57a2d4851a1d" />
    <TestEntry testId="0c2fa7be-dce3-0c9e-2e87-c1542c5f9cf4" executionId="a8fb0a23-7250-4317-811f-74f944200aab" testListId="8c84fa94-04c1-424b-9868-57a2d4851a1d" />
    <TestEntry testId="7c7556a6-24d0-7373-e2dc-7c6c150feb68" executionId="0bd6321b-1cc1-4367-aa50-b4226d71761d" testListId="8c84fa94-04c1-424b-9868-57a2d4851a1d" />
    <TestEntry testId="1580d167-1e4f-ad35-b33c-54836ed1c34e" executionId="6fd3be01-b21e-4749-b3d9-17fa58775765" testListId="8c84fa94-04c1-424b-9868-57a2d4851a1d" />
    <TestEntry testId="034742df-965c-9626-cb40-885471bb8289" executionId="f083dfca-1cb3-401a-83af-47599efc04bd" testListId="8c84fa94-04c1-424b-9868-57a2d4851a1d" />
    <TestEntry testId="18874282-6097-ef05-78ec-3024e4fed2aa" executionId="161362e2-4123-4052-8f17-b8f81b20cd11" testListId="8c84fa94-04c1-424b-9868-57a2d4851a1d" />
    <TestEntry testId="fa52c91b-fc93-8887-b4e0-bb8580829acb" executionId="2013c9c1-4a28-4f77-a343-31c73b9b0386" testListId="8c84fa94-04c1-424b-9868-57a2d4851a1d" />
    <TestEntry testId="ddc86a8d-df38-7e19-0e89-885785c79c59" executionId="b7698161-994c-4342-9f19-da1004dc4742" testListId="8c84fa94-04c1-424b-9868-57a2d4851a1d" />
    <TestEntry testId="2bbd0eb5-d8c5-df90-4820-4a281383dab3" executionId="51fd4d7a-d1f2-49e4-81ee-59a84b2b4095" testListId="8c84fa94-04c1-424b-9868-57a2d4851a1d" />
    <TestEntry testId="1a1eff85-9892-30b2-65ed-435cd8c1dc43" executionId="8f6e6889-075c-430b-bb18-4049d53f0a03" testListId="8c84fa94-04c1-424b-9868-57a2d4851a1d" />
    <TestEntry testId="581ed7a7-9376-69cf-7148-c674e674a1ce" executionId="9be01ba5-e0c4-47f4-8e80-57ca335fb40a" testListId="8c84fa94-04c1-424b-9868-57a2d4851a1d" />
    <TestEntry testId="94065d25-8da3-a559-3fa7-e95d6c4dfd56" executionId="09b6be51-59a1-43e3-b3a3-db4fb43fd37a" testListId="8c84fa94-04c1-424b-9868-57a2d4851a1d" />
    <TestEntry testId="8550ab21-17fb-c51c-a66b-75974839b399" executionId="c779abde-0ac6-4b4f-9a27-6db586332590" testListId="8c84fa94-04c1-424b-9868-57a2d4851a1d" />
    <TestEntry testId="dc1c42f4-258c-bd1d-f93c-5b2c02231f60" executionId="b30aa2f9-4a66-41d0-94df-6c0c5d2a209f" testListId="8c84fa94-04c1-424b-9868-57a2d4851a1d" />
    <TestEntry testId="f43819b0-5b37-26b2-9650-71fa6759d4e8" executionId="d5856358-3938-404d-96fb-57ee10799c55" testListId="8c84fa94-04c1-424b-9868-57a2d4851a1d" />
    <TestEntry testId="a3a62fed-dbda-fcae-1988-d66d63bd5db6" executionId="7115a9de-56e6-41e3-9de5-c49559e1512c" testListId="8c84fa94-04c1-424b-9868-57a2d4851a1d" />
    <TestEntry testId="763e63ba-ab3b-9aa6-0af1-2c7f060cc02b" executionId="3231afc2-b854-4b15-accf-b000e5048c18" testListId="8c84fa94-04c1-424b-9868-57a2d4851a1d" />
    <TestEntry testId="775d9617-2aa0-203d-f490-ba8dd1759172" executionId="45425e19-7825-401e-8a3c-c2cb4ce02d93" testListId="8c84fa94-04c1-424b-9868-57a2d4851a1d" />
    <TestEntry testId="aa22cfcd-1f5c-97cb-ac3c-9c6d37ba9f89" executionId="1356bab5-22e9-4479-9473-96adf0aecac4" testListId="8c84fa94-04c1-424b-9868-57a2d4851a1d" />
    <TestEntry testId="9ba15466-9893-7f33-25a0-ed0e78b986a2" executionId="cca688aa-8058-457c-bc90-4e138f0c46ee" testListId="8c84fa94-04c1-424b-9868-57a2d4851a1d" />
    <TestEntry testId="e74cde13-5215-39eb-602f-709bd8c97b7e" executionId="34e78c3e-8247-46b6-88aa-9554f6274982" testListId="8c84fa94-04c1-424b-9868-57a2d4851a1d" />
    <TestEntry testId="8098487f-6990-878e-47c2-99329a686753" executionId="2dfac209-12b6-4e0c-a322-d942148db7b6" testListId="8c84fa94-04c1-424b-9868-57a2d4851a1d" />
    <TestEntry testId="ba49d435-8d96-e889-baf8-d367daa6c67c" executionId="66d4c5c3-815b-497d-9b95-8ce5c7c9920b" testListId="8c84fa94-04c1-424b-9868-57a2d4851a1d" />
    <TestEntry testId="8e7a374d-8d81-02a6-34ae-d30d5a5b70c8" executionId="2bb02840-5c26-48be-a1aa-032582b32b15" testListId="8c84fa94-04c1-424b-9868-57a2d4851a1d" />
    <TestEntry testId="688704aa-b495-b779-b867-c6c1691a69ef" executionId="3dfb6d69-4a9c-4870-ab67-6a5f00c84cb0" testListId="8c84fa94-04c1-424b-9868-57a2d4851a1d" />
    <TestEntry testId="cfbb33fc-6d7a-cfd8-8378-c1e7f1f0f835" executionId="caca6d68-7453-4429-9810-3d9b57cb5214" testListId="8c84fa94-04c1-424b-9868-57a2d4851a1d" />
    <TestEntry testId="5b121498-3b3d-3533-acb0-0f82256e516c" executionId="5652776e-4c0c-447c-93cd-48ce4fff5565" testListId="8c84fa94-04c1-424b-9868-57a2d4851a1d" />
    <TestEntry testId="7c193b72-af84-280e-524e-d98df7484c3e" executionId="fbe935ff-3201-4721-90df-f86d81e8d9d9" testListId="8c84fa94-04c1-424b-9868-57a2d4851a1d" />
    <TestEntry testId="a07e1ee2-578a-e452-d238-cea0744717c7" executionId="acb00988-e49e-4f24-8e29-899b32352f0a" testListId="8c84fa94-04c1-424b-9868-57a2d4851a1d" />
    <TestEntry testId="0a10e1f5-d3df-40d3-5ef2-bac55084b04c" executionId="cde5b63b-c00a-403b-88ee-fe1a0f15f992" testListId="8c84fa94-04c1-424b-9868-57a2d4851a1d" />
    <TestEntry testId="c9549144-5d93-82b0-a7fb-7f809d0a61f5" executionId="ed8afd60-fb93-4c05-83ea-de3ca8efb8ed" testListId="8c84fa94-04c1-424b-9868-57a2d4851a1d" />
    <TestEntry testId="90113dde-2a13-60ba-ba65-f9090f79ba78" executionId="fa7149be-e019-4417-a78c-455dad65fb0c" testListId="8c84fa94-04c1-424b-9868-57a2d4851a1d" />
    <TestEntry testId="74017c45-fca7-eeb7-782e-d8c6fc0b90fb" executionId="0c742b71-216c-48a3-bae9-ad6a0efb0f26" testListId="8c84fa94-04c1-424b-9868-57a2d4851a1d" />
    <TestEntry testId="b78515ad-be33-05b9-8bb1-c33574bd5c0d" executionId="77edeca5-6b64-4cbb-a8a3-2ba0b9190390" testListId="8c84fa94-04c1-424b-9868-57a2d4851a1d" />
  </TestEntries>
  <TestLists>
    <TestList name="Results Not in a List" id="8c84fa94-04c1-424b-9868-57a2d4851a1d" />
    <TestList name="All Loaded Results" id="19431567-8539-422a-85d7-44ee4e166bda" />
  </TestLists>
  <ResultSummary outcome="Failed">
    <Counters total="244" executed="244" passed="237" failed="7" error="0" timeout="0" aborted="0" inconclusive="0" passedButRunAborted="0" notRunnable="0" notExecuted="0" disconnected="0" warning="0" completed="0" inProgress="0" pending="0" />
    <Output>
      <StdOut>[xUnit.net 00:00:00.00] xUnit.net VSTest Adapter v2.4.5+1caef2f33e (64-bit .NET 8.0.14)&#xD;
[xUnit.net 00:00:00.25]   Discovering: CreditTransfer.Core.Domain.Tests&#xD;
[xUnit.net 00:00:00.29]   Discovered:  CreditTransfer.Core.Domain.Tests&#xD;
[xUnit.net 00:00:00.29]   Starting:    CreditTransfer.Core.Domain.Tests&#xD;
[xUnit.net 00:00:00.39]       Expected isInvalid to be true, but found False.&#xD;
[xUnit.net 00:00:00.39]       Stack Trace:&#xD;
[xUnit.net 00:00:00.39]            at FluentAssertions.Execution.XUnit2TestFramework.Throw(String message)&#xD;
[xUnit.net 00:00:00.39]            at FluentAssertions.Execution.TestFrameworkProvider.Throw(String message)&#xD;
[xUnit.net 00:00:00.39]            at FluentAssertions.Execution.DefaultAssertionStrategy.HandleFailure(String message)&#xD;
[xUnit.net 00:00:00.39]            at FluentAssertions.Execution.AssertionScope.FailWith(Func`1 failReasonFunc)&#xD;
[xUnit.net 00:00:00.39]            at FluentAssertions.Execution.AssertionScope.FailWith(Func`1 failReasonFunc)&#xD;
[xUnit.net 00:00:00.39]            at FluentAssertions.Execution.AssertionScope.FailWith(String message, Object[] args)&#xD;
[xUnit.net 00:00:00.39]            at FluentAssertions.Primitives.BooleanAssertions`1.BeTrue(String because, Object[] becauseArgs)&#xD;
[xUnit.net 00:00:00.39]         E:\LP\UpgradeStack\CreditTransfer\Migrated\tests\Unit\CreditTransfer.Core.Domain.Tests\TransactionTests.cs(112,0): at CreditTransfer.Core.Domain.Tests.TransactionTests.Transaction_SourceMsisdnValidation(String msisdn, Boolean shouldBeValid)&#xD;
[xUnit.net 00:00:00.39]            at InvokeStub_TransactionTests.Transaction_SourceMsisdnValidation(Object, Span`1)&#xD;
[xUnit.net 00:00:00.39]            at System.Reflection.MethodBaseInvoker.InvokeWithFewArgs(Object obj, BindingFlags invokeAttr, Binder binder, Object[] parameters, CultureInfo culture)&#xD;
[xUnit.net 00:00:00.39]       Expected isValid to be False, but found True.&#xD;
[xUnit.net 00:00:00.39]       Stack Trace:&#xD;
[xUnit.net 00:00:00.39]            at FluentAssertions.Execution.XUnit2TestFramework.Throw(String message)&#xD;
[xUnit.net 00:00:00.39]            at FluentAssertions.Execution.TestFrameworkProvider.Throw(String message)&#xD;
[xUnit.net 00:00:00.39]            at FluentAssertions.Execution.DefaultAssertionStrategy.HandleFailure(String message)&#xD;
[xUnit.net 00:00:00.39]            at FluentAssertions.Execution.AssertionScope.FailWith(Func`1 failReasonFunc)&#xD;
[xUnit.net 00:00:00.39]            at FluentAssertions.Execution.AssertionScope.FailWith(Func`1 failReasonFunc)&#xD;
[xUnit.net 00:00:00.39]            at FluentAssertions.Execution.AssertionScope.FailWith(String message, Object[] args)&#xD;
[xUnit.net 00:00:00.39]            at FluentAssertions.Primitives.BooleanAssertions`1.Be(Boolean expected, String because, Object[] becauseArgs)&#xD;
[xUnit.net 00:00:00.39]         E:\LP\UpgradeStack\CreditTransfer\Migrated\tests\Unit\CreditTransfer.Core.Domain.Tests\CreditTransferRequestTests.cs(306,0): at CreditTransfer.Core.Domain.Tests.CreditTransferRequestTests.CreditTransferRequest_UserNameValidation(String userName, Boolean shouldBeValid)&#xD;
[xUnit.net 00:00:00.39]            at InvokeStub_CreditTransferRequestTests.CreditTransferRequest_UserNameValidation(Object, Span`1)&#xD;
[xUnit.net 00:00:00.39]            at System.Reflection.MethodBaseInvoker.InvokeWithFewArgs(Object obj, BindingFlags invokeAttr, Binder binder, Object[] parameters, CultureInfo culture)&#xD;
[xUnit.net 00:00:00.40]       Expected isValid to be false, but found True.&#xD;
[xUnit.net 00:00:00.40]       Stack Trace:&#xD;
[xUnit.net 00:00:00.40]            at FluentAssertions.Execution.XUnit2TestFramework.Throw(String message)&#xD;
[xUnit.net 00:00:00.40]            at FluentAssertions.Execution.TestFrameworkProvider.Throw(String message)&#xD;
[xUnit.net 00:00:00.40]            at FluentAssertions.Execution.DefaultAssertionStrategy.HandleFailure(String message)&#xD;
[xUnit.net 00:00:00.40]            at FluentAssertions.Execution.AssertionScope.FailWith(Func`1 failReasonFunc)&#xD;
[xUnit.net 00:00:00.40]            at FluentAssertions.Execution.AssertionScope.FailWith(Func`1 failReasonFunc)&#xD;
[xUnit.net 00:00:00.40]            at FluentAssertions.Execution.AssertionScope.FailWith(String message, Object[] args)&#xD;
[xUnit.net 00:00:00.40]            at FluentAssertions.Primitives.BooleanAssertions`1.BeFalse(String because, Object[] becauseArgs)&#xD;
[xUnit.net 00:00:00.40]         E:\LP\UpgradeStack\CreditTransfer\Migrated\tests\Unit\CreditTransfer.Core.Domain.Tests\CreditTransferRequestTests.cs(222,0): at CreditTransfer.Core.Domain.Tests.CreditTransferRequestTests.CreditTransferRequest_MsisdnValidation(String msisdn, Boolean shouldBeValid)&#xD;
[xUnit.net 00:00:00.40]            at InvokeStub_CreditTransferRequestTests.CreditTransferRequest_MsisdnValidation(Object, Span`1)&#xD;
[xUnit.net 00:00:00.40]            at System.Reflection.MethodBaseInvoker.InvokeWithFewArgs(Object obj, BindingFlags invokeAttr, Binder binder, Object[] parameters, CultureInfo culture)&#xD;
[xUnit.net 00:00:00.40]       Expected isValid to be false, but found True.&#xD;
[xUnit.net 00:00:00.40]       Stack Trace:&#xD;
[xUnit.net 00:00:00.40]            at FluentAssertions.Execution.XUnit2TestFramework.Throw(String message)&#xD;
[xUnit.net 00:00:00.40]            at FluentAssertions.Execution.TestFrameworkProvider.Throw(String message)&#xD;
[xUnit.net 00:00:00.40]            at FluentAssertions.Execution.DefaultAssertionStrategy.HandleFailure(String message)&#xD;
[xUnit.net 00:00:00.40]            at FluentAssertions.Execution.AssertionScope.FailWith(Func`1 failReasonFunc)&#xD;
[xUnit.net 00:00:00.40]            at FluentAssertions.Execution.AssertionScope.FailWith(Func`1 failReasonFunc)&#xD;
[xUnit.net 00:00:00.40]            at FluentAssertions.Execution.AssertionScope.FailWith(String message, Object[] args)&#xD;
[xUnit.net 00:00:00.40]            at FluentAssertions.Primitives.BooleanAssertions`1.BeFalse(String because, Object[] becauseArgs)&#xD;
[xUnit.net 00:00:00.40]         E:\LP\UpgradeStack\CreditTransfer\Migrated\tests\Unit\CreditTransfer.Core.Domain.Tests\CreditTransferRequestTests.cs(222,0): at CreditTransfer.Core.Domain.Tests.CreditTransferRequestTests.CreditTransferRequest_MsisdnValidation(String msisdn, Boolean shouldBeValid)&#xD;
[xUnit.net 00:00:00.40]            at InvokeStub_CreditTransferRequestTests.CreditTransferRequest_MsisdnValidation(Object, Span`1)&#xD;
[xUnit.net 00:00:00.40]            at System.Reflection.MethodBaseInvoker.InvokeWithFewArgs(Object obj, BindingFlags invokeAttr, Binder binder, Object[] parameters, CultureInfo culture)&#xD;
[xUnit.net 00:00:00.40]       Expected isValid to be false, but found True.&#xD;
[xUnit.net 00:00:00.40]       Stack Trace:&#xD;
[xUnit.net 00:00:00.40]            at FluentAssertions.Execution.XUnit2TestFramework.Throw(String message)&#xD;
[xUnit.net 00:00:00.40]            at FluentAssertions.Execution.TestFrameworkProvider.Throw(String message)&#xD;
[xUnit.net 00:00:00.40]            at FluentAssertions.Execution.DefaultAssertionStrategy.HandleFailure(String message)&#xD;
[xUnit.net 00:00:00.40]            at FluentAssertions.Execution.AssertionScope.FailWith(Func`1 failReasonFunc)&#xD;
[xUnit.net 00:00:00.40]            at FluentAssertions.Execution.AssertionScope.FailWith(Func`1 failReasonFunc)&#xD;
[xUnit.net 00:00:00.40]            at FluentAssertions.Execution.AssertionScope.FailWith(String message, Object[] args)&#xD;
[xUnit.net 00:00:00.40]            at FluentAssertions.Primitives.BooleanAssertions`1.BeFalse(String because, Object[] becauseArgs)&#xD;
[xUnit.net 00:00:00.40]         E:\LP\UpgradeStack\CreditTransfer\Migrated\tests\Unit\CreditTransfer.Core.Domain.Tests\CreditTransferRequestTests.cs(222,0): at CreditTransfer.Core.Domain.Tests.CreditTransferRequestTests.CreditTransferRequest_MsisdnValidation(String msisdn, Boolean shouldBeValid)&#xD;
[xUnit.net 00:00:00.40]            at InvokeStub_CreditTransferRequestTests.CreditTransferRequest_MsisdnValidation(Object, Span`1)&#xD;
[xUnit.net 00:00:00.40]            at System.Reflection.MethodBaseInvoker.InvokeWithFewArgs(Object obj, BindingFlags invokeAttr, Binder binder, Object[] parameters, CultureInfo culture)&#xD;
[xUnit.net 00:00:00.40]       Expected isValid to be true, but found False.&#xD;
[xUnit.net 00:00:00.40]       Stack Trace:&#xD;
[xUnit.net 00:00:00.40]            at FluentAssertions.Execution.XUnit2TestFramework.Throw(String message)&#xD;
[xUnit.net 00:00:00.40]            at FluentAssertions.Execution.TestFrameworkProvider.Throw(String message)&#xD;
[xUnit.net 00:00:00.40]            at FluentAssertions.Execution.DefaultAssertionStrategy.HandleFailure(String message)&#xD;
[xUnit.net 00:00:00.40]            at FluentAssertions.Execution.AssertionScope.FailWith(Func`1 failReasonFunc)&#xD;
[xUnit.net 00:00:00.40]            at FluentAssertions.Execution.AssertionScope.FailWith(Func`1 failReasonFunc)&#xD;
[xUnit.net 00:00:00.40]            at FluentAssertions.Execution.AssertionScope.FailWith(String message, Object[] args)&#xD;
[xUnit.net 00:00:00.40]            at FluentAssertions.Primitives.BooleanAssertions`1.BeTrue(String because, Object[] becauseArgs)&#xD;
[xUnit.net 00:00:00.40]         E:\LP\UpgradeStack\CreditTransfer\Migrated\tests\Unit\CreditTransfer.Core.Domain.Tests\CreditTransferRequestTests.cs(218,0): at CreditTransfer.Core.Domain.Tests.CreditTransferRequestTests.CreditTransferRequest_MsisdnValidation(String msisdn, Boolean shouldBeValid)&#xD;
[xUnit.net 00:00:00.40]            at InvokeStub_CreditTransferRequestTests.CreditTransferRequest_MsisdnValidation(Object, Span`1)&#xD;
[xUnit.net 00:00:00.40]            at System.Reflection.MethodBaseInvoker.InvokeWithFewArgs(Object obj, BindingFlags invokeAttr, Binder binder, Object[] parameters, CultureInfo culture)&#xD;
[xUnit.net 00:00:00.40]       Expected isValid to be False, but found True.&#xD;
[xUnit.net 00:00:00.40]       Stack Trace:&#xD;
[xUnit.net 00:00:00.40]            at FluentAssertions.Execution.XUnit2TestFramework.Throw(String message)&#xD;
[xUnit.net 00:00:00.40]            at FluentAssertions.Execution.TestFrameworkProvider.Throw(String message)&#xD;
[xUnit.net 00:00:00.40]            at FluentAssertions.Execution.DefaultAssertionStrategy.HandleFailure(String message)&#xD;
[xUnit.net 00:00:00.40]            at FluentAssertions.Execution.AssertionScope.FailWith(Func`1 failReasonFunc)&#xD;
[xUnit.net 00:00:00.40]            at FluentAssertions.Execution.AssertionScope.FailWith(Func`1 failReasonFunc)&#xD;
[xUnit.net 00:00:00.40]            at FluentAssertions.Execution.AssertionScope.FailWith(String message, Object[] args)&#xD;
[xUnit.net 00:00:00.40]            at FluentAssertions.Primitives.BooleanAssertions`1.Be(Boolean expected, String because, Object[] becauseArgs)&#xD;
[xUnit.net 00:00:00.40]         E:\LP\UpgradeStack\CreditTransfer\Migrated\tests\Unit\CreditTransfer.Core.Domain.Tests\CreditTransferRequestTests.cs(280,0): at CreditTransfer.Core.Domain.Tests.CreditTransferRequestTests.CreditTransferRequest_PinValidation(String pin, Boolean shouldBeValid)&#xD;
[xUnit.net 00:00:00.40]            at InvokeStub_CreditTransferRequestTests.CreditTransferRequest_PinValidation(Object, Span`1)&#xD;
[xUnit.net 00:00:00.40]            at System.Reflection.MethodBaseInvoker.InvokeWithFewArgs(Object obj, BindingFlags invokeAttr, Binder binder, Object[] parameters, CultureInfo culture)&#xD;
[xUnit.net 00:00:00.40]   Finished:    CreditTransfer.Core.Domain.Tests&#xD;
</StdOut>
    </Output>
    <RunInfos>
      <RunInfo computerName="LP-AMEENE21" outcome="Error" timestamp="2025-07-07T19:53:25.3146991+03:00">
        <Text>[xUnit.net 00:00:00.39]     CreditTransfer.Core.Domain.Tests.TransactionTests.Transaction_SourceMsisdnValidation(msisdn: "96876325315123", shouldBeValid: False) [FAIL]</Text>
      </RunInfo>
      <RunInfo computerName="LP-AMEENE21" outcome="Error" timestamp="2025-07-07T19:53:25.3149956+03:00">
        <Text>[xUnit.net 00:00:00.39]     CreditTransfer.Core.Domain.Tests.CreditTransferRequestTests.CreditTransferRequest_UserNameValidation(userName: "   ", shouldBeValid: False) [FAIL]</Text>
      </RunInfo>
      <RunInfo computerName="LP-AMEENE21" outcome="Error" timestamp="2025-07-07T19:53:25.3245917+03:00">
        <Text>[xUnit.net 00:00:00.40]     CreditTransfer.Core.Domain.Tests.CreditTransferRequestTests.CreditTransferRequest_MsisdnValidation(msisdn: "abcdefghijk", shouldBeValid: False) [FAIL]</Text>
      </RunInfo>
      <RunInfo computerName="LP-AMEENE21" outcome="Error" timestamp="2025-07-07T19:53:25.3247682+03:00">
        <Text>[xUnit.net 00:00:00.40]     CreditTransfer.Core.Domain.Tests.CreditTransferRequestTests.CreditTransferRequest_MsisdnValidation(msisdn: "968", shouldBeValid: False) [FAIL]</Text>
      </RunInfo>
      <RunInfo computerName="LP-AMEENE21" outcome="Error" timestamp="2025-07-07T19:53:25.3250856+03:00">
        <Text>[xUnit.net 00:00:00.40]     CreditTransfer.Core.Domain.Tests.CreditTransferRequestTests.CreditTransferRequest_MsisdnValidation(msisdn: "123456789012345", shouldBeValid: False) [FAIL]</Text>
      </RunInfo>
      <RunInfo computerName="LP-AMEENE21" outcome="Error" timestamp="2025-07-07T19:53:25.3252208+03:00">
        <Text>[xUnit.net 00:00:00.40]     CreditTransfer.Core.Domain.Tests.CreditTransferRequestTests.CreditTransferRequest_MsisdnValidation(msisdn: "96878715705", shouldBeValid: True) [FAIL]</Text>
      </RunInfo>
      <RunInfo computerName="LP-AMEENE21" outcome="Error" timestamp="2025-07-07T19:53:25.3255304+03:00">
        <Text>[xUnit.net 00:00:00.40]     CreditTransfer.Core.Domain.Tests.CreditTransferRequestTests.CreditTransferRequest_PinValidation(pin: "   ", shouldBeValid: False) [FAIL]</Text>
      </RunInfo>
    </RunInfos>
  </ResultSummary>
</TestRun>